[ 2017-09-14T15:48:11+08:00 ] 127.0.0.1 /index.php/Api/Cart/payOrder
INFO: [ app_init ] --START--
INFO: Run Behavior\BuildLiteBehavior [ RunTime:0.000000s ]
INFO: [ app_init ] --END-- [ RunTime:0.001001s ]
INFO: [ app_begin ] --START--
INFO: Run Behavior\ReadHtmlCacheBehavior [ RunTime:0.001000s ]
INFO: [ app_begin ] --END-- [ RunTime:0.001000s ]
SQL: SHOW COLUMNS FROM `wg_orders` [ RunTime:0.0040s ]
SQL: SELECT `id`,`orderSn`,`amount`,`status` FROM `wg_orders` WHERE `id` IN ('26')  [ RunTime:0.0000s ]
DEBUG: Array
(
    [0] => Array
        (
            [id] => 26
            [orderSn] => 2017091410272973511
            [amount] => 20.00
            [status] => 0
        )

)


[ 2017-09-14T15:49:08+08:00 ] 127.0.0.1 /index.php/Api/Cart/payOrder
INFO: [ app_init ] --START--
INFO: Run Behavior\BuildLiteBehavior [ RunTime:0.000000s ]
INFO: [ app_init ] --END-- [ RunTime:0.000000s ]
INFO: [ app_begin ] --START--
INFO: Run Behavior\ReadHtmlCacheBehavior [ RunTime:0.000000s ]
INFO: [ app_begin ] --END-- [ RunTime:0.000000s ]
SQL: SHOW COLUMNS FROM `wg_orders` [ RunTime:0.0040s ]
SQL: SELECT `id`,`orderSn`,`amount`,`status` FROM `wg_orders` WHERE `id` IN ('26')  [ RunTime:0.0010s ]
DEBUG: Array
(
    [0] => Array
        (
            [id] => 26
            [orderSn] => 2017091410272973511
            [amount] => 20.00
            [status] => 0
        )

)


[ 2017-09-14T15:49:53+08:00 ] 127.0.0.1 /index.php/Api/Cart/payOrder
INFO: [ app_init ] --START--
INFO: Run Behavior\BuildLiteBehavior [ RunTime:0.000000s ]
INFO: [ app_init ] --END-- [ RunTime:0.000000s ]
INFO: [ app_begin ] --START--
INFO: Run Behavior\ReadHtmlCacheBehavior [ RunTime:0.001000s ]
INFO: [ app_begin ] --END-- [ RunTime:0.001000s ]

[ 2017-09-14T15:50:54+08:00 ] 127.0.0.1 /index.php/Api/Cart/payOrder
INFO: [ app_init ] --START--
INFO: Run Behavior\BuildLiteBehavior [ RunTime:0.000000s ]
INFO: [ app_init ] --END-- [ RunTime:0.001000s ]
INFO: [ app_begin ] --START--
INFO: Run Behavior\ReadHtmlCacheBehavior [ RunTime:0.001000s ]
INFO: [ app_begin ] --END-- [ RunTime:0.001000s ]

[ 2017-09-14T15:51:02+08:00 ] 127.0.0.1 /index.php/Api/Cart/payOrder
INFO: [ app_init ] --START--
INFO: Run Behavior\BuildLiteBehavior [ RunTime:0.000000s ]
INFO: [ app_init ] --END-- [ RunTime:0.001000s ]
INFO: [ app_begin ] --START--
INFO: Run Behavior\ReadHtmlCacheBehavior [ RunTime:0.000000s ]
INFO: [ app_begin ] --END-- [ RunTime:0.001000s ]

[ 2017-09-14T15:52:41+08:00 ] 127.0.0.1 /index.php/Api/Cart/payOrder
INFO: [ app_init ] --START--
INFO: Run Behavior\BuildLiteBehavior [ RunTime:0.000000s ]
INFO: [ app_init ] --END-- [ RunTime:0.000000s ]
INFO: [ app_begin ] --START--
INFO: Run Behavior\ReadHtmlCacheBehavior [ RunTime:0.000000s ]
INFO: [ app_begin ] --END-- [ RunTime:0.000000s ]
SQL: SHOW COLUMNS FROM `wg_orders` [ RunTime:0.0040s ]
SQL: SELECT `id`,`orderSn`,`amount`,`status` FROM `wg_orders` WHERE `id` IN ('26')  [ RunTime:0.0000s ]
DEBUG: Array
(
    [0] => Array
        (
            [id] => 26
            [orderSn] => 2017091410272973511
            [amount] => 20.00
            [status] => 0
        )

)


[ 2017-09-14T15:52:47+08:00 ] 127.0.0.1 /index.php/Api/Cart/payOrder
INFO: [ app_init ] --START--
INFO: Run Behavior\BuildLiteBehavior [ RunTime:0.000000s ]
INFO: [ app_init ] --END-- [ RunTime:0.000000s ]
INFO: [ app_begin ] --START--
INFO: Run Behavior\ReadHtmlCacheBehavior [ RunTime:0.001000s ]
INFO: [ app_begin ] --END-- [ RunTime:0.001000s ]
SQL: SHOW COLUMNS FROM `wg_orders` [ RunTime:0.0040s ]
SQL: SELECT `id`,`orderSn`,`amount`,`status` FROM `wg_orders` WHERE `id` IN ('26')  [ RunTime:0.0010s ]
DEBUG: Array
(
    [0] => Array
        (
            [id] => 26
            [orderSn] => 2017091410272973511
            [amount] => 20.00
            [status] => 0
        )

)

SQL: SHOW COLUMNS FROM `wg_user` [ RunTime:0.0040s ]
SQL: SELECT `money` FROM `wg_user` WHERE `id` = 1 LIMIT 1   [ RunTime:0.0000s ]
INFO: [ app_end ] --START--
INFO: Run Behavior\ShowPageTraceBehavior [ RunTime:0.000000s ]
INFO: [ app_end ] --END-- [ RunTime:0.000000s ]

[ 2017-09-14T17:06:05+08:00 ] 127.0.0.1 /index.php/Api/Index/getNotices
INFO: [ app_init ] --START--
INFO: Run Behavior\BuildLiteBehavior [ RunTime:0.000000s ]
INFO: [ app_init ] --END-- [ RunTime:0.001000s ]
INFO: [ app_begin ] --START--
INFO: Run Behavior\ReadHtmlCacheBehavior [ RunTime:0.001000s ]
INFO: [ app_begin ] --END-- [ RunTime:0.001000s ]
SQL: SHOW COLUMNS FROM `wg_wheel_notice` [ RunTime:0.0040s ]
SQL: SELECT COUNT(*) AS tp_count FROM `wg_wheel_notice` LIMIT 1   [ RunTime:0.0010s ]
SQL: SELECT `id`,`title`,`content`,`createTime` FROM `wg_wheel_notice` ORDER BY createTime desc LIMIT 0,10   [ RunTime:0.0010s ]

