[ 2017-09-11T17:57:20+08:00 ] 127.0.0.1 /index.php/Api/Goods/getGoods?userAccessToken=eyJ0eXAiOiJKV1QiLCJhbGciOiJIUzI1NiJ9.eyJ1aWQiOiIxIiwibG9naW5UaW1lIjoxNTA1MTEyMTYwfQ.EX-nF-t719XEW0JHfZ9mHFn65dEjVIiDb9ggsCK4h3c&id=2
INFO: [ app_init ] --START--
INFO: Run Behavior\BuildLiteBehavior [ RunTime:0.000000s ]
INFO: [ app_init ] --END-- [ RunTime:0.000000s ]
INFO: [ app_begin ] --START--
INFO: Run Behavior\ReadHtmlCacheBehavior [ RunTime:0.000000s ]
INFO: [ app_begin ] --END-- [ RunTime:0.001000s ]
SQL: SHOW COLUMNS FROM `wg_goods` [ RunTime:0.0090s ]
SQL: SELECT g.id,`name`,`price`,`stock`,g.sellNum,`commentNum`,`shopId`,g.detail,`title`,s.img as shopImg,s.sellNum as shopNum FROM wg_goods g INNER JOIN wg_shop as s on s.id = g.shopId  WHERE g.id = 2 AND g.status = 1 LIMIT 1   [ RunTime:0.0000s ]
SQL: SHOW COLUMNS FROM `wg_picture` [ RunTime:0.0110s ]
SQL: SELECT `path` FROM `wg_picture` WHERE `sid` = 2 AND `type` = 1  [ RunTime:0.0000s ]
SQL: SHOW COLUMNS FROM `wg_order_comment` [ RunTime:0.0060s ]
SQL: SELECT `context`,`reply`,`spec_key_name`,`nickname`,`img`,c.createTime,`replyTime` FROM wg_order_comment c INNER JOIN wg_user as u on u.id = c.uid  WHERE `goodsId` = 2 AND `isShow` = 1 LIMIT 3   [ RunTime:0.0000s ]

[ 2017-09-11T17:57:31+08:00 ] 127.0.0.1 /index.php/Api/Goods/getGoods?userAccessToken=eyJ0eXAiOiJKV1QiLCJhbGciOiJIUzI1NiJ9.eyJ1aWQiOiIxIiwibG9naW5UaW1lIjoxNTA1MTEyMTYwfQ.EX-nF-t719XEW0JHfZ9mHFn65dEjVIiDb9ggsCK4h3c&id=1
INFO: [ app_init ] --START--
INFO: Run Behavior\BuildLiteBehavior [ RunTime:0.000000s ]
INFO: [ app_init ] --END-- [ RunTime:0.001000s ]
INFO: [ app_begin ] --START--
INFO: Run Behavior\ReadHtmlCacheBehavior [ RunTime:0.001000s ]
INFO: [ app_begin ] --END-- [ RunTime:0.001000s ]
SQL: SHOW COLUMNS FROM `wg_goods` [ RunTime:0.0100s ]
SQL: SELECT g.id,`name`,`price`,`stock`,g.sellNum,`commentNum`,`shopId`,g.detail,`title`,s.img as shopImg,s.sellNum as shopNum FROM wg_goods g INNER JOIN wg_shop as s on s.id = g.shopId  WHERE g.id = 1 AND g.status = 1 LIMIT 1   [ RunTime:0.0010s ]
SQL: SHOW COLUMNS FROM `wg_picture` [ RunTime:0.0090s ]
SQL: SELECT `path` FROM `wg_picture` WHERE `sid` = 1 AND `type` = 1  [ RunTime:0.0000s ]
SQL: SHOW COLUMNS FROM `wg_order_comment` [ RunTime:0.0070s ]
SQL: SELECT `context`,`reply`,`spec_key_name`,`nickname`,`img`,c.createTime,`replyTime` FROM wg_order_comment c INNER JOIN wg_user as u on u.id = c.uid  WHERE `goodsId` = 1 AND `isShow` = 1 LIMIT 3   [ RunTime:0.0000s ]

[ 2017-09-11T17:58:13+08:00 ] 127.0.0.1 /index.php/Api/Goods/getGoods?userAccessToken=eyJ0eXAiOiJKV1QiLCJhbGciOiJIUzI1NiJ9.eyJ1aWQiOiIxIiwibG9naW5UaW1lIjoxNTA1MTEyMTYwfQ.EX-nF-t719XEW0JHfZ9mHFn65dEjVIiDb9ggsCK4h3c&id=1
INFO: [ app_init ] --START--
INFO: Run Behavior\BuildLiteBehavior [ RunTime:0.001000s ]
INFO: [ app_init ] --END-- [ RunTime:0.001000s ]
INFO: [ app_begin ] --START--
INFO: Run Behavior\ReadHtmlCacheBehavior [ RunTime:0.001000s ]
INFO: [ app_begin ] --END-- [ RunTime:0.001000s ]
SQL: SHOW COLUMNS FROM `wg_goods` [ RunTime:0.0090s ]
SQL: SELECT g.id,`name`,`price`,`stock`,g.sellNum,`commentNum`,`shopId`,g.detail,`title`,s.img as shopImg,s.sellNum as shopNum FROM wg_goods g INNER JOIN wg_shop as s on s.id = g.shopId  WHERE g.id = 1 AND g.status = 1 LIMIT 1   [ RunTime:0.0010s ]
SQL: SHOW COLUMNS FROM `wg_picture` [ RunTime:0.0090s ]
SQL: SELECT `path` FROM `wg_picture` WHERE `sid` = 1 AND `type` = 1  [ RunTime:0.0000s ]
SQL: SHOW COLUMNS FROM `wg_order_comment` [ RunTime:0.0060s ]
SQL: SELECT `context`,`reply`,`spec_key_name`,`nickname`,`img`,c.createTime,`replyTime` FROM wg_order_comment c INNER JOIN wg_user as u on u.id = c.uid  WHERE `goodsId` = 1 AND `isShow` = 1 LIMIT 3   [ RunTime:0.0010s ]

[ 2017-09-11T17:59:30+08:00 ] 127.0.0.1 /index.php/Api/Goods/getGoods?userAccessToken=eyJ0eXAiOiJKV1QiLCJhbGciOiJIUzI1NiJ9.eyJ1aWQiOiIxIiwibG9naW5UaW1lIjoxNTA1MTEyMTYwfQ.EX-nF-t719XEW0JHfZ9mHFn65dEjVIiDb9ggsCK4h3c&id=1
INFO: [ app_init ] --START--
INFO: Run Behavior\BuildLiteBehavior [ RunTime:0.000000s ]
INFO: [ app_init ] --END-- [ RunTime:0.001000s ]
INFO: [ app_begin ] --START--
INFO: Run Behavior\ReadHtmlCacheBehavior [ RunTime:0.001000s ]
INFO: [ app_begin ] --END-- [ RunTime:0.002000s ]
SQL: SHOW COLUMNS FROM `wg_goods` [ RunTime:0.0080s ]
SQL: SELECT g.id,`name`,`price`,`stock`,g.sellNum,`commentNum`,`shopId`,g.detail,`title`,s.img as shopImg,s.sellNum as shopNum FROM wg_goods g INNER JOIN wg_shop as s on s.id = g.shopId  WHERE g.id = 1 AND g.status = 1 LIMIT 1   [ RunTime:0.0010s ]
SQL: SHOW COLUMNS FROM `wg_picture` [ RunTime:0.0070s ]
SQL: SELECT `path` FROM `wg_picture` WHERE `sid` = 1 AND `type` = 1  [ RunTime:0.0000s ]
SQL: SHOW COLUMNS FROM `wg_order_comment` [ RunTime:0.0100s ]
SQL: SELECT `context`,`reply`,`spec_key_name`,`nickname`,`img`,c.createTime,`replyTime` FROM wg_order_comment c INNER JOIN wg_user as u on u.id = c.uid  WHERE `goodsId` = 1 AND `isShow` = 1 LIMIT 3   [ RunTime:0.0010s ]

[ 2017-09-11T18:00:51+08:00 ] 127.0.0.1 /index.php/Api/Goods/getGoods?userAccessToken=eyJ0eXAiOiJKV1QiLCJhbGciOiJIUzI1NiJ9.eyJ1aWQiOiIxIiwibG9naW5UaW1lIjoxNTA1MTEyMTYwfQ.EX-nF-t719XEW0JHfZ9mHFn65dEjVIiDb9ggsCK4h3c&id=1
INFO: [ app_init ] --START--
INFO: Run Behavior\BuildLiteBehavior [ RunTime:0.000000s ]
INFO: [ app_init ] --END-- [ RunTime:0.000000s ]
INFO: [ app_begin ] --START--
INFO: Run Behavior\ReadHtmlCacheBehavior [ RunTime:0.001000s ]
INFO: [ app_begin ] --END-- [ RunTime:0.001000s ]
SQL: SHOW COLUMNS FROM `wg_goods` [ RunTime:0.0070s ]
SQL: SELECT g.id,`name`,`price`,`stock`,g.sellNum,`commentNum`,`shopId`,g.detail,`title`,s.img as shopImg,s.sellNum as shopNum FROM wg_goods g INNER JOIN wg_shop as s on s.id = g.shopId  WHERE g.id = 1 AND g.status = 1 LIMIT 1   [ RunTime:0.0010s ]
SQL: SHOW COLUMNS FROM `wg_picture` [ RunTime:0.0080s ]
SQL: SELECT `path` FROM `wg_picture` WHERE `sid` = 1 AND `type` = 1  [ RunTime:0.0000s ]
SQL: SHOW COLUMNS FROM `wg_order_comment` [ RunTime:0.0070s ]
SQL: SELECT `context`,`reply`,`spec_key_name`,`nickname`,`img`,c.createTime,`replyTime` FROM wg_order_comment c INNER JOIN wg_user as u on u.id = c.uid  WHERE `goodsId` = 1 AND `isShow` = 1 LIMIT 3   [ RunTime:0.0000s ]

[ 2017-09-11T18:01:02+08:00 ] 127.0.0.1 /index.php/Api/Goods/getGoods?userAccessToken=eyJ0eXAiOiJKV1QiLCJhbGciOiJIUzI1NiJ9.eyJ1aWQiOiIxIiwibG9naW5UaW1lIjoxNTA1MTEyMTYwfQ.EX-nF-t719XEW0JHfZ9mHFn65dEjVIiDb9ggsCK4h3c&id=1
INFO: [ app_init ] --START--
INFO: Run Behavior\BuildLiteBehavior [ RunTime:0.000000s ]
INFO: [ app_init ] --END-- [ RunTime:0.000000s ]
INFO: [ app_begin ] --START--
INFO: Run Behavior\ReadHtmlCacheBehavior [ RunTime:0.001000s ]
INFO: [ app_begin ] --END-- [ RunTime:0.001000s ]
SQL: SHOW COLUMNS FROM `wg_goods` [ RunTime:0.0120s ]
SQL: SELECT g.id,`name`,`price`,`stock`,g.sellNum,`commentNum`,`shopId`,g.detail,`title`,s.img as shopImg,s.sellNum as shopNum FROM wg_goods g INNER JOIN wg_shop as s on s.id = g.shopId  WHERE g.id = 1 AND g.status = 1 LIMIT 1   [ RunTime:0.0000s ]
SQL: SHOW COLUMNS FROM `wg_picture` [ RunTime:0.0070s ]
SQL: SELECT `path` FROM `wg_picture` WHERE `sid` = 1 AND `type` = 1  [ RunTime:0.0000s ]
SQL: SHOW COLUMNS FROM `wg_order_comment` [ RunTime:0.0080s ]
SQL: SELECT `context`,`reply`,`spec_key_name`,`nickname`,`img`,c.createTime,`replyTime` FROM wg_order_comment c INNER JOIN wg_user as u on u.id = c.uid  WHERE `goodsId` = 1 AND `isShow` = 1 LIMIT 3   [ RunTime:0.0010s ]

[ 2017-09-11T18:01:04+08:00 ] 127.0.0.1 /index.php/Api/Goods/getGoods?userAccessToken=eyJ0eXAiOiJKV1QiLCJhbGciOiJIUzI1NiJ9.eyJ1aWQiOiIxIiwibG9naW5UaW1lIjoxNTA1MTEyMTYwfQ.EX-nF-t719XEW0JHfZ9mHFn65dEjVIiDb9ggsCK4h3c&id=1
INFO: [ app_init ] --START--
INFO: Run Behavior\BuildLiteBehavior [ RunTime:0.000000s ]
INFO: [ app_init ] --END-- [ RunTime:0.001000s ]
INFO: [ app_begin ] --START--
INFO: Run Behavior\ReadHtmlCacheBehavior [ RunTime:0.001000s ]
INFO: [ app_begin ] --END-- [ RunTime:0.001000s ]
SQL: SHOW COLUMNS FROM `wg_goods` [ RunTime:0.0090s ]
SQL: SELECT g.id,`name`,`price`,`stock`,g.sellNum,`commentNum`,`shopId`,g.detail,`title`,s.img as shopImg,s.sellNum as shopNum FROM wg_goods g INNER JOIN wg_shop as s on s.id = g.shopId  WHERE g.id = 1 AND g.status = 1 LIMIT 1   [ RunTime:0.0000s ]
SQL: SHOW COLUMNS FROM `wg_picture` [ RunTime:0.0090s ]
SQL: SELECT `path` FROM `wg_picture` WHERE `sid` = 1 AND `type` = 1  [ RunTime:0.0010s ]
SQL: SHOW COLUMNS FROM `wg_order_comment` [ RunTime:0.0080s ]
SQL: SELECT `context`,`reply`,`spec_key_name`,`nickname`,`img`,c.createTime,`replyTime` FROM wg_order_comment c INNER JOIN wg_user as u on u.id = c.uid  WHERE `goodsId` = 1 AND `isShow` = 1 LIMIT 3   [ RunTime:0.0000s ]

[ 2017-09-11T18:01:20+08:00 ] 127.0.0.1 /index.php/Api/Goods/getGoods?userAccessToken=eyJ0eXAiOiJKV1QiLCJhbGciOiJIUzI1NiJ9.eyJ1aWQiOiIxIiwibG9naW5UaW1lIjoxNTA1MTEyMTYwfQ.EX-nF-t719XEW0JHfZ9mHFn65dEjVIiDb9ggsCK4h3c&id=1
INFO: [ app_init ] --START--
INFO: Run Behavior\BuildLiteBehavior [ RunTime:0.000000s ]
INFO: [ app_init ] --END-- [ RunTime:0.001000s ]
INFO: [ app_begin ] --START--
INFO: Run Behavior\ReadHtmlCacheBehavior [ RunTime:0.001000s ]
INFO: [ app_begin ] --END-- [ RunTime:0.001000s ]
SQL: SHOW COLUMNS FROM `wg_goods` [ RunTime:0.0080s ]
SQL: SELECT g.id,`name`,`price`,`stock`,g.sellNum,`commentNum`,`shopId`,g.detail,`title`,s.img as shopImg,s.sellNum as shopNum FROM wg_goods g INNER JOIN wg_shop as s on s.id = g.shopId  WHERE g.id = 1 AND g.status = 1 LIMIT 1   [ RunTime:0.0000s ]
SQL: SHOW COLUMNS FROM `wg_picture` [ RunTime:0.0090s ]
SQL: SELECT `path` FROM `wg_picture` WHERE `sid` = 1 AND `type` = 1  [ RunTime:0.0000s ]
SQL: SHOW COLUMNS FROM `wg_order_comment` [ RunTime:0.0060s ]
SQL: SELECT `context`,`reply`,`spec_key_name`,`nickname`,`img`,c.createTime,`replyTime` FROM wg_order_comment c INNER JOIN wg_user as u on u.id = c.uid  WHERE `goodsId` = 1 AND `isShow` = 1 LIMIT 3   [ RunTime:0.0010s ]

[ 2017-09-11T18:01:21+08:00 ] 127.0.0.1 /index.php/Api/Goods/getGoods?userAccessToken=eyJ0eXAiOiJKV1QiLCJhbGciOiJIUzI1NiJ9.eyJ1aWQiOiIxIiwibG9naW5UaW1lIjoxNTA1MTEyMTYwfQ.EX-nF-t719XEW0JHfZ9mHFn65dEjVIiDb9ggsCK4h3c&id=1
INFO: [ app_init ] --START--
INFO: Run Behavior\BuildLiteBehavior [ RunTime:0.000000s ]
INFO: [ app_init ] --END-- [ RunTime:0.000000s ]
INFO: [ app_begin ] --START--
INFO: Run Behavior\ReadHtmlCacheBehavior [ RunTime:0.001000s ]
INFO: [ app_begin ] --END-- [ RunTime:0.001000s ]
SQL: SHOW COLUMNS FROM `wg_goods` [ RunTime:0.0100s ]
SQL: SELECT g.id,`name`,`price`,`stock`,g.sellNum,`commentNum`,`shopId`,g.detail,`title`,s.img as shopImg,s.sellNum as shopNum FROM wg_goods g INNER JOIN wg_shop as s on s.id = g.shopId  WHERE g.id = 1 AND g.status = 1 LIMIT 1   [ RunTime:0.0010s ]
SQL: SHOW COLUMNS FROM `wg_picture` [ RunTime:0.0060s ]
SQL: SELECT `path` FROM `wg_picture` WHERE `sid` = 1 AND `type` = 1  [ RunTime:0.0000s ]
SQL: SHOW COLUMNS FROM `wg_order_comment` [ RunTime:0.0080s ]
SQL: SELECT `context`,`reply`,`spec_key_name`,`nickname`,`img`,c.createTime,`replyTime` FROM wg_order_comment c INNER JOIN wg_user as u on u.id = c.uid  WHERE `goodsId` = 1 AND `isShow` = 1 LIMIT 3   [ RunTime:0.0000s ]

[ 2017-09-11T18:01:55+08:00 ] 127.0.0.1 /index.php/Api/Index/getBannerList
INFO: [ app_init ] --START--
INFO: Run Behavior\BuildLiteBehavior [ RunTime:0.001000s ]
INFO: [ app_init ] --END-- [ RunTime:0.001000s ]
INFO: [ app_begin ] --START--
INFO: Run Behavior\ReadHtmlCacheBehavior [ RunTime:0.001000s ]
INFO: [ app_begin ] --END-- [ RunTime:0.001000s ]
SQL: SHOW COLUMNS FROM `wg_banner` [ RunTime:0.0150s ]
SQL: SELECT `id`,`img` FROM `wg_banner` WHERE `status` = 1 ORDER BY sorts asc,id asc  [ RunTime:0.0010s ]

[ 2017-09-11T18:02:03+08:00 ] 127.0.0.1 /index.php/Api/Index/getNotices
INFO: [ app_init ] --START--
INFO: Run Behavior\BuildLiteBehavior [ RunTime:0.000000s ]
INFO: [ app_init ] --END-- [ RunTime:0.000000s ]
INFO: [ app_begin ] --START--
INFO: Run Behavior\ReadHtmlCacheBehavior [ RunTime:0.001000s ]
INFO: [ app_begin ] --END-- [ RunTime:0.001000s ]
SQL: SHOW COLUMNS FROM `wg_wheel_notice` [ RunTime:0.0110s ]
SQL: SELECT COUNT(*) AS tp_count FROM `wg_wheel_notice` LIMIT 1   [ RunTime:0.0000s ]
SQL: SELECT `id`,`title`,`content` FROM `wg_wheel_notice` ORDER BY createTime desc LIMIT 0,10   [ RunTime:0.0000s ]

[ 2017-09-11T18:02:42+08:00 ] 127.0.0.1 /index.php/Api/Goods/getGoods?userAccessToken=eyJ0eXAiOiJKV1QiLCJhbGciOiJIUzI1NiJ9.eyJ1aWQiOiIxIiwibG9naW5UaW1lIjoxNTA1MTEyMTYwfQ.EX-nF-t719XEW0JHfZ9mHFn65dEjVIiDb9ggsCK4h3c&id=1
INFO: [ app_init ] --START--
INFO: Run Behavior\BuildLiteBehavior [ RunTime:0.000000s ]
INFO: [ app_init ] --END-- [ RunTime:0.000000s ]
INFO: [ app_begin ] --START--
INFO: Run Behavior\ReadHtmlCacheBehavior [ RunTime:0.000000s ]
INFO: [ app_begin ] --END-- [ RunTime:0.000000s ]
SQL: SHOW COLUMNS FROM `wg_goods` [ RunTime:0.0080s ]
SQL: SELECT g.id,`name`,`price`,`stock`,g.sellNum,`commentNum`,`shopId`,g.detail,`title`,s.img as shopImg,s.sellNum as shopNum FROM wg_goods g INNER JOIN wg_shop as s on s.id = g.shopId  WHERE g.id = 1 AND g.status = 1 LIMIT 1   [ RunTime:0.0000s ]
SQL: SHOW COLUMNS FROM `wg_picture` [ RunTime:0.0060s ]
SQL: SELECT `path` FROM `wg_picture` WHERE `sid` = 1 AND `type` = 1  [ RunTime:0.0000s ]
SQL: SHOW COLUMNS FROM `wg_order_comment` [ RunTime:0.0090s ]
SQL: SELECT `context`,`reply`,`spec_key_name`,`nickname`,`img`,c.createTime,`replyTime` FROM wg_order_comment c INNER JOIN wg_user as u on u.id = c.uid  WHERE `goodsId` = 1 AND `isShow` = 1 LIMIT 3   [ RunTime:0.0000s ]

[ 2017-09-11T18:03:14+08:00 ] 127.0.0.1 /index.php/Api/Goods/getGoods?userAccessToken=eyJ0eXAiOiJKV1QiLCJhbGciOiJIUzI1NiJ9.eyJ1aWQiOiIxIiwibG9naW5UaW1lIjoxNTA1MTEyMTYwfQ.EX-nF-t719XEW0JHfZ9mHFn65dEjVIiDb9ggsCK4h3c&id=1
INFO: [ app_init ] --START--
INFO: Run Behavior\BuildLiteBehavior [ RunTime:0.000000s ]
INFO: [ app_init ] --END-- [ RunTime:0.000000s ]
INFO: [ app_begin ] --START--
INFO: Run Behavior\ReadHtmlCacheBehavior [ RunTime:0.000000s ]
INFO: [ app_begin ] --END-- [ RunTime:0.000000s ]
SQL: SHOW COLUMNS FROM `wg_goods` [ RunTime:0.0080s ]
SQL: SELECT g.id,`name`,`price`,`stock`,g.sellNum,`commentNum`,`shopId`,g.detail,`title`,s.img as shopImg,s.sellNum as shopNum FROM wg_goods g INNER JOIN wg_shop as s on s.id = g.shopId  WHERE g.id = 1 AND g.status = 1 LIMIT 1   [ RunTime:0.0010s ]
SQL: SHOW COLUMNS FROM `wg_picture` [ RunTime:0.0070s ]
SQL: SELECT `path` FROM `wg_picture` WHERE `sid` = 1 AND `type` = 1  [ RunTime:0.0010s ]
SQL: SHOW COLUMNS FROM `wg_order_comment` [ RunTime:0.0070s ]
SQL: SELECT `context`,`reply`,`spec_key_name`,`nickname`,`img`,c.createTime,`replyTime` FROM wg_order_comment c INNER JOIN wg_user as u on u.id = c.uid  WHERE `goodsId` = 1 AND `isShow` = 1 LIMIT 3   [ RunTime:0.0000s ]

[ 2017-09-11T18:03:59+08:00 ] 127.0.0.1 /index.php/Api/Index/getNotices
INFO: [ app_init ] --START--
INFO: Run Behavior\BuildLiteBehavior [ RunTime:0.000000s ]
INFO: [ app_init ] --END-- [ RunTime:0.001001s ]
INFO: [ app_begin ] --START--
INFO: Run Behavior\ReadHtmlCacheBehavior [ RunTime:0.001000s ]
INFO: [ app_begin ] --END-- [ RunTime:0.001000s ]
SQL: SHOW COLUMNS FROM `wg_wheel_notice` [ RunTime:0.0060s ]
SQL: SELECT COUNT(*) AS tp_count FROM `wg_wheel_notice` LIMIT 1   [ RunTime:0.0010s ]
SQL: SELECT `id`,`title`,`content` FROM `wg_wheel_notice` ORDER BY createTime desc LIMIT 0,10   [ RunTime:0.0000s ]

[ 2017-09-11T18:05:11+08:00 ] 127.0.0.1 /index.php/Api/Goods/getGoods?userAccessToken=eyJ0eXAiOiJKV1QiLCJhbGciOiJIUzI1NiJ9.eyJ1aWQiOiIxIiwibG9naW5UaW1lIjoxNTA1MTEyMTYwfQ.EX-nF-t719XEW0JHfZ9mHFn65dEjVIiDb9ggsCK4h3c&id=1
INFO: [ app_init ] --START--
INFO: Run Behavior\BuildLiteBehavior [ RunTime:0.000000s ]
INFO: [ app_init ] --END-- [ RunTime:0.001000s ]
INFO: [ app_begin ] --START--
INFO: Run Behavior\ReadHtmlCacheBehavior [ RunTime:0.001000s ]
INFO: [ app_begin ] --END-- [ RunTime:0.002000s ]
SQL: SHOW COLUMNS FROM `wg_goods` [ RunTime:0.0100s ]
SQL: SELECT g.id,`name`,`price`,`stock`,g.sellNum,`commentNum`,`shopId`,g.detail,`title`,s.img as shopImg,s.sellNum as shopNum FROM wg_goods g INNER JOIN wg_shop as s on s.id = g.shopId  WHERE g.id = 1 AND g.status = 1 LIMIT 1   [ RunTime:0.0000s ]
SQL: SHOW COLUMNS FROM `wg_picture` [ RunTime:0.0060s ]
SQL: SELECT `path` FROM `wg_picture` WHERE `sid` = 1 AND `type` = 1  [ RunTime:0.0000s ]
SQL: SHOW COLUMNS FROM `wg_order_comment` [ RunTime:0.0070s ]
SQL: SELECT `context`,`reply`,`spec_key_name`,`nickname`,`img`,c.createTime,`replyTime` FROM wg_order_comment c INNER JOIN wg_user as u on u.id = c.uid  WHERE `goodsId` = 1 AND `isShow` = 1 LIMIT 3   [ RunTime:0.0010s ]

[ 2017-09-11T18:07:18+08:00 ] 127.0.0.1 /index.php/Api/Goods/getGoods?userAccessToken=eyJ0eXAiOiJKV1QiLCJhbGciOiJIUzI1NiJ9.eyJ1aWQiOiIxIiwibG9naW5UaW1lIjoxNTA1MTEyMTYwfQ.EX-nF-t719XEW0JHfZ9mHFn65dEjVIiDb9ggsCK4h3c&id=1
INFO: [ app_init ] --START--
INFO: Run Behavior\BuildLiteBehavior [ RunTime:0.000000s ]
INFO: [ app_init ] --END-- [ RunTime:0.001000s ]
INFO: [ app_begin ] --START--
INFO: Run Behavior\ReadHtmlCacheBehavior [ RunTime:0.001001s ]
INFO: [ app_begin ] --END-- [ RunTime:0.001001s ]
SQL: SHOW COLUMNS FROM `wg_goods` [ RunTime:0.0120s ]
SQL: SELECT g.id,`name`,`price`,`stock`,g.sellNum,`commentNum`,`shopId`,g.detail,`title`,s.img as shopImg,s.sellNum as shopNum FROM wg_goods g INNER JOIN wg_shop as s on s.id = g.shopId  WHERE g.id = 1 AND g.status = 1 LIMIT 1   [ RunTime:0.0010s ]
SQL: SHOW COLUMNS FROM `wg_picture` [ RunTime:0.0080s ]
SQL: SELECT `path` FROM `wg_picture` WHERE `sid` = 1 AND `type` = 1  [ RunTime:0.0010s ]
SQL: SHOW COLUMNS FROM `wg_order_comment` [ RunTime:0.0090s ]
SQL: SELECT `context`,`reply`,`spec_key_name`,`nickname`,`img`,c.createTime,`replyTime` FROM wg_order_comment c INNER JOIN wg_user as u on u.id = c.uid  WHERE `goodsId` = 1 AND `isShow` = 1 LIMIT 3   [ RunTime:0.0000s ]

[ 2017-09-11T18:07:27+08:00 ] 127.0.0.1 /index.php/Api/Goods/getGoods?userAccessToken=eyJ0eXAiOiJKV1QiLCJhbGciOiJIUzI1NiJ9.eyJ1aWQiOiIxIiwibG9naW5UaW1lIjoxNTA1MTEyMTYwfQ.EX-nF-t719XEW0JHfZ9mHFn65dEjVIiDb9ggsCK4h3c&id=1
INFO: [ app_init ] --START--
INFO: Run Behavior\BuildLiteBehavior [ RunTime:0.000000s ]
INFO: [ app_init ] --END-- [ RunTime:0.000000s ]
INFO: [ app_begin ] --START--
INFO: Run Behavior\ReadHtmlCacheBehavior [ RunTime:0.000000s ]
INFO: [ app_begin ] --END-- [ RunTime:0.000000s ]
SQL: SHOW COLUMNS FROM `wg_goods` [ RunTime:0.0070s ]
SQL: SELECT g.id,`name`,`price`,`stock`,g.sellNum,`commentNum`,`shopId`,g.detail,`title`,s.img as shopImg,s.sellNum as shopNum FROM wg_goods g INNER JOIN wg_shop as s on s.id = g.shopId  WHERE g.id = 1 AND g.status = 1 LIMIT 1   [ RunTime:0.0000s ]
SQL: SHOW COLUMNS FROM `wg_picture` [ RunTime:0.0070s ]
SQL: SELECT `path` FROM `wg_picture` WHERE `sid` = 1 AND `type` = 1  [ RunTime:0.0000s ]
SQL: SHOW COLUMNS FROM `wg_order_comment` [ RunTime:0.0080s ]
SQL: SELECT `context`,`reply`,`spec_key_name`,`nickname`,`img`,c.createTime,`replyTime` FROM wg_order_comment c INNER JOIN wg_user as u on u.id = c.uid  WHERE `goodsId` = 1 AND `isShow` = 1 LIMIT 3   [ RunTime:0.0000s ]

[ 2017-09-11T18:08:31+08:00 ] 127.0.0.1 /index.php/Api/Index/getNotices
INFO: [ app_init ] --START--
INFO: Run Behavior\BuildLiteBehavior [ RunTime:0.000000s ]
INFO: [ app_init ] --END-- [ RunTime:0.001000s ]
INFO: [ app_begin ] --START--
INFO: Run Behavior\ReadHtmlCacheBehavior [ RunTime:0.001000s ]
INFO: [ app_begin ] --END-- [ RunTime:0.001000s ]
SQL: SHOW COLUMNS FROM `wg_wheel_notice` [ RunTime:0.0070s ]
SQL: SELECT COUNT(*) AS tp_count FROM `wg_wheel_notice` LIMIT 1   [ RunTime:0.0010s ]
SQL: SELECT `id`,`title`,`content` FROM `wg_wheel_notice` ORDER BY createTime desc LIMIT 0,10   [ RunTime:0.0000s ]

[ 2017-09-11T18:08:53+08:00 ] 127.0.0.1 /index.php/Api/Goods/getGoods?userAccessToken=eyJ0eXAiOiJKV1QiLCJhbGciOiJIUzI1NiJ9.eyJ1aWQiOiIxIiwibG9naW5UaW1lIjoxNTA1MTEyMTYwfQ.EX-nF-t719XEW0JHfZ9mHFn65dEjVIiDb9ggsCK4h3c&id=1
INFO: [ app_init ] --START--
INFO: Run Behavior\BuildLiteBehavior [ RunTime:0.001000s ]
INFO: [ app_init ] --END-- [ RunTime:0.001000s ]
INFO: [ app_begin ] --START--
INFO: Run Behavior\ReadHtmlCacheBehavior [ RunTime:0.001000s ]
INFO: [ app_begin ] --END-- [ RunTime:0.002000s ]
SQL: SHOW COLUMNS FROM `wg_goods` [ RunTime:0.0100s ]
SQL: SELECT g.id,`name`,`price`,`stock`,g.sellNum,`commentNum`,`shopId`,g.detail,`title`,s.img as shopImg,s.sellNum as shopNum FROM wg_goods g INNER JOIN wg_shop as s on s.id = g.shopId  WHERE g.id = 1 AND g.status = 1 LIMIT 1   [ RunTime:0.0000s ]
SQL: SHOW COLUMNS FROM `wg_picture` [ RunTime:0.0070s ]
SQL: SELECT `path` FROM `wg_picture` WHERE `sid` = 1 AND `type` = 1  [ RunTime:0.0010s ]
SQL: SHOW COLUMNS FROM `wg_order_comment` [ RunTime:0.0070s ]
SQL: SELECT `context`,`reply`,`spec_key_name`,`nickname`,`img`,c.createTime,`replyTime` FROM wg_order_comment c INNER JOIN wg_user as u on u.id = c.uid  WHERE `goodsId` = 1 AND `isShow` = 1 LIMIT 3   [ RunTime:0.0000s ]

[ 2017-09-11T18:09:06+08:00 ] 127.0.0.1 /index.php/Api/Goods/getGoods?userAccessToken=eyJ0eXAiOiJKV1QiLCJhbGciOiJIUzI1NiJ9.eyJ1aWQiOiIxIiwibG9naW5UaW1lIjoxNTA1MTEyMTYwfQ.EX-nF-t719XEW0JHfZ9mHFn65dEjVIiDb9ggsCK4h3c&id=1
INFO: [ app_init ] --START--
INFO: Run Behavior\BuildLiteBehavior [ RunTime:0.000000s ]
INFO: [ app_init ] --END-- [ RunTime:0.000000s ]
INFO: [ app_begin ] --START--
INFO: Run Behavior\ReadHtmlCacheBehavior [ RunTime:0.000000s ]
INFO: [ app_begin ] --END-- [ RunTime:0.000000s ]
SQL: SHOW COLUMNS FROM `wg_goods` [ RunTime:0.0080s ]
SQL: SELECT g.id,`name`,`price`,`stock`,g.sellNum,`commentNum`,`shopId`,g.detail,`title`,s.img as shopImg,s.sellNum as shopNum FROM wg_goods g INNER JOIN wg_shop as s on s.id = g.shopId  WHERE g.id = 1 AND g.status = 1 LIMIT 1   [ RunTime:0.0010s ]
SQL: SHOW COLUMNS FROM `wg_picture` [ RunTime:0.0060s ]
SQL: SELECT `path` FROM `wg_picture` WHERE `sid` = 1 AND `type` = 1  [ RunTime:0.0000s ]
SQL: SHOW COLUMNS FROM `wg_order_comment` [ RunTime:0.0070s ]
SQL: SELECT `context`,`reply`,`spec_key_name`,`nickname`,`img`,c.createTime,`replyTime` FROM wg_order_comment c INNER JOIN wg_user as u on u.id = c.uid  WHERE `goodsId` = 1 AND `isShow` = 1 LIMIT 3   [ RunTime:0.0000s ]

[ 2017-09-11T18:10:03+08:00 ] 127.0.0.1 /index.php/Api/Goods/getGoods?userAccessToken=eyJ0eXAiOiJKV1QiLCJhbGciOiJIUzI1NiJ9.eyJ1aWQiOiIxIiwibG9naW5UaW1lIjoxNTA1MTEyMTYwfQ.EX-nF-t719XEW0JHfZ9mHFn65dEjVIiDb9ggsCK4h3c&id=1
INFO: [ app_init ] --START--
INFO: Run Behavior\BuildLiteBehavior [ RunTime:0.000000s ]
INFO: [ app_init ] --END-- [ RunTime:0.000000s ]
INFO: [ app_begin ] --START--
INFO: Run Behavior\ReadHtmlCacheBehavior [ RunTime:0.000000s ]
INFO: [ app_begin ] --END-- [ RunTime:0.000000s ]
SQL: SHOW COLUMNS FROM `wg_goods` [ RunTime:0.0090s ]
SQL: SELECT g.id,`name`,`price`,`stock`,g.sellNum,`commentNum`,`shopId`,g.detail,`title`,s.img as shopImg,s.sellNum as shopNum FROM wg_goods g INNER JOIN wg_shop as s on s.id = g.shopId  WHERE g.id = 1 AND g.status = 1 LIMIT 1   [ RunTime:0.0000s ]
SQL: SHOW COLUMNS FROM `wg_picture` [ RunTime:0.0110s ]
SQL: SELECT `path` FROM `wg_picture` WHERE `sid` = 1 AND `type` = 1  [ RunTime:0.0000s ]
SQL: SHOW COLUMNS FROM `wg_order_comment` [ RunTime:0.0100s ]
SQL: SELECT `context`,`reply`,`spec_key_name`,`nickname`,`img`,c.createTime,`replyTime` FROM wg_order_comment c INNER JOIN wg_user as u on u.id = c.uid  WHERE `goodsId` = 1 AND `isShow` = 1 LIMIT 3   [ RunTime:0.0010s ]

[ 2017-09-11T18:13:28+08:00 ] 127.0.0.1 /index.php/Api/Goods/getGoods?userAccessToken=eyJ0eXAiOiJKV1QiLCJhbGciOiJIUzI1NiJ9.eyJ1aWQiOiIxIiwibG9naW5UaW1lIjoxNTA1MTEyMTYwfQ.EX-nF-t719XEW0JHfZ9mHFn65dEjVIiDb9ggsCK4h3c&id=1
INFO: [ app_init ] --START--
INFO: Run Behavior\BuildLiteBehavior [ RunTime:0.000000s ]
INFO: [ app_init ] --END-- [ RunTime:0.000000s ]
INFO: [ app_begin ] --START--
INFO: Run Behavior\ReadHtmlCacheBehavior [ RunTime:0.001000s ]
INFO: [ app_begin ] --END-- [ RunTime:0.002000s ]
SQL: SHOW COLUMNS FROM `wg_goods` [ RunTime:0.0100s ]
SQL: SELECT g.id,`name`,`price`,`stock`,g.sellNum,`commentNum`,`shopId`,g.detail,`title`,s.img as shopImg,s.sellNum as shopNum FROM wg_goods g INNER JOIN wg_shop as s on s.id = g.shopId  WHERE g.id = 1 AND g.status = 1 LIMIT 1   [ RunTime:0.0010s ]
SQL: SHOW COLUMNS FROM `wg_picture` [ RunTime:0.0070s ]
SQL: SELECT `path` FROM `wg_picture` WHERE `sid` = 1 AND `type` = 1  [ RunTime:0.0010s ]
SQL: SHOW COLUMNS FROM `wg_order_comment` [ RunTime:0.0060s ]
SQL: SELECT `context`,`reply`,`spec_key_name`,`nickname`,`img`,c.createTime,`replyTime` FROM wg_order_comment c INNER JOIN wg_user as u on u.id = c.uid  WHERE `goodsId` = 1 AND `isShow` = 1 LIMIT 3   [ RunTime:0.0000s ]

[ 2017-09-11T18:21:16+08:00 ] 127.0.0.1 /index.php/Api/Goods/getComments
INFO: [ app_init ] --START--
INFO: Run Behavior\BuildLiteBehavior [ RunTime:0.000000s ]
INFO: [ app_init ] --END-- [ RunTime:0.000000s ]
INFO: [ app_begin ] --START--
INFO: Run Behavior\ReadHtmlCacheBehavior [ RunTime:0.001000s ]
INFO: [ app_begin ] --END-- [ RunTime:0.001000s ]
ERR: Wrong number of segments

[ 2017-09-11T18:21:42+08:00 ] 127.0.0.1 /index.php/Api/Goods/getComments?userAccessToken=eyJ0eXAiOiJKV1QiLCJhbGciOiJIUzI1NiJ9.eyJ1aWQiOiIxIiwibG9naW5UaW1lIjoxNTA1MTEyMTYwfQ.EX-nF-t719XEW0JHfZ9mHFn65dEjVIiDb9ggsCK4h3c
INFO: [ app_init ] --START--
INFO: Run Behavior\BuildLiteBehavior [ RunTime:0.000000s ]
INFO: [ app_init ] --END-- [ RunTime:0.000000s ]
INFO: [ app_begin ] --START--
INFO: Run Behavior\ReadHtmlCacheBehavior [ RunTime:0.000000s ]
INFO: [ app_begin ] --END-- [ RunTime:0.000000s ]

[ 2017-09-11T18:21:50+08:00 ] 127.0.0.1 /index.php/Api/Goods/getComments?userAccessToken=eyJ0eXAiOiJKV1QiLCJhbGciOiJIUzI1NiJ9.eyJ1aWQiOiIxIiwibG9naW5UaW1lIjoxNTA1MTEyMTYwfQ.EX-nF-t719XEW0JHfZ9mHFn65dEjVIiDb9ggsCK4h3c&id=1
INFO: [ app_init ] --START--
INFO: Run Behavior\BuildLiteBehavior [ RunTime:0.000000s ]
INFO: [ app_init ] --END-- [ RunTime:0.001000s ]
INFO: [ app_begin ] --START--
INFO: Run Behavior\ReadHtmlCacheBehavior [ RunTime:0.001000s ]
INFO: [ app_begin ] --END-- [ RunTime:0.001000s ]
SQL: SHOW COLUMNS FROM `wg_order_comment` [ RunTime:0.0080s ]
SQL: SELECT COUNT(*) AS tp_count FROM `wg_order_comment` WHERE `goodsId` = 1 AND `isShow` = 1 LIMIT 1   [ RunTime:0.0000s ]
SQL: SELECT `context`,`reply`,`spec_key_name`,`nickname`,`img`,c.createTime,`replyTime` FROM wg_order_comment c INNER JOIN wg_user as u on u.id = c.uid  WHERE `goodsId` = 1 AND `isShow` = 1 ORDER BY createTime desc LIMIT 0,10   [ RunTime:0.0000s ]

[ 2017-09-11T18:30:13+08:00 ] 127.0.0.1 /index.php/Api/Goods/getGoods?userAccessToken=eyJ0eXAiOiJKV1QiLCJhbGciOiJIUzI1NiJ9.eyJ1aWQiOiIxIiwibG9naW5UaW1lIjoxNTA1MTEyMTYwfQ.EX-nF-t719XEW0JHfZ9mHFn65dEjVIiDb9ggsCK4h3c&id=1
INFO: [ app_init ] --START--
INFO: Run Behavior\BuildLiteBehavior [ RunTime:0.000000s ]
INFO: [ app_init ] --END-- [ RunTime:0.000000s ]
INFO: [ app_begin ] --START--
INFO: Run Behavior\ReadHtmlCacheBehavior [ RunTime:0.001000s ]
INFO: [ app_begin ] --END-- [ RunTime:0.001000s ]
SQL: SHOW COLUMNS FROM `wg_goods` [ RunTime:0.0090s ]
SQL: SELECT g.id,`name`,`price`,`stock`,g.sellNum,`commentNum`,`shopId`,g.detail,`title`,s.img as shopImg,s.sellNum as shopNum FROM wg_goods g INNER JOIN wg_shop as s on s.id = g.shopId  WHERE g.id = 1 AND g.status = 1 LIMIT 1   [ RunTime:0.0010s ]
SQL: SHOW COLUMNS FROM `wg_picture` [ RunTime:0.0080s ]
SQL: SELECT `path` FROM `wg_picture` WHERE `sid` = 1 AND `type` = 1  [ RunTime:0.0000s ]
SQL: SHOW COLUMNS FROM `wg_order_comment` [ RunTime:0.0070s ]
SQL: SELECT `context`,`reply`,`spec_key_name`,`nickname`,`img`,c.createTime,`replyTime` FROM wg_order_comment c INNER JOIN wg_user as u on u.id = c.uid  WHERE `goodsId` = 1 AND `isShow` = 1 ORDER BY createTime desc LIMIT 3   [ RunTime:0.0000s ]
SQL: SHOW COLUMNS FROM `wg_collect` [ RunTime:0.0090s ]
SQL: SELECT * FROM `wg_collect` WHERE `uid` = 1 AND `goodsId` = 1 AND `type` = 1 LIMIT 1   [ RunTime:0.0010s ]

[ 2017-09-11T18:30:56+08:00 ] 127.0.0.1 /index.php/Api/Goods/collect?userAccessToken=eyJ0eXAiOiJKV1QiLCJhbGciOiJIUzI1NiJ9.eyJ1aWQiOiIxIiwibG9naW5UaW1lIjoxNTA1MTEyMTYwfQ.EX-nF-t719XEW0JHfZ9mHFn65dEjVIiDb9ggsCK4h3c&id=1
INFO: [ app_init ] --START--
INFO: Run Behavior\BuildLiteBehavior [ RunTime:0.000000s ]
INFO: [ app_init ] --END-- [ RunTime:0.000000s ]
INFO: [ app_begin ] --START--
INFO: Run Behavior\ReadHtmlCacheBehavior [ RunTime:0.001000s ]
INFO: [ app_begin ] --END-- [ RunTime:0.001000s ]
SQL: SHOW COLUMNS FROM `wg_collect` [ RunTime:0.0080s ]
SQL: SELECT * FROM `wg_collect` WHERE `uid` = 1 AND `goodsId` = 1 AND `type` = 1 LIMIT 1   [ RunTime:0.0000s ]
SQL: INSERT INTO `wg_collect` (`uid`,`goodsId`,`type`) VALUES ('1','1','1') [ RunTime:0.0330s ]

[ 2017-09-11T18:31:04+08:00 ] 127.0.0.1 /index.php/Api/Goods/getGoods?userAccessToken=eyJ0eXAiOiJKV1QiLCJhbGciOiJIUzI1NiJ9.eyJ1aWQiOiIxIiwibG9naW5UaW1lIjoxNTA1MTEyMTYwfQ.EX-nF-t719XEW0JHfZ9mHFn65dEjVIiDb9ggsCK4h3c&id=1
INFO: [ app_init ] --START--
INFO: Run Behavior\BuildLiteBehavior [ RunTime:0.000000s ]
INFO: [ app_init ] --END-- [ RunTime:0.001000s ]
INFO: [ app_begin ] --START--
INFO: Run Behavior\ReadHtmlCacheBehavior [ RunTime:0.000000s ]
INFO: [ app_begin ] --END-- [ RunTime:0.001000s ]
SQL: SHOW COLUMNS FROM `wg_goods` [ RunTime:0.0080s ]
SQL: SELECT g.id,`name`,`price`,`stock`,g.sellNum,`commentNum`,`shopId`,g.detail,`title`,s.img as shopImg,s.sellNum as shopNum FROM wg_goods g INNER JOIN wg_shop as s on s.id = g.shopId  WHERE g.id = 1 AND g.status = 1 LIMIT 1   [ RunTime:0.0010s ]
SQL: SHOW COLUMNS FROM `wg_picture` [ RunTime:0.0080s ]
SQL: SELECT `path` FROM `wg_picture` WHERE `sid` = 1 AND `type` = 1  [ RunTime:0.0010s ]
SQL: SHOW COLUMNS FROM `wg_order_comment` [ RunTime:0.0330s ]
SQL: SELECT `context`,`reply`,`spec_key_name`,`nickname`,`img`,c.createTime,`replyTime` FROM wg_order_comment c INNER JOIN wg_user as u on u.id = c.uid  WHERE `goodsId` = 1 AND `isShow` = 1 ORDER BY createTime desc LIMIT 3   [ RunTime:0.0000s ]
SQL: SHOW COLUMNS FROM `wg_collect` [ RunTime:0.0080s ]
SQL: SELECT * FROM `wg_collect` WHERE `uid` = 1 AND `goodsId` = 1 AND `type` = 1 LIMIT 1   [ RunTime:0.0000s ]

[ 2017-09-11T18:32:45+08:00 ] 127.0.0.1 /index.php/Api/Goods/collect?userAccessToken=eyJ0eXAiOiJKV1QiLCJhbGciOiJIUzI1NiJ9.eyJ1aWQiOiIxIiwibG9naW5UaW1lIjoxNTA1MTEyMTYwfQ.EX-nF-t719XEW0JHfZ9mHFn65dEjVIiDb9ggsCK4h3c&id=1
INFO: [ app_init ] --START--
INFO: Run Behavior\BuildLiteBehavior [ RunTime:0.000000s ]
INFO: [ app_init ] --END-- [ RunTime:0.000000s ]
INFO: [ app_begin ] --START--
INFO: Run Behavior\ReadHtmlCacheBehavior [ RunTime:0.001000s ]
INFO: [ app_begin ] --END-- [ RunTime:0.001000s ]
SQL: SHOW COLUMNS FROM `wg_collect` [ RunTime:0.0110s ]
SQL: SELECT * FROM `wg_collect` WHERE `uid` = 1 AND `goodsId` = 1 AND `type` = 1 LIMIT 1   [ RunTime:0.0000s ]
SQL: DELETE FROM `wg_collect` WHERE `id` = 1 [ RunTime:0.0610s ]

[ 2017-09-11T18:34:38+08:00 ] 127.0.0.1 /index.php/Api/Goods/getGoods?userAccessToken=eyJ0eXAiOiJKV1QiLCJhbGciOiJIUzI1NiJ9.eyJ1aWQiOiIxIiwibG9naW5UaW1lIjoxNTA1MTEyMTYwfQ.EX-nF-t719XEW0JHfZ9mHFn65dEjVIiDb9ggsCK4h3c&id=1
INFO: [ app_init ] --START--
INFO: Run Behavior\BuildLiteBehavior [ RunTime:0.000000s ]
INFO: [ app_init ] --END-- [ RunTime:0.001000s ]
INFO: [ app_begin ] --START--
INFO: Run Behavior\ReadHtmlCacheBehavior [ RunTime:0.000000s ]
INFO: [ app_begin ] --END-- [ RunTime:0.001000s ]
SQL: SHOW COLUMNS FROM `wg_goods` [ RunTime:0.0090s ]
SQL: SELECT g.id,`name`,`price`,`stock`,g.sellNum,`commentNum`,`shopId`,g.detail,`title`,s.img as shopImg,s.sellNum as shopNum,`qq` FROM wg_goods g INNER JOIN wg_shop as s on s.id = g.shopId  WHERE g.id = 1 AND g.status = 1 LIMIT 1   [ RunTime:0.0010s ]
SQL: SHOW COLUMNS FROM `wg_picture` [ RunTime:0.0060s ]
SQL: SELECT `path` FROM `wg_picture` WHERE `sid` = 1 AND `type` = 1  [ RunTime:0.0000s ]
SQL: SHOW COLUMNS FROM `wg_order_comment` [ RunTime:0.0070s ]
SQL: SELECT `context`,`reply`,`spec_key_name`,`nickname`,`img`,c.createTime,`replyTime` FROM wg_order_comment c INNER JOIN wg_user as u on u.id = c.uid  WHERE `goodsId` = 1 AND `isShow` = 1 ORDER BY createTime desc LIMIT 3   [ RunTime:0.0000s ]
SQL: SHOW COLUMNS FROM `wg_collect` [ RunTime:0.0060s ]
SQL: SELECT * FROM `wg_collect` WHERE `uid` = 1 AND `goodsId` = 1 AND `type` = 1 LIMIT 1   [ RunTime:0.0000s ]

