[ 2017-09-22T11:48:57+08:00 ] 127.0.0.1 /index.php/Api/Cart/payOrder
INFO: [ app_init ] --START--
INFO: Run Behavior\BuildLiteBehavior [ RunTime:0.001001s ]
INFO: [ app_init ] --END-- [ RunTime:0.001001s ]
INFO: [ app_begin ] --START--
INFO: Run Behavior\ReadHtmlCacheBehavior [ RunTime:0.000000s ]
INFO: [ app_begin ] --END-- [ RunTime:0.001000s ]
SQL: SHOW COLUMNS FROM `wg_user` [ RunTime:0.2090s ]
SQL: SELECT * FROM `wg_user` WHERE `id` = 1 LIMIT 1   [ RunTime:0.0740s ]
SQL: SHOW COLUMNS FROM `wg_orders` [ RunTime:0.1260s ]
SQL: SELECT `id`,`orderSn`,`amount`,`status` FROM `wg_orders` WHERE `id` IN ('37')  [ RunTime:0.0750s ]

[ 2017-09-22T11:49:06+08:00 ] 127.0.0.1 /index.php/Api/Cart/payOrder
INFO: [ app_init ] --START--
INFO: Run Behavior\BuildLiteBehavior [ RunTime:0.000000s ]
INFO: [ app_init ] --END-- [ RunTime:0.000000s ]
INFO: [ app_begin ] --START--
INFO: Run Behavior\ReadHtmlCacheBehavior [ RunTime:0.001000s ]
INFO: [ app_begin ] --END-- [ RunTime:0.002000s ]
SQL: SHOW COLUMNS FROM `wg_orders` [ RunTime:0.0040s ]
SQL: SELECT `id`,`orderSn`,`amount`,`status` FROM `wg_orders` WHERE `id` IN ('36')  [ RunTime:0.0000s ]
SQL: SHOW COLUMNS FROM `wg_orders` [ RunTime:0.0060s ]
SQL: SELECT `id` FROM `wg_orders` WHERE `paySn` = 'A9225214390380d001' LIMIT 1   [ RunTime:0.0590s ]
SQL: SHOW COLUMNS FROM `wg_user` [ RunTime:0.0040s ]
SQL: SELECT `money` FROM `wg_user` WHERE `id` = 1 LIMIT 1   [ RunTime:0.0000s ]
SQL: UPDATE `wg_orders` SET `payType`='0',`paySn`='A9225214390380d001',`userMoney`='20.00',`payMoney`='0',`status`='1',`payTime`='1506052144' WHERE `id` = 36 [ RunTime:0.3660s ]
SQL: SELECT `id`,`uid`,`shopId`,`amount`,`userMoney`,`payMoney`,`status` FROM `wg_orders` WHERE `paySn` = 'A9225214390380d001'  [ RunTime:0.0010s ]
SQL: SHOW COLUMNS FROM `wg_order_goods` [ RunTime:0.0780s ]
SQL: SELECT * FROM `wg_order_goods` WHERE `orderId` = 36  [ RunTime:0.0410s ]
SQL: SHOW COLUMNS FROM `wg_goods_spec` [ RunTime:0.0270s ]
SQL: UPDATE `wg_goods_spec` SET `store`=store-1 WHERE `goodsId` = 1 AND `id` = 7 [ RunTime:0.1450s ]
SQL: SELECT SUM(store) AS tp_sum FROM `wg_goods_spec` WHERE `goodsId` = 1 LIMIT 1   [ RunTime:0.1180s ]
SQL: SHOW COLUMNS FROM `wg_goods` [ RunTime:0.0580s ]
SQL: UPDATE `wg_goods` SET `stock`='16' WHERE `id` = 1 [ RunTime:0.0630s ]
SQL: UPDATE `wg_goods` SET `sellNum`=sellNum+1 WHERE `id` = 1 [ RunTime:0.0270s ]
SQL: SHOW COLUMNS FROM `wg_shop` [ RunTime:0.0720s ]
SQL: UPDATE `wg_shop` SET `sellNum`=sellNum+1 WHERE `id` = 1 [ RunTime:0.0170s ]
SQL: SHOW COLUMNS FROM `wg_orders` [ RunTime:0.0340s ]
SQL: SHOW COLUMNS FROM `wg_notice` [ RunTime:0.0390s ]
SQL: INSERT INTO `wg_notice` (`title`,`content`,`type`,`createTime`,`updateTime`,`sendId`) VALUES ('订单通知','您有新的待发货订单，请及时处理。','2','1506052145','1506052145','1') [ RunTime:0.2670s ]
SQL: SHOW COLUMNS FROM `wg_shop` [ RunTime:0.0080s ]
SQL: SELECT * FROM `wg_shop` WHERE `id` = 1 LIMIT 1   [ RunTime:0.0010s ]
SQL: SELECT `money` FROM `wg_user` WHERE `id` = 1 LIMIT 1   [ RunTime:0.0000s ]
SQL: UPDATE `wg_user` SET `money`=money-20 WHERE `id` = 1 [ RunTime:0.1340s ]
SQL: SHOW COLUMNS FROM `wg_user_money` [ RunTime:0.0460s ]
SQL: INSERT INTO `wg_user_money` (`uid`,`type`,`cmoney`,`beforeMoney`,`afterMoney`,`createTime`) VALUES ('1','3','20','910.00','890','1506052146') [ RunTime:0.1720s ]

[ 2017-09-22T11:54:45+08:00 ] 127.0.0.1 /index.php/Api/Cart/payOrder
INFO: [ app_init ] --START--
INFO: Run Behavior\BuildLiteBehavior [ RunTime:0.000000s ]
INFO: [ app_init ] --END-- [ RunTime:0.001000s ]
INFO: [ app_begin ] --START--
INFO: Run Behavior\ReadHtmlCacheBehavior [ RunTime:0.001000s ]
INFO: [ app_begin ] --END-- [ RunTime:0.001000s ]
SQL: SHOW COLUMNS FROM `wg_orders` [ RunTime:0.0260s ]
SQL: SELECT `id`,`orderSn`,`amount`,`status` FROM `wg_orders` WHERE `uid` = 1 AND `id` IN ('36')  [ RunTime:0.0010s ]

