[ 2017-09-21T11:26:17+08:00 ] 127.0.0.1 /index.php/Api/Cart/addOrder
INFO: [ app_init ] --START--
INFO: Run Behavior\BuildLiteBehavior [ RunTime:0.000000s ]
INFO: [ app_init ] --END-- [ RunTime:0.001000s ]
INFO: [ app_begin ] --START--
INFO: Run Behavior\ReadHtmlCacheBehavior [ RunTime:0.000000s ]
INFO: [ app_begin ] --END-- [ RunTime:0.002000s ]
SQL: SHOW COLUMNS FROM `wg_user` [ RunTime:0.0040s ]
SQL: SELECT * FROM `wg_user` WHERE `id` = 1 LIMIT 1   [ RunTime:0.0010s ]

[ 2017-09-21T11:26:21+08:00 ] 127.0.0.1 /index.php/Api/Cart/addOrder
INFO: [ app_init ] --START--
INFO: Run Behavior\BuildLiteBehavior [ RunTime:0.000000s ]
INFO: [ app_init ] --END-- [ RunTime:0.001000s ]
INFO: [ app_begin ] --START--
INFO: Run Behavior\ReadHtmlCacheBehavior [ RunTime:0.000000s ]
INFO: [ app_begin ] --END-- [ RunTime:0.000000s ]

[ 2017-09-21T11:26:35+08:00 ] 127.0.0.1 /index.php/Api/Cart/addOrder
INFO: [ app_init ] --START--
INFO: Run Behavior\BuildLiteBehavior [ RunTime:0.000000s ]
INFO: [ app_init ] --END-- [ RunTime:0.001000s ]
INFO: [ app_begin ] --START--
INFO: Run Behavior\ReadHtmlCacheBehavior [ RunTime:0.000000s ]
INFO: [ app_begin ] --END-- [ RunTime:0.001000s ]
SQL: SHOW COLUMNS FROM `wg_goods` [ RunTime:0.0040s ]
SQL: SELECT wg_goods.id as goodsId,wg_goods.img,`cid`,`name`,`price`,`shipFee`,`shopId`,`title`,`qq`,`stock`,`fullMoney`,`provinces` FROM `wg_goods` INNER JOIN wg_shop on wg_shop.id = wg_goods.shopId  WHERE wg_goods.id = 1 AND wg_goods.status = 1 AND wg_shop.status = 1 LIMIT 1   [ RunTime:0.0000s ]
SQL: SHOW COLUMNS FROM `wg_goods_spec` [ RunTime:0.0050s ]
SQL: SELECT COUNT(*) AS tp_count FROM `wg_goods_spec` WHERE `goodsId` = 1 LIMIT 1   [ RunTime:0.0000s ]
SQL: SELECT id as gsId,`key`,`key_name`,`price`,`store` FROM `wg_goods_spec` WHERE `goodsId` = 1 AND `key` = '1_5' LIMIT 1   [ RunTime:0.0260s ]
SQL: SHOW COLUMNS FROM `wg_address` [ RunTime:0.0040s ]
SQL: SELECT `id`,`receiver`,`phone`,`province`,`city`,`county`,`detail` FROM `wg_address` WHERE `uid` = 1 AND `id` = 1 LIMIT 1   [ RunTime:0.0010s ]
SQL: SHOW COLUMNS FROM `wg_goods_ship` [ RunTime:0.0040s ]
SQL: SELECT * FROM `wg_goods_ship` WHERE `goodsId` = 1 AND `province` = '新疆维吾尔自治区' LIMIT 1   [ RunTime:0.0000s ]
SQL: SHOW COLUMNS FROM `wg_config` [ RunTime:0.0030s ]
SQL: SELECT `value` FROM `wg_config` WHERE `config` = 'buyScore' AND `flag` = 1 LIMIT 1   [ RunTime:0.0000s ]
SQL: SHOW COLUMNS FROM `wg_orders` [ RunTime:0.0030s ]
SQL: SELECT `id` FROM `wg_orders` WHERE `orderSn` = '2017092198555699001' LIMIT 1   [ RunTime:0.0000s ]
SQL: SHOW COLUMNS FROM `wg_orders` [ RunTime:0.0050s ]
SQL: INSERT INTO `wg_orders` (`uid`,`address`,`realname`,`phone`,`status`,`orderSn`,`shopId`,`amount`,`goodsAmount`,`score`,`fee`,`createTime`,`oYear`,`oMonth`,`oDate`,`remark`) VALUES ('1','新疆维吾尔自治区|郑州市|金水区|中州大道','小花','15903645369','0','2017092198555699001','1','20.00','10.00','10','10.00','1505964395','2017','9','21','无') [ RunTime:0.0466s ]
SQL: SHOW COLUMNS FROM `wg_order_goods` [ RunTime:0.0000s ]
SQL: INSERT INTO `wg_order_goods` (`orderId`,`goodsId`,`shopId`,`cid`,`gsId`,`number`,`spec`,`price`,`goodsAmount`,`addTime`,`status`) VALUES ('37','1','1','4','7','1','颜色:白色 尺寸:S','10.00','10','1504195200','1') [ RunTime:0.0000s ]
SQL: SHOW COLUMNS FROM `wg_user` [ RunTime:0.0156s ]
SQL: SELECT `money` FROM `wg_user` WHERE `id` = 1 LIMIT 1   [ RunTime:0.0166s ]

[ 2017-09-21T17:06:58+08:00 ] 127.0.0.1 /index.php/Api/Cart/payOrder
INFO: [ app_init ] --START--
INFO: Run Behavior\BuildLiteBehavior [ RunTime:0.000000s ]
INFO: [ app_init ] --END-- [ RunTime:0.001000s ]
INFO: [ app_begin ] --START--
INFO: Run Behavior\ReadHtmlCacheBehavior [ RunTime:0.001000s ]
INFO: [ app_begin ] --END-- [ RunTime:0.001000s ]
SQL: SHOW COLUMNS FROM `wg_orders` [ RunTime:0.0030s ]
SQL: SELECT `id`,`orderSn`,`amount`,`status` FROM `wg_orders` WHERE `id` IN ('37')  [ RunTime:0.0000s ]
SQL: SHOW COLUMNS FROM `wg_orders` [ RunTime:0.0030s ]
SQL: SELECT `id` FROM `wg_orders` WHERE `paySn` = 'A9218481815417d001' LIMIT 1   [ RunTime:0.0010s ]
SQL: SHOW COLUMNS FROM `wg_user` [ RunTime:0.0200s ]
SQL: SELECT `money` FROM `wg_user` WHERE `id` = 1 LIMIT 1   [ RunTime:0.0000s ]
SQL: UPDATE `wg_orders` SET `payType`='0',`paySn`='A9218481815417d001',`userMoney`='20.00',`payMoney`='0',`status`='1',`payTime`='1505984818' WHERE `id` = 37 [ RunTime:0.0140s ]
SQL: SELECT `id`,`uid`,`shopId`,`amount`,`userMoney`,`payMoney`,`status` FROM `wg_orders` WHERE `paySn` = 'A9218481815417d001'  [ RunTime:0.0000s ]
SQL: SHOW COLUMNS FROM `wg_order_goods` [ RunTime:0.0130s ]
SQL: SELECT * FROM `wg_order_goods` WHERE `orderId` = 37  [ RunTime:0.0000s ]
SQL: SHOW COLUMNS FROM `wg_goods_spec` [ RunTime:0.0030s ]
SQL: UPDATE `wg_goods_spec` SET `store`=store-1 WHERE `goodsId` = 1 AND `id` = 7 [ RunTime:0.0200s ]
SQL: SELECT SUM(store) AS tp_sum FROM `wg_goods_spec` WHERE `goodsId` = 1 LIMIT 1   [ RunTime:0.0000s ]
SQL: SHOW COLUMNS FROM `wg_goods` [ RunTime:0.0100s ]
SQL: UPDATE `wg_goods` SET `stock`='17' WHERE `id` = 1 [ RunTime:0.0000s ]
SQL: UPDATE `wg_goods` SET `sellNum`=sellNum+1 WHERE `id` = 1 [ RunTime:0.0080s ]
SQL: SHOW COLUMNS FROM `wg_shop` [ RunTime:0.0130s ]
SQL: UPDATE `wg_shop` SET `sellNum`=sellNum+1 WHERE `id` = 1 [ RunTime:0.0000s ]
SQL: SHOW COLUMNS FROM `wg_orders` [ RunTime:0.0030s ]
SQL: SHOW COLUMNS FROM `wg_notice` [ RunTime:0.0090s ]
SQL: INSERT INTO `wg_notice` (`title`,`content`,`type`,`createTime`,`updateTime`,`sendId`) VALUES ('订单通知','您有新的待发货订单，请及时处理。','2','1505984818','1505984818','1') [ RunTime:0.0150s ]
SQL: SHOW COLUMNS FROM `wg_shop` [ RunTime:0.0040s ]
SQL: SELECT * FROM `wg_shop` WHERE `id` = 1 LIMIT 1   [ RunTime:0.0010s ]
SQL: SELECT `money` FROM `wg_user` WHERE `id` = 1 LIMIT 1   [ RunTime:0.0010s ]
SQL: UPDATE `wg_user` SET `money`=money-20 WHERE `id` = 1 [ RunTime:0.0110s ]
SQL: SHOW COLUMNS FROM `wg_user_money` [ RunTime:0.0780s ]
SQL: INSERT INTO `wg_user_money` (`uid`,`type`,`cmoney`,`beforeMoney`,`afterMoney`,`createTime`) VALUES ('1','3','20','930.00','910','1505984818') [ RunTime:0.0070s ]

