[ 2017-09-20T17:02:37+08:00 ] 127.0.0.1 /index.php/ShopApi/Login/getCode
INFO: [ app_init ] --START--
INFO: Run Behavior\BuildLiteBehavior [ RunTime:0.000000s ]
INFO: [ app_init ] --END-- [ RunTime:0.001000s ]
INFO: [ app_begin ] --START--
INFO: Run Behavior\ReadHtmlCacheBehavior [ RunTime:0.001000s ]
INFO: [ app_begin ] --END-- [ RunTime:0.001000s ]
SQL: SHOW COLUMNS FROM `wg_shop` [ RunTime:0.0240s ]
SQL: SELECT * FROM `wg_shop` WHERE `phone` = '15903640232' LIMIT 1   [ RunTime:0.0010s ]
WARN: [短信发送失败] result:<url> malformed。[目的手机]：15903640232[短信内容]：【唯公商城】您的验证码为：8806，15分钟内有效，若非本人操作请忽略。。

[ 2017-09-20T17:19:41+08:00 ] 127.0.0.1 /index.php/ShopApi/Login/getCode
INFO: [ app_init ] --START--
INFO: Run Behavior\BuildLiteBehavior [ RunTime:0.000000s ]
INFO: [ app_init ] --END-- [ RunTime:0.001000s ]
INFO: [ app_begin ] --START--
INFO: Run Behavior\ReadHtmlCacheBehavior [ RunTime:0.001000s ]
INFO: [ app_begin ] --END-- [ RunTime:0.001000s ]
ERR: SQLSTATE[HY000] [1045] Access denied for user 'root'@'localhost' (using password: YES)

[ 2017-09-20T17:21:03+08:00 ] 127.0.0.1 /index.php/ShopApi/Login/getCode
INFO: [ app_init ] --START--
INFO: Run Behavior\BuildLiteBehavior [ RunTime:0.000000s ]
INFO: [ app_init ] --END-- [ RunTime:0.000000s ]
INFO: [ app_begin ] --START--
INFO: Run Behavior\ReadHtmlCacheBehavior [ RunTime:0.000000s ]
INFO: [ app_begin ] --END-- [ RunTime:0.002000s ]
ERR: SQLSTATE[HY000] [1045] Access denied for user 'root'@'localhost' (using password: YES)

