[ 2017-09-04T17:18:00+08:00 ] 127.0.0.1 /index.php/Shop/Goods/addType
INFO: [ app_init ] --START--
INFO: Run Behavior\BuildLiteBehavior [ RunTime:0.001000s ]
INFO: [ app_init ] --END-- [ RunTime:0.001000s ]
INFO: [ app_begin ] --START--
INFO: Run Behavior\ReadHtmlCacheBehavior [ RunTime:0.001000s ]
INFO: [ app_begin ] --END-- [ RunTime:0.001000s ]
INFO: [ view_parse ] --START--
INFO: [ template_filter ] --START--
INFO: Run Behavior\ContentReplaceBehavior [ RunTime:0.000000s ]
INFO: [ template_filter ] --END-- [ RunTime:0.000000s ]
INFO: Run Behavior\ParseTemplateBehavior [ RunTime:0.014000s ]
INFO: [ view_parse ] --END-- [ RunTime:0.014000s ]
INFO: [ view_filter ] --START--
INFO: Run Behavior\WriteHtmlCacheBehavior [ RunTime:0.001000s ]
INFO: [ view_filter ] --END-- [ RunTime:0.001000s ]
INFO: [ app_end ] --START--
INFO: Run Behavior\ShowPageTraceBehavior [ RunTime:0.001000s ]
INFO: [ app_end ] --END-- [ RunTime:0.001000s ]

[ 2017-09-04T17:18:06+08:00 ] 127.0.0.1 /index.php/Shop/Goods/addType.html
INFO: [ app_init ] --START--
INFO: Run Behavior\BuildLiteBehavior [ RunTime:0.000000s ]
INFO: [ app_init ] --END-- [ RunTime:0.001000s ]
INFO: [ app_begin ] --START--
INFO: Run Behavior\ReadHtmlCacheBehavior [ RunTime:0.001000s ]
INFO: [ app_begin ] --END-- [ RunTime:0.001000s ]
SQL: SHOW COLUMNS FROM `wg_goods_type` [ RunTime:0.0070s ]
NOTIC: [8] Undefined index: validate D:\wamp\www\wllspace\php\wgshop\ThinkPHP\Library\Think\Model.class.php 第 1185 行.
SQL: SELECT `id` FROM `wg_goods_type` WHERE `name` = '电脑' LIMIT 1   [ RunTime:0.0010s ]
NOTIC: [8] Undefined index: auto D:\wamp\www\wllspace\php\wgshop\ThinkPHP\Library\Think\Model.class.php 第 1128 行.
SQL: INSERT INTO `wg_goods_type` (`id`,`name`,`status`) VALUES ('0','电脑','1') [ RunTime:0.0370s ]

[ 2017-09-04T17:18:08+08:00 ] 127.0.0.1 /index.php/Shop/Goods/addType
INFO: [ app_init ] --START--
INFO: Run Behavior\BuildLiteBehavior [ RunTime:0.000000s ]
INFO: [ app_init ] --END-- [ RunTime:0.000000s ]
INFO: [ app_begin ] --START--
INFO: Run Behavior\ReadHtmlCacheBehavior [ RunTime:0.001000s ]
INFO: [ app_begin ] --END-- [ RunTime:0.001000s ]
INFO: [ view_parse ] --START--
INFO: [ template_filter ] --START--
INFO: Run Behavior\ContentReplaceBehavior [ RunTime:0.000000s ]
INFO: [ template_filter ] --END-- [ RunTime:0.000000s ]
INFO: Run Behavior\ParseTemplateBehavior [ RunTime:0.010001s ]
INFO: [ view_parse ] --END-- [ RunTime:0.010001s ]
INFO: [ view_filter ] --START--
INFO: Run Behavior\WriteHtmlCacheBehavior [ RunTime:0.001000s ]
INFO: [ view_filter ] --END-- [ RunTime:0.001000s ]
INFO: [ app_end ] --START--
INFO: Run Behavior\ShowPageTraceBehavior [ RunTime:0.000000s ]
INFO: [ app_end ] --END-- [ RunTime:0.000000s ]

[ 2017-09-04T17:18:09+08:00 ] 127.0.0.1 /shop.php/Goods/type.html?_search=false&nd=1504516689175&rows=10&page=1&sidx=id&sord=desc
INFO: [ app_init ] --START--
INFO: Run Behavior\BuildLiteBehavior [ RunTime:0.000000s ]
INFO: [ app_init ] --END-- [ RunTime:0.001000s ]
INFO: [ app_begin ] --START--
INFO: Run Behavior\ReadHtmlCacheBehavior [ RunTime:0.000000s ]
INFO: [ app_begin ] --END-- [ RunTime:0.000000s ]
SQL: SHOW COLUMNS FROM `wg_goods_type` [ RunTime:0.0110s ]
SQL: SELECT * FROM `wg_goods_type` WHERE `shopId` = 1 ORDER BY id desc LIMIT 0,10   [ RunTime:0.0010s ]
SQL: SELECT COUNT(*) AS tp_count FROM `wg_goods_type` WHERE `shopId` = 1 LIMIT 1   [ RunTime:0.0000s ]

[ 2017-09-04T17:19:44+08:00 ] 127.0.0.1 /shop.php/Goods/type.html
INFO: [ app_init ] --START--
INFO: Run Behavior\BuildLiteBehavior [ RunTime:0.000000s ]
INFO: [ app_init ] --END-- [ RunTime:0.000000s ]
INFO: [ app_begin ] --START--
INFO: Run Behavior\ReadHtmlCacheBehavior [ RunTime:0.000000s ]
INFO: [ app_begin ] --END-- [ RunTime:0.000000s ]
INFO: [ view_parse ] --START--
INFO: [ template_filter ] --START--
INFO: Run Behavior\ContentReplaceBehavior [ RunTime:0.000000s ]
INFO: [ template_filter ] --END-- [ RunTime:0.015600s ]
INFO: Run Behavior\ParseTemplateBehavior [ RunTime:0.015600s ]
INFO: [ view_parse ] --END-- [ RunTime:0.015600s ]
INFO: [ view_filter ] --START--
INFO: Run Behavior\WriteHtmlCacheBehavior [ RunTime:0.000000s ]
INFO: [ view_filter ] --END-- [ RunTime:0.000000s ]
INFO: [ app_end ] --START--
INFO: Run Behavior\ShowPageTraceBehavior [ RunTime:0.000000s ]
INFO: [ app_end ] --END-- [ RunTime:0.000000s ]

[ 2017-09-04T17:19:44+08:00 ] 127.0.0.1 /shop.php/Goods/type.html?_search=false&nd=1504516784365&rows=10&page=1&sidx=id&sord=desc
INFO: [ app_init ] --START--
INFO: Run Behavior\BuildLiteBehavior [ RunTime:0.000000s ]
INFO: [ app_init ] --END-- [ RunTime:0.001000s ]
INFO: [ app_begin ] --START--
INFO: Run Behavior\ReadHtmlCacheBehavior [ RunTime:0.001000s ]
INFO: [ app_begin ] --END-- [ RunTime:0.001000s ]
SQL: SHOW COLUMNS FROM `wg_goods_type` [ RunTime:0.0110s ]
SQL: SELECT * FROM `wg_goods_type` WHERE `shopId` = 1 ORDER BY id desc LIMIT 0,10   [ RunTime:0.0000s ]
SQL: SELECT COUNT(*) AS tp_count FROM `wg_goods_type` WHERE `shopId` = 1 LIMIT 1   [ RunTime:0.0000s ]

[ 2017-09-04T17:19:54+08:00 ] 127.0.0.1 /index.php/Shop/Goods/addType
INFO: [ app_init ] --START--
INFO: Run Behavior\BuildLiteBehavior [ RunTime:0.000000s ]
INFO: [ app_init ] --END-- [ RunTime:0.000000s ]
INFO: [ app_begin ] --START--
INFO: Run Behavior\ReadHtmlCacheBehavior [ RunTime:0.001000s ]
INFO: [ app_begin ] --END-- [ RunTime:0.001000s ]
INFO: [ view_parse ] --START--
INFO: [ template_filter ] --START--
INFO: Run Behavior\ContentReplaceBehavior [ RunTime:0.000000s ]
INFO: [ template_filter ] --END-- [ RunTime:0.000000s ]
INFO: Run Behavior\ParseTemplateBehavior [ RunTime:0.013000s ]
INFO: [ view_parse ] --END-- [ RunTime:0.013000s ]
INFO: [ view_filter ] --START--
INFO: Run Behavior\WriteHtmlCacheBehavior [ RunTime:0.001001s ]
INFO: [ view_filter ] --END-- [ RunTime:0.001001s ]
INFO: [ app_end ] --START--
INFO: Run Behavior\ShowPageTraceBehavior [ RunTime:0.001000s ]
INFO: [ app_end ] --END-- [ RunTime:0.001000s ]

[ 2017-09-04T17:20:02+08:00 ] 127.0.0.1 /index.php/Shop/Goods/addType.html
INFO: [ app_init ] --START--
INFO: Run Behavior\BuildLiteBehavior [ RunTime:0.000000s ]
INFO: [ app_init ] --END-- [ RunTime:0.000000s ]
INFO: [ app_begin ] --START--
INFO: Run Behavior\ReadHtmlCacheBehavior [ RunTime:0.001000s ]
INFO: [ app_begin ] --END-- [ RunTime:0.001000s ]
SQL: SHOW COLUMNS FROM `wg_goods_type` [ RunTime:0.0070s ]
NOTIC: [8] Undefined index: validate D:\wamp\www\wllspace\php\wgshop\ThinkPHP\Library\Think\Model.class.php 第 1185 行.
SQL: SELECT `id` FROM `wg_goods_type` WHERE `name` = '鞋子' LIMIT 1   [ RunTime:0.0000s ]
NOTIC: [8] Undefined index: auto D:\wamp\www\wllspace\php\wgshop\ThinkPHP\Library\Think\Model.class.php 第 1128 行.
SQL: INSERT INTO `wg_goods_type` (`id`,`name`,`status`,`shopId`) VALUES ('0','鞋子','1','1') [ RunTime:0.0440s ]

[ 2017-09-04T17:20:04+08:00 ] 127.0.0.1 /index.php/Shop/Goods/addType
INFO: [ app_init ] --START--
INFO: Run Behavior\BuildLiteBehavior [ RunTime:0.000000s ]
INFO: [ app_init ] --END-- [ RunTime:0.001000s ]
INFO: [ app_begin ] --START--
INFO: Run Behavior\ReadHtmlCacheBehavior [ RunTime:0.001000s ]
INFO: [ app_begin ] --END-- [ RunTime:0.001000s ]
INFO: [ view_parse ] --START--
INFO: [ template_filter ] --START--
INFO: Run Behavior\ContentReplaceBehavior [ RunTime:0.000000s ]
INFO: [ template_filter ] --END-- [ RunTime:0.000000s ]
INFO: Run Behavior\ParseTemplateBehavior [ RunTime:0.010001s ]
INFO: [ view_parse ] --END-- [ RunTime:0.010001s ]
INFO: [ view_filter ] --START--
INFO: Run Behavior\WriteHtmlCacheBehavior [ RunTime:0.001000s ]
INFO: [ view_filter ] --END-- [ RunTime:0.001000s ]
INFO: [ app_end ] --START--
INFO: Run Behavior\ShowPageTraceBehavior [ RunTime:0.000000s ]
INFO: [ app_end ] --END-- [ RunTime:0.001000s ]

[ 2017-09-04T17:20:04+08:00 ] 127.0.0.1 /shop.php/Goods/type.html?_search=false&nd=1504516804861&rows=10&page=1&sidx=id&sord=desc
INFO: [ app_init ] --START--
INFO: Run Behavior\BuildLiteBehavior [ RunTime:0.000000s ]
INFO: [ app_init ] --END-- [ RunTime:0.001000s ]
INFO: [ app_begin ] --START--
INFO: Run Behavior\ReadHtmlCacheBehavior [ RunTime:0.001000s ]
INFO: [ app_begin ] --END-- [ RunTime:0.001000s ]
SQL: SHOW COLUMNS FROM `wg_goods_type` [ RunTime:0.0080s ]
SQL: SELECT * FROM `wg_goods_type` WHERE `shopId` = 1 ORDER BY id desc LIMIT 0,10   [ RunTime:0.0000s ]
SQL: SELECT COUNT(*) AS tp_count FROM `wg_goods_type` WHERE `shopId` = 1 LIMIT 1   [ RunTime:0.0010s ]

[ 2017-09-04T17:20:08+08:00 ] 127.0.0.1 /index.php/Shop/Goods/spec/tid/5
INFO: [ app_init ] --START--
INFO: Run Behavior\BuildLiteBehavior [ RunTime:0.000000s ]
INFO: [ app_init ] --END-- [ RunTime:0.001000s ]
INFO: [ app_begin ] --START--
INFO: Run Behavior\ReadHtmlCacheBehavior [ RunTime:0.002000s ]
INFO: [ app_begin ] --END-- [ RunTime:0.002000s ]
INFO: [ view_parse ] --START--
INFO: [ template_filter ] --START--
INFO: Run Behavior\ContentReplaceBehavior [ RunTime:0.001000s ]
INFO: [ template_filter ] --END-- [ RunTime:0.001000s ]
INFO: Run Behavior\ParseTemplateBehavior [ RunTime:0.011001s ]
INFO: [ view_parse ] --END-- [ RunTime:0.012001s ]
INFO: [ view_filter ] --START--
INFO: Run Behavior\WriteHtmlCacheBehavior [ RunTime:0.000000s ]
INFO: [ view_filter ] --END-- [ RunTime:0.000000s ]
INFO: [ app_end ] --START--
INFO: Run Behavior\ShowPageTraceBehavior [ RunTime:0.002000s ]
INFO: [ app_end ] --END-- [ RunTime:0.002000s ]

[ 2017-09-04T17:20:08+08:00 ] 127.0.0.1 /index.php/Shop/Goods/spec/tid/5.html?_search=false&nd=1504516808555&rows=10&page=1&sidx=sorts&sord=asc
INFO: [ app_init ] --START--
INFO: Run Behavior\BuildLiteBehavior [ RunTime:0.000000s ]
INFO: [ app_init ] --END-- [ RunTime:0.001000s ]
INFO: [ app_begin ] --START--
INFO: Run Behavior\ReadHtmlCacheBehavior [ RunTime:0.001000s ]
INFO: [ app_begin ] --END-- [ RunTime:0.001000s ]
SQL: SHOW COLUMNS FROM `wg_spec` [ RunTime:0.0070s ]
SQL: SELECT * FROM `wg_spec` WHERE `typeId` = 5 ORDER BY sorts asc LIMIT 0,10   [ RunTime:0.0000s ]
SQL: SELECT COUNT(*) AS tp_count FROM `wg_spec` WHERE `typeId` = 5 LIMIT 1   [ RunTime:0.0000s ]

[ 2017-09-04T17:20:12+08:00 ] 127.0.0.1 /shop.php/Goods/type.html?_search=false&nd=1504516812827&rows=10&page=1&sidx=id&sord=desc
INFO: [ app_init ] --START--
INFO: Run Behavior\BuildLiteBehavior [ RunTime:0.000000s ]
INFO: [ app_init ] --END-- [ RunTime:0.000000s ]
INFO: [ app_begin ] --START--
INFO: Run Behavior\ReadHtmlCacheBehavior [ RunTime:0.001000s ]
INFO: [ app_begin ] --END-- [ RunTime:0.001000s ]
SQL: SHOW COLUMNS FROM `wg_goods_type` [ RunTime:0.0080s ]
SQL: SELECT * FROM `wg_goods_type` WHERE `shopId` = 1 ORDER BY id desc LIMIT 0,10   [ RunTime:0.0010s ]
SQL: SELECT COUNT(*) AS tp_count FROM `wg_goods_type` WHERE `shopId` = 1 LIMIT 1   [ RunTime:0.0010s ]

[ 2017-09-04T17:20:14+08:00 ] 127.0.0.1 /index.php/Shop/Goods/spec/tid/4
INFO: [ app_init ] --START--
INFO: Run Behavior\BuildLiteBehavior [ RunTime:0.000000s ]
INFO: [ app_init ] --END-- [ RunTime:0.001000s ]
INFO: [ app_begin ] --START--
INFO: Run Behavior\ReadHtmlCacheBehavior [ RunTime:0.001000s ]
INFO: [ app_begin ] --END-- [ RunTime:0.001000s ]
INFO: [ view_parse ] --START--
INFO: [ template_filter ] --START--
INFO: Run Behavior\ContentReplaceBehavior [ RunTime:0.000000s ]
INFO: [ template_filter ] --END-- [ RunTime:0.001000s ]
INFO: Run Behavior\ParseTemplateBehavior [ RunTime:0.017001s ]
INFO: [ view_parse ] --END-- [ RunTime:0.017001s ]
INFO: [ view_filter ] --START--
INFO: Run Behavior\WriteHtmlCacheBehavior [ RunTime:0.001000s ]
INFO: [ view_filter ] --END-- [ RunTime:0.001000s ]
INFO: [ app_end ] --START--
INFO: Run Behavior\ShowPageTraceBehavior [ RunTime:0.001000s ]
INFO: [ app_end ] --END-- [ RunTime:0.001000s ]

[ 2017-09-04T17:20:14+08:00 ] 127.0.0.1 /index.php/Shop/Goods/spec/tid/4.html?_search=false&nd=1504516814115&rows=10&page=1&sidx=sorts&sord=asc
INFO: [ app_init ] --START--
INFO: Run Behavior\BuildLiteBehavior [ RunTime:0.000000s ]
INFO: [ app_init ] --END-- [ RunTime:0.001000s ]
INFO: [ app_begin ] --START--
INFO: Run Behavior\ReadHtmlCacheBehavior [ RunTime:0.000000s ]
INFO: [ app_begin ] --END-- [ RunTime:0.000000s ]
SQL: SHOW COLUMNS FROM `wg_spec` [ RunTime:0.0070s ]
SQL: SELECT * FROM `wg_spec` WHERE `typeId` = 4 ORDER BY sorts asc LIMIT 0,10   [ RunTime:0.0010s ]
SQL: SELECT COUNT(*) AS tp_count FROM `wg_spec` WHERE `typeId` = 4 LIMIT 1   [ RunTime:0.0010s ]

[ 2017-09-04T17:20:20+08:00 ] 127.0.0.1 /shop.php/Goods/type.html?_search=false&nd=1504516820468&rows=10&page=1&sidx=id&sord=desc
INFO: [ app_init ] --START--
INFO: Run Behavior\BuildLiteBehavior [ RunTime:0.000000s ]
INFO: [ app_init ] --END-- [ RunTime:0.001000s ]
INFO: [ app_begin ] --START--
INFO: Run Behavior\ReadHtmlCacheBehavior [ RunTime:0.001000s ]
INFO: [ app_begin ] --END-- [ RunTime:0.002000s ]
SQL: SHOW COLUMNS FROM `wg_goods_type` [ RunTime:0.0060s ]
SQL: SELECT * FROM `wg_goods_type` WHERE `shopId` = 1 ORDER BY id desc LIMIT 0,10   [ RunTime:0.0010s ]
SQL: SELECT COUNT(*) AS tp_count FROM `wg_goods_type` WHERE `shopId` = 1 LIMIT 1   [ RunTime:0.0000s ]

[ 2017-09-04T18:07:39+08:00 ] 127.0.0.1 /shop.php/Goods/index.html
INFO: [ app_init ] --START--
INFO: Run Behavior\BuildLiteBehavior [ RunTime:0.000000s ]
INFO: [ app_init ] --END-- [ RunTime:0.001000s ]
INFO: [ app_begin ] --START--
INFO: Run Behavior\ReadHtmlCacheBehavior [ RunTime:0.000000s ]
INFO: [ app_begin ] --END-- [ RunTime:0.000000s ]
INFO: [ view_parse ] --START--
INFO: [ template_filter ] --START--
INFO: Run Behavior\ContentReplaceBehavior [ RunTime:0.000000s ]
INFO: [ template_filter ] --END-- [ RunTime:0.000000s ]
NOTIC: [8] Undefined variable: specUrl D:\wamp\www\wllspace\php\wgshop\Runtime\Cache\Shop\0f4f888bddbf74c8c370ab728682c0d9.php 第 184 行.
INFO: Run Behavior\ParseTemplateBehavior [ RunTime:0.009001s ]
INFO: [ view_parse ] --END-- [ RunTime:0.009001s ]
INFO: [ view_filter ] --START--
INFO: Run Behavior\WriteHtmlCacheBehavior [ RunTime:0.001000s ]
INFO: [ view_filter ] --END-- [ RunTime:0.001000s ]
INFO: [ app_end ] --START--
INFO: Run Behavior\ShowPageTraceBehavior [ RunTime:0.001000s ]
INFO: [ app_end ] --END-- [ RunTime:0.001000s ]

[ 2017-09-04T18:07:39+08:00 ] 127.0.0.1 /shop.php/Goods/index.html?_search=false&nd=1504519659704&rows=10&page=1&sidx=id&sord=desc
INFO: [ app_init ] --START--
INFO: Run Behavior\BuildLiteBehavior [ RunTime:0.000000s ]
INFO: [ app_init ] --END-- [ RunTime:0.001000s ]
INFO: [ app_begin ] --START--
INFO: Run Behavior\ReadHtmlCacheBehavior [ RunTime:0.001000s ]
INFO: [ app_begin ] --END-- [ RunTime:0.001000s ]
SQL: SHOW COLUMNS FROM `wg_goods` [ RunTime:0.0080s ]
SQL: SELECT * FROM `wg_goods` WHERE `shopId` = 1 ORDER BY id desc LIMIT 0,10   [ RunTime:0.0000s ]
SQL: SELECT COUNT(*) AS tp_count FROM `wg_goods` WHERE `shopId` = 1 LIMIT 1   [ RunTime:0.0000s ]

[ 2017-09-04T18:10:18+08:00 ] 127.0.0.1 /shop.php/Goods/index.html
INFO: [ app_init ] --START--
INFO: Run Behavior\BuildLiteBehavior [ RunTime:0.000000s ]
INFO: [ app_init ] --END-- [ RunTime:0.000000s ]
INFO: [ app_begin ] --START--
INFO: Run Behavior\ReadHtmlCacheBehavior [ RunTime:0.001000s ]
INFO: [ app_begin ] --END-- [ RunTime:0.001000s ]
INFO: [ view_parse ] --START--
INFO: [ template_filter ] --START--
INFO: Run Behavior\ContentReplaceBehavior [ RunTime:0.000000s ]
INFO: [ template_filter ] --END-- [ RunTime:0.000000s ]
NOTIC: [8] Undefined variable: specUrl D:\wamp\www\wllspace\php\wgshop\Runtime\Cache\Shop\0f4f888bddbf74c8c370ab728682c0d9.php 第 193 行.
INFO: Run Behavior\ParseTemplateBehavior [ RunTime:0.011001s ]
INFO: [ view_parse ] --END-- [ RunTime:0.011001s ]
INFO: [ view_filter ] --START--
INFO: Run Behavior\WriteHtmlCacheBehavior [ RunTime:0.000000s ]
INFO: [ view_filter ] --END-- [ RunTime:0.001000s ]
INFO: [ app_end ] --START--
INFO: Run Behavior\ShowPageTraceBehavior [ RunTime:0.002000s ]
INFO: [ app_end ] --END-- [ RunTime:0.002000s ]

[ 2017-09-04T18:10:19+08:00 ] 127.0.0.1 /shop.php/Goods/index.html?_search=false&nd=1504519819047&rows=10&page=1&sidx=id&sord=desc
INFO: [ app_init ] --START--
INFO: Run Behavior\BuildLiteBehavior [ RunTime:0.000000s ]
INFO: [ app_init ] --END-- [ RunTime:0.000000s ]
INFO: [ app_begin ] --START--
INFO: Run Behavior\ReadHtmlCacheBehavior [ RunTime:0.000000s ]
INFO: [ app_begin ] --END-- [ RunTime:0.000000s ]
SQL: SHOW COLUMNS FROM `wg_goods` [ RunTime:0.0090s ]
SQL: SELECT * FROM `wg_goods` WHERE `shopId` = 1 ORDER BY id desc LIMIT 0,10   [ RunTime:0.0010s ]
SQL: SELECT COUNT(*) AS tp_count FROM `wg_goods` WHERE `shopId` = 1 LIMIT 1   [ RunTime:0.0000s ]

[ 2017-09-04T18:10:29+08:00 ] 127.0.0.1 /shop.php/Goods/index.html?_search=false&nd=1504519829497&rows=10&page=1&sidx=sorts&sord=asc
INFO: [ app_init ] --START--
INFO: Run Behavior\BuildLiteBehavior [ RunTime:0.000000s ]
INFO: [ app_init ] --END-- [ RunTime:0.000000s ]
INFO: [ app_begin ] --START--
INFO: Run Behavior\ReadHtmlCacheBehavior [ RunTime:0.001000s ]
INFO: [ app_begin ] --END-- [ RunTime:0.001000s ]
SQL: SHOW COLUMNS FROM `wg_goods` [ RunTime:0.0050s ]
SQL: SELECT * FROM `wg_goods` WHERE `shopId` = 1 ORDER BY sorts asc LIMIT 0,10   [ RunTime:0.0000s ]
SQL: SELECT COUNT(*) AS tp_count FROM `wg_goods` WHERE `shopId` = 1 LIMIT 1   [ RunTime:0.0000s ]

[ 2017-09-04T18:10:30+08:00 ] 127.0.0.1 /shop.php/Goods/index.html?_search=false&nd=1504519830065&rows=10&page=1&sidx=stock&sord=asc
INFO: [ app_init ] --START--
INFO: Run Behavior\BuildLiteBehavior [ RunTime:0.000000s ]
INFO: [ app_init ] --END-- [ RunTime:0.001000s ]
INFO: [ app_begin ] --START--
INFO: Run Behavior\ReadHtmlCacheBehavior [ RunTime:0.000000s ]
INFO: [ app_begin ] --END-- [ RunTime:0.001000s ]
SQL: SHOW COLUMNS FROM `wg_goods` [ RunTime:0.0070s ]
SQL: SELECT * FROM `wg_goods` WHERE `shopId` = 1 ORDER BY stock asc LIMIT 0,10   [ RunTime:0.0010s ]
SQL: SELECT COUNT(*) AS tp_count FROM `wg_goods` WHERE `shopId` = 1 LIMIT 1   [ RunTime:0.0010s ]

[ 2017-09-04T18:10:37+08:00 ] 127.0.0.1 /index.php/Shop/Goods/addGoods
INFO: [ app_init ] --START--
INFO: Run Behavior\BuildLiteBehavior [ RunTime:0.000000s ]
INFO: [ app_init ] --END-- [ RunTime:0.001000s ]
INFO: [ app_begin ] --START--
INFO: Run Behavior\ReadHtmlCacheBehavior [ RunTime:0.001000s ]
INFO: [ app_begin ] --END-- [ RunTime:0.002000s ]
ERR: 模板不存在:./Application/Shop/View/Goods/addGoods.html

[ 2017-09-04T18:10:40+08:00 ] 127.0.0.1 /shop.php/Goods/index.html?_search=false&nd=1504519840335&rows=10&page=1&sidx=stock&sord=asc
INFO: [ app_init ] --START--
INFO: Run Behavior\BuildLiteBehavior [ RunTime:0.000000s ]
INFO: [ app_init ] --END-- [ RunTime:0.001000s ]
INFO: [ app_begin ] --START--
INFO: Run Behavior\ReadHtmlCacheBehavior [ RunTime:0.001000s ]
INFO: [ app_begin ] --END-- [ RunTime:0.001000s ]
SQL: SHOW COLUMNS FROM `wg_goods` [ RunTime:0.0060s ]
SQL: SELECT * FROM `wg_goods` WHERE `shopId` = 1 ORDER BY stock asc LIMIT 0,10   [ RunTime:0.0000s ]
SQL: SELECT COUNT(*) AS tp_count FROM `wg_goods` WHERE `shopId` = 1 LIMIT 1   [ RunTime:0.0010s ]

[ 2017-09-04T18:11:44+08:00 ] 127.0.0.1 /shop.php/Goods/index.html
INFO: [ app_init ] --START--
INFO: Run Behavior\BuildLiteBehavior [ RunTime:0.000000s ]
INFO: [ app_init ] --END-- [ RunTime:0.000000s ]
INFO: [ app_begin ] --START--
INFO: Run Behavior\ReadHtmlCacheBehavior [ RunTime:0.001001s ]
INFO: [ app_begin ] --END-- [ RunTime:0.001001s ]
INFO: [ view_parse ] --START--
INFO: [ template_filter ] --START--
INFO: Run Behavior\ContentReplaceBehavior [ RunTime:0.001000s ]
INFO: [ template_filter ] --END-- [ RunTime:0.001000s ]
NOTIC: [8] Undefined variable: specUrl D:\wamp\www\wllspace\php\wgshop\Runtime\Cache\Shop\0f4f888bddbf74c8c370ab728682c0d9.php 第 197 行.
INFO: Run Behavior\ParseTemplateBehavior [ RunTime:0.009000s ]
INFO: [ view_parse ] --END-- [ RunTime:0.009000s ]
INFO: [ view_filter ] --START--
INFO: Run Behavior\WriteHtmlCacheBehavior [ RunTime:0.000000s ]
INFO: [ view_filter ] --END-- [ RunTime:0.000000s ]
INFO: [ app_end ] --START--
INFO: Run Behavior\ShowPageTraceBehavior [ RunTime:0.000000s ]
INFO: [ app_end ] --END-- [ RunTime:0.001000s ]

[ 2017-09-04T18:11:45+08:00 ] 127.0.0.1 /shop.php/Goods/index.html?_search=false&nd=1504519904979&rows=10&page=1&sidx=id&sord=desc
INFO: [ app_init ] --START--
INFO: Run Behavior\BuildLiteBehavior [ RunTime:0.001000s ]
INFO: [ app_init ] --END-- [ RunTime:0.001000s ]
INFO: [ app_begin ] --START--
INFO: Run Behavior\ReadHtmlCacheBehavior [ RunTime:0.001000s ]
INFO: [ app_begin ] --END-- [ RunTime:0.001000s ]
SQL: SHOW COLUMNS FROM `wg_goods` [ RunTime:0.0070s ]
SQL: SELECT * FROM `wg_goods` WHERE `shopId` = 1 ORDER BY id desc LIMIT 0,10   [ RunTime:0.0000s ]
SQL: SELECT COUNT(*) AS tp_count FROM `wg_goods` WHERE `shopId` = 1 LIMIT 1   [ RunTime:0.0000s ]

[ 2017-09-04T18:12:35+08:00 ] 127.0.0.1 /shop.php
INFO: [ app_init ] --START--
INFO: Run Behavior\BuildLiteBehavior [ RunTime:0.000000s ]
INFO: [ app_init ] --END-- [ RunTime:0.000000s ]
INFO: [ app_begin ] --START--
INFO: Run Behavior\ReadHtmlCacheBehavior [ RunTime:0.001000s ]
INFO: [ app_begin ] --END-- [ RunTime:0.001000s ]
NOTIC: [8] Undefined index: shop_admin D:\wamp\www\wllspace\php\wgshop\Application\Shop\Controller\IndexController.class.php 第 10 行.
INFO: [ view_parse ] --START--
INFO: [ template_filter ] --START--
INFO: Run Behavior\ContentReplaceBehavior [ RunTime:0.000000s ]
INFO: [ template_filter ] --END-- [ RunTime:0.000000s ]
NOTIC: [8] Undefined variable: rolename D:\wamp\www\wllspace\php\wgshop\Runtime\Cache\Shop\351e9ce800c2e5a2a49b1b70e37b7e59.php 第 61 行.
INFO: Run Behavior\ParseTemplateBehavior [ RunTime:0.012000s ]
INFO: [ view_parse ] --END-- [ RunTime:0.013000s ]
INFO: [ view_filter ] --START--
INFO: Run Behavior\WriteHtmlCacheBehavior [ RunTime:0.000000s ]
INFO: [ view_filter ] --END-- [ RunTime:0.001000s ]
INFO: [ app_end ] --START--
INFO: Run Behavior\ShowPageTraceBehavior [ RunTime:0.001001s ]
INFO: [ app_end ] --END-- [ RunTime:0.001001s ]

[ 2017-09-04T18:12:35+08:00 ] 127.0.0.1 /shop.php/Index/defaultIndex.html
INFO: [ app_init ] --START--
INFO: Run Behavior\BuildLiteBehavior [ RunTime:0.000000s ]
INFO: [ app_init ] --END-- [ RunTime:0.000000s ]
INFO: [ app_begin ] --START--
INFO: Run Behavior\ReadHtmlCacheBehavior [ RunTime:0.001000s ]
INFO: [ app_begin ] --END-- [ RunTime:0.001000s ]
INFO: [ view_parse ] --START--
INFO: [ template_filter ] --START--
INFO: Run Behavior\ContentReplaceBehavior [ RunTime:0.000000s ]
INFO: [ template_filter ] --END-- [ RunTime:0.000000s ]
NOTIC: [8] Undefined variable: order_num D:\wamp\www\wllspace\php\wgshop\Runtime\Cache\Shop\6005088cbc2a44a74243b86ff1102723.php 第 70 行.
NOTIC: [8] Undefined variable: user_num D:\wamp\www\wllspace\php\wgshop\Runtime\Cache\Shop\6005088cbc2a44a74243b86ff1102723.php 第 83 行.
NOTIC: [8] Undefined variable: active_user D:\wamp\www\wllspace\php\wgshop\Runtime\Cache\Shop\6005088cbc2a44a74243b86ff1102723.php 第 96 行.
NOTIC: [8] Undefined variable: bl D:\wamp\www\wllspace\php\wgshop\Runtime\Cache\Shop\6005088cbc2a44a74243b86ff1102723.php 第 97 行.
NOTIC: [8] Undefined variable: message D:\wamp\www\wllspace\php\wgshop\Runtime\Cache\Shop\6005088cbc2a44a74243b86ff1102723.php 第 182 行.
NOTIC: [8] Undefined variable: recharge D:\wamp\www\wllspace\php\wgshop\Runtime\Cache\Shop\6005088cbc2a44a74243b86ff1102723.php 第 224 行.
NOTIC: [8] Undefined variable: log D:\wamp\www\wllspace\php\wgshop\Runtime\Cache\Shop\6005088cbc2a44a74243b86ff1102723.php 第 254 行.
NOTIC: [8] Undefined variable: date D:\wamp\www\wllspace\php\wgshop\Runtime\Cache\Shop\6005088cbc2a44a74243b86ff1102723.php 第 295 行.
NOTIC: [8] Undefined variable: arr D:\wamp\www\wllspace\php\wgshop\Runtime\Cache\Shop\6005088cbc2a44a74243b86ff1102723.php 第 297 行.
NOTIC: [8] Undefined variable: money D:\wamp\www\wllspace\php\wgshop\Runtime\Cache\Shop\6005088cbc2a44a74243b86ff1102723.php 第 297 行.
NOTIC: [8] Undefined variable: year D:\wamp\www\wllspace\php\wgshop\Runtime\Cache\Shop\6005088cbc2a44a74243b86ff1102723.php 第 300 行.
NOTIC: [8] Undefined variable: month D:\wamp\www\wllspace\php\wgshop\Runtime\Cache\Shop\6005088cbc2a44a74243b86ff1102723.php 第 300 行.
NOTIC: [8] Undefined variable: year D:\wamp\www\wllspace\php\wgshop\Runtime\Cache\Shop\6005088cbc2a44a74243b86ff1102723.php 第 305 行.
NOTIC: [8] Undefined variable: month D:\wamp\www\wllspace\php\wgshop\Runtime\Cache\Shop\6005088cbc2a44a74243b86ff1102723.php 第 305 行.
INFO: Run Behavior\ParseTemplateBehavior [ RunTime:0.027002s ]
INFO: [ view_parse ] --END-- [ RunTime:0.027002s ]
INFO: [ view_filter ] --START--
INFO: Run Behavior\WriteHtmlCacheBehavior [ RunTime:0.001000s ]
INFO: [ view_filter ] --END-- [ RunTime:0.001000s ]
INFO: [ app_end ] --START--
INFO: Run Behavior\ShowPageTraceBehavior [ RunTime:0.001000s ]
INFO: [ app_end ] --END-- [ RunTime:0.002000s ]

[ 2017-09-04T18:12:46+08:00 ] 127.0.0.1 /shop.php/Login/logout.html
INFO: [ app_init ] --START--
INFO: Run Behavior\BuildLiteBehavior [ RunTime:0.000000s ]
INFO: [ app_init ] --END-- [ RunTime:0.001001s ]
INFO: [ app_begin ] --START--
INFO: Run Behavior\ReadHtmlCacheBehavior [ RunTime:0.001000s ]
INFO: [ app_begin ] --END-- [ RunTime:0.001000s ]

[ 2017-09-04T18:12:46+08:00 ] 127.0.0.1 /shop.php/Login/index.html
INFO: [ app_init ] --START--
INFO: Run Behavior\BuildLiteBehavior [ RunTime:0.000000s ]
INFO: [ app_init ] --END-- [ RunTime:0.000000s ]
INFO: [ app_begin ] --START--
INFO: Run Behavior\ReadHtmlCacheBehavior [ RunTime:0.001000s ]
INFO: [ app_begin ] --END-- [ RunTime:0.001000s ]
INFO: [ view_parse ] --START--
INFO: [ template_filter ] --START--
INFO: Run Behavior\ContentReplaceBehavior [ RunTime:0.000000s ]
INFO: [ template_filter ] --END-- [ RunTime:0.000000s ]
INFO: Run Behavior\ParseTemplateBehavior [ RunTime:0.008000s ]
INFO: [ view_parse ] --END-- [ RunTime:0.008000s ]
INFO: [ view_filter ] --START--
INFO: Run Behavior\WriteHtmlCacheBehavior [ RunTime:0.001000s ]
INFO: [ view_filter ] --END-- [ RunTime:0.001000s ]
INFO: [ app_end ] --START--
INFO: Run Behavior\ShowPageTraceBehavior [ RunTime:0.001000s ]
INFO: [ app_end ] --END-- [ RunTime:0.001000s ]

[ 2017-09-04T18:12:58+08:00 ] 127.0.0.1 /shop.php/Login/loginAuth.html
INFO: [ app_init ] --START--
INFO: Run Behavior\BuildLiteBehavior [ RunTime:0.000000s ]
INFO: [ app_init ] --END-- [ RunTime:0.000000s ]
INFO: [ app_begin ] --START--
INFO: Run Behavior\ReadHtmlCacheBehavior [ RunTime:0.001000s ]
INFO: [ app_begin ] --END-- [ RunTime:0.001000s ]
SQL: SHOW COLUMNS FROM `wg_shop` [ RunTime:0.0070s ]
SQL: SELECT * FROM `wg_shop` WHERE `username` = 'shop1' LIMIT 1   [ RunTime:0.0010s ]

[ 2017-09-04T18:13:08+08:00 ] 127.0.0.1 /shop.php/Login/loginAuth.html
INFO: [ app_init ] --START--
INFO: Run Behavior\BuildLiteBehavior [ RunTime:0.000000s ]
INFO: [ app_init ] --END-- [ RunTime:0.001000s ]
INFO: [ app_begin ] --START--
INFO: Run Behavior\ReadHtmlCacheBehavior [ RunTime:0.001000s ]
INFO: [ app_begin ] --END-- [ RunTime:0.001000s ]
SQL: SHOW COLUMNS FROM `wg_shop` [ RunTime:0.0070s ]
SQL: SELECT * FROM `wg_shop` WHERE `username` = 'shop2' LIMIT 1   [ RunTime:0.0010s ]

[ 2017-09-04T18:13:08+08:00 ] 127.0.0.1 /shop.php/Index/index.html
INFO: [ app_init ] --START--
INFO: Run Behavior\BuildLiteBehavior [ RunTime:0.000000s ]
INFO: [ app_init ] --END-- [ RunTime:0.000000s ]
INFO: [ app_begin ] --START--
INFO: Run Behavior\ReadHtmlCacheBehavior [ RunTime:0.000000s ]
INFO: [ app_begin ] --END-- [ RunTime:0.000000s ]
INFO: [ view_parse ] --START--
INFO: [ template_filter ] --START--
INFO: Run Behavior\ContentReplaceBehavior [ RunTime:0.000000s ]
INFO: [ template_filter ] --END-- [ RunTime:0.000000s ]
NOTIC: [8] Undefined variable: rolename D:\wamp\www\wllspace\php\wgshop\Runtime\Cache\Shop\351e9ce800c2e5a2a49b1b70e37b7e59.php 第 61 行.
INFO: Run Behavior\ParseTemplateBehavior [ RunTime:0.014000s ]
INFO: [ view_parse ] --END-- [ RunTime:0.014000s ]
INFO: [ view_filter ] --START--
INFO: Run Behavior\WriteHtmlCacheBehavior [ RunTime:0.001000s ]
INFO: [ view_filter ] --END-- [ RunTime:0.001000s ]
INFO: [ app_end ] --START--
INFO: Run Behavior\ShowPageTraceBehavior [ RunTime:0.001000s ]
INFO: [ app_end ] --END-- [ RunTime:0.001000s ]

[ 2017-09-04T18:13:08+08:00 ] 127.0.0.1 /shop.php/Index/defaultIndex.html
INFO: [ app_init ] --START--
INFO: Run Behavior\BuildLiteBehavior [ RunTime:0.000000s ]
INFO: [ app_init ] --END-- [ RunTime:0.001000s ]
INFO: [ app_begin ] --START--
INFO: Run Behavior\ReadHtmlCacheBehavior [ RunTime:0.001000s ]
INFO: [ app_begin ] --END-- [ RunTime:0.001000s ]
INFO: [ view_parse ] --START--
INFO: [ template_filter ] --START--
INFO: Run Behavior\ContentReplaceBehavior [ RunTime:0.000000s ]
INFO: [ template_filter ] --END-- [ RunTime:0.001000s ]
NOTIC: [8] Undefined variable: order_num D:\wamp\www\wllspace\php\wgshop\Runtime\Cache\Shop\6005088cbc2a44a74243b86ff1102723.php 第 70 行.
NOTIC: [8] Undefined variable: user_num D:\wamp\www\wllspace\php\wgshop\Runtime\Cache\Shop\6005088cbc2a44a74243b86ff1102723.php 第 83 行.
NOTIC: [8] Undefined variable: active_user D:\wamp\www\wllspace\php\wgshop\Runtime\Cache\Shop\6005088cbc2a44a74243b86ff1102723.php 第 96 行.
NOTIC: [8] Undefined variable: bl D:\wamp\www\wllspace\php\wgshop\Runtime\Cache\Shop\6005088cbc2a44a74243b86ff1102723.php 第 97 行.
NOTIC: [8] Undefined variable: message D:\wamp\www\wllspace\php\wgshop\Runtime\Cache\Shop\6005088cbc2a44a74243b86ff1102723.php 第 182 行.
NOTIC: [8] Undefined variable: recharge D:\wamp\www\wllspace\php\wgshop\Runtime\Cache\Shop\6005088cbc2a44a74243b86ff1102723.php 第 224 行.
NOTIC: [8] Undefined variable: log D:\wamp\www\wllspace\php\wgshop\Runtime\Cache\Shop\6005088cbc2a44a74243b86ff1102723.php 第 254 行.
NOTIC: [8] Undefined variable: date D:\wamp\www\wllspace\php\wgshop\Runtime\Cache\Shop\6005088cbc2a44a74243b86ff1102723.php 第 295 行.
NOTIC: [8] Undefined variable: arr D:\wamp\www\wllspace\php\wgshop\Runtime\Cache\Shop\6005088cbc2a44a74243b86ff1102723.php 第 297 行.
NOTIC: [8] Undefined variable: money D:\wamp\www\wllspace\php\wgshop\Runtime\Cache\Shop\6005088cbc2a44a74243b86ff1102723.php 第 297 行.
NOTIC: [8] Undefined variable: year D:\wamp\www\wllspace\php\wgshop\Runtime\Cache\Shop\6005088cbc2a44a74243b86ff1102723.php 第 300 行.
NOTIC: [8] Undefined variable: month D:\wamp\www\wllspace\php\wgshop\Runtime\Cache\Shop\6005088cbc2a44a74243b86ff1102723.php 第 300 行.
NOTIC: [8] Undefined variable: year D:\wamp\www\wllspace\php\wgshop\Runtime\Cache\Shop\6005088cbc2a44a74243b86ff1102723.php 第 305 行.
NOTIC: [8] Undefined variable: month D:\wamp\www\wllspace\php\wgshop\Runtime\Cache\Shop\6005088cbc2a44a74243b86ff1102723.php 第 305 行.
INFO: Run Behavior\ParseTemplateBehavior [ RunTime:0.026002s ]
INFO: [ view_parse ] --END-- [ RunTime:0.027002s ]
INFO: [ view_filter ] --START--
INFO: Run Behavior\WriteHtmlCacheBehavior [ RunTime:0.001000s ]
INFO: [ view_filter ] --END-- [ RunTime:0.001000s ]
INFO: [ app_end ] --START--
INFO: Run Behavior\ShowPageTraceBehavior [ RunTime:0.001000s ]
INFO: [ app_end ] --END-- [ RunTime:0.001000s ]

[ 2017-09-04T18:14:24+08:00 ] 127.0.0.1 /shop.php/Index/index.html
INFO: [ app_init ] --START--
INFO: Run Behavior\BuildLiteBehavior [ RunTime:0.000000s ]
INFO: [ app_init ] --END-- [ RunTime:0.000000s ]
INFO: [ app_begin ] --START--
INFO: Run Behavior\ReadHtmlCacheBehavior [ RunTime:0.000000s ]
INFO: [ app_begin ] --END-- [ RunTime:0.001000s ]
INFO: [ view_parse ] --START--
INFO: [ template_filter ] --START--
INFO: Run Behavior\ContentReplaceBehavior [ RunTime:0.000000s ]
INFO: [ template_filter ] --END-- [ RunTime:0.000000s ]
INFO: Run Behavior\ParseTemplateBehavior [ RunTime:0.012001s ]
INFO: [ view_parse ] --END-- [ RunTime:0.013001s ]
INFO: [ view_filter ] --START--
INFO: Run Behavior\WriteHtmlCacheBehavior [ RunTime:0.000000s ]
INFO: [ view_filter ] --END-- [ RunTime:0.001000s ]
INFO: [ app_end ] --START--
INFO: Run Behavior\ShowPageTraceBehavior [ RunTime:0.001000s ]
INFO: [ app_end ] --END-- [ RunTime:0.001000s ]

[ 2017-09-04T18:14:24+08:00 ] 127.0.0.1 /shop.php/Index/defaultIndex.html
INFO: [ app_init ] --START--
INFO: Run Behavior\BuildLiteBehavior [ RunTime:0.000000s ]
INFO: [ app_init ] --END-- [ RunTime:0.001000s ]
INFO: [ app_begin ] --START--
INFO: Run Behavior\ReadHtmlCacheBehavior [ RunTime:0.001000s ]
INFO: [ app_begin ] --END-- [ RunTime:0.001000s ]
INFO: [ view_parse ] --START--
INFO: [ template_filter ] --START--
INFO: Run Behavior\ContentReplaceBehavior [ RunTime:0.000000s ]
INFO: [ template_filter ] --END-- [ RunTime:0.000000s ]
NOTIC: [8] Undefined variable: order_num D:\wamp\www\wllspace\php\wgshop\Runtime\Cache\Shop\6005088cbc2a44a74243b86ff1102723.php 第 70 行.
NOTIC: [8] Undefined variable: user_num D:\wamp\www\wllspace\php\wgshop\Runtime\Cache\Shop\6005088cbc2a44a74243b86ff1102723.php 第 83 行.
NOTIC: [8] Undefined variable: active_user D:\wamp\www\wllspace\php\wgshop\Runtime\Cache\Shop\6005088cbc2a44a74243b86ff1102723.php 第 96 行.
NOTIC: [8] Undefined variable: bl D:\wamp\www\wllspace\php\wgshop\Runtime\Cache\Shop\6005088cbc2a44a74243b86ff1102723.php 第 97 行.
NOTIC: [8] Undefined variable: message D:\wamp\www\wllspace\php\wgshop\Runtime\Cache\Shop\6005088cbc2a44a74243b86ff1102723.php 第 182 行.
NOTIC: [8] Undefined variable: recharge D:\wamp\www\wllspace\php\wgshop\Runtime\Cache\Shop\6005088cbc2a44a74243b86ff1102723.php 第 224 行.
NOTIC: [8] Undefined variable: log D:\wamp\www\wllspace\php\wgshop\Runtime\Cache\Shop\6005088cbc2a44a74243b86ff1102723.php 第 254 行.
NOTIC: [8] Undefined variable: date D:\wamp\www\wllspace\php\wgshop\Runtime\Cache\Shop\6005088cbc2a44a74243b86ff1102723.php 第 295 行.
NOTIC: [8] Undefined variable: arr D:\wamp\www\wllspace\php\wgshop\Runtime\Cache\Shop\6005088cbc2a44a74243b86ff1102723.php 第 297 行.
NOTIC: [8] Undefined variable: money D:\wamp\www\wllspace\php\wgshop\Runtime\Cache\Shop\6005088cbc2a44a74243b86ff1102723.php 第 297 行.
NOTIC: [8] Undefined variable: year D:\wamp\www\wllspace\php\wgshop\Runtime\Cache\Shop\6005088cbc2a44a74243b86ff1102723.php 第 300 行.
NOTIC: [8] Undefined variable: month D:\wamp\www\wllspace\php\wgshop\Runtime\Cache\Shop\6005088cbc2a44a74243b86ff1102723.php 第 300 行.
NOTIC: [8] Undefined variable: year D:\wamp\www\wllspace\php\wgshop\Runtime\Cache\Shop\6005088cbc2a44a74243b86ff1102723.php 第 305 行.
NOTIC: [8] Undefined variable: month D:\wamp\www\wllspace\php\wgshop\Runtime\Cache\Shop\6005088cbc2a44a74243b86ff1102723.php 第 305 行.
INFO: Run Behavior\ParseTemplateBehavior [ RunTime:0.035002s ]
INFO: [ view_parse ] --END-- [ RunTime:0.035002s ]
INFO: [ view_filter ] --START--
INFO: Run Behavior\WriteHtmlCacheBehavior [ RunTime:0.001000s ]
INFO: [ view_filter ] --END-- [ RunTime:0.001000s ]
INFO: [ app_end ] --START--
INFO: Run Behavior\ShowPageTraceBehavior [ RunTime:0.001000s ]
INFO: [ app_end ] --END-- [ RunTime:0.002001s ]

[ 2017-09-04T18:15:11+08:00 ] 127.0.0.1 /shop.php/Index/index.html
INFO: [ app_init ] --START--
INFO: Run Behavior\BuildLiteBehavior [ RunTime:0.000000s ]
INFO: [ app_init ] --END-- [ RunTime:0.001000s ]
INFO: [ app_begin ] --START--
INFO: Run Behavior\ReadHtmlCacheBehavior [ RunTime:0.001000s ]
INFO: [ app_begin ] --END-- [ RunTime:0.001000s ]
INFO: [ view_parse ] --START--
INFO: [ template_filter ] --START--
INFO: Run Behavior\ContentReplaceBehavior [ RunTime:0.000000s ]
INFO: [ template_filter ] --END-- [ RunTime:0.000000s ]
INFO: Run Behavior\ParseTemplateBehavior [ RunTime:0.012001s ]
INFO: [ view_parse ] --END-- [ RunTime:0.012001s ]
INFO: [ view_filter ] --START--
INFO: Run Behavior\WriteHtmlCacheBehavior [ RunTime:0.000000s ]
INFO: [ view_filter ] --END-- [ RunTime:0.000000s ]
INFO: [ app_end ] --START--
INFO: Run Behavior\ShowPageTraceBehavior [ RunTime:0.000000s ]
INFO: [ app_end ] --END-- [ RunTime:0.001000s ]

[ 2017-09-04T18:15:12+08:00 ] 127.0.0.1 /shop.php/Index/defaultIndex.html
INFO: [ app_init ] --START--
INFO: Run Behavior\BuildLiteBehavior [ RunTime:0.000000s ]
INFO: [ app_init ] --END-- [ RunTime:0.001000s ]
INFO: [ app_begin ] --START--
INFO: Run Behavior\ReadHtmlCacheBehavior [ RunTime:0.001000s ]
INFO: [ app_begin ] --END-- [ RunTime:0.001000s ]
INFO: [ view_parse ] --START--
INFO: [ template_filter ] --START--
INFO: Run Behavior\ContentReplaceBehavior [ RunTime:0.000000s ]
INFO: [ template_filter ] --END-- [ RunTime:0.001000s ]
NOTIC: [8] Undefined variable: order_num D:\wamp\www\wllspace\php\wgshop\Runtime\Cache\Shop\6005088cbc2a44a74243b86ff1102723.php 第 70 行.
NOTIC: [8] Undefined variable: user_num D:\wamp\www\wllspace\php\wgshop\Runtime\Cache\Shop\6005088cbc2a44a74243b86ff1102723.php 第 83 行.
NOTIC: [8] Undefined variable: active_user D:\wamp\www\wllspace\php\wgshop\Runtime\Cache\Shop\6005088cbc2a44a74243b86ff1102723.php 第 96 行.
NOTIC: [8] Undefined variable: bl D:\wamp\www\wllspace\php\wgshop\Runtime\Cache\Shop\6005088cbc2a44a74243b86ff1102723.php 第 97 行.
NOTIC: [8] Undefined variable: message D:\wamp\www\wllspace\php\wgshop\Runtime\Cache\Shop\6005088cbc2a44a74243b86ff1102723.php 第 182 行.
NOTIC: [8] Undefined variable: recharge D:\wamp\www\wllspace\php\wgshop\Runtime\Cache\Shop\6005088cbc2a44a74243b86ff1102723.php 第 224 行.
NOTIC: [8] Undefined variable: log D:\wamp\www\wllspace\php\wgshop\Runtime\Cache\Shop\6005088cbc2a44a74243b86ff1102723.php 第 254 行.
NOTIC: [8] Undefined variable: date D:\wamp\www\wllspace\php\wgshop\Runtime\Cache\Shop\6005088cbc2a44a74243b86ff1102723.php 第 295 行.
NOTIC: [8] Undefined variable: arr D:\wamp\www\wllspace\php\wgshop\Runtime\Cache\Shop\6005088cbc2a44a74243b86ff1102723.php 第 297 行.
NOTIC: [8] Undefined variable: money D:\wamp\www\wllspace\php\wgshop\Runtime\Cache\Shop\6005088cbc2a44a74243b86ff1102723.php 第 297 行.
NOTIC: [8] Undefined variable: year D:\wamp\www\wllspace\php\wgshop\Runtime\Cache\Shop\6005088cbc2a44a74243b86ff1102723.php 第 300 行.
NOTIC: [8] Undefined variable: month D:\wamp\www\wllspace\php\wgshop\Runtime\Cache\Shop\6005088cbc2a44a74243b86ff1102723.php 第 300 行.
NOTIC: [8] Undefined variable: year D:\wamp\www\wllspace\php\wgshop\Runtime\Cache\Shop\6005088cbc2a44a74243b86ff1102723.php 第 305 行.
NOTIC: [8] Undefined variable: month D:\wamp\www\wllspace\php\wgshop\Runtime\Cache\Shop\6005088cbc2a44a74243b86ff1102723.php 第 305 行.
INFO: Run Behavior\ParseTemplateBehavior [ RunTime:0.035002s ]
INFO: [ view_parse ] --END-- [ RunTime:0.035002s ]
INFO: [ view_filter ] --START--
INFO: Run Behavior\WriteHtmlCacheBehavior [ RunTime:0.001000s ]
INFO: [ view_filter ] --END-- [ RunTime:0.001000s ]
INFO: [ app_end ] --START--
INFO: Run Behavior\ShowPageTraceBehavior [ RunTime:0.002000s ]
INFO: [ app_end ] --END-- [ RunTime:0.003000s ]

[ 2017-09-04T18:15:22+08:00 ] 127.0.0.1 /shop.php/Goods/type.html
INFO: [ app_init ] --START--
INFO: Run Behavior\BuildLiteBehavior [ RunTime:0.000000s ]
INFO: [ app_init ] --END-- [ RunTime:0.000000s ]
INFO: [ app_begin ] --START--
INFO: Run Behavior\ReadHtmlCacheBehavior [ RunTime:0.001000s ]
INFO: [ app_begin ] --END-- [ RunTime:0.001000s ]
INFO: [ view_parse ] --START--
INFO: [ template_filter ] --START--
INFO: Run Behavior\ContentReplaceBehavior [ RunTime:0.000000s ]
INFO: [ template_filter ] --END-- [ RunTime:0.000000s ]
INFO: Run Behavior\ParseTemplateBehavior [ RunTime:0.016001s ]
INFO: [ view_parse ] --END-- [ RunTime:0.016001s ]
INFO: [ view_filter ] --START--
INFO: Run Behavior\WriteHtmlCacheBehavior [ RunTime:0.000000s ]
INFO: [ view_filter ] --END-- [ RunTime:0.000000s ]
INFO: [ app_end ] --START--
INFO: Run Behavior\ShowPageTraceBehavior [ RunTime:0.001000s ]
INFO: [ app_end ] --END-- [ RunTime:0.001000s ]

[ 2017-09-04T18:15:22+08:00 ] 127.0.0.1 /shop.php/Goods/type.html?_search=false&nd=1504520122779&rows=10&page=1&sidx=id&sord=desc
INFO: [ app_init ] --START--
INFO: Run Behavior\BuildLiteBehavior [ RunTime:0.000000s ]
INFO: [ app_init ] --END-- [ RunTime:0.001000s ]
INFO: [ app_begin ] --START--
INFO: Run Behavior\ReadHtmlCacheBehavior [ RunTime:0.001000s ]
INFO: [ app_begin ] --END-- [ RunTime:0.001000s ]
SQL: SHOW COLUMNS FROM `wg_goods_type` [ RunTime:0.0080s ]
SQL: SELECT * FROM `wg_goods_type` WHERE `shopId` = 1 ORDER BY id desc LIMIT 0,10   [ RunTime:0.0000s ]
SQL: SELECT COUNT(*) AS tp_count FROM `wg_goods_type` WHERE `shopId` = 1 LIMIT 1   [ RunTime:0.0010s ]

[ 2017-09-04T18:15:29+08:00 ] 127.0.0.1 /shop.php/Goods/index.html
INFO: [ app_init ] --START--
INFO: Run Behavior\BuildLiteBehavior [ RunTime:0.000000s ]
INFO: [ app_init ] --END-- [ RunTime:0.001000s ]
INFO: [ app_begin ] --START--
INFO: Run Behavior\ReadHtmlCacheBehavior [ RunTime:0.001000s ]
INFO: [ app_begin ] --END-- [ RunTime:0.001000s ]
INFO: [ view_parse ] --START--
INFO: [ template_filter ] --START--
INFO: Run Behavior\ContentReplaceBehavior [ RunTime:0.000000s ]
INFO: [ template_filter ] --END-- [ RunTime:0.001000s ]
NOTIC: [8] Undefined variable: specUrl D:\wamp\www\wllspace\php\wgshop\Runtime\Cache\Shop\0f4f888bddbf74c8c370ab728682c0d9.php 第 197 行.
INFO: Run Behavior\ParseTemplateBehavior [ RunTime:0.011000s ]
INFO: [ view_parse ] --END-- [ RunTime:0.012000s ]
INFO: [ view_filter ] --START--
INFO: Run Behavior\WriteHtmlCacheBehavior [ RunTime:0.000000s ]
INFO: [ view_filter ] --END-- [ RunTime:0.000000s ]
INFO: [ app_end ] --START--
INFO: Run Behavior\ShowPageTraceBehavior [ RunTime:0.001000s ]
INFO: [ app_end ] --END-- [ RunTime:0.001000s ]

[ 2017-09-04T18:15:29+08:00 ] 127.0.0.1 /shop.php/Goods/index.html?_search=false&nd=1504520129207&rows=10&page=1&sidx=id&sord=desc
INFO: [ app_init ] --START--
INFO: Run Behavior\BuildLiteBehavior [ RunTime:0.000000s ]
INFO: [ app_init ] --END-- [ RunTime:0.000000s ]
INFO: [ app_begin ] --START--
INFO: Run Behavior\ReadHtmlCacheBehavior [ RunTime:0.001001s ]
INFO: [ app_begin ] --END-- [ RunTime:0.001001s ]
SQL: SHOW COLUMNS FROM `wg_goods` [ RunTime:0.0080s ]
SQL: SELECT * FROM `wg_goods` WHERE `shopId` = 1 ORDER BY id desc LIMIT 0,10   [ RunTime:0.0000s ]
SQL: SELECT COUNT(*) AS tp_count FROM `wg_goods` WHERE `shopId` = 1 LIMIT 1   [ RunTime:0.0010s ]

[ 2017-09-04T18:15:51+08:00 ] 127.0.0.1 /shop.php/Goods/type.html
INFO: [ app_init ] --START--
INFO: Run Behavior\BuildLiteBehavior [ RunTime:0.001000s ]
INFO: [ app_init ] --END-- [ RunTime:0.001000s ]
INFO: [ app_begin ] --START--
INFO: Run Behavior\ReadHtmlCacheBehavior [ RunTime:0.000000s ]
INFO: [ app_begin ] --END-- [ RunTime:0.001000s ]
INFO: [ view_parse ] --START--
INFO: [ template_filter ] --START--
INFO: Run Behavior\ContentReplaceBehavior [ RunTime:0.000000s ]
INFO: [ template_filter ] --END-- [ RunTime:0.000000s ]
INFO: Run Behavior\ParseTemplateBehavior [ RunTime:0.010001s ]
INFO: [ view_parse ] --END-- [ RunTime:0.010001s ]
INFO: [ view_filter ] --START--
INFO: Run Behavior\WriteHtmlCacheBehavior [ RunTime:0.001000s ]
INFO: [ view_filter ] --END-- [ RunTime:0.001000s ]
INFO: [ app_end ] --START--
INFO: Run Behavior\ShowPageTraceBehavior [ RunTime:0.000000s ]
INFO: [ app_end ] --END-- [ RunTime:0.001000s ]

[ 2017-09-04T18:15:51+08:00 ] 127.0.0.1 /shop.php/Goods/type.html?_search=false&nd=1504520151339&rows=10&page=1&sidx=id&sord=desc
INFO: [ app_init ] --START--
INFO: Run Behavior\BuildLiteBehavior [ RunTime:0.000000s ]
INFO: [ app_init ] --END-- [ RunTime:0.001000s ]
INFO: [ app_begin ] --START--
INFO: Run Behavior\ReadHtmlCacheBehavior [ RunTime:0.001000s ]
INFO: [ app_begin ] --END-- [ RunTime:0.001000s ]
SQL: SHOW COLUMNS FROM `wg_goods_type` [ RunTime:0.0060s ]
SQL: SELECT * FROM `wg_goods_type` WHERE `shopId` = 1 ORDER BY id desc LIMIT 0,10   [ RunTime:0.0000s ]
SQL: SELECT COUNT(*) AS tp_count FROM `wg_goods_type` WHERE `shopId` = 1 LIMIT 1   [ RunTime:0.0000s ]

[ 2017-09-04T18:16:22+08:00 ] 127.0.0.1 /shop.php/Goods/index.html
INFO: [ app_init ] --START--
INFO: Run Behavior\BuildLiteBehavior [ RunTime:0.000000s ]
INFO: [ app_init ] --END-- [ RunTime:0.000000s ]
INFO: [ app_begin ] --START--
INFO: Run Behavior\ReadHtmlCacheBehavior [ RunTime:0.000000s ]
INFO: [ app_begin ] --END-- [ RunTime:0.001000s ]
INFO: [ view_parse ] --START--
INFO: [ template_filter ] --START--
INFO: Run Behavior\ContentReplaceBehavior [ RunTime:0.000000s ]
INFO: [ template_filter ] --END-- [ RunTime:0.000000s ]
NOTIC: [8] Undefined variable: specUrl D:\wamp\www\wllspace\php\wgshop\Runtime\Cache\Shop\0f4f888bddbf74c8c370ab728682c0d9.php 第 197 行.
INFO: Run Behavior\ParseTemplateBehavior [ RunTime:0.010001s ]
INFO: [ view_parse ] --END-- [ RunTime:0.010001s ]
INFO: [ view_filter ] --START--
INFO: Run Behavior\WriteHtmlCacheBehavior [ RunTime:0.000000s ]
INFO: [ view_filter ] --END-- [ RunTime:0.001000s ]
INFO: [ app_end ] --START--
INFO: Run Behavior\ShowPageTraceBehavior [ RunTime:0.001000s ]
INFO: [ app_end ] --END-- [ RunTime:0.001000s ]

[ 2017-09-04T18:16:22+08:00 ] 127.0.0.1 /shop.php/Goods/index.html?_search=false&nd=1504520182724&rows=10&page=1&sidx=id&sord=desc
INFO: [ app_init ] --START--
INFO: Run Behavior\BuildLiteBehavior [ RunTime:0.000000s ]
INFO: [ app_init ] --END-- [ RunTime:0.001000s ]
INFO: [ app_begin ] --START--
INFO: Run Behavior\ReadHtmlCacheBehavior [ RunTime:0.000000s ]
INFO: [ app_begin ] --END-- [ RunTime:0.001000s ]
SQL: SHOW COLUMNS FROM `wg_goods` [ RunTime:0.0110s ]
SQL: SELECT * FROM `wg_goods` WHERE `shopId` = 1 ORDER BY id desc LIMIT 0,10   [ RunTime:0.0000s ]
SQL: SELECT COUNT(*) AS tp_count FROM `wg_goods` WHERE `shopId` = 1 LIMIT 1   [ RunTime:0.0000s ]

[ 2017-09-04T18:16:24+08:00 ] 127.0.0.1 /shop.php/Goods/type.html
INFO: [ app_init ] --START--
INFO: Run Behavior\BuildLiteBehavior [ RunTime:0.000000s ]
INFO: [ app_init ] --END-- [ RunTime:0.001000s ]
INFO: [ app_begin ] --START--
INFO: Run Behavior\ReadHtmlCacheBehavior [ RunTime:0.001000s ]
INFO: [ app_begin ] --END-- [ RunTime:0.001000s ]
INFO: [ view_parse ] --START--
INFO: [ template_filter ] --START--
INFO: Run Behavior\ContentReplaceBehavior [ RunTime:0.000000s ]
INFO: [ template_filter ] --END-- [ RunTime:0.000000s ]
INFO: Run Behavior\ParseTemplateBehavior [ RunTime:0.010001s ]
INFO: [ view_parse ] --END-- [ RunTime:0.010001s ]
INFO: [ view_filter ] --START--
INFO: Run Behavior\WriteHtmlCacheBehavior [ RunTime:0.000000s ]
INFO: [ view_filter ] --END-- [ RunTime:0.001000s ]
INFO: [ app_end ] --START--
INFO: Run Behavior\ShowPageTraceBehavior [ RunTime:0.002000s ]
INFO: [ app_end ] --END-- [ RunTime:0.002000s ]

[ 2017-09-04T18:16:24+08:00 ] 127.0.0.1 /shop.php/Goods/type.html?_search=false&nd=1504520184701&rows=10&page=1&sidx=id&sord=desc
INFO: [ app_init ] --START--
INFO: Run Behavior\BuildLiteBehavior [ RunTime:0.000000s ]
INFO: [ app_init ] --END-- [ RunTime:0.000000s ]
INFO: [ app_begin ] --START--
INFO: Run Behavior\ReadHtmlCacheBehavior [ RunTime:0.001001s ]
INFO: [ app_begin ] --END-- [ RunTime:0.001001s ]
SQL: SHOW COLUMNS FROM `wg_goods_type` [ RunTime:0.0080s ]
SQL: SELECT * FROM `wg_goods_type` WHERE `shopId` = 1 ORDER BY id desc LIMIT 0,10   [ RunTime:0.0010s ]
SQL: SELECT COUNT(*) AS tp_count FROM `wg_goods_type` WHERE `shopId` = 1 LIMIT 1   [ RunTime:0.0000s ]

[ 2017-09-04T18:16:39+08:00 ] 127.0.0.1 /index.php/Shop/Goods/addGoods
INFO: [ app_init ] --START--
INFO: Run Behavior\BuildLiteBehavior [ RunTime:0.000000s ]
INFO: [ app_init ] --END-- [ RunTime:0.001000s ]
INFO: [ app_begin ] --START--
INFO: Run Behavior\ReadHtmlCacheBehavior [ RunTime:0.001000s ]
INFO: [ app_begin ] --END-- [ RunTime:0.001000s ]
INFO: [ view_parse ] --START--
INFO: [ template_filter ] --START--
INFO: Run Behavior\ContentReplaceBehavior [ RunTime:0.001000s ]
INFO: [ template_filter ] --END-- [ RunTime:0.001000s ]
INFO: Run Behavior\ParseTemplateBehavior [ RunTime:0.008000s ]
INFO: [ view_parse ] --END-- [ RunTime:0.008000s ]
INFO: [ view_filter ] --START--
INFO: Run Behavior\WriteHtmlCacheBehavior [ RunTime:0.001000s ]
INFO: [ view_filter ] --END-- [ RunTime:0.001000s ]
INFO: [ app_end ] --START--
INFO: Run Behavior\ShowPageTraceBehavior [ RunTime:0.001000s ]
INFO: [ app_end ] --END-- [ RunTime:0.002000s ]

[ 2017-09-04T18:16:41+08:00 ] 127.0.0.1 /shop.php/Goods/index.html?_search=false&nd=1504520201917&rows=10&page=1&sidx=id&sord=desc
INFO: [ app_init ] --START--
INFO: Run Behavior\BuildLiteBehavior [ RunTime:0.000000s ]
INFO: [ app_init ] --END-- [ RunTime:0.001000s ]
INFO: [ app_begin ] --START--
INFO: Run Behavior\ReadHtmlCacheBehavior [ RunTime:0.001000s ]
INFO: [ app_begin ] --END-- [ RunTime:0.002001s ]
SQL: SHOW COLUMNS FROM `wg_goods` [ RunTime:0.0080s ]
SQL: SELECT * FROM `wg_goods` WHERE `shopId` = 1 ORDER BY id desc LIMIT 0,10   [ RunTime:0.0000s ]
SQL: SELECT COUNT(*) AS tp_count FROM `wg_goods` WHERE `shopId` = 1 LIMIT 1   [ RunTime:0.0010s ]

[ 2017-09-04T18:30:36+08:00 ] 127.0.0.1 /index.php/Shop/Goods/addGoods
INFO: [ app_init ] --START--
INFO: Run Behavior\BuildLiteBehavior [ RunTime:0.000000s ]
INFO: [ app_init ] --END-- [ RunTime:0.000000s ]
INFO: [ app_begin ] --START--
INFO: Run Behavior\ReadHtmlCacheBehavior [ RunTime:0.000000s ]
INFO: [ app_begin ] --END-- [ RunTime:0.001000s ]
INFO: [ view_parse ] --START--
INFO: [ template_filter ] --START--
INFO: Run Behavior\ContentReplaceBehavior [ RunTime:0.000000s ]
INFO: [ template_filter ] --END-- [ RunTime:0.000000s ]
NOTIC: [8] Undefined variable: info D:\wamp\www\wllspace\php\wgshop\Runtime\Cache\Shop\369c072fb2adede20caee87196723da4.php 第 194 行.
NOTIC: [8] Undefined variable: info D:\wamp\www\wllspace\php\wgshop\Runtime\Cache\Shop\369c072fb2adede20caee87196723da4.php 第 195 行.
INFO: Run Behavior\ParseTemplateBehavior [ RunTime:0.013001s ]
INFO: [ view_parse ] --END-- [ RunTime:0.013001s ]
INFO: [ view_filter ] --START--
INFO: Run Behavior\WriteHtmlCacheBehavior [ RunTime:0.001000s ]
INFO: [ view_filter ] --END-- [ RunTime:0.001000s ]
INFO: [ app_end ] --START--
INFO: Run Behavior\ShowPageTraceBehavior [ RunTime:0.001000s ]
INFO: [ app_end ] --END-- [ RunTime:0.003000s ]

[ 2017-09-04T18:30:49+08:00 ] 127.0.0.1 /shop.php/Goods/index.html?_search=false&nd=1504521049041&rows=10&page=1&sidx=id&sord=desc
INFO: [ app_init ] --START--
INFO: Run Behavior\BuildLiteBehavior [ RunTime:0.000000s ]
INFO: [ app_init ] --END-- [ RunTime:0.001000s ]
INFO: [ app_begin ] --START--
INFO: Run Behavior\ReadHtmlCacheBehavior [ RunTime:0.001000s ]
INFO: [ app_begin ] --END-- [ RunTime:0.001000s ]
SQL: SHOW COLUMNS FROM `wg_goods` [ RunTime:0.0060s ]
SQL: SELECT * FROM `wg_goods` WHERE `shopId` = 1 ORDER BY id desc LIMIT 0,10   [ RunTime:0.0000s ]
SQL: SELECT COUNT(*) AS tp_count FROM `wg_goods` WHERE `shopId` = 1 LIMIT 1   [ RunTime:0.0000s ]

[ 2017-09-04T18:31:04+08:00 ] 127.0.0.1 /index.php/Shop/Goods/addGoods
INFO: [ app_init ] --START--
INFO: Run Behavior\BuildLiteBehavior [ RunTime:0.000000s ]
INFO: [ app_init ] --END-- [ RunTime:0.001000s ]
INFO: [ app_begin ] --START--
INFO: Run Behavior\ReadHtmlCacheBehavior [ RunTime:0.001001s ]
INFO: [ app_begin ] --END-- [ RunTime:0.001001s ]
INFO: [ view_parse ] --START--
INFO: [ template_filter ] --START--
INFO: Run Behavior\ContentReplaceBehavior [ RunTime:0.000000s ]
INFO: [ template_filter ] --END-- [ RunTime:0.001000s ]
NOTIC: [8] Undefined variable: info D:\wamp\www\wllspace\php\wgshop\Runtime\Cache\Shop\369c072fb2adede20caee87196723da4.php 第 181 行.
NOTIC: [8] Undefined variable: info D:\wamp\www\wllspace\php\wgshop\Runtime\Cache\Shop\369c072fb2adede20caee87196723da4.php 第 182 行.
INFO: Run Behavior\ParseTemplateBehavior [ RunTime:0.017001s ]
INFO: [ view_parse ] --END-- [ RunTime:0.018001s ]
INFO: [ view_filter ] --START--
INFO: Run Behavior\WriteHtmlCacheBehavior [ RunTime:0.001000s ]
INFO: [ view_filter ] --END-- [ RunTime:0.002000s ]
INFO: [ app_end ] --START--
INFO: Run Behavior\ShowPageTraceBehavior [ RunTime:0.008001s ]
INFO: [ app_end ] --END-- [ RunTime:0.009001s ]

[ 2017-09-04T18:34:43+08:00 ] 127.0.0.1 /shop.php/Goods/index.html?_search=false&nd=1504521283198&rows=10&page=1&sidx=id&sord=desc
INFO: [ app_init ] --START--
INFO: Run Behavior\BuildLiteBehavior [ RunTime:0.000000s ]
INFO: [ app_init ] --END-- [ RunTime:0.001000s ]
INFO: [ app_begin ] --START--
INFO: Run Behavior\ReadHtmlCacheBehavior [ RunTime:0.000000s ]
INFO: [ app_begin ] --END-- [ RunTime:0.001000s ]
SQL: SHOW COLUMNS FROM `wg_goods` [ RunTime:0.0080s ]
SQL: SELECT * FROM `wg_goods` WHERE `shopId` = 1 ORDER BY id desc LIMIT 0,10   [ RunTime:0.0000s ]
SQL: SELECT COUNT(*) AS tp_count FROM `wg_goods` WHERE `shopId` = 1 LIMIT 1   [ RunTime:0.0000s ]

[ 2017-09-04T18:34:44+08:00 ] 127.0.0.1 /index.php/Shop/Goods/addGoods
INFO: [ app_init ] --START--
INFO: Run Behavior\BuildLiteBehavior [ RunTime:0.000000s ]
INFO: [ app_init ] --END-- [ RunTime:0.000000s ]
INFO: [ app_begin ] --START--
INFO: Run Behavior\ReadHtmlCacheBehavior [ RunTime:0.001000s ]
INFO: [ app_begin ] --END-- [ RunTime:0.001000s ]
INFO: [ view_parse ] --START--
INFO: [ template_filter ] --START--
INFO: Run Behavior\ContentReplaceBehavior [ RunTime:0.000000s ]
INFO: [ template_filter ] --END-- [ RunTime:0.000000s ]
NOTIC: [8] Undefined variable: info D:\wamp\www\wllspace\php\wgshop\Runtime\Cache\Shop\369c072fb2adede20caee87196723da4.php 第 190 行.
NOTIC: [8] Undefined variable: info D:\wamp\www\wllspace\php\wgshop\Runtime\Cache\Shop\369c072fb2adede20caee87196723da4.php 第 191 行.
INFO: Run Behavior\ParseTemplateBehavior [ RunTime:0.012000s ]
INFO: [ view_parse ] --END-- [ RunTime:0.014000s ]
INFO: [ view_filter ] --START--
INFO: Run Behavior\WriteHtmlCacheBehavior [ RunTime:0.000000s ]
INFO: [ view_filter ] --END-- [ RunTime:0.000000s ]
INFO: [ app_end ] --START--
INFO: Run Behavior\ShowPageTraceBehavior [ RunTime:0.001001s ]
INFO: [ app_end ] --END-- [ RunTime:0.001001s ]

[ 2017-09-04T18:34:52+08:00 ] 127.0.0.1 /shop.php/Goods/index.html?_search=false&nd=1504521292567&rows=10&page=1&sidx=id&sord=desc
INFO: [ app_init ] --START--
INFO: Run Behavior\BuildLiteBehavior [ RunTime:0.000000s ]
INFO: [ app_init ] --END-- [ RunTime:0.001000s ]
INFO: [ app_begin ] --START--
INFO: Run Behavior\ReadHtmlCacheBehavior [ RunTime:0.001000s ]
INFO: [ app_begin ] --END-- [ RunTime:0.001000s ]
SQL: SHOW COLUMNS FROM `wg_goods` [ RunTime:0.0070s ]
SQL: SELECT * FROM `wg_goods` WHERE `shopId` = 1 ORDER BY id desc LIMIT 0,10   [ RunTime:0.0010s ]
SQL: SELECT COUNT(*) AS tp_count FROM `wg_goods` WHERE `shopId` = 1 LIMIT 1   [ RunTime:0.0000s ]

[ 2017-09-04T18:35:02+08:00 ] 127.0.0.1 /index.php/Shop/Goods/addGoods
INFO: [ app_init ] --START--
INFO: Run Behavior\BuildLiteBehavior [ RunTime:0.000000s ]
INFO: [ app_init ] --END-- [ RunTime:0.001000s ]
INFO: [ app_begin ] --START--
INFO: Run Behavior\ReadHtmlCacheBehavior [ RunTime:0.000000s ]
INFO: [ app_begin ] --END-- [ RunTime:0.002000s ]
INFO: [ view_parse ] --START--
INFO: [ template_filter ] --START--
INFO: Run Behavior\ContentReplaceBehavior [ RunTime:0.000000s ]
INFO: [ template_filter ] --END-- [ RunTime:0.000000s ]
NOTIC: [8] Undefined variable: info D:\wamp\www\wllspace\php\wgshop\Runtime\Cache\Shop\369c072fb2adede20caee87196723da4.php 第 190 行.
NOTIC: [8] Undefined variable: info D:\wamp\www\wllspace\php\wgshop\Runtime\Cache\Shop\369c072fb2adede20caee87196723da4.php 第 191 行.
INFO: Run Behavior\ParseTemplateBehavior [ RunTime:0.013000s ]
INFO: [ view_parse ] --END-- [ RunTime:0.013000s ]
INFO: [ view_filter ] --START--
INFO: Run Behavior\WriteHtmlCacheBehavior [ RunTime:0.001000s ]
INFO: [ view_filter ] --END-- [ RunTime:0.001000s ]
INFO: [ app_end ] --START--
INFO: Run Behavior\ShowPageTraceBehavior [ RunTime:0.001000s ]
INFO: [ app_end ] --END-- [ RunTime:0.001000s ]

[ 2017-09-04T18:36:00+08:00 ] 127.0.0.1 /shop.php/Goods/index.html?_search=false&nd=1504521360498&rows=10&page=1&sidx=id&sord=desc
INFO: [ app_init ] --START--
INFO: Run Behavior\BuildLiteBehavior [ RunTime:0.000000s ]
INFO: [ app_init ] --END-- [ RunTime:0.000000s ]
INFO: [ app_begin ] --START--
INFO: Run Behavior\ReadHtmlCacheBehavior [ RunTime:0.001000s ]
INFO: [ app_begin ] --END-- [ RunTime:0.001000s ]
SQL: SHOW COLUMNS FROM `wg_goods` [ RunTime:0.0060s ]
SQL: SELECT * FROM `wg_goods` WHERE `shopId` = 1 ORDER BY id desc LIMIT 0,10   [ RunTime:0.0010s ]
SQL: SELECT COUNT(*) AS tp_count FROM `wg_goods` WHERE `shopId` = 1 LIMIT 1   [ RunTime:0.0000s ]

[ 2017-09-04T18:36:01+08:00 ] 127.0.0.1 /index.php/Shop/Goods/addGoods
INFO: [ app_init ] --START--
INFO: Run Behavior\BuildLiteBehavior [ RunTime:0.000000s ]
INFO: [ app_init ] --END-- [ RunTime:0.001000s ]
INFO: [ app_begin ] --START--
INFO: Run Behavior\ReadHtmlCacheBehavior [ RunTime:0.001000s ]
INFO: [ app_begin ] --END-- [ RunTime:0.001000s ]
INFO: [ view_parse ] --START--
INFO: [ template_filter ] --START--
INFO: Run Behavior\ContentReplaceBehavior [ RunTime:0.000000s ]
INFO: [ template_filter ] --END-- [ RunTime:0.001000s ]
NOTIC: [8] Undefined variable: info D:\wamp\www\wllspace\php\wgshop\Runtime\Cache\Shop\369c072fb2adede20caee87196723da4.php 第 196 行.
NOTIC: [8] Undefined variable: info D:\wamp\www\wllspace\php\wgshop\Runtime\Cache\Shop\369c072fb2adede20caee87196723da4.php 第 197 行.
INFO: Run Behavior\ParseTemplateBehavior [ RunTime:0.018001s ]
INFO: [ view_parse ] --END-- [ RunTime:0.018001s ]
INFO: [ view_filter ] --START--
INFO: Run Behavior\WriteHtmlCacheBehavior [ RunTime:0.001000s ]
INFO: [ view_filter ] --END-- [ RunTime:0.001000s ]
INFO: [ app_end ] --START--
INFO: Run Behavior\ShowPageTraceBehavior [ RunTime:0.001000s ]
INFO: [ app_end ] --END-- [ RunTime:0.001000s ]

[ 2017-09-04T18:36:40+08:00 ] 127.0.0.1 /shop.php/Goods/index.html?_search=false&nd=1504521400335&rows=10&page=1&sidx=id&sord=desc
INFO: [ app_init ] --START--
INFO: Run Behavior\BuildLiteBehavior [ RunTime:0.000000s ]
INFO: [ app_init ] --END-- [ RunTime:0.001000s ]
INFO: [ app_begin ] --START--
INFO: Run Behavior\ReadHtmlCacheBehavior [ RunTime:0.001000s ]
INFO: [ app_begin ] --END-- [ RunTime:0.001000s ]
SQL: SHOW COLUMNS FROM `wg_goods` [ RunTime:0.0060s ]
SQL: SELECT * FROM `wg_goods` WHERE `shopId` = 1 ORDER BY id desc LIMIT 0,10   [ RunTime:0.0000s ]
SQL: SELECT COUNT(*) AS tp_count FROM `wg_goods` WHERE `shopId` = 1 LIMIT 1   [ RunTime:0.0000s ]

