[ 2017-09-08T15:45:55+08:00 ] 127.0.0.1 /shop.php
INFO: [ app_init ] --START--
INFO: Run Behavior\BuildLiteBehavior [ RunTime:0.000000s ]
INFO: [ app_init ] --END-- [ RunTime:0.001000s ]
INFO: [ app_begin ] --START--
INFO: Run Behavior\ReadHtmlCacheBehavior [ RunTime:0.001000s ]
INFO: [ app_begin ] --END-- [ RunTime:0.001000s ]

[ 2017-09-08T15:45:55+08:00 ] 127.0.0.1 /shop.php/Login/index.html
INFO: [ app_init ] --START--
INFO: Run Behavior\BuildLiteBehavior [ RunTime:0.000000s ]
INFO: [ app_init ] --END-- [ RunTime:0.000000s ]
INFO: [ app_begin ] --START--
INFO: Run Behavior\ReadHtmlCacheBehavior [ RunTime:0.000000s ]
INFO: [ app_begin ] --END-- [ RunTime:0.001000s ]
INFO: [ view_parse ] --START--
INFO: [ template_filter ] --START--
INFO: Run Behavior\ContentReplaceBehavior [ RunTime:0.000000s ]
INFO: [ template_filter ] --END-- [ RunTime:0.000000s ]
INFO: Run Behavior\ParseTemplateBehavior [ RunTime:0.020001s ]
INFO: [ view_parse ] --END-- [ RunTime:0.020001s ]
INFO: [ view_filter ] --START--
INFO: Run Behavior\WriteHtmlCacheBehavior [ RunTime:0.000000s ]
INFO: [ view_filter ] --END-- [ RunTime:0.001000s ]
INFO: [ app_end ] --START--
INFO: Run Behavior\ShowPageTraceBehavior [ RunTime:0.000000s ]
INFO: [ app_end ] --END-- [ RunTime:0.000000s ]

[ 2017-09-08T15:46:06+08:00 ] 127.0.0.1 /shop.php/Login/loginAuth.html
INFO: [ app_init ] --START--
INFO: Run Behavior\BuildLiteBehavior [ RunTime:0.000000s ]
INFO: [ app_init ] --END-- [ RunTime:0.001000s ]
INFO: [ app_begin ] --START--
INFO: Run Behavior\ReadHtmlCacheBehavior [ RunTime:0.000000s ]
INFO: [ app_begin ] --END-- [ RunTime:0.000000s ]
SQL: SHOW COLUMNS FROM `wg_shop` [ RunTime:0.0030s ]
SQL: SELECT * FROM `wg_shop` WHERE `username` = 'shop1' LIMIT 1   [ RunTime:0.0010s ]

[ 2017-09-08T15:46:06+08:00 ] 127.0.0.1 /shop.php/Index/index.html
INFO: [ app_init ] --START--
INFO: Run Behavior\BuildLiteBehavior [ RunTime:0.000000s ]
INFO: [ app_init ] --END-- [ RunTime:0.000000s ]
INFO: [ app_begin ] --START--
INFO: Run Behavior\ReadHtmlCacheBehavior [ RunTime:0.001000s ]
INFO: [ app_begin ] --END-- [ RunTime:0.001000s ]
INFO: [ view_parse ] --START--
INFO: [ template_filter ] --START--
INFO: Run Behavior\ContentReplaceBehavior [ RunTime:0.000000s ]
INFO: [ template_filter ] --END-- [ RunTime:0.000000s ]
INFO: Run Behavior\ParseTemplateBehavior [ RunTime:0.026001s ]
INFO: [ view_parse ] --END-- [ RunTime:0.026001s ]
INFO: [ view_filter ] --START--
INFO: Run Behavior\WriteHtmlCacheBehavior [ RunTime:0.001000s ]
INFO: [ view_filter ] --END-- [ RunTime:0.001000s ]
INFO: [ app_end ] --START--
INFO: Run Behavior\ShowPageTraceBehavior [ RunTime:0.001000s ]
INFO: [ app_end ] --END-- [ RunTime:0.001000s ]

[ 2017-09-08T15:46:06+08:00 ] 127.0.0.1 /shop.php/Index/defaultIndex.html
INFO: [ app_init ] --START--
INFO: Run Behavior\BuildLiteBehavior [ RunTime:0.000000s ]
INFO: [ app_init ] --END-- [ RunTime:0.001000s ]
INFO: [ app_begin ] --START--
INFO: Run Behavior\ReadHtmlCacheBehavior [ RunTime:0.001000s ]
INFO: [ app_begin ] --END-- [ RunTime:0.001000s ]
INFO: [ view_parse ] --START--
INFO: [ template_filter ] --START--
INFO: Run Behavior\ContentReplaceBehavior [ RunTime:0.000000s ]
INFO: [ template_filter ] --END-- [ RunTime:0.000000s ]
NOTIC: [8] Undefined variable: order_num D:\wamp\www\wllspace\php\wgshop\Runtime\Cache\Shop\6005088cbc2a44a74243b86ff1102723.php 第 70 行.
NOTIC: [8] Undefined variable: user_num D:\wamp\www\wllspace\php\wgshop\Runtime\Cache\Shop\6005088cbc2a44a74243b86ff1102723.php 第 83 行.
NOTIC: [8] Undefined variable: active_user D:\wamp\www\wllspace\php\wgshop\Runtime\Cache\Shop\6005088cbc2a44a74243b86ff1102723.php 第 96 行.
NOTIC: [8] Undefined variable: bl D:\wamp\www\wllspace\php\wgshop\Runtime\Cache\Shop\6005088cbc2a44a74243b86ff1102723.php 第 97 行.
NOTIC: [8] Undefined variable: message D:\wamp\www\wllspace\php\wgshop\Runtime\Cache\Shop\6005088cbc2a44a74243b86ff1102723.php 第 182 行.
NOTIC: [8] Undefined variable: recharge D:\wamp\www\wllspace\php\wgshop\Runtime\Cache\Shop\6005088cbc2a44a74243b86ff1102723.php 第 224 行.
NOTIC: [8] Undefined variable: log D:\wamp\www\wllspace\php\wgshop\Runtime\Cache\Shop\6005088cbc2a44a74243b86ff1102723.php 第 254 行.
NOTIC: [8] Undefined variable: date D:\wamp\www\wllspace\php\wgshop\Runtime\Cache\Shop\6005088cbc2a44a74243b86ff1102723.php 第 295 行.
NOTIC: [8] Undefined variable: arr D:\wamp\www\wllspace\php\wgshop\Runtime\Cache\Shop\6005088cbc2a44a74243b86ff1102723.php 第 297 行.
NOTIC: [8] Undefined variable: money D:\wamp\www\wllspace\php\wgshop\Runtime\Cache\Shop\6005088cbc2a44a74243b86ff1102723.php 第 297 行.
NOTIC: [8] Undefined variable: year D:\wamp\www\wllspace\php\wgshop\Runtime\Cache\Shop\6005088cbc2a44a74243b86ff1102723.php 第 300 行.
NOTIC: [8] Undefined variable: month D:\wamp\www\wllspace\php\wgshop\Runtime\Cache\Shop\6005088cbc2a44a74243b86ff1102723.php 第 300 行.
NOTIC: [8] Undefined variable: year D:\wamp\www\wllspace\php\wgshop\Runtime\Cache\Shop\6005088cbc2a44a74243b86ff1102723.php 第 305 行.
NOTIC: [8] Undefined variable: month D:\wamp\www\wllspace\php\wgshop\Runtime\Cache\Shop\6005088cbc2a44a74243b86ff1102723.php 第 305 行.
INFO: Run Behavior\ParseTemplateBehavior [ RunTime:0.037002s ]
INFO: [ view_parse ] --END-- [ RunTime:0.037002s ]
INFO: [ view_filter ] --START--
INFO: Run Behavior\WriteHtmlCacheBehavior [ RunTime:0.000000s ]
INFO: [ view_filter ] --END-- [ RunTime:0.000000s ]
INFO: [ app_end ] --START--
INFO: Run Behavior\ShowPageTraceBehavior [ RunTime:0.001000s ]
INFO: [ app_end ] --END-- [ RunTime:0.002000s ]

[ 2017-09-08T15:46:09+08:00 ] 127.0.0.1 /shop.php/Goods/index.html
INFO: [ app_init ] --START--
INFO: Run Behavior\BuildLiteBehavior [ RunTime:0.000000s ]
INFO: [ app_init ] --END-- [ RunTime:0.001000s ]
INFO: [ app_begin ] --START--
INFO: Run Behavior\ReadHtmlCacheBehavior [ RunTime:0.001000s ]
INFO: [ app_begin ] --END-- [ RunTime:0.001000s ]
SQL: SHOW COLUMNS FROM `wg_goods` [ RunTime:0.0040s ]
SQL: SELECT `cid` FROM `wg_goods` WHERE `shopId` = 1  [ RunTime:0.0000s ]
SQL: SHOW COLUMNS FROM `wg_goods_cate` [ RunTime:0.0030s ]
SQL: SELECT `id`,`name` FROM `wg_goods_cate` WHERE `id` IN ('4','4','6','4')  [ RunTime:0.0010s ]
INFO: [ view_parse ] --START--
INFO: [ template_filter ] --START--
INFO: Run Behavior\ContentReplaceBehavior [ RunTime:0.000000s ]
INFO: [ template_filter ] --END-- [ RunTime:0.001000s ]
INFO: Run Behavior\ParseTemplateBehavior [ RunTime:0.079005s ]
INFO: [ view_parse ] --END-- [ RunTime:0.079005s ]
INFO: [ view_filter ] --START--
INFO: Run Behavior\WriteHtmlCacheBehavior [ RunTime:0.001000s ]
INFO: [ view_filter ] --END-- [ RunTime:0.001000s ]
INFO: [ app_end ] --START--
INFO: Run Behavior\ShowPageTraceBehavior [ RunTime:0.001000s ]
INFO: [ app_end ] --END-- [ RunTime:0.001000s ]

[ 2017-09-08T15:46:09+08:00 ] 127.0.0.1 /shop.php/Goods/index.html?_search=false&nd=1504856769893&rows=10&page=1&sidx=id&sord=desc
INFO: [ app_init ] --START--
INFO: Run Behavior\BuildLiteBehavior [ RunTime:0.000000s ]
INFO: [ app_init ] --END-- [ RunTime:0.001000s ]
INFO: [ app_begin ] --START--
INFO: Run Behavior\ReadHtmlCacheBehavior [ RunTime:0.001000s ]
INFO: [ app_begin ] --END-- [ RunTime:0.001000s ]
SQL: SHOW COLUMNS FROM `wg_goods` [ RunTime:0.0050s ]
SQL: SELECT * FROM `wg_goods` WHERE `shopId` = 1 ORDER BY id desc LIMIT 0,10   [ RunTime:0.0010s ]
SQL: SHOW COLUMNS FROM `wg_goods_cate` [ RunTime:0.0040s ]
SQL: SELECT `id`,`name` FROM `wg_goods_cate`  [ RunTime:0.0010s ]
SQL: SELECT COUNT(*) AS tp_count FROM `wg_goods` WHERE `shopId` = 1 LIMIT 1   [ RunTime:0.0010s ]

[ 2017-09-08T15:46:58+08:00 ] 127.0.0.1 /shop.php/Goods/editGoods.html
INFO: [ app_init ] --START--
INFO: Run Behavior\BuildLiteBehavior [ RunTime:0.000000s ]
INFO: [ app_init ] --END-- [ RunTime:0.001000s ]
INFO: [ app_begin ] --START--
INFO: Run Behavior\ReadHtmlCacheBehavior [ RunTime:0.001000s ]
INFO: [ app_begin ] --END-- [ RunTime:0.001000s ]
SQL: SHOW COLUMNS FROM `wg_goods` [ RunTime:0.0030s ]
SQL: SELECT * FROM `wg_goods` WHERE `name` = '测试商品3' LIMIT 1   [ RunTime:0.0000s ]
SQL: UPDATE `wg_goods` SET `name`='测试商品3',`price`='10',`sorts`='50' WHERE `id` = 3 [ RunTime:0.0650s ]

[ 2017-09-08T15:46:58+08:00 ] 127.0.0.1 /shop.php/Goods/index.html?_search=false&nd=1504856818888&rows=10&page=1&sidx=id&sord=desc
INFO: [ app_init ] --START--
INFO: Run Behavior\BuildLiteBehavior [ RunTime:0.000000s ]
INFO: [ app_init ] --END-- [ RunTime:0.001000s ]
INFO: [ app_begin ] --START--
INFO: Run Behavior\ReadHtmlCacheBehavior [ RunTime:0.001000s ]
INFO: [ app_begin ] --END-- [ RunTime:0.001000s ]
SQL: SHOW COLUMNS FROM `wg_goods` [ RunTime:0.0040s ]
SQL: SELECT * FROM `wg_goods` WHERE `shopId` = 1 ORDER BY id desc LIMIT 0,10   [ RunTime:0.0000s ]
SQL: SHOW COLUMNS FROM `wg_goods_cate` [ RunTime:0.0050s ]
SQL: SELECT `id`,`name` FROM `wg_goods_cate`  [ RunTime:0.0000s ]
SQL: SELECT COUNT(*) AS tp_count FROM `wg_goods` WHERE `shopId` = 1 LIMIT 1   [ RunTime:0.0000s ]

[ 2017-09-08T15:47:04+08:00 ] 127.0.0.1 /shop.php/Goods/editGoods.html
INFO: [ app_init ] --START--
INFO: Run Behavior\BuildLiteBehavior [ RunTime:0.000000s ]
INFO: [ app_init ] --END-- [ RunTime:0.001000s ]
INFO: [ app_begin ] --START--
INFO: Run Behavior\ReadHtmlCacheBehavior [ RunTime:0.001000s ]
INFO: [ app_begin ] --END-- [ RunTime:0.001000s ]
SQL: SHOW COLUMNS FROM `wg_goods` [ RunTime:0.0030s ]
SQL: SELECT * FROM `wg_goods` WHERE `name` = '测试商品4' LIMIT 1   [ RunTime:0.0010s ]
SQL: UPDATE `wg_goods` SET `name`='测试商品4',`price`='200',`sorts`='50' WHERE `id` = 4 [ RunTime:0.0790s ]

[ 2017-09-08T15:47:04+08:00 ] 127.0.0.1 /shop.php/Goods/index.html?_search=false&nd=1504856824890&rows=10&page=1&sidx=id&sord=desc
INFO: [ app_init ] --START--
INFO: Run Behavior\BuildLiteBehavior [ RunTime:0.000000s ]
INFO: [ app_init ] --END-- [ RunTime:0.001000s ]
INFO: [ app_begin ] --START--
INFO: Run Behavior\ReadHtmlCacheBehavior [ RunTime:0.001000s ]
INFO: [ app_begin ] --END-- [ RunTime:0.001000s ]
SQL: SHOW COLUMNS FROM `wg_goods` [ RunTime:0.0040s ]
SQL: SELECT * FROM `wg_goods` WHERE `shopId` = 1 ORDER BY id desc LIMIT 0,10   [ RunTime:0.0010s ]
SQL: SHOW COLUMNS FROM `wg_goods_cate` [ RunTime:0.0030s ]
SQL: SELECT `id`,`name` FROM `wg_goods_cate`  [ RunTime:0.0000s ]
SQL: SELECT COUNT(*) AS tp_count FROM `wg_goods` WHERE `shopId` = 1 LIMIT 1   [ RunTime:0.0000s ]

[ 2017-09-08T17:16:17+08:00 ] 127.0.0.1 /shop.php/Goods/changeOn.html
INFO: [ app_init ] --START--
INFO: Run Behavior\BuildLiteBehavior [ RunTime:0.000000s ]
INFO: [ app_init ] --END-- [ RunTime:0.001000s ]
INFO: [ app_begin ] --START--
INFO: Run Behavior\ReadHtmlCacheBehavior [ RunTime:0.001000s ]
INFO: [ app_begin ] --END-- [ RunTime:0.001000s ]
SQL: SHOW COLUMNS FROM `wg_goods` [ RunTime:0.0030s ]
SQL: UPDATE `wg_goods` SET `status`='1' WHERE `id` = 2 [ RunTime:0.0350s ]

[ 2017-09-08T17:16:17+08:00 ] 127.0.0.1 /shop.php/Goods/index.html?_search=false&nd=1504862177138&rows=10&page=1&sidx=id&sord=desc
INFO: [ app_init ] --START--
INFO: Run Behavior\BuildLiteBehavior [ RunTime:0.000000s ]
INFO: [ app_init ] --END-- [ RunTime:0.000000s ]
INFO: [ app_begin ] --START--
INFO: Run Behavior\ReadHtmlCacheBehavior [ RunTime:0.000000s ]
INFO: [ app_begin ] --END-- [ RunTime:0.001001s ]
SQL: SHOW COLUMNS FROM `wg_goods` [ RunTime:0.0040s ]
SQL: SELECT * FROM `wg_goods` WHERE `shopId` = 1 ORDER BY id desc LIMIT 0,10   [ RunTime:0.0010s ]
SQL: SHOW COLUMNS FROM `wg_goods_cate` [ RunTime:0.0030s ]
SQL: SELECT `id`,`name` FROM `wg_goods_cate`  [ RunTime:0.0000s ]
SQL: SELECT COUNT(*) AS tp_count FROM `wg_goods` WHERE `shopId` = 1 LIMIT 1   [ RunTime:0.0010s ]

[ 2017-09-08T17:16:17+08:00 ] 127.0.0.1 /shop.php/Goods/changeOn.html
INFO: [ app_init ] --START--
INFO: Run Behavior\BuildLiteBehavior [ RunTime:0.000000s ]
INFO: [ app_init ] --END-- [ RunTime:0.001000s ]
INFO: [ app_begin ] --START--
INFO: Run Behavior\ReadHtmlCacheBehavior [ RunTime:0.001000s ]
INFO: [ app_begin ] --END-- [ RunTime:0.001000s ]
SQL: SHOW COLUMNS FROM `wg_goods` [ RunTime:0.0050s ]
SQL: UPDATE `wg_goods` SET `status`='1' WHERE `id` = 1 [ RunTime:0.0710s ]

[ 2017-09-08T17:16:17+08:00 ] 127.0.0.1 /shop.php/Goods/index.html?_search=false&nd=1504862177788&rows=10&page=1&sidx=id&sord=desc
INFO: [ app_init ] --START--
INFO: Run Behavior\BuildLiteBehavior [ RunTime:0.000000s ]
INFO: [ app_init ] --END-- [ RunTime:0.001001s ]
INFO: [ app_begin ] --START--
INFO: Run Behavior\ReadHtmlCacheBehavior [ RunTime:0.001000s ]
INFO: [ app_begin ] --END-- [ RunTime:0.001000s ]
SQL: SHOW COLUMNS FROM `wg_goods` [ RunTime:0.0040s ]
SQL: SELECT * FROM `wg_goods` WHERE `shopId` = 1 ORDER BY id desc LIMIT 0,10   [ RunTime:0.0010s ]
SQL: SHOW COLUMNS FROM `wg_goods_cate` [ RunTime:0.0030s ]
SQL: SELECT `id`,`name` FROM `wg_goods_cate`  [ RunTime:0.0010s ]
SQL: SELECT COUNT(*) AS tp_count FROM `wg_goods` WHERE `shopId` = 1 LIMIT 1   [ RunTime:0.0000s ]

