[ 2017-09-22T12:00:10+08:00 ] 127.0.0.1 /shop.php
INFO: [ app_init ] --START--
INFO: Run Behavior\BuildLiteBehavior [ RunTime:0.000000s ]
INFO: [ app_init ] --END-- [ RunTime:0.001000s ]
INFO: [ app_begin ] --START--
INFO: Run Behavior\ReadHtmlCacheBehavior [ RunTime:0.000000s ]
INFO: [ app_begin ] --END-- [ RunTime:0.000000s ]

[ 2017-09-22T12:00:10+08:00 ] 127.0.0.1 /shop.php/Login/index.html
INFO: [ app_init ] --START--
INFO: Run Behavior\BuildLiteBehavior [ RunTime:0.000000s ]
INFO: [ app_init ] --END-- [ RunTime:0.001000s ]
INFO: [ app_begin ] --START--
INFO: Run Behavior\ReadHtmlCacheBehavior [ RunTime:0.000000s ]
INFO: [ app_begin ] --END-- [ RunTime:0.001000s ]
INFO: [ view_parse ] --START--
INFO: [ template_filter ] --START--
INFO: Run Behavior\ContentReplaceBehavior [ RunTime:0.000000s ]
INFO: [ template_filter ] --END-- [ RunTime:0.000000s ]
INFO: Run Behavior\ParseTemplateBehavior [ RunTime:0.012000s ]
INFO: [ view_parse ] --END-- [ RunTime:0.012000s ]
INFO: [ view_filter ] --START--
INFO: Run Behavior\WriteHtmlCacheBehavior [ RunTime:0.001000s ]
INFO: [ view_filter ] --END-- [ RunTime:0.001000s ]
INFO: [ app_end ] --START--
INFO: Run Behavior\ShowPageTraceBehavior [ RunTime:0.001000s ]
INFO: [ app_end ] --END-- [ RunTime:0.001000s ]

[ 2017-09-22T13:41:01+08:00 ] 127.0.0.1 /shop.php/Login/loginAuth.html
INFO: [ app_init ] --START--
INFO: Run Behavior\BuildLiteBehavior [ RunTime:0.000000s ]
INFO: [ app_init ] --END-- [ RunTime:0.001000s ]
INFO: [ app_begin ] --START--
INFO: Run Behavior\ReadHtmlCacheBehavior [ RunTime:0.000000s ]
INFO: [ app_begin ] --END-- [ RunTime:0.001000s ]
SQL: SHOW COLUMNS FROM `wg_shop` [ RunTime:0.0120s ]
SQL: SELECT * FROM `wg_shop` WHERE `username` = '10001' LIMIT 1   [ RunTime:0.0010s ]

[ 2017-09-22T13:41:01+08:00 ] 127.0.0.1 /shop.php/Index/index.html
INFO: [ app_init ] --START--
INFO: Run Behavior\BuildLiteBehavior [ RunTime:0.000000s ]
INFO: [ app_init ] --END-- [ RunTime:0.001000s ]
INFO: [ app_begin ] --START--
INFO: Run Behavior\ReadHtmlCacheBehavior [ RunTime:0.001000s ]
INFO: [ app_begin ] --END-- [ RunTime:0.001000s ]
INFO: [ view_parse ] --START--
INFO: [ template_filter ] --START--
INFO: Run Behavior\ContentReplaceBehavior [ RunTime:0.000000s ]
INFO: [ template_filter ] --END-- [ RunTime:0.000000s ]
INFO: Run Behavior\ParseTemplateBehavior [ RunTime:0.079005s ]
INFO: [ view_parse ] --END-- [ RunTime:0.080005s ]
INFO: [ view_filter ] --START--
INFO: Run Behavior\WriteHtmlCacheBehavior [ RunTime:0.000000s ]
INFO: [ view_filter ] --END-- [ RunTime:0.001000s ]
INFO: [ app_end ] --START--
INFO: Run Behavior\ShowPageTraceBehavior [ RunTime:0.000000s ]
INFO: [ app_end ] --END-- [ RunTime:0.001000s ]

[ 2017-09-22T13:41:02+08:00 ] 127.0.0.1 /shop.php/Index/defaultIndex.html
INFO: [ app_init ] --START--
INFO: Run Behavior\BuildLiteBehavior [ RunTime:0.000000s ]
INFO: [ app_init ] --END-- [ RunTime:0.001000s ]
INFO: [ app_begin ] --START--
INFO: Run Behavior\ReadHtmlCacheBehavior [ RunTime:0.001000s ]
INFO: [ app_begin ] --END-- [ RunTime:0.001000s ]
SQL: SHOW COLUMNS FROM `wg_orders` [ RunTime:0.0370s ]
SQL: SHOW COLUMNS FROM `wg_orders` [ RunTime:0.0030s ]
SQL: SELECT `id`,`amount` FROM `wg_orders` WHERE ( status=2 and shipTime<1504762862 )  [ RunTime:0.0740s ]
SQL: SELECT SUM(amount) AS tp_sum FROM `wg_orders` WHERE ( status in(1,2,3,5) and shopId=1 ) LIMIT 1   [ RunTime:0.0010s ]
SQL: SELECT SUM(amount) AS tp_sum FROM `wg_orders` WHERE ( status in(1,2,3,5) and shopId=1 and createTime>=1506009600 and createTime<=1506095999 ) LIMIT 1   [ RunTime:0.0260s ]
SQL: SELECT COUNT(*) AS tp_count FROM `wg_orders` WHERE ( shopId=1 and status in(1,2,3,5) ) LIMIT 1   [ RunTime:0.0000s ]
SQL: SELECT COUNT(*) AS tp_count FROM `wg_orders` WHERE ( createTime>=1506009600 and createTime<=1506095999 and shopId=1 and status in(1,2,3,5) ) LIMIT 1   [ RunTime:0.0010s ]
SQL: SHOW COLUMNS FROM `wg_goods` [ RunTime:0.0080s ]
SQL: SELECT COUNT(*) AS tp_count FROM `wg_goods` WHERE ( shopId=1 ) LIMIT 1   [ RunTime:0.0010s ]
SQL: SELECT COUNT(*) AS tp_count FROM `wg_goods` WHERE ( createTime>=1506009600 and createTime<=1506095999 and shopId=1 ) LIMIT 1   [ RunTime:0.0000s ]
SQL: SHOW COLUMNS FROM `wg_shop_withdraw` [ RunTime:0.2150s ]
SQL: SELECT SUM(amount) AS tp_sum FROM `wg_shop_withdraw` WHERE ( shopId=1 and status=1 ) LIMIT 1   [ RunTime:0.2100s ]
SQL: SELECT COUNT(id) AS tp_count FROM `wg_orders` WHERE ( oYear=2017 and oMonth=09 and oDate=1 and shopId=1 and status in(1,2,3,5) ) LIMIT 1   [ RunTime:0.0010s ]
SQL: SELECT SUM(amount) AS tp_sum FROM `wg_orders` WHERE ( oYear=2017 and oMonth=09 and oDate=1 and shopId=1 and status in(1,2,3,5) ) LIMIT 1   [ RunTime:0.0010s ]
SQL: SELECT COUNT(id) AS tp_count FROM `wg_orders` WHERE ( oYear=2017 and oMonth=09 and oDate=2 and shopId=1 and status in(1,2,3,5) ) LIMIT 1   [ RunTime:0.0010s ]
SQL: SELECT SUM(amount) AS tp_sum FROM `wg_orders` WHERE ( oYear=2017 and oMonth=09 and oDate=2 and shopId=1 and status in(1,2,3,5) ) LIMIT 1   [ RunTime:0.0020s ]
SQL: SELECT COUNT(id) AS tp_count FROM `wg_orders` WHERE ( oYear=2017 and oMonth=09 and oDate=3 and shopId=1 and status in(1,2,3,5) ) LIMIT 1   [ RunTime:0.0010s ]
SQL: SELECT SUM(amount) AS tp_sum FROM `wg_orders` WHERE ( oYear=2017 and oMonth=09 and oDate=3 and shopId=1 and status in(1,2,3,5) ) LIMIT 1   [ RunTime:0.0010s ]
SQL: SELECT COUNT(id) AS tp_count FROM `wg_orders` WHERE ( oYear=2017 and oMonth=09 and oDate=4 and shopId=1 and status in(1,2,3,5) ) LIMIT 1   [ RunTime:0.0010s ]
SQL: SELECT SUM(amount) AS tp_sum FROM `wg_orders` WHERE ( oYear=2017 and oMonth=09 and oDate=4 and shopId=1 and status in(1,2,3,5) ) LIMIT 1   [ RunTime:0.0010s ]
SQL: SELECT COUNT(id) AS tp_count FROM `wg_orders` WHERE ( oYear=2017 and oMonth=09 and oDate=5 and shopId=1 and status in(1,2,3,5) ) LIMIT 1   [ RunTime:0.0020s ]
SQL: SELECT SUM(amount) AS tp_sum FROM `wg_orders` WHERE ( oYear=2017 and oMonth=09 and oDate=5 and shopId=1 and status in(1,2,3,5) ) LIMIT 1   [ RunTime:0.0020s ]
SQL: SELECT COUNT(id) AS tp_count FROM `wg_orders` WHERE ( oYear=2017 and oMonth=09 and oDate=6 and shopId=1 and status in(1,2,3,5) ) LIMIT 1   [ RunTime:0.0010s ]
SQL: SELECT SUM(amount) AS tp_sum FROM `wg_orders` WHERE ( oYear=2017 and oMonth=09 and oDate=6 and shopId=1 and status in(1,2,3,5) ) LIMIT 1   [ RunTime:0.0000s ]
SQL: SELECT COUNT(id) AS tp_count FROM `wg_orders` WHERE ( oYear=2017 and oMonth=09 and oDate=7 and shopId=1 and status in(1,2,3,5) ) LIMIT 1   [ RunTime:0.0000s ]
SQL: SELECT SUM(amount) AS tp_sum FROM `wg_orders` WHERE ( oYear=2017 and oMonth=09 and oDate=7 and shopId=1 and status in(1,2,3,5) ) LIMIT 1   [ RunTime:0.0010s ]
SQL: SELECT COUNT(id) AS tp_count FROM `wg_orders` WHERE ( oYear=2017 and oMonth=09 and oDate=8 and shopId=1 and status in(1,2,3,5) ) LIMIT 1   [ RunTime:0.0010s ]
SQL: SELECT SUM(amount) AS tp_sum FROM `wg_orders` WHERE ( oYear=2017 and oMonth=09 and oDate=8 and shopId=1 and status in(1,2,3,5) ) LIMIT 1   [ RunTime:0.0010s ]
SQL: SELECT COUNT(id) AS tp_count FROM `wg_orders` WHERE ( oYear=2017 and oMonth=09 and oDate=9 and shopId=1 and status in(1,2,3,5) ) LIMIT 1   [ RunTime:0.0000s ]
SQL: SELECT SUM(amount) AS tp_sum FROM `wg_orders` WHERE ( oYear=2017 and oMonth=09 and oDate=9 and shopId=1 and status in(1,2,3,5) ) LIMIT 1   [ RunTime:0.0000s ]
SQL: SELECT COUNT(id) AS tp_count FROM `wg_orders` WHERE ( oYear=2017 and oMonth=09 and oDate=10 and shopId=1 and status in(1,2,3,5) ) LIMIT 1   [ RunTime:0.0000s ]
SQL: SELECT SUM(amount) AS tp_sum FROM `wg_orders` WHERE ( oYear=2017 and oMonth=09 and oDate=10 and shopId=1 and status in(1,2,3,5) ) LIMIT 1   [ RunTime:0.0010s ]
SQL: SELECT COUNT(id) AS tp_count FROM `wg_orders` WHERE ( oYear=2017 and oMonth=09 and oDate=11 and shopId=1 and status in(1,2,3,5) ) LIMIT 1   [ RunTime:0.0000s ]
SQL: SELECT SUM(amount) AS tp_sum FROM `wg_orders` WHERE ( oYear=2017 and oMonth=09 and oDate=11 and shopId=1 and status in(1,2,3,5) ) LIMIT 1   [ RunTime:0.0000s ]
SQL: SELECT COUNT(id) AS tp_count FROM `wg_orders` WHERE ( oYear=2017 and oMonth=09 and oDate=12 and shopId=1 and status in(1,2,3,5) ) LIMIT 1   [ RunTime:0.0000s ]
SQL: SELECT SUM(amount) AS tp_sum FROM `wg_orders` WHERE ( oYear=2017 and oMonth=09 and oDate=12 and shopId=1 and status in(1,2,3,5) ) LIMIT 1   [ RunTime:0.0000s ]
SQL: SELECT COUNT(id) AS tp_count FROM `wg_orders` WHERE ( oYear=2017 and oMonth=09 and oDate=13 and shopId=1 and status in(1,2,3,5) ) LIMIT 1   [ RunTime:0.0000s ]
SQL: SELECT SUM(amount) AS tp_sum FROM `wg_orders` WHERE ( oYear=2017 and oMonth=09 and oDate=13 and shopId=1 and status in(1,2,3,5) ) LIMIT 1   [ RunTime:0.0010s ]
SQL: SELECT COUNT(id) AS tp_count FROM `wg_orders` WHERE ( oYear=2017 and oMonth=09 and oDate=14 and shopId=1 and status in(1,2,3,5) ) LIMIT 1   [ RunTime:0.0010s ]
SQL: SELECT SUM(amount) AS tp_sum FROM `wg_orders` WHERE ( oYear=2017 and oMonth=09 and oDate=14 and shopId=1 and status in(1,2,3,5) ) LIMIT 1   [ RunTime:0.0010s ]
SQL: SELECT COUNT(id) AS tp_count FROM `wg_orders` WHERE ( oYear=2017 and oMonth=09 and oDate=15 and shopId=1 and status in(1,2,3,5) ) LIMIT 1   [ RunTime:0.0010s ]
SQL: SELECT SUM(amount) AS tp_sum FROM `wg_orders` WHERE ( oYear=2017 and oMonth=09 and oDate=15 and shopId=1 and status in(1,2,3,5) ) LIMIT 1   [ RunTime:0.0010s ]
SQL: SELECT COUNT(id) AS tp_count FROM `wg_orders` WHERE ( oYear=2017 and oMonth=09 and oDate=16 and shopId=1 and status in(1,2,3,5) ) LIMIT 1   [ RunTime:0.0000s ]
SQL: SELECT SUM(amount) AS tp_sum FROM `wg_orders` WHERE ( oYear=2017 and oMonth=09 and oDate=16 and shopId=1 and status in(1,2,3,5) ) LIMIT 1   [ RunTime:0.0000s ]
SQL: SELECT COUNT(id) AS tp_count FROM `wg_orders` WHERE ( oYear=2017 and oMonth=09 and oDate=17 and shopId=1 and status in(1,2,3,5) ) LIMIT 1   [ RunTime:0.0000s ]
SQL: SELECT SUM(amount) AS tp_sum FROM `wg_orders` WHERE ( oYear=2017 and oMonth=09 and oDate=17 and shopId=1 and status in(1,2,3,5) ) LIMIT 1   [ RunTime:0.0000s ]
SQL: SELECT COUNT(id) AS tp_count FROM `wg_orders` WHERE ( oYear=2017 and oMonth=09 and oDate=18 and shopId=1 and status in(1,2,3,5) ) LIMIT 1   [ RunTime:0.0010s ]
SQL: SELECT SUM(amount) AS tp_sum FROM `wg_orders` WHERE ( oYear=2017 and oMonth=09 and oDate=18 and shopId=1 and status in(1,2,3,5) ) LIMIT 1   [ RunTime:0.0010s ]
SQL: SELECT COUNT(id) AS tp_count FROM `wg_orders` WHERE ( oYear=2017 and oMonth=09 and oDate=19 and shopId=1 and status in(1,2,3,5) ) LIMIT 1   [ RunTime:0.0000s ]
SQL: SELECT SUM(amount) AS tp_sum FROM `wg_orders` WHERE ( oYear=2017 and oMonth=09 and oDate=19 and shopId=1 and status in(1,2,3,5) ) LIMIT 1   [ RunTime:0.0000s ]
SQL: SELECT COUNT(id) AS tp_count FROM `wg_orders` WHERE ( oYear=2017 and oMonth=09 and oDate=20 and shopId=1 and status in(1,2,3,5) ) LIMIT 1   [ RunTime:0.0000s ]
SQL: SELECT SUM(amount) AS tp_sum FROM `wg_orders` WHERE ( oYear=2017 and oMonth=09 and oDate=20 and shopId=1 and status in(1,2,3,5) ) LIMIT 1   [ RunTime:0.0000s ]
SQL: SELECT COUNT(id) AS tp_count FROM `wg_orders` WHERE ( oYear=2017 and oMonth=09 and oDate=21 and shopId=1 and status in(1,2,3,5) ) LIMIT 1   [ RunTime:0.0000s ]
SQL: SELECT SUM(amount) AS tp_sum FROM `wg_orders` WHERE ( oYear=2017 and oMonth=09 and oDate=21 and shopId=1 and status in(1,2,3,5) ) LIMIT 1   [ RunTime:0.0000s ]
SQL: SELECT COUNT(id) AS tp_count FROM `wg_orders` WHERE ( oYear=2017 and oMonth=09 and oDate=22 and shopId=1 and status in(1,2,3,5) ) LIMIT 1   [ RunTime:0.0000s ]
SQL: SELECT SUM(amount) AS tp_sum FROM `wg_orders` WHERE ( oYear=2017 and oMonth=09 and oDate=22 and shopId=1 and status in(1,2,3,5) ) LIMIT 1   [ RunTime:0.0000s ]
INFO: [ view_parse ] --START--
INFO: [ template_filter ] --START--
INFO: Run Behavior\ContentReplaceBehavior [ RunTime:0.000000s ]
INFO: [ template_filter ] --END-- [ RunTime:0.000000s ]
INFO: Run Behavior\ParseTemplateBehavior [ RunTime:0.081005s ]
INFO: [ view_parse ] --END-- [ RunTime:0.081005s ]
INFO: [ view_filter ] --START--
INFO: Run Behavior\WriteHtmlCacheBehavior [ RunTime:0.000000s ]
INFO: [ view_filter ] --END-- [ RunTime:0.000000s ]
INFO: [ app_end ] --START--
INFO: Run Behavior\ShowPageTraceBehavior [ RunTime:0.001000s ]
INFO: [ app_end ] --END-- [ RunTime:0.001000s ]

[ 2017-09-22T13:41:07+08:00 ] 127.0.0.1 /shop.php/User/index.html
INFO: [ app_init ] --START--
INFO: Run Behavior\BuildLiteBehavior [ RunTime:0.000000s ]
INFO: [ app_init ] --END-- [ RunTime:0.001000s ]
INFO: [ app_begin ] --START--
INFO: Run Behavior\ReadHtmlCacheBehavior [ RunTime:0.001000s ]
INFO: [ app_begin ] --END-- [ RunTime:0.002000s ]
SQL: SHOW COLUMNS FROM `wg_shop` [ RunTime:0.0100s ]
SQL: SELECT * FROM `wg_shop` WHERE ( id=1 ) LIMIT 1   [ RunTime:0.0000s ]
SQL: SHOW COLUMNS FROM `wg_picture` [ RunTime:0.0250s ]
SQL: SELECT * FROM `wg_picture` WHERE ( sid=1 and type=2 )  [ RunTime:0.0310s ]
SQL: SELECT * FROM `wg_picture` WHERE ( sid=1 and type=3 )  [ RunTime:0.0000s ]
INFO: [ view_parse ] --START--
INFO: [ template_filter ] --START--
INFO: Run Behavior\ContentReplaceBehavior [ RunTime:0.000000s ]
INFO: [ template_filter ] --END-- [ RunTime:0.000000s ]
INFO: Run Behavior\ParseTemplateBehavior [ RunTime:0.037002s ]
INFO: [ view_parse ] --END-- [ RunTime:0.037002s ]
INFO: [ view_filter ] --START--
INFO: Run Behavior\WriteHtmlCacheBehavior [ RunTime:0.001001s ]
INFO: [ view_filter ] --END-- [ RunTime:0.001001s ]
INFO: [ app_end ] --START--
INFO: Run Behavior\ShowPageTraceBehavior [ RunTime:0.001000s ]
INFO: [ app_end ] --END-- [ RunTime:0.001000s ]

[ 2017-09-22T13:44:46+08:00 ] 127.0.0.1 /shop.php/Goods/index.html
INFO: [ app_init ] --START--
INFO: Run Behavior\BuildLiteBehavior [ RunTime:0.000000s ]
INFO: [ app_init ] --END-- [ RunTime:0.001000s ]
INFO: [ app_begin ] --START--
INFO: Run Behavior\ReadHtmlCacheBehavior [ RunTime:0.000000s ]
INFO: [ app_begin ] --END-- [ RunTime:0.000000s ]
SQL: SHOW COLUMNS FROM `wg_goods` [ RunTime:0.0030s ]
SQL: SELECT `cid` FROM `wg_goods` WHERE `shopId` = 1  [ RunTime:0.0000s ]
SQL: SHOW COLUMNS FROM `wg_goods_cate` [ RunTime:0.0580s ]
SQL: SELECT `id`,`name` FROM `wg_goods_cate` WHERE `id` IN ('4','4','6','4')  [ RunTime:0.0600s ]
INFO: [ view_parse ] --START--
INFO: [ template_filter ] --START--
INFO: Run Behavior\ContentReplaceBehavior [ RunTime:0.001000s ]
INFO: [ template_filter ] --END-- [ RunTime:0.001000s ]
INFO: Run Behavior\ParseTemplateBehavior [ RunTime:0.052003s ]
INFO: [ view_parse ] --END-- [ RunTime:0.052003s ]
INFO: [ view_filter ] --START--
INFO: Run Behavior\WriteHtmlCacheBehavior [ RunTime:0.001000s ]
INFO: [ view_filter ] --END-- [ RunTime:0.001000s ]
INFO: [ app_end ] --START--
INFO: Run Behavior\ShowPageTraceBehavior [ RunTime:0.001000s ]
INFO: [ app_end ] --END-- [ RunTime:0.001000s ]

[ 2017-09-22T13:44:46+08:00 ] 127.0.0.1 /shop.php/Goods/index.html?_search=false&nd=1506059086300&rows=10&page=1&sidx=id&sord=desc
INFO: [ app_init ] --START--
INFO: Run Behavior\BuildLiteBehavior [ RunTime:0.000000s ]
INFO: [ app_init ] --END-- [ RunTime:0.000000s ]
INFO: [ app_begin ] --START--
INFO: Run Behavior\ReadHtmlCacheBehavior [ RunTime:0.001000s ]
INFO: [ app_begin ] --END-- [ RunTime:0.001000s ]
SQL: SHOW COLUMNS FROM `wg_goods` [ RunTime:0.0030s ]
SQL: SELECT g.*,c.name as cname FROM wg_goods g left JOIN wg_goods_cate c on c.id = g.cid  WHERE `shopId` = '1' ORDER BY id desc LIMIT 0,10   [ RunTime:0.0230s ]
SQL: SELECT COUNT(*) AS tp_count FROM wg_goods g WHERE `shopId` = 1 LIMIT 1   [ RunTime:0.0010s ]

[ 2017-09-22T17:27:21+08:00 ] 127.0.0.1 /shop.php
INFO: [ app_init ] --START--
INFO: Run Behavior\BuildLiteBehavior [ RunTime:0.000000s ]
INFO: [ app_init ] --END-- [ RunTime:0.000000s ]
INFO: [ app_begin ] --START--
INFO: Run Behavior\ReadHtmlCacheBehavior [ RunTime:0.001000s ]
INFO: [ app_begin ] --END-- [ RunTime:0.001000s ]

[ 2017-09-22T17:27:21+08:00 ] 127.0.0.1 /shop.php/Login/index.html
INFO: [ app_init ] --START--
INFO: Run Behavior\BuildLiteBehavior [ RunTime:0.000000s ]
INFO: [ app_init ] --END-- [ RunTime:0.000000s ]
INFO: [ app_begin ] --START--
INFO: Run Behavior\ReadHtmlCacheBehavior [ RunTime:0.000000s ]
INFO: [ app_begin ] --END-- [ RunTime:0.000000s ]
INFO: [ view_parse ] --START--
INFO: [ template_filter ] --START--
INFO: Run Behavior\ContentReplaceBehavior [ RunTime:0.000000s ]
INFO: [ template_filter ] --END-- [ RunTime:0.000000s ]
INFO: Run Behavior\ParseTemplateBehavior [ RunTime:0.007001s ]
INFO: [ view_parse ] --END-- [ RunTime:0.007001s ]
INFO: [ view_filter ] --START--
INFO: Run Behavior\WriteHtmlCacheBehavior [ RunTime:0.001000s ]
INFO: [ view_filter ] --END-- [ RunTime:0.001000s ]
INFO: [ app_end ] --START--
INFO: Run Behavior\ShowPageTraceBehavior [ RunTime:0.001000s ]
INFO: [ app_end ] --END-- [ RunTime:0.001000s ]

[ 2017-09-22T17:27:31+08:00 ] 127.0.0.1 /shop.php/Login/loginAuth.html
INFO: [ app_init ] --START--
INFO: Run Behavior\BuildLiteBehavior [ RunTime:0.000000s ]
INFO: [ app_init ] --END-- [ RunTime:0.001000s ]
INFO: [ app_begin ] --START--
INFO: Run Behavior\ReadHtmlCacheBehavior [ RunTime:0.001000s ]
INFO: [ app_begin ] --END-- [ RunTime:0.001000s ]
SQL: SHOW COLUMNS FROM `wg_shop` [ RunTime:0.0030s ]
SQL: SELECT * FROM `wg_shop` WHERE `username` = '10001' LIMIT 1   [ RunTime:0.0000s ]

[ 2017-09-22T17:27:31+08:00 ] 127.0.0.1 /shop.php/Index/index.html
INFO: [ app_init ] --START--
INFO: Run Behavior\BuildLiteBehavior [ RunTime:0.000000s ]
INFO: [ app_init ] --END-- [ RunTime:0.000000s ]
INFO: [ app_begin ] --START--
INFO: Run Behavior\ReadHtmlCacheBehavior [ RunTime:0.001000s ]
INFO: [ app_begin ] --END-- [ RunTime:0.001000s ]
INFO: [ view_parse ] --START--
INFO: [ template_filter ] --START--
INFO: Run Behavior\ContentReplaceBehavior [ RunTime:0.000000s ]
INFO: [ template_filter ] --END-- [ RunTime:0.000000s ]
INFO: Run Behavior\ParseTemplateBehavior [ RunTime:0.013001s ]
INFO: [ view_parse ] --END-- [ RunTime:0.014001s ]
INFO: [ view_filter ] --START--
INFO: Run Behavior\WriteHtmlCacheBehavior [ RunTime:0.000000s ]
INFO: [ view_filter ] --END-- [ RunTime:0.000000s ]
INFO: [ app_end ] --START--
INFO: Run Behavior\ShowPageTraceBehavior [ RunTime:0.001000s ]
INFO: [ app_end ] --END-- [ RunTime:0.001000s ]

[ 2017-09-22T17:27:32+08:00 ] 127.0.0.1 /shop.php/Index/defaultIndex.html
INFO: [ app_init ] --START--
INFO: Run Behavior\BuildLiteBehavior [ RunTime:0.000000s ]
INFO: [ app_init ] --END-- [ RunTime:0.000000s ]
INFO: [ app_begin ] --START--
INFO: Run Behavior\ReadHtmlCacheBehavior [ RunTime:0.001000s ]
INFO: [ app_begin ] --END-- [ RunTime:0.001000s ]
SQL: SHOW COLUMNS FROM `wg_orders` [ RunTime:0.0050s ]
SQL: SHOW COLUMNS FROM `wg_orders` [ RunTime:0.0050s ]
SQL: SELECT `id`,`amount` FROM `wg_orders` WHERE ( status=2 and shipTime<1504776452 )  [ RunTime:0.0000s ]
SQL: SELECT SUM(amount) AS tp_sum FROM `wg_orders` WHERE ( status in(1,2,3,5) and shopId=1 ) LIMIT 1   [ RunTime:0.0010s ]
SQL: SELECT SUM(amount) AS tp_sum FROM `wg_orders` WHERE ( status in(1,2,3,5) and shopId=1 and createTime>=1506009600 and createTime<=1506095999 ) LIMIT 1   [ RunTime:0.0010s ]
SQL: SELECT COUNT(*) AS tp_count FROM `wg_orders` WHERE ( shopId=1 and status in(1,2,3,5) ) LIMIT 1   [ RunTime:0.0010s ]
SQL: SELECT COUNT(*) AS tp_count FROM `wg_orders` WHERE ( createTime>=1506009600 and createTime<=1506095999 and shopId=1 and status in(1,2,3,5) ) LIMIT 1   [ RunTime:0.0000s ]
SQL: SHOW COLUMNS FROM `wg_goods` [ RunTime:0.0060s ]
SQL: SELECT COUNT(*) AS tp_count FROM `wg_goods` WHERE ( shopId=1 ) LIMIT 1   [ RunTime:0.0010s ]
SQL: SELECT COUNT(*) AS tp_count FROM `wg_goods` WHERE ( createTime>=1506009600 and createTime<=1506095999 and shopId=1 ) LIMIT 1   [ RunTime:0.0010s ]
SQL: SHOW COLUMNS FROM `wg_shop_withdraw` [ RunTime:0.0070s ]
SQL: SELECT SUM(amount) AS tp_sum FROM `wg_shop_withdraw` WHERE ( shopId=1 and status=1 ) LIMIT 1   [ RunTime:0.0010s ]
SQL: SELECT COUNT(id) AS tp_count FROM `wg_orders` WHERE ( oYear=2017 and oMonth=09 and oDate=1 and shopId=1 and status in(1,2,3,5) ) LIMIT 1   [ RunTime:0.0010s ]
SQL: SELECT SUM(amount) AS tp_sum FROM `wg_orders` WHERE ( oYear=2017 and oMonth=09 and oDate=1 and shopId=1 and status in(1,2,3,5) ) LIMIT 1   [ RunTime:0.0010s ]
SQL: SELECT COUNT(id) AS tp_count FROM `wg_orders` WHERE ( oYear=2017 and oMonth=09 and oDate=2 and shopId=1 and status in(1,2,3,5) ) LIMIT 1   [ RunTime:0.0010s ]
SQL: SELECT SUM(amount) AS tp_sum FROM `wg_orders` WHERE ( oYear=2017 and oMonth=09 and oDate=2 and shopId=1 and status in(1,2,3,5) ) LIMIT 1   [ RunTime:0.0010s ]
SQL: SELECT COUNT(id) AS tp_count FROM `wg_orders` WHERE ( oYear=2017 and oMonth=09 and oDate=3 and shopId=1 and status in(1,2,3,5) ) LIMIT 1   [ RunTime:0.0010s ]
SQL: SELECT SUM(amount) AS tp_sum FROM `wg_orders` WHERE ( oYear=2017 and oMonth=09 and oDate=3 and shopId=1 and status in(1,2,3,5) ) LIMIT 1   [ RunTime:0.0010s ]
SQL: SELECT COUNT(id) AS tp_count FROM `wg_orders` WHERE ( oYear=2017 and oMonth=09 and oDate=4 and shopId=1 and status in(1,2,3,5) ) LIMIT 1   [ RunTime:0.0010s ]
SQL: SELECT SUM(amount) AS tp_sum FROM `wg_orders` WHERE ( oYear=2017 and oMonth=09 and oDate=4 and shopId=1 and status in(1,2,3,5) ) LIMIT 1   [ RunTime:0.0000s ]
SQL: SELECT COUNT(id) AS tp_count FROM `wg_orders` WHERE ( oYear=2017 and oMonth=09 and oDate=5 and shopId=1 and status in(1,2,3,5) ) LIMIT 1   [ RunTime:0.0010s ]
SQL: SELECT SUM(amount) AS tp_sum FROM `wg_orders` WHERE ( oYear=2017 and oMonth=09 and oDate=5 and shopId=1 and status in(1,2,3,5) ) LIMIT 1   [ RunTime:0.0010s ]
SQL: SELECT COUNT(id) AS tp_count FROM `wg_orders` WHERE ( oYear=2017 and oMonth=09 and oDate=6 and shopId=1 and status in(1,2,3,5) ) LIMIT 1   [ RunTime:0.0000s ]
SQL: SELECT SUM(amount) AS tp_sum FROM `wg_orders` WHERE ( oYear=2017 and oMonth=09 and oDate=6 and shopId=1 and status in(1,2,3,5) ) LIMIT 1   [ RunTime:0.0000s ]
SQL: SELECT COUNT(id) AS tp_count FROM `wg_orders` WHERE ( oYear=2017 and oMonth=09 and oDate=7 and shopId=1 and status in(1,2,3,5) ) LIMIT 1   [ RunTime:0.0010s ]
SQL: SELECT SUM(amount) AS tp_sum FROM `wg_orders` WHERE ( oYear=2017 and oMonth=09 and oDate=7 and shopId=1 and status in(1,2,3,5) ) LIMIT 1   [ RunTime:0.0010s ]
SQL: SELECT COUNT(id) AS tp_count FROM `wg_orders` WHERE ( oYear=2017 and oMonth=09 and oDate=8 and shopId=1 and status in(1,2,3,5) ) LIMIT 1   [ RunTime:0.0000s ]
SQL: SELECT SUM(amount) AS tp_sum FROM `wg_orders` WHERE ( oYear=2017 and oMonth=09 and oDate=8 and shopId=1 and status in(1,2,3,5) ) LIMIT 1   [ RunTime:0.0000s ]
SQL: SELECT COUNT(id) AS tp_count FROM `wg_orders` WHERE ( oYear=2017 and oMonth=09 and oDate=9 and shopId=1 and status in(1,2,3,5) ) LIMIT 1   [ RunTime:0.0000s ]
SQL: SELECT SUM(amount) AS tp_sum FROM `wg_orders` WHERE ( oYear=2017 and oMonth=09 and oDate=9 and shopId=1 and status in(1,2,3,5) ) LIMIT 1   [ RunTime:0.0010s ]
SQL: SELECT COUNT(id) AS tp_count FROM `wg_orders` WHERE ( oYear=2017 and oMonth=09 and oDate=10 and shopId=1 and status in(1,2,3,5) ) LIMIT 1   [ RunTime:0.0000s ]
SQL: SELECT SUM(amount) AS tp_sum FROM `wg_orders` WHERE ( oYear=2017 and oMonth=09 and oDate=10 and shopId=1 and status in(1,2,3,5) ) LIMIT 1   [ RunTime:0.0000s ]
SQL: SELECT COUNT(id) AS tp_count FROM `wg_orders` WHERE ( oYear=2017 and oMonth=09 and oDate=11 and shopId=1 and status in(1,2,3,5) ) LIMIT 1   [ RunTime:0.0000s ]
SQL: SELECT SUM(amount) AS tp_sum FROM `wg_orders` WHERE ( oYear=2017 and oMonth=09 and oDate=11 and shopId=1 and status in(1,2,3,5) ) LIMIT 1   [ RunTime:0.0000s ]
SQL: SELECT COUNT(id) AS tp_count FROM `wg_orders` WHERE ( oYear=2017 and oMonth=09 and oDate=12 and shopId=1 and status in(1,2,3,5) ) LIMIT 1   [ RunTime:0.0000s ]
SQL: SELECT SUM(amount) AS tp_sum FROM `wg_orders` WHERE ( oYear=2017 and oMonth=09 and oDate=12 and shopId=1 and status in(1,2,3,5) ) LIMIT 1   [ RunTime:0.0010s ]
SQL: SELECT COUNT(id) AS tp_count FROM `wg_orders` WHERE ( oYear=2017 and oMonth=09 and oDate=13 and shopId=1 and status in(1,2,3,5) ) LIMIT 1   [ RunTime:0.0000s ]
SQL: SELECT SUM(amount) AS tp_sum FROM `wg_orders` WHERE ( oYear=2017 and oMonth=09 and oDate=13 and shopId=1 and status in(1,2,3,5) ) LIMIT 1   [ RunTime:0.0000s ]
SQL: SELECT COUNT(id) AS tp_count FROM `wg_orders` WHERE ( oYear=2017 and oMonth=09 and oDate=14 and shopId=1 and status in(1,2,3,5) ) LIMIT 1   [ RunTime:0.0000s ]
SQL: SELECT SUM(amount) AS tp_sum FROM `wg_orders` WHERE ( oYear=2017 and oMonth=09 and oDate=14 and shopId=1 and status in(1,2,3,5) ) LIMIT 1   [ RunTime:0.0010s ]
SQL: SELECT COUNT(id) AS tp_count FROM `wg_orders` WHERE ( oYear=2017 and oMonth=09 and oDate=15 and shopId=1 and status in(1,2,3,5) ) LIMIT 1   [ RunTime:0.0000s ]
SQL: SELECT SUM(amount) AS tp_sum FROM `wg_orders` WHERE ( oYear=2017 and oMonth=09 and oDate=15 and shopId=1 and status in(1,2,3,5) ) LIMIT 1   [ RunTime:0.0000s ]
SQL: SELECT COUNT(id) AS tp_count FROM `wg_orders` WHERE ( oYear=2017 and oMonth=09 and oDate=16 and shopId=1 and status in(1,2,3,5) ) LIMIT 1   [ RunTime:0.0000s ]
SQL: SELECT SUM(amount) AS tp_sum FROM `wg_orders` WHERE ( oYear=2017 and oMonth=09 and oDate=16 and shopId=1 and status in(1,2,3,5) ) LIMIT 1   [ RunTime:0.0000s ]
SQL: SELECT COUNT(id) AS tp_count FROM `wg_orders` WHERE ( oYear=2017 and oMonth=09 and oDate=17 and shopId=1 and status in(1,2,3,5) ) LIMIT 1   [ RunTime:0.0010s ]
SQL: SELECT SUM(amount) AS tp_sum FROM `wg_orders` WHERE ( oYear=2017 and oMonth=09 and oDate=17 and shopId=1 and status in(1,2,3,5) ) LIMIT 1   [ RunTime:0.0000s ]
SQL: SELECT COUNT(id) AS tp_count FROM `wg_orders` WHERE ( oYear=2017 and oMonth=09 and oDate=18 and shopId=1 and status in(1,2,3,5) ) LIMIT 1   [ RunTime:0.0000s ]
SQL: SELECT SUM(amount) AS tp_sum FROM `wg_orders` WHERE ( oYear=2017 and oMonth=09 and oDate=18 and shopId=1 and status in(1,2,3,5) ) LIMIT 1   [ RunTime:0.0010s ]
SQL: SELECT COUNT(id) AS tp_count FROM `wg_orders` WHERE ( oYear=2017 and oMonth=09 and oDate=19 and shopId=1 and status in(1,2,3,5) ) LIMIT 1   [ RunTime:0.0000s ]
SQL: SELECT SUM(amount) AS tp_sum FROM `wg_orders` WHERE ( oYear=2017 and oMonth=09 and oDate=19 and shopId=1 and status in(1,2,3,5) ) LIMIT 1   [ RunTime:0.0000s ]
SQL: SELECT COUNT(id) AS tp_count FROM `wg_orders` WHERE ( oYear=2017 and oMonth=09 and oDate=20 and shopId=1 and status in(1,2,3,5) ) LIMIT 1   [ RunTime:0.0010s ]
SQL: SELECT SUM(amount) AS tp_sum FROM `wg_orders` WHERE ( oYear=2017 and oMonth=09 and oDate=20 and shopId=1 and status in(1,2,3,5) ) LIMIT 1   [ RunTime:0.0000s ]
SQL: SELECT COUNT(id) AS tp_count FROM `wg_orders` WHERE ( oYear=2017 and oMonth=09 and oDate=21 and shopId=1 and status in(1,2,3,5) ) LIMIT 1   [ RunTime:0.0000s ]
SQL: SELECT SUM(amount) AS tp_sum FROM `wg_orders` WHERE ( oYear=2017 and oMonth=09 and oDate=21 and shopId=1 and status in(1,2,3,5) ) LIMIT 1   [ RunTime:0.0000s ]
SQL: SELECT COUNT(id) AS tp_count FROM `wg_orders` WHERE ( oYear=2017 and oMonth=09 and oDate=22 and shopId=1 and status in(1,2,3,5) ) LIMIT 1   [ RunTime:0.0000s ]
SQL: SELECT SUM(amount) AS tp_sum FROM `wg_orders` WHERE ( oYear=2017 and oMonth=09 and oDate=22 and shopId=1 and status in(1,2,3,5) ) LIMIT 1   [ RunTime:0.0010s ]
INFO: [ view_parse ] --START--
INFO: [ template_filter ] --START--
INFO: Run Behavior\ContentReplaceBehavior [ RunTime:0.000000s ]
INFO: [ template_filter ] --END-- [ RunTime:0.000000s ]
INFO: Run Behavior\ParseTemplateBehavior [ RunTime:0.011000s ]
INFO: [ view_parse ] --END-- [ RunTime:0.011000s ]
INFO: [ view_filter ] --START--
INFO: Run Behavior\WriteHtmlCacheBehavior [ RunTime:0.001001s ]
INFO: [ view_filter ] --END-- [ RunTime:0.001001s ]
INFO: [ app_end ] --START--
INFO: Run Behavior\ShowPageTraceBehavior [ RunTime:0.001000s ]
INFO: [ app_end ] --END-- [ RunTime:0.001000s ]

[ 2017-09-22T17:27:37+08:00 ] 127.0.0.1 /shop.php/User/index.html
INFO: [ app_init ] --START--
INFO: Run Behavior\BuildLiteBehavior [ RunTime:0.000000s ]
INFO: [ app_init ] --END-- [ RunTime:0.001000s ]
INFO: [ app_begin ] --START--
INFO: Run Behavior\ReadHtmlCacheBehavior [ RunTime:0.000000s ]
INFO: [ app_begin ] --END-- [ RunTime:0.001000s ]
SQL: SHOW COLUMNS FROM `wg_shop` [ RunTime:0.0040s ]
SQL: SELECT * FROM `wg_shop` WHERE ( id=1 ) LIMIT 1   [ RunTime:0.0000s ]
SQL: SHOW COLUMNS FROM `wg_picture` [ RunTime:0.0040s ]
SQL: SELECT * FROM `wg_picture` WHERE ( sid=1 and type=2 )  [ RunTime:0.0010s ]
SQL: SELECT * FROM `wg_picture` WHERE ( sid=1 and type=3 )  [ RunTime:0.0000s ]
INFO: [ view_parse ] --START--
INFO: [ template_filter ] --START--
INFO: Run Behavior\ContentReplaceBehavior [ RunTime:0.000000s ]
INFO: [ template_filter ] --END-- [ RunTime:0.000000s ]
INFO: Run Behavior\ParseTemplateBehavior [ RunTime:0.019001s ]
INFO: [ view_parse ] --END-- [ RunTime:0.019001s ]
INFO: [ view_filter ] --START--
INFO: Run Behavior\WriteHtmlCacheBehavior [ RunTime:0.000000s ]
INFO: [ view_filter ] --END-- [ RunTime:0.001000s ]
INFO: [ app_end ] --START--
INFO: Run Behavior\ShowPageTraceBehavior [ RunTime:0.001000s ]
INFO: [ app_end ] --END-- [ RunTime:0.001000s ]

[ 2017-09-22T17:27:42+08:00 ] 127.0.0.1 /shop.php/Goods/index.html
INFO: [ app_init ] --START--
INFO: Run Behavior\BuildLiteBehavior [ RunTime:0.001000s ]
INFO: [ app_init ] --END-- [ RunTime:0.002000s ]
INFO: [ app_begin ] --START--
INFO: Run Behavior\ReadHtmlCacheBehavior [ RunTime:0.000000s ]
INFO: [ app_begin ] --END-- [ RunTime:0.001000s ]
SQL: SHOW COLUMNS FROM `wg_goods` [ RunTime:0.0040s ]
SQL: SELECT `cid` FROM `wg_goods` WHERE `shopId` = 1  [ RunTime:0.0010s ]
SQL: SHOW COLUMNS FROM `wg_goods_cate` [ RunTime:0.0040s ]
SQL: SELECT `id`,`name` FROM `wg_goods_cate` WHERE `id` IN ('4','4','6','4')  [ RunTime:0.0010s ]
INFO: [ view_parse ] --START--
INFO: [ template_filter ] --START--
INFO: Run Behavior\ContentReplaceBehavior [ RunTime:0.000000s ]
INFO: [ template_filter ] --END-- [ RunTime:0.001000s ]
INFO: Run Behavior\ParseTemplateBehavior [ RunTime:0.010001s ]
INFO: [ view_parse ] --END-- [ RunTime:0.010001s ]
INFO: [ view_filter ] --START--
INFO: Run Behavior\WriteHtmlCacheBehavior [ RunTime:0.000000s ]
INFO: [ view_filter ] --END-- [ RunTime:0.001000s ]
INFO: [ app_end ] --START--
INFO: Run Behavior\ShowPageTraceBehavior [ RunTime:0.001000s ]
INFO: [ app_end ] --END-- [ RunTime:0.001000s ]

[ 2017-09-22T17:27:42+08:00 ] 127.0.0.1 /shop.php/Goods/index.html?_search=false&nd=1506072462310&rows=10&page=1&sidx=id&sord=desc
INFO: [ app_init ] --START--
INFO: Run Behavior\BuildLiteBehavior [ RunTime:0.000000s ]
INFO: [ app_init ] --END-- [ RunTime:0.001000s ]
INFO: [ app_begin ] --START--
INFO: Run Behavior\ReadHtmlCacheBehavior [ RunTime:0.000000s ]
INFO: [ app_begin ] --END-- [ RunTime:0.001001s ]
SQL: SHOW COLUMNS FROM `wg_goods` [ RunTime:0.0040s ]
SQL: SELECT g.*,c.name as cname FROM wg_goods g left JOIN wg_goods_cate c on c.id = g.cid  WHERE `shopId` = '1' ORDER BY id desc LIMIT 0,10   [ RunTime:0.0000s ]
SQL: SELECT COUNT(*) AS tp_count FROM wg_goods g WHERE `shopId` = 1 LIMIT 1   [ RunTime:0.0000s ]

[ 2017-09-22T17:27:45+08:00 ] 127.0.0.1 /shop.php/Goods/type.html
INFO: [ app_init ] --START--
INFO: Run Behavior\BuildLiteBehavior [ RunTime:0.000000s ]
INFO: [ app_init ] --END-- [ RunTime:0.001000s ]
INFO: [ app_begin ] --START--
INFO: Run Behavior\ReadHtmlCacheBehavior [ RunTime:0.000000s ]
INFO: [ app_begin ] --END-- [ RunTime:0.000000s ]
INFO: [ view_parse ] --START--
INFO: [ template_filter ] --START--
INFO: Run Behavior\ContentReplaceBehavior [ RunTime:0.000000s ]
INFO: [ template_filter ] --END-- [ RunTime:0.000000s ]
INFO: Run Behavior\ParseTemplateBehavior [ RunTime:0.009000s ]
INFO: [ view_parse ] --END-- [ RunTime:0.009000s ]
INFO: [ view_filter ] --START--
INFO: Run Behavior\WriteHtmlCacheBehavior [ RunTime:0.000000s ]
INFO: [ view_filter ] --END-- [ RunTime:0.001000s ]
INFO: [ app_end ] --START--
INFO: Run Behavior\ShowPageTraceBehavior [ RunTime:0.001000s ]
INFO: [ app_end ] --END-- [ RunTime:0.001000s ]

[ 2017-09-22T17:27:45+08:00 ] 127.0.0.1 /shop.php/Goods/type.html?_search=false&nd=1506072465376&rows=10&page=1&sidx=id&sord=desc
INFO: [ app_init ] --START--
INFO: Run Behavior\BuildLiteBehavior [ RunTime:0.000000s ]
INFO: [ app_init ] --END-- [ RunTime:0.001000s ]
INFO: [ app_begin ] --START--
INFO: Run Behavior\ReadHtmlCacheBehavior [ RunTime:0.001000s ]
INFO: [ app_begin ] --END-- [ RunTime:0.001000s ]
SQL: SHOW COLUMNS FROM `wg_goods_type` [ RunTime:0.0610s ]
SQL: SELECT * FROM `wg_goods_type` WHERE `shopId` = 1 ORDER BY id desc LIMIT 0,10   [ RunTime:0.1820s ]
SQL: SELECT COUNT(*) AS tp_count FROM `wg_goods_type` WHERE `shopId` = 1 LIMIT 1   [ RunTime:0.0000s ]

[ 2017-09-22T17:27:53+08:00 ] 127.0.0.1 /shop.php/Order/config.html
INFO: [ app_init ] --START--
INFO: Run Behavior\BuildLiteBehavior [ RunTime:0.000000s ]
INFO: [ app_init ] --END-- [ RunTime:0.001001s ]
INFO: [ app_begin ] --START--
INFO: Run Behavior\ReadHtmlCacheBehavior [ RunTime:0.001000s ]
INFO: [ app_begin ] --END-- [ RunTime:0.001000s ]
SQL: SHOW COLUMNS FROM `wg_orders` [ RunTime:0.0040s ]
ERR: 1146:Table 'wgshop.wg_shop_send' doesn't exist
 [ SQL语句 ] : SHOW COLUMNS FROM `wg_shop_send`
ERR: 1146:Table 'wgshop.wg_shop_send' doesn't exist
 [ SQL语句 ] : SHOW COLUMNS FROM `wg_shop_send`

[ 2017-09-22T17:27:59+08:00 ] 127.0.0.1 /shop.php/Order/index.html
INFO: [ app_init ] --START--
INFO: Run Behavior\BuildLiteBehavior [ RunTime:0.000000s ]
INFO: [ app_init ] --END-- [ RunTime:0.001000s ]
INFO: [ app_begin ] --START--
INFO: Run Behavior\ReadHtmlCacheBehavior [ RunTime:0.000000s ]
INFO: [ app_begin ] --END-- [ RunTime:0.000000s ]
SQL: SHOW COLUMNS FROM `wg_orders` [ RunTime:0.0030s ]
SQL: SHOW COLUMNS FROM `wg_orders` [ RunTime:0.0030s ]
SQL: UPDATE `wg_orders` SET `status`='4' WHERE ( status=0 and createTime<1506070679 and 1=1 ) [ RunTime:0.0800s ]
SQL: SELECT `id`,`amount` FROM `wg_orders` WHERE ( status=2 and shipTime<1504776479 )  [ RunTime:0.0010s ]
INFO: [ view_parse ] --START--
INFO: [ template_filter ] --START--
INFO: Run Behavior\ContentReplaceBehavior [ RunTime:0.000000s ]
INFO: [ template_filter ] --END-- [ RunTime:0.000000s ]
INFO: Run Behavior\ParseTemplateBehavior [ RunTime:0.030002s ]
INFO: [ view_parse ] --END-- [ RunTime:0.030002s ]
INFO: [ view_filter ] --START--
INFO: Run Behavior\WriteHtmlCacheBehavior [ RunTime:0.001000s ]
INFO: [ view_filter ] --END-- [ RunTime:0.002000s ]
INFO: [ app_end ] --START--
INFO: Run Behavior\ShowPageTraceBehavior [ RunTime:0.001000s ]
INFO: [ app_end ] --END-- [ RunTime:0.002000s ]

[ 2017-09-22T17:27:59+08:00 ] 127.0.0.1 /shop.php/Order/index.html
INFO: [ app_init ] --START--
INFO: Run Behavior\BuildLiteBehavior [ RunTime:0.000000s ]
INFO: [ app_init ] --END-- [ RunTime:0.001000s ]
INFO: [ app_begin ] --START--
INFO: Run Behavior\ReadHtmlCacheBehavior [ RunTime:0.001000s ]
INFO: [ app_begin ] --END-- [ RunTime:0.001000s ]
SQL: SHOW COLUMNS FROM `wg_orders` [ RunTime:0.0040s ]
SQL: SELECT COUNT(*) AS tp_count FROM wg_orders o left JOIN wg_user as u on u.id=o.uid left JOIN wg_shop as s on s.id=o.shopId  WHERE ( shopId=1 ) LIMIT 1   [ RunTime:0.0010s ]
SQL: SELECT o.*,u.number,s.username FROM wg_orders o left JOIN wg_user as u on u.id=o.uid left JOIN wg_shop as s on s.id=o.shopId  WHERE ( shopId=1 ) ORDER BY id desc LIMIT 0,10   [ RunTime:0.0010s ]
SQL: SELECT SUM(amount) AS tp_sum FROM wg_orders o left JOIN wg_user as u on u.id=o.uid left JOIN wg_shop as s on s.id=o.shopId  WHERE ( shopId=1 ) LIMIT 1   [ RunTime:0.0010s ]
SQL: SELECT SUM(goodsAmount) AS tp_sum FROM wg_orders o left JOIN wg_user as u on u.id=o.uid left JOIN wg_shop as s on s.id=o.shopId  WHERE ( shopId=1 ) LIMIT 1   [ RunTime:0.0000s ]
NOTIC: [8] Undefined index:  D:\wamp\www\wllspace\php\wgshop\Application\Shop\Controller\OrderController.class.php 第 71 行.
NOTIC: [8] Undefined index:  D:\wamp\www\wllspace\php\wgshop\Application\Shop\Controller\OrderController.class.php 第 71 行.
NOTIC: [8] Undefined index:  D:\wamp\www\wllspace\php\wgshop\Application\Shop\Controller\OrderController.class.php 第 71 行.
NOTIC: [8] Undefined index:  D:\wamp\www\wllspace\php\wgshop\Application\Shop\Controller\OrderController.class.php 第 71 行.
NOTIC: [8] Undefined index:  D:\wamp\www\wllspace\php\wgshop\Application\Shop\Controller\OrderController.class.php 第 71 行.
NOTIC: [8] Undefined index:  D:\wamp\www\wllspace\php\wgshop\Application\Shop\Controller\OrderController.class.php 第 71 行.
NOTIC: [8] Undefined index:  D:\wamp\www\wllspace\php\wgshop\Application\Shop\Controller\OrderController.class.php 第 71 行.
NOTIC: [8] Undefined index:  D:\wamp\www\wllspace\php\wgshop\Application\Shop\Controller\OrderController.class.php 第 71 行.
NOTIC: [8] Undefined index:  D:\wamp\www\wllspace\php\wgshop\Application\Shop\Controller\OrderController.class.php 第 71 行.
NOTIC: [8] Undefined index:  D:\wamp\www\wllspace\php\wgshop\Application\Shop\Controller\OrderController.class.php 第 71 行.
INFO: [ app_end ] --START--
INFO: Run Behavior\ShowPageTraceBehavior [ RunTime:0.001000s ]
INFO: [ app_end ] --END-- [ RunTime:0.001000s ]

[ 2017-09-22T17:28:37+08:00 ] 127.0.0.1 /shop.php/Order/refund.html
INFO: [ app_init ] --START--
INFO: Run Behavior\BuildLiteBehavior [ RunTime:0.000000s ]
INFO: [ app_init ] --END-- [ RunTime:0.001000s ]
INFO: [ app_begin ] --START--
INFO: Run Behavior\ReadHtmlCacheBehavior [ RunTime:0.001000s ]
INFO: [ app_begin ] --END-- [ RunTime:0.001000s ]
SQL: SHOW COLUMNS FROM `wg_orders` [ RunTime:0.0110s ]
INFO: [ view_parse ] --START--
INFO: [ template_filter ] --START--
INFO: Run Behavior\ContentReplaceBehavior [ RunTime:0.000000s ]
INFO: [ template_filter ] --END-- [ RunTime:0.000000s ]
INFO: Run Behavior\ParseTemplateBehavior [ RunTime:0.027001s ]
INFO: [ view_parse ] --END-- [ RunTime:0.027001s ]
INFO: [ view_filter ] --START--
INFO: Run Behavior\WriteHtmlCacheBehavior [ RunTime:0.001000s ]
INFO: [ view_filter ] --END-- [ RunTime:0.001000s ]
INFO: [ app_end ] --START--
INFO: Run Behavior\ShowPageTraceBehavior [ RunTime:0.002000s ]
INFO: [ app_end ] --END-- [ RunTime:0.002000s ]

[ 2017-09-22T17:28:37+08:00 ] 127.0.0.1 /shop.php/Order/refund.html
INFO: [ app_init ] --START--
INFO: Run Behavior\BuildLiteBehavior [ RunTime:0.000000s ]
INFO: [ app_init ] --END-- [ RunTime:0.001000s ]
INFO: [ app_begin ] --START--
INFO: Run Behavior\ReadHtmlCacheBehavior [ RunTime:0.001000s ]
INFO: [ app_begin ] --END-- [ RunTime:0.001000s ]
SQL: SHOW COLUMNS FROM `wg_orders` [ RunTime:0.0030s ]
SQL: SHOW COLUMNS FROM `wg_order_refund` [ RunTime:0.0680s ]
SQL: SELECT COUNT(*) AS tp_count FROM wg_order_refund ore left JOIN wg_orders as o on o.id=ore.orderId left JOIN wg_goods as g on g.id=ore.goodsId  WHERE ( ore.shopId=1 and o.status>0  ) LIMIT 1   [ RunTime:0.0220s ]
SQL: SELECT ore.*,o.orderSn,g.name FROM wg_order_refund ore left JOIN wg_orders as o on o.id=ore.orderId left JOIN wg_goods as g on g.id=ore.goodsId  WHERE ( ore.shopId=1 and o.status>0  ) ORDER BY id desc LIMIT 0,10   [ RunTime:0.0010s ]
INFO: [ app_end ] --START--
INFO: Run Behavior\ShowPageTraceBehavior [ RunTime:0.001001s ]
INFO: [ app_end ] --END-- [ RunTime:0.003001s ]

[ 2017-09-22T17:28:44+08:00 ] 127.0.0.1 /shop.php/Order/rdetail/id/1
INFO: [ app_init ] --START--
INFO: Run Behavior\BuildLiteBehavior [ RunTime:0.000000s ]
INFO: [ app_init ] --END-- [ RunTime:0.001000s ]
INFO: [ app_begin ] --START--
INFO: Run Behavior\ReadHtmlCacheBehavior [ RunTime:0.001000s ]
INFO: [ app_begin ] --END-- [ RunTime:0.001000s ]
SQL: SHOW COLUMNS FROM `wg_orders` [ RunTime:0.0040s ]
SQL: SHOW COLUMNS FROM `wg_order_refund` [ RunTime:0.0110s ]
SQL: SELECT * FROM `wg_order_refund` WHERE `id` = 1 LIMIT 1   [ RunTime:0.0010s ]
SQL: SHOW COLUMNS FROM `wg_order_goods` [ RunTime:0.0050s ]
SQL: SELECT * FROM `wg_order_goods` WHERE `goodsId` = 1 AND `orderId` = 17 LIMIT 1   [ RunTime:0.0000s ]
SQL: SHOW COLUMNS FROM `wg_goods` [ RunTime:0.0040s ]
SQL: SELECT `img`,`name` FROM `wg_goods` WHERE `id` = 1 LIMIT 1   [ RunTime:0.0000s ]
INFO: [ view_parse ] --START--
INFO: [ template_filter ] --START--
INFO: Run Behavior\ContentReplaceBehavior [ RunTime:0.000000s ]
INFO: [ template_filter ] --END-- [ RunTime:0.001000s ]
NOTIC: [8] Undefined variable: order D:\wamp\www\wllspace\php\wgshop\Runtime\Cache\Shop\54592c462cb9fd6a3a2f48d983e40ba7.php 第 106 行.
INFO: Run Behavior\ParseTemplateBehavior [ RunTime:0.014001s ]
INFO: [ view_parse ] --END-- [ RunTime:0.014001s ]
INFO: [ view_filter ] --START--
INFO: Run Behavior\WriteHtmlCacheBehavior [ RunTime:0.001000s ]
INFO: [ view_filter ] --END-- [ RunTime:0.001000s ]
INFO: [ app_end ] --START--
INFO: Run Behavior\ShowPageTraceBehavior [ RunTime:0.000000s ]
INFO: [ app_end ] --END-- [ RunTime:0.000000s ]

[ 2017-09-22T17:28:45+08:00 ] 127.0.0.1 /shop.php/Order/refund.html
INFO: [ app_init ] --START--
INFO: Run Behavior\BuildLiteBehavior [ RunTime:0.001000s ]
INFO: [ app_init ] --END-- [ RunTime:0.002000s ]
INFO: [ app_begin ] --START--
INFO: Run Behavior\ReadHtmlCacheBehavior [ RunTime:0.001000s ]
INFO: [ app_begin ] --END-- [ RunTime:0.001000s ]
SQL: SHOW COLUMNS FROM `wg_orders` [ RunTime:0.0040s ]
SQL: SHOW COLUMNS FROM `wg_order_refund` [ RunTime:0.0040s ]
SQL: SELECT COUNT(*) AS tp_count FROM wg_order_refund ore left JOIN wg_orders as o on o.id=ore.orderId left JOIN wg_goods as g on g.id=ore.goodsId  WHERE ( ore.shopId=1 and o.status>0  ) LIMIT 1   [ RunTime:0.0010s ]
SQL: SELECT ore.*,o.orderSn,g.name FROM wg_order_refund ore left JOIN wg_orders as o on o.id=ore.orderId left JOIN wg_goods as g on g.id=ore.goodsId  WHERE ( ore.shopId=1 and o.status>0  ) ORDER BY id desc LIMIT 0,10   [ RunTime:0.0010s ]
INFO: [ app_end ] --START--
INFO: Run Behavior\ShowPageTraceBehavior [ RunTime:0.001000s ]
INFO: [ app_end ] --END-- [ RunTime:0.001000s ]

[ 2017-09-22T17:28:47+08:00 ] 127.0.0.1 /shop.php/Comment/index.html
INFO: [ app_init ] --START--
INFO: Run Behavior\BuildLiteBehavior [ RunTime:0.000000s ]
INFO: [ app_init ] --END-- [ RunTime:0.001000s ]
INFO: [ app_begin ] --START--
INFO: Run Behavior\ReadHtmlCacheBehavior [ RunTime:0.001000s ]
INFO: [ app_begin ] --END-- [ RunTime:0.001000s ]
SQL: SHOW COLUMNS FROM `wg_order_comment` [ RunTime:0.0740s ]
INFO: [ view_parse ] --START--
INFO: [ template_filter ] --START--
INFO: Run Behavior\ContentReplaceBehavior [ RunTime:0.001000s ]
INFO: [ template_filter ] --END-- [ RunTime:0.002000s ]
INFO: Run Behavior\ParseTemplateBehavior [ RunTime:0.032002s ]
INFO: [ view_parse ] --END-- [ RunTime:0.032002s ]
INFO: [ view_filter ] --START--
INFO: Run Behavior\WriteHtmlCacheBehavior [ RunTime:0.001000s ]
INFO: [ view_filter ] --END-- [ RunTime:0.001000s ]
INFO: [ app_end ] --START--
INFO: Run Behavior\ShowPageTraceBehavior [ RunTime:0.001000s ]
INFO: [ app_end ] --END-- [ RunTime:0.001000s ]

[ 2017-09-22T17:28:48+08:00 ] 127.0.0.1 /shop.php/Comment/index.html
INFO: [ app_init ] --START--
INFO: Run Behavior\BuildLiteBehavior [ RunTime:0.000000s ]
INFO: [ app_init ] --END-- [ RunTime:0.001000s ]
INFO: [ app_begin ] --START--
INFO: Run Behavior\ReadHtmlCacheBehavior [ RunTime:0.001000s ]
INFO: [ app_begin ] --END-- [ RunTime:0.001000s ]
SQL: SHOW COLUMNS FROM `wg_order_comment` [ RunTime:0.0030s ]
SQL: SELECT COUNT(*) AS tp_count FROM wg_order_comment oc left JOIN wg_orders as o on o.id=oc.orderId left JOIN wg_user as u on u.id=oc.uid left JOIN wg_shop as s on s.id=oc.shopId left JOIN wg_goods as g on g.id=oc.goodsId  WHERE ( oc.shopId=1 ) LIMIT 1   [ RunTime:0.0090s ]
SQL: SELECT oc.*,o.orderSn,u.number,s.username,g.name FROM wg_order_comment oc left JOIN wg_orders as o on o.id=oc.orderId left JOIN wg_user as u on u.id=oc.uid left JOIN wg_shop as s on s.id=oc.shopId left JOIN wg_goods as g on g.id=oc.goodsId  WHERE ( oc.shopId=1 ) ORDER BY id desc LIMIT 0,10   [ RunTime:0.0010s ]
INFO: [ app_end ] --START--
INFO: Run Behavior\ShowPageTraceBehavior [ RunTime:0.001000s ]
INFO: [ app_end ] --END-- [ RunTime:0.001000s ]

[ 2017-09-22T17:28:49+08:00 ] 127.0.0.1 /shop.php/Finance/index.html
INFO: [ app_init ] --START--
INFO: Run Behavior\BuildLiteBehavior [ RunTime:0.000000s ]
INFO: [ app_init ] --END-- [ RunTime:0.001000s ]
INFO: [ app_begin ] --START--
INFO: Run Behavior\ReadHtmlCacheBehavior [ RunTime:0.000000s ]
INFO: [ app_begin ] --END-- [ RunTime:0.002000s ]
SQL: SHOW COLUMNS FROM `wg_shop` [ RunTime:0.0030s ]
SQL: SELECT * FROM `wg_shop` WHERE ( id=1 ) LIMIT 1   [ RunTime:0.0010s ]
NOTIC: [8] Undefined index: bank D:\wamp\www\wllspace\php\wgshop\Application\Shop\Controller\FinanceController.class.php 第 25 行.
INFO: [ view_parse ] --START--
INFO: [ template_filter ] --START--
INFO: Run Behavior\ContentReplaceBehavior [ RunTime:0.000000s ]
INFO: [ template_filter ] --END-- [ RunTime:0.000000s ]
NOTIC: [8] Undefined index: wechat D:\wamp\www\wllspace\php\wgshop\Runtime\Cache\Shop\0c28cc8475c05c9658cbb8e41e518716.php 第 62 行.
NOTIC: [8] Undefined index: alipay D:\wamp\www\wllspace\php\wgshop\Runtime\Cache\Shop\0c28cc8475c05c9658cbb8e41e518716.php 第 63 行.
INFO: Run Behavior\ParseTemplateBehavior [ RunTime:0.022001s ]
INFO: [ view_parse ] --END-- [ RunTime:0.022001s ]
INFO: [ view_filter ] --START--
INFO: Run Behavior\WriteHtmlCacheBehavior [ RunTime:0.000000s ]
INFO: [ view_filter ] --END-- [ RunTime:0.001000s ]
INFO: [ app_end ] --START--
INFO: Run Behavior\ShowPageTraceBehavior [ RunTime:0.000000s ]
INFO: [ app_end ] --END-- [ RunTime:0.001000s ]

[ 2017-09-22T17:28:51+08:00 ] 127.0.0.1 /shop.php/Finance/withdraw.html
INFO: [ app_init ] --START--
INFO: Run Behavior\BuildLiteBehavior [ RunTime:0.000000s ]
INFO: [ app_init ] --END-- [ RunTime:0.001000s ]
INFO: [ app_begin ] --START--
INFO: Run Behavior\ReadHtmlCacheBehavior [ RunTime:0.001000s ]
INFO: [ app_begin ] --END-- [ RunTime:0.001000s ]
INFO: [ view_parse ] --START--
INFO: [ template_filter ] --START--
INFO: Run Behavior\ContentReplaceBehavior [ RunTime:0.001000s ]
INFO: [ template_filter ] --END-- [ RunTime:0.001000s ]
INFO: Run Behavior\ParseTemplateBehavior [ RunTime:0.008001s ]
INFO: [ view_parse ] --END-- [ RunTime:0.009001s ]
INFO: [ view_filter ] --START--
INFO: Run Behavior\WriteHtmlCacheBehavior [ RunTime:0.001000s ]
INFO: [ view_filter ] --END-- [ RunTime:0.001000s ]
INFO: [ app_end ] --START--
INFO: Run Behavior\ShowPageTraceBehavior [ RunTime:0.000000s ]
INFO: [ app_end ] --END-- [ RunTime:0.001000s ]

[ 2017-09-22T17:28:51+08:00 ] 127.0.0.1 /shop.php/Finance/withdraw.html
INFO: [ app_init ] --START--
INFO: Run Behavior\BuildLiteBehavior [ RunTime:0.000000s ]
INFO: [ app_init ] --END-- [ RunTime:0.001000s ]
INFO: [ app_begin ] --START--
INFO: Run Behavior\ReadHtmlCacheBehavior [ RunTime:0.001000s ]
INFO: [ app_begin ] --END-- [ RunTime:0.001000s ]
SQL: SHOW COLUMNS FROM `wg_shop_withdraw` [ RunTime:0.0030s ]
SQL: SELECT COUNT(*) AS tp_count FROM wg_shop_withdraw sw left JOIN wg_shop as s on s.id=sw.shopId  WHERE ( 1=1 and shopId=1 ) LIMIT 1   [ RunTime:0.0000s ]
SQL: SELECT sw.*,s.username FROM wg_shop_withdraw sw left JOIN wg_shop as s on s.id=sw.shopId  WHERE ( 1=1 and shopId=1 ) ORDER BY id desc LIMIT 0,10   [ RunTime:0.0400s ]
INFO: [ app_end ] --START--
INFO: Run Behavior\ShowPageTraceBehavior [ RunTime:0.001000s ]
INFO: [ app_end ] --END-- [ RunTime:0.001000s ]

[ 2017-09-22T17:28:53+08:00 ] 127.0.0.1 /shop.php/Finance/apply
INFO: [ app_init ] --START--
INFO: Run Behavior\BuildLiteBehavior [ RunTime:0.000000s ]
INFO: [ app_init ] --END-- [ RunTime:0.001000s ]
INFO: [ app_begin ] --START--
INFO: Run Behavior\ReadHtmlCacheBehavior [ RunTime:0.001000s ]
INFO: [ app_begin ] --END-- [ RunTime:0.001000s ]
SQL: SHOW COLUMNS FROM `wg_shop` [ RunTime:0.0040s ]
SQL: SHOW COLUMNS FROM `wg_orders` [ RunTime:0.0040s ]
SQL: SELECT SUM(setMoney) AS tp_sum FROM `wg_orders` WHERE ( shopId=1 ) LIMIT 1   [ RunTime:0.0000s ]
SQL: SHOW COLUMNS FROM `wg_shop_withdraw` [ RunTime:0.0040s ]
SQL: SELECT SUM(amount) AS tp_sum FROM `wg_shop_withdraw` WHERE ( shopId=1 and status<2 ) LIMIT 1   [ RunTime:0.0000s ]
SQL: SHOW COLUMNS FROM `wg_user_money` [ RunTime:0.0040s ]
SQL: SELECT SUM(cmoney) AS tp_sum FROM `wg_user_money` WHERE ( shopId=1 and type=1 ) LIMIT 1   [ RunTime:0.0030s ]
SQL: SHOW COLUMNS FROM `wg_shop` [ RunTime:0.0040s ]
SQL: SELECT * FROM `wg_shop` WHERE ( id=1 ) LIMIT 1   [ RunTime:0.0010s ]
INFO: [ view_parse ] --START--
INFO: [ template_filter ] --START--
INFO: Run Behavior\ContentReplaceBehavior [ RunTime:0.000000s ]
INFO: [ template_filter ] --END-- [ RunTime:0.001000s ]
INFO: Run Behavior\ParseTemplateBehavior [ RunTime:0.014000s ]
INFO: [ view_parse ] --END-- [ RunTime:0.014000s ]
INFO: [ view_filter ] --START--
INFO: Run Behavior\WriteHtmlCacheBehavior [ RunTime:0.001000s ]
INFO: [ view_filter ] --END-- [ RunTime:0.001000s ]
INFO: [ app_end ] --START--
INFO: Run Behavior\ShowPageTraceBehavior [ RunTime:0.001001s ]
INFO: [ app_end ] --END-- [ RunTime:0.001001s ]

[ 2017-09-22T17:28:59+08:00 ] 127.0.0.1 /shop.php/Finance/withdraw.html
INFO: [ app_init ] --START--
INFO: Run Behavior\BuildLiteBehavior [ RunTime:0.001000s ]
INFO: [ app_init ] --END-- [ RunTime:0.001000s ]
INFO: [ app_begin ] --START--
INFO: Run Behavior\ReadHtmlCacheBehavior [ RunTime:0.001000s ]
INFO: [ app_begin ] --END-- [ RunTime:0.002000s ]
SQL: SHOW COLUMNS FROM `wg_shop_withdraw` [ RunTime:0.0070s ]
SQL: SELECT COUNT(*) AS tp_count FROM wg_shop_withdraw sw left JOIN wg_shop as s on s.id=sw.shopId  WHERE ( 1=1 and shopId=1 ) LIMIT 1   [ RunTime:0.0000s ]
SQL: SELECT sw.*,s.username FROM wg_shop_withdraw sw left JOIN wg_shop as s on s.id=sw.shopId  WHERE ( 1=1 and shopId=1 ) ORDER BY id desc LIMIT 0,10   [ RunTime:0.0010s ]
INFO: [ app_end ] --START--
INFO: Run Behavior\ShowPageTraceBehavior [ RunTime:0.001000s ]
INFO: [ app_end ] --END-- [ RunTime:0.002000s ]

[ 2017-09-22T17:29:01+08:00 ] 127.0.0.1 /shop.php/Order/statis.html
INFO: [ app_init ] --START--
INFO: Run Behavior\BuildLiteBehavior [ RunTime:0.000000s ]
INFO: [ app_init ] --END-- [ RunTime:0.000000s ]
INFO: [ app_begin ] --START--
INFO: Run Behavior\ReadHtmlCacheBehavior [ RunTime:0.001000s ]
INFO: [ app_begin ] --END-- [ RunTime:0.001000s ]
SQL: SHOW COLUMNS FROM `wg_orders` [ RunTime:0.0040s ]
INFO: [ view_parse ] --START--
INFO: [ template_filter ] --START--
INFO: Run Behavior\ContentReplaceBehavior [ RunTime:0.000000s ]
INFO: [ template_filter ] --END-- [ RunTime:0.000000s ]
INFO: Run Behavior\ParseTemplateBehavior [ RunTime:0.008001s ]
INFO: [ view_parse ] --END-- [ RunTime:0.008001s ]
INFO: [ view_filter ] --START--
INFO: Run Behavior\WriteHtmlCacheBehavior [ RunTime:0.001000s ]
INFO: [ view_filter ] --END-- [ RunTime:0.001000s ]
INFO: [ app_end ] --START--
INFO: Run Behavior\ShowPageTraceBehavior [ RunTime:0.001000s ]
INFO: [ app_end ] --END-- [ RunTime:0.001000s ]

[ 2017-09-22T17:29:26+08:00 ] 127.0.0.1 /index.php/Shop/Goods/spec/tid/8
INFO: [ app_init ] --START--
INFO: Run Behavior\BuildLiteBehavior [ RunTime:0.000000s ]
INFO: [ app_init ] --END-- [ RunTime:0.000000s ]
INFO: [ app_begin ] --START--
INFO: Run Behavior\ReadHtmlCacheBehavior [ RunTime:0.001000s ]
INFO: [ app_begin ] --END-- [ RunTime:0.001000s ]
INFO: [ view_parse ] --START--
INFO: [ template_filter ] --START--
INFO: Run Behavior\ContentReplaceBehavior [ RunTime:0.000000s ]
INFO: [ template_filter ] --END-- [ RunTime:0.000000s ]
INFO: Run Behavior\ParseTemplateBehavior [ RunTime:0.021001s ]
INFO: [ view_parse ] --END-- [ RunTime:0.021001s ]
INFO: [ view_filter ] --START--
INFO: Run Behavior\WriteHtmlCacheBehavior [ RunTime:0.000000s ]
INFO: [ view_filter ] --END-- [ RunTime:0.000000s ]
INFO: [ app_end ] --START--
INFO: Run Behavior\ShowPageTraceBehavior [ RunTime:0.000000s ]
INFO: [ app_end ] --END-- [ RunTime:0.001000s ]

[ 2017-09-22T17:29:26+08:00 ] 127.0.0.1 /index.php/Shop/Goods/spec/tid/8.html?_search=false&nd=1506072566378&rows=10&page=1&sidx=sorts&sord=asc
INFO: [ app_init ] --START--
INFO: Run Behavior\BuildLiteBehavior [ RunTime:0.000000s ]
INFO: [ app_init ] --END-- [ RunTime:0.001000s ]
INFO: [ app_begin ] --START--
INFO: Run Behavior\ReadHtmlCacheBehavior [ RunTime:0.000000s ]
INFO: [ app_begin ] --END-- [ RunTime:0.001000s ]
SQL: SHOW COLUMNS FROM `wg_spec` [ RunTime:0.0600s ]
SQL: SELECT * FROM `wg_spec` WHERE `typeId` = 8 ORDER BY sorts asc LIMIT 0,10   [ RunTime:0.0050s ]
SQL: SHOW COLUMNS FROM `wg_spec` [ RunTime:0.0070s ]
SQL: SHOW COLUMNS FROM `wg_spec_item` [ RunTime:0.0150s ]
SQL: SELECT `item` FROM `wg_spec_item` WHERE `specId` = 5  [ RunTime:0.0160s ]
SQL: SELECT COUNT(*) AS tp_count FROM `wg_spec` WHERE `typeId` = 8 LIMIT 1   [ RunTime:0.0100s ]

[ 2017-09-22T17:29:28+08:00 ] 127.0.0.1 /index.php/Shop/Goods/spec/tid/8.html
INFO: [ app_init ] --START--
INFO: Run Behavior\BuildLiteBehavior [ RunTime:0.000000s ]
INFO: [ app_init ] --END-- [ RunTime:0.001000s ]
INFO: [ app_begin ] --START--
INFO: Run Behavior\ReadHtmlCacheBehavior [ RunTime:0.001000s ]
INFO: [ app_begin ] --END-- [ RunTime:0.001000s ]
SQL: SHOW COLUMNS FROM `wg_spec` [ RunTime:0.0040s ]
SQL: SELECT * FROM `wg_spec` WHERE `typeId` = 8 ORDER BY id desc LIMIT 0,10   [ RunTime:0.0000s ]
SQL: SHOW COLUMNS FROM `wg_spec` [ RunTime:0.0040s ]
SQL: SHOW COLUMNS FROM `wg_spec_item` [ RunTime:0.0030s ]
SQL: SELECT `item` FROM `wg_spec_item` WHERE `specId` = 5  [ RunTime:0.0000s ]
SQL: SELECT COUNT(*) AS tp_count FROM `wg_spec` WHERE `typeId` = 8 LIMIT 1   [ RunTime:0.0010s ]

[ 2017-09-22T17:29:30+08:00 ] 127.0.0.1 /shop.php/Goods/type.html?_search=false&nd=1506072570570&rows=10&page=1&sidx=id&sord=desc
INFO: [ app_init ] --START--
INFO: Run Behavior\BuildLiteBehavior [ RunTime:0.000000s ]
INFO: [ app_init ] --END-- [ RunTime:0.001000s ]
INFO: [ app_begin ] --START--
INFO: Run Behavior\ReadHtmlCacheBehavior [ RunTime:0.001001s ]
INFO: [ app_begin ] --END-- [ RunTime:0.001001s ]
SQL: SHOW COLUMNS FROM `wg_goods_type` [ RunTime:0.0110s ]
SQL: SELECT * FROM `wg_goods_type` WHERE `shopId` = 1 ORDER BY id desc LIMIT 0,10   [ RunTime:0.0000s ]
SQL: SELECT COUNT(*) AS tp_count FROM `wg_goods_type` WHERE `shopId` = 1 LIMIT 1   [ RunTime:0.0010s ]

[ 2017-09-22T17:29:57+08:00 ] 127.0.0.1 /shop.php/Goods/type.html
INFO: [ app_init ] --START--
INFO: Run Behavior\BuildLiteBehavior [ RunTime:0.000000s ]
INFO: [ app_init ] --END-- [ RunTime:0.001000s ]
INFO: [ app_begin ] --START--
INFO: Run Behavior\ReadHtmlCacheBehavior [ RunTime:0.002000s ]
INFO: [ app_begin ] --END-- [ RunTime:0.002000s ]
INFO: [ view_parse ] --START--
INFO: [ template_filter ] --START--
INFO: Run Behavior\ContentReplaceBehavior [ RunTime:0.000000s ]
INFO: [ template_filter ] --END-- [ RunTime:0.000000s ]
INFO: Run Behavior\ParseTemplateBehavior [ RunTime:0.010001s ]
INFO: [ view_parse ] --END-- [ RunTime:0.011001s ]
INFO: [ view_filter ] --START--
INFO: Run Behavior\WriteHtmlCacheBehavior [ RunTime:0.000000s ]
INFO: [ view_filter ] --END-- [ RunTime:0.001000s ]
INFO: [ app_end ] --START--
INFO: Run Behavior\ShowPageTraceBehavior [ RunTime:0.001000s ]
INFO: [ app_end ] --END-- [ RunTime:0.001000s ]

[ 2017-09-22T17:29:57+08:00 ] 127.0.0.1 /shop.php/Goods/type.html?_search=false&nd=1506072597160&rows=10&page=1&sidx=id&sord=desc
INFO: [ app_init ] --START--
INFO: Run Behavior\BuildLiteBehavior [ RunTime:0.001000s ]
INFO: [ app_init ] --END-- [ RunTime:0.001000s ]
INFO: [ app_begin ] --START--
INFO: Run Behavior\ReadHtmlCacheBehavior [ RunTime:0.001000s ]
INFO: [ app_begin ] --END-- [ RunTime:0.001000s ]
SQL: SHOW COLUMNS FROM `wg_goods_type` [ RunTime:0.0050s ]
SQL: SELECT * FROM `wg_goods_type` WHERE `shopId` = 1 ORDER BY id desc LIMIT 0,10   [ RunTime:0.0000s ]
SQL: SELECT COUNT(*) AS tp_count FROM `wg_goods_type` WHERE `shopId` = 1 LIMIT 1   [ RunTime:0.0000s ]

[ 2017-09-22T17:29:59+08:00 ] 127.0.0.1 /shop.php/Goods/index.html
INFO: [ app_init ] --START--
INFO: Run Behavior\BuildLiteBehavior [ RunTime:0.000000s ]
INFO: [ app_init ] --END-- [ RunTime:0.001000s ]
INFO: [ app_begin ] --START--
INFO: Run Behavior\ReadHtmlCacheBehavior [ RunTime:0.001000s ]
INFO: [ app_begin ] --END-- [ RunTime:0.001000s ]
SQL: SHOW COLUMNS FROM `wg_goods` [ RunTime:0.0030s ]
SQL: SELECT `cid` FROM `wg_goods` WHERE `shopId` = 1  [ RunTime:0.0000s ]
SQL: SHOW COLUMNS FROM `wg_goods_cate` [ RunTime:0.0030s ]
SQL: SELECT `id`,`name` FROM `wg_goods_cate` WHERE `id` IN ('4','4','6','4')  [ RunTime:0.0000s ]
INFO: [ view_parse ] --START--
INFO: [ template_filter ] --START--
INFO: Run Behavior\ContentReplaceBehavior [ RunTime:0.000000s ]
INFO: [ template_filter ] --END-- [ RunTime:0.000000s ]
INFO: Run Behavior\ParseTemplateBehavior [ RunTime:0.011001s ]
INFO: [ view_parse ] --END-- [ RunTime:0.011001s ]
INFO: [ view_filter ] --START--
INFO: Run Behavior\WriteHtmlCacheBehavior [ RunTime:0.001000s ]
INFO: [ view_filter ] --END-- [ RunTime:0.001000s ]
INFO: [ app_end ] --START--
INFO: Run Behavior\ShowPageTraceBehavior [ RunTime:0.001000s ]
INFO: [ app_end ] --END-- [ RunTime:0.001000s ]

[ 2017-09-22T17:29:59+08:00 ] 127.0.0.1 /shop.php/Goods/index.html?_search=false&nd=1506072599587&rows=10&page=1&sidx=id&sord=desc
INFO: [ app_init ] --START--
INFO: Run Behavior\BuildLiteBehavior [ RunTime:0.001000s ]
INFO: [ app_init ] --END-- [ RunTime:0.001000s ]
INFO: [ app_begin ] --START--
INFO: Run Behavior\ReadHtmlCacheBehavior [ RunTime:0.001001s ]
INFO: [ app_begin ] --END-- [ RunTime:0.001001s ]
SQL: SHOW COLUMNS FROM `wg_goods` [ RunTime:0.0030s ]
SQL: SELECT g.*,c.name as cname FROM wg_goods g left JOIN wg_goods_cate c on c.id = g.cid  WHERE `shopId` = '1' ORDER BY id desc LIMIT 0,10   [ RunTime:0.0020s ]
SQL: SELECT COUNT(*) AS tp_count FROM wg_goods g WHERE `shopId` = 1 LIMIT 1   [ RunTime:0.0010s ]

[ 2017-09-22T17:30:04+08:00 ] 127.0.0.1 /index.php/Shop/Goods/spec/tid/6
INFO: [ app_init ] --START--
INFO: Run Behavior\BuildLiteBehavior [ RunTime:0.000000s ]
INFO: [ app_init ] --END-- [ RunTime:0.001000s ]
INFO: [ app_begin ] --START--
INFO: Run Behavior\ReadHtmlCacheBehavior [ RunTime:0.000000s ]
INFO: [ app_begin ] --END-- [ RunTime:0.001000s ]
INFO: [ view_parse ] --START--
INFO: [ template_filter ] --START--
INFO: Run Behavior\ContentReplaceBehavior [ RunTime:0.000000s ]
INFO: [ template_filter ] --END-- [ RunTime:0.000000s ]
INFO: Run Behavior\ParseTemplateBehavior [ RunTime:0.010000s ]
INFO: [ view_parse ] --END-- [ RunTime:0.010000s ]
INFO: [ view_filter ] --START--
INFO: Run Behavior\WriteHtmlCacheBehavior [ RunTime:0.000000s ]
INFO: [ view_filter ] --END-- [ RunTime:0.000000s ]
INFO: [ app_end ] --START--
INFO: Run Behavior\ShowPageTraceBehavior [ RunTime:0.000000s ]
INFO: [ app_end ] --END-- [ RunTime:0.000000s ]

[ 2017-09-22T17:30:05+08:00 ] 127.0.0.1 /index.php/Shop/Goods/spec/tid/6.html?_search=false&nd=1506072605012&rows=10&page=1&sidx=sorts&sord=asc
INFO: [ app_init ] --START--
INFO: Run Behavior\BuildLiteBehavior [ RunTime:0.000000s ]
INFO: [ app_init ] --END-- [ RunTime:0.000000s ]
INFO: [ app_begin ] --START--
INFO: Run Behavior\ReadHtmlCacheBehavior [ RunTime:0.000000s ]
INFO: [ app_begin ] --END-- [ RunTime:0.000000s ]
SQL: SHOW COLUMNS FROM `wg_spec` [ RunTime:0.0040s ]
SQL: SELECT * FROM `wg_spec` WHERE `typeId` = 6 ORDER BY sorts asc LIMIT 0,10   [ RunTime:0.0010s ]
SQL: SELECT COUNT(*) AS tp_count FROM `wg_spec` WHERE `typeId` = 6 LIMIT 1   [ RunTime:0.0010s ]

[ 2017-09-22T17:30:07+08:00 ] 127.0.0.1 /index.php/Shop/Goods/addSpec/tid/6
INFO: [ app_init ] --START--
INFO: Run Behavior\BuildLiteBehavior [ RunTime:0.000000s ]
INFO: [ app_init ] --END-- [ RunTime:0.001000s ]
INFO: [ app_begin ] --START--
INFO: Run Behavior\ReadHtmlCacheBehavior [ RunTime:0.002000s ]
INFO: [ app_begin ] --END-- [ RunTime:0.002000s ]
INFO: [ view_parse ] --START--
INFO: [ template_filter ] --START--
INFO: Run Behavior\ContentReplaceBehavior [ RunTime:0.000000s ]
INFO: [ template_filter ] --END-- [ RunTime:0.001000s ]
INFO: Run Behavior\ParseTemplateBehavior [ RunTime:0.013000s ]
INFO: [ view_parse ] --END-- [ RunTime:0.013000s ]
INFO: [ view_filter ] --START--
INFO: Run Behavior\WriteHtmlCacheBehavior [ RunTime:0.002000s ]
INFO: [ view_filter ] --END-- [ RunTime:0.002000s ]
INFO: [ app_end ] --START--
INFO: Run Behavior\ShowPageTraceBehavior [ RunTime:0.000000s ]
INFO: [ app_end ] --END-- [ RunTime:0.001001s ]

[ 2017-09-22T17:30:10+08:00 ] 127.0.0.1 /index.php/Shop/Goods/spec/tid/6.html?_search=false&nd=1506072610664&rows=10&page=1&sidx=sorts&sord=asc
INFO: [ app_init ] --START--
INFO: Run Behavior\BuildLiteBehavior [ RunTime:0.000000s ]
INFO: [ app_init ] --END-- [ RunTime:0.000000s ]
INFO: [ app_begin ] --START--
INFO: Run Behavior\ReadHtmlCacheBehavior [ RunTime:0.001000s ]
INFO: [ app_begin ] --END-- [ RunTime:0.001000s ]
SQL: SHOW COLUMNS FROM `wg_spec` [ RunTime:0.0040s ]
SQL: SELECT * FROM `wg_spec` WHERE `typeId` = 6 ORDER BY sorts asc LIMIT 0,10   [ RunTime:0.0000s ]
SQL: SELECT COUNT(*) AS tp_count FROM `wg_spec` WHERE `typeId` = 6 LIMIT 1   [ RunTime:0.0000s ]

[ 2017-09-22T17:30:11+08:00 ] 127.0.0.1 /shop.php/Goods/type.html?_search=false&nd=1506072611614&rows=10&page=1&sidx=id&sord=desc
INFO: [ app_init ] --START--
INFO: Run Behavior\BuildLiteBehavior [ RunTime:0.000000s ]
INFO: [ app_init ] --END-- [ RunTime:0.001000s ]
INFO: [ app_begin ] --START--
INFO: Run Behavior\ReadHtmlCacheBehavior [ RunTime:0.001000s ]
INFO: [ app_begin ] --END-- [ RunTime:0.002000s ]
SQL: SHOW COLUMNS FROM `wg_goods_type` [ RunTime:0.0020s ]
SQL: SELECT * FROM `wg_goods_type` WHERE `shopId` = 1 ORDER BY id desc LIMIT 0,10   [ RunTime:0.0000s ]
SQL: SELECT COUNT(*) AS tp_count FROM `wg_goods_type` WHERE `shopId` = 1 LIMIT 1   [ RunTime:0.0010s ]

[ 2017-09-22T17:30:12+08:00 ] 127.0.0.1 /index.php/Shop/Goods/addType/id/6
INFO: [ app_init ] --START--
INFO: Run Behavior\BuildLiteBehavior [ RunTime:0.000000s ]
INFO: [ app_init ] --END-- [ RunTime:0.001000s ]
INFO: [ app_begin ] --START--
INFO: Run Behavior\ReadHtmlCacheBehavior [ RunTime:0.001000s ]
INFO: [ app_begin ] --END-- [ RunTime:0.001000s ]
SQL: SHOW COLUMNS FROM `wg_goods_type` [ RunTime:0.0060s ]
SQL: SELECT * FROM `wg_goods_type` WHERE `id` = 6 LIMIT 1   [ RunTime:0.0010s ]
INFO: [ view_parse ] --START--
INFO: [ template_filter ] --START--
INFO: Run Behavior\ContentReplaceBehavior [ RunTime:0.000000s ]
INFO: [ template_filter ] --END-- [ RunTime:0.000000s ]
INFO: Run Behavior\ParseTemplateBehavior [ RunTime:0.019001s ]
INFO: [ view_parse ] --END-- [ RunTime:0.020001s ]
INFO: [ view_filter ] --START--
INFO: Run Behavior\WriteHtmlCacheBehavior [ RunTime:0.001000s ]
INFO: [ view_filter ] --END-- [ RunTime:0.001000s ]
INFO: [ app_end ] --START--
INFO: Run Behavior\ShowPageTraceBehavior [ RunTime:0.001000s ]
INFO: [ app_end ] --END-- [ RunTime:0.001000s ]

[ 2017-09-22T17:30:15+08:00 ] 127.0.0.1 /shop.php/Goods/type.html?_search=false&nd=1506072615124&rows=10&page=1&sidx=id&sord=desc
INFO: [ app_init ] --START--
INFO: Run Behavior\BuildLiteBehavior [ RunTime:0.000000s ]
INFO: [ app_init ] --END-- [ RunTime:0.001000s ]
INFO: [ app_begin ] --START--
INFO: Run Behavior\ReadHtmlCacheBehavior [ RunTime:0.001000s ]
INFO: [ app_begin ] --END-- [ RunTime:0.001000s ]
SQL: SHOW COLUMNS FROM `wg_goods_type` [ RunTime:0.0030s ]
SQL: SELECT * FROM `wg_goods_type` WHERE `shopId` = 1 ORDER BY id desc LIMIT 0,10   [ RunTime:0.0000s ]
SQL: SELECT COUNT(*) AS tp_count FROM `wg_goods_type` WHERE `shopId` = 1 LIMIT 1   [ RunTime:0.0000s ]

[ 2017-09-22T17:38:59+08:00 ] 127.0.0.1 /shop.php/Login/logout.html
INFO: [ app_init ] --START--
INFO: Run Behavior\BuildLiteBehavior [ RunTime:0.000000s ]
INFO: [ app_init ] --END-- [ RunTime:0.001000s ]
INFO: [ app_begin ] --START--
INFO: Run Behavior\ReadHtmlCacheBehavior [ RunTime:0.000000s ]
INFO: [ app_begin ] --END-- [ RunTime:0.001000s ]

[ 2017-09-22T17:38:59+08:00 ] 127.0.0.1 /shop.php/Login/index.html
INFO: [ app_init ] --START--
INFO: Run Behavior\BuildLiteBehavior [ RunTime:0.000000s ]
INFO: [ app_init ] --END-- [ RunTime:0.000000s ]
INFO: [ app_begin ] --START--
INFO: Run Behavior\ReadHtmlCacheBehavior [ RunTime:0.000000s ]
INFO: [ app_begin ] --END-- [ RunTime:0.001000s ]
INFO: [ view_parse ] --START--
INFO: [ template_filter ] --START--
INFO: Run Behavior\ContentReplaceBehavior [ RunTime:0.000000s ]
INFO: [ template_filter ] --END-- [ RunTime:0.000000s ]
INFO: Run Behavior\ParseTemplateBehavior [ RunTime:0.008001s ]
INFO: [ view_parse ] --END-- [ RunTime:0.009001s ]
INFO: [ view_filter ] --START--
INFO: Run Behavior\WriteHtmlCacheBehavior [ RunTime:0.000000s ]
INFO: [ view_filter ] --END-- [ RunTime:0.000000s ]
INFO: [ app_end ] --START--
INFO: Run Behavior\ShowPageTraceBehavior [ RunTime:0.001000s ]
INFO: [ app_end ] --END-- [ RunTime:0.001000s ]

