[ 2017-09-15T17:14:54+08:00 ] 127.0.0.1 /index.php/Shop/Goods/addGoods
INFO: [ app_init ] --START--
INFO: Run Behavior\BuildLiteBehavior [ RunTime:0.000000s ]
INFO: [ app_init ] --END-- [ RunTime:0.001000s ]
INFO: [ app_begin ] --START--
INFO: Run Behavior\ReadHtmlCacheBehavior [ RunTime:0.000000s ]
INFO: [ app_begin ] --END-- [ RunTime:0.000000s ]
SQL: SHOW COLUMNS FROM `wg_shop` [ RunTime:0.0070s ]
SQL: SELECT `provinces` FROM `wg_shop` WHERE `id` = 2 LIMIT 1   [ RunTime:0.0000s ]
SQL: SHOW COLUMNS FROM `wg_goods_cate` [ RunTime:0.0040s ]
SQL: SELECT `id`,`name` FROM `wg_goods_cate` WHERE `status` = 1 AND `fid` = 0 ORDER BY sorts asc,id asc  [ RunTime:0.0010s ]
SQL: SHOW COLUMNS FROM `wg_goods_type` [ RunTime:0.0030s ]
SQL: SELECT * FROM `wg_goods_type` WHERE `shopId` = 2 AND `status` = 1  [ RunTime:0.0000s ]
DEBUG: Array
(
)

INFO: [ view_parse ] --START--
INFO: [ template_filter ] --START--
INFO: Run Behavior\ContentReplaceBehavior [ RunTime:0.000000s ]
INFO: [ template_filter ] --END-- [ RunTime:0.001000s ]
NOTIC: [8] Undefined variable: info D:\wamp\www\wllspace\php\wgshop\Runtime\Cache\Shop\369c072fb2adede20caee87196723da4.php 第 256 行.
NOTIC: [8] Undefined variable: info D:\wamp\www\wllspace\php\wgshop\Runtime\Cache\Shop\369c072fb2adede20caee87196723da4.php 第 257 行.
NOTIC: [8] Undefined variable: info D:\wamp\www\wllspace\php\wgshop\Runtime\Cache\Shop\369c072fb2adede20caee87196723da4.php 第 267 行.
INFO: Run Behavior\ParseTemplateBehavior [ RunTime:0.025001s ]
INFO: [ view_parse ] --END-- [ RunTime:0.025001s ]
INFO: [ view_filter ] --START--
INFO: Run Behavior\WriteHtmlCacheBehavior [ RunTime:0.000000s ]
INFO: [ view_filter ] --END-- [ RunTime:0.001000s ]
INFO: [ app_end ] --START--
INFO: Run Behavior\ShowPageTraceBehavior [ RunTime:0.001001s ]
INFO: [ app_end ] --END-- [ RunTime:0.001001s ]

[ 2017-09-15T17:14:54+08:00 ] 127.0.0.1 /index.php/Shop/Goods/ajaxGetSpecSelect.html?goods_id=&spec_type=0
INFO: [ app_init ] --START--
INFO: Run Behavior\BuildLiteBehavior [ RunTime:0.000000s ]
INFO: [ app_init ] --END-- [ RunTime:0.001000s ]
INFO: [ app_begin ] --START--
INFO: Run Behavior\ReadHtmlCacheBehavior [ RunTime:0.001000s ]
INFO: [ app_begin ] --END-- [ RunTime:0.001000s ]
SQL: SHOW COLUMNS FROM `wg_spec` [ RunTime:0.0050s ]
SQL: SELECT * FROM `wg_spec` WHERE ( typeId = 0 ) ORDER BY `sorts` asc  [ RunTime:0.0010s ]
INFO: [ view_parse ] --START--
INFO: [ template_filter ] --START--
INFO: Run Behavior\ContentReplaceBehavior [ RunTime:0.000000s ]
INFO: [ template_filter ] --END-- [ RunTime:0.000000s ]
INFO: Run Behavior\ParseTemplateBehavior [ RunTime:0.018001s ]
INFO: [ view_parse ] --END-- [ RunTime:0.018001s ]
INFO: [ view_filter ] --START--
INFO: Run Behavior\WriteHtmlCacheBehavior [ RunTime:0.000000s ]
INFO: [ view_filter ] --END-- [ RunTime:0.001000s ]

[ 2017-09-15T17:14:54+08:00 ] 127.0.0.1 /index.php/Shop/Goods/ajaxGetSpecInput/goods_id/0
INFO: [ app_init ] --START--
INFO: Run Behavior\BuildLiteBehavior [ RunTime:0.000000s ]
INFO: [ app_init ] --END-- [ RunTime:0.000000s ]
INFO: [ app_begin ] --START--
INFO: Run Behavior\ReadHtmlCacheBehavior [ RunTime:0.001000s ]
INFO: [ app_begin ] --END-- [ RunTime:0.001000s ]
SQL: SHOW COLUMNS FROM `wg_goods` [ RunTime:0.0050s ]
SQL: SHOW COLUMNS FROM `wg_spec` [ RunTime:0.0030s ]
SQL: SELECT `id`,`name` FROM `wg_spec`  [ RunTime:0.0000s ]
SQL: SHOW COLUMNS FROM `wg_spec_item` [ RunTime:0.0030s ]
SQL: SELECT `id`,`item`,`specId` FROM `wg_spec_item`  [ RunTime:0.0010s ]
SQL: SHOW COLUMNS FROM `wg_goods_spec` [ RunTime:0.0040s ]
SQL: SELECT `key`,`key_name`,`price`,`store` FROM `wg_goods_spec` WHERE ( goodsId = 0 )  [ RunTime:0.0000s ]
NOTIC: [8] Undefined offset: 0 D:\wamp\www\wllspace\php\wgshop\Application\Common\Model\GoodsModel.class.php 第 224 行.

[ 2017-09-15T17:14:57+08:00 ] 127.0.0.1 /index.php/Shop/Goods/ajaxGetCates.html?fid=3
INFO: [ app_init ] --START--
INFO: Run Behavior\BuildLiteBehavior [ RunTime:0.000000s ]
INFO: [ app_init ] --END-- [ RunTime:0.001000s ]
INFO: [ app_begin ] --START--
INFO: Run Behavior\ReadHtmlCacheBehavior [ RunTime:0.002000s ]
INFO: [ app_begin ] --END-- [ RunTime:0.002000s ]
SQL: SHOW COLUMNS FROM `wg_goods_cate` [ RunTime:0.0040s ]
SQL: SELECT `id`,`name` FROM `wg_goods_cate` WHERE `status` = 1 AND `fid` = 3 ORDER BY sorts asc,id asc  [ RunTime:0.0010s ]

[ 2017-09-15T17:15:51+08:00 ] 127.0.0.1 /index.php/Shop/Goods/addGoods.html
INFO: [ app_init ] --START--
INFO: Run Behavior\BuildLiteBehavior [ RunTime:0.001000s ]
INFO: [ app_init ] --END-- [ RunTime:0.001000s ]
INFO: [ app_begin ] --START--
INFO: Run Behavior\ReadHtmlCacheBehavior [ RunTime:0.001000s ]
INFO: [ app_begin ] --END-- [ RunTime:0.001000s ]
SQL: SHOW COLUMNS FROM `wg_goods` [ RunTime:0.0030s ]
NOTIC: [8] Undefined index: validate D:\wamp\www\wllspace\php\wgshop\ThinkPHP\Library\Think\Model.class.php 第 1185 行.
SQL: SELECT * FROM `wg_goods` WHERE `name` = 'dd' LIMIT 1   [ RunTime:0.0010s ]
NOTIC: [8] Undefined index: auto D:\wamp\www\wllspace\php\wgshop\ThinkPHP\Library\Think\Model.class.php 第 1128 行.
SQL: INSERT INTO `wg_goods` (`id`,`shopId`,`name`,`goodsSn`,`cid`,`price`,`stock`,`img`,`sorts`,`detail`,`typeId`,`shipFee`,`createTime`,`updateTime`) VALUES ('0','2','dd','','4','22','22','/Uploads/images/20170915/59bb9a255d9ca.jpg','50','&lt;img src=&quot;/Uploads/kindeditor/image/20170915/20170915111544_77071.jpg&quot; alt=&quot;&quot; /&gt;','0','0','1505466951','1505466951') [ RunTime:0.0040s ]
SQL: SHOW COLUMNS FROM `wg_goods` [ RunTime:0.0040s ]
SQL: UPDATE `wg_goods` SET `goodsSn`='WG000006' WHERE ( id = 6 and goodsSn = '' ) [ RunTime:0.0200s ]
SQL: SHOW COLUMNS FROM `wg_picture` [ RunTime:0.0040s ]
SQL: SELECT `path` FROM `wg_picture` WHERE `sid` = 6 AND `type` = 1  [ RunTime:0.0000s ]
SQL: INSERT INTO `wg_picture` (`sid`,`path`,`type`) VALUES ('6','/Uploads/images/20170915/59bb9a374e7b4.jpg','1'),('6','/Uploads/images/20170915/59bb9a374b4eb.jpg','1') [ RunTime:0.0000s ]
SQL: SHOW COLUMNS FROM `wg_goods_spec` [ RunTime:0.0030s ]
SQL: SELECT `key`,`price`,`store` FROM `wg_goods_spec` WHERE ( goodsId = 6 )  [ RunTime:0.0000s ]
SQL: DELETE FROM `wg_goods_spec` WHERE ( goodsId = 6 ) [ RunTime:0.0000s ]
SQL: SHOW COLUMNS FROM `wg_cart` [ RunTime:0.0030s ]
SQL: DELETE FROM `wg_cart` WHERE ( goodsId = 6 and spec_key <> '' ) [ RunTime:0.0000s ]
SQL: SELECT SUM(store) AS tp_sum FROM `wg_goods_spec` WHERE `goodsId` = 6 LIMIT 1   [ RunTime:0.0000s ]

[ 2017-09-15T17:15:53+08:00 ] 127.0.0.1 /index.php/Shop/Goods/addGoods
INFO: [ app_init ] --START--
INFO: Run Behavior\BuildLiteBehavior [ RunTime:0.001000s ]
INFO: [ app_init ] --END-- [ RunTime:0.001000s ]
INFO: [ app_begin ] --START--
INFO: Run Behavior\ReadHtmlCacheBehavior [ RunTime:0.001000s ]
INFO: [ app_begin ] --END-- [ RunTime:0.001000s ]
SQL: SHOW COLUMNS FROM `wg_shop` [ RunTime:0.0050s ]
SQL: SELECT `provinces` FROM `wg_shop` WHERE `id` = 2 LIMIT 1   [ RunTime:0.0010s ]
SQL: SHOW COLUMNS FROM `wg_goods_cate` [ RunTime:0.0030s ]
SQL: SELECT `id`,`name` FROM `wg_goods_cate` WHERE `status` = 1 AND `fid` = 0 ORDER BY sorts asc,id asc  [ RunTime:0.0010s ]
SQL: SHOW COLUMNS FROM `wg_goods_type` [ RunTime:0.0040s ]
SQL: SELECT * FROM `wg_goods_type` WHERE `shopId` = 2 AND `status` = 1  [ RunTime:0.0000s ]
DEBUG: Array
(
)

INFO: [ view_parse ] --START--
INFO: [ template_filter ] --START--
INFO: Run Behavior\ContentReplaceBehavior [ RunTime:0.000000s ]
INFO: [ template_filter ] --END-- [ RunTime:0.001000s ]
NOTIC: [8] Undefined variable: info D:\wamp\www\wllspace\php\wgshop\Runtime\Cache\Shop\369c072fb2adede20caee87196723da4.php 第 256 行.
NOTIC: [8] Undefined variable: info D:\wamp\www\wllspace\php\wgshop\Runtime\Cache\Shop\369c072fb2adede20caee87196723da4.php 第 257 行.
NOTIC: [8] Undefined variable: info D:\wamp\www\wllspace\php\wgshop\Runtime\Cache\Shop\369c072fb2adede20caee87196723da4.php 第 267 行.
INFO: Run Behavior\ParseTemplateBehavior [ RunTime:0.029001s ]
INFO: [ view_parse ] --END-- [ RunTime:0.029001s ]
INFO: [ view_filter ] --START--
INFO: Run Behavior\WriteHtmlCacheBehavior [ RunTime:0.001001s ]
INFO: [ view_filter ] --END-- [ RunTime:0.001001s ]
INFO: [ app_end ] --START--
INFO: Run Behavior\ShowPageTraceBehavior [ RunTime:0.002000s ]
INFO: [ app_end ] --END-- [ RunTime:0.002000s ]

[ 2017-09-15T17:15:53+08:00 ] 127.0.0.1 /index.php/Shop/Goods/ajaxGetSpecSelect.html?goods_id=&spec_type=0
INFO: [ app_init ] --START--
INFO: Run Behavior\BuildLiteBehavior [ RunTime:0.000000s ]
INFO: [ app_init ] --END-- [ RunTime:0.001000s ]
INFO: [ app_begin ] --START--
INFO: Run Behavior\ReadHtmlCacheBehavior [ RunTime:0.002000s ]
INFO: [ app_begin ] --END-- [ RunTime:0.002000s ]
SQL: SHOW COLUMNS FROM `wg_spec` [ RunTime:0.0050s ]
SQL: SELECT * FROM `wg_spec` WHERE ( typeId = 0 ) ORDER BY `sorts` asc  [ RunTime:0.0010s ]
INFO: [ view_parse ] --START--
INFO: [ template_filter ] --START--
INFO: Run Behavior\ContentReplaceBehavior [ RunTime:0.000000s ]
INFO: [ template_filter ] --END-- [ RunTime:0.000000s ]
INFO: Run Behavior\ParseTemplateBehavior [ RunTime:0.023002s ]
INFO: [ view_parse ] --END-- [ RunTime:0.023002s ]
INFO: [ view_filter ] --START--
INFO: Run Behavior\WriteHtmlCacheBehavior [ RunTime:0.002000s ]
INFO: [ view_filter ] --END-- [ RunTime:0.002000s ]

[ 2017-09-15T17:15:53+08:00 ] 127.0.0.1 /index.php/Shop/Goods/ajaxGetSpecInput/goods_id/0
INFO: [ app_init ] --START--
INFO: Run Behavior\BuildLiteBehavior [ RunTime:0.000000s ]
INFO: [ app_init ] --END-- [ RunTime:0.000000s ]
INFO: [ app_begin ] --START--
INFO: Run Behavior\ReadHtmlCacheBehavior [ RunTime:0.001000s ]
INFO: [ app_begin ] --END-- [ RunTime:0.001000s ]
SQL: SHOW COLUMNS FROM `wg_goods` [ RunTime:0.0030s ]
SQL: SHOW COLUMNS FROM `wg_spec` [ RunTime:0.0020s ]
SQL: SELECT `id`,`name` FROM `wg_spec`  [ RunTime:0.0000s ]
SQL: SHOW COLUMNS FROM `wg_spec_item` [ RunTime:0.0030s ]
SQL: SELECT `id`,`item`,`specId` FROM `wg_spec_item`  [ RunTime:0.0010s ]
SQL: SHOW COLUMNS FROM `wg_goods_spec` [ RunTime:0.0050s ]
SQL: SELECT `key`,`key_name`,`price`,`store` FROM `wg_goods_spec` WHERE ( goodsId = 0 )  [ RunTime:0.0000s ]
NOTIC: [8] Undefined offset: 0 D:\wamp\www\wllspace\php\wgshop\Application\Common\Model\GoodsModel.class.php 第 224 行.

