[ 2017-09-14T09:09:34+08:00 ] 127.0.0.1 /shop.php
INFO: [ app_init ] --START--
INFO: Run Behavior\BuildLiteBehavior [ RunTime:0.000000s ]
INFO: [ app_init ] --END-- [ RunTime:0.001000s ]
INFO: [ app_begin ] --START--
INFO: Run Behavior\ReadHtmlCacheBehavior [ RunTime:0.001000s ]
INFO: [ app_begin ] --END-- [ RunTime:0.001000s ]

[ 2017-09-14T09:09:34+08:00 ] 127.0.0.1 /shop.php/Login/index.html
INFO: [ app_init ] --START--
INFO: Run Behavior\BuildLiteBehavior [ RunTime:0.000000s ]
INFO: [ app_init ] --END-- [ RunTime:0.000000s ]
INFO: [ app_begin ] --START--
INFO: Run Behavior\ReadHtmlCacheBehavior [ RunTime:0.000000s ]
INFO: [ app_begin ] --END-- [ RunTime:0.000000s ]
INFO: [ view_parse ] --START--
INFO: [ template_filter ] --START--
INFO: Run Behavior\ContentReplaceBehavior [ RunTime:0.000000s ]
INFO: [ template_filter ] --END-- [ RunTime:0.000000s ]
INFO: Run Behavior\ParseTemplateBehavior [ RunTime:0.027601s ]
INFO: [ view_parse ] --END-- [ RunTime:0.027601s ]
INFO: [ view_filter ] --START--
INFO: Run Behavior\WriteHtmlCacheBehavior [ RunTime:0.015600s ]
INFO: [ view_filter ] --END-- [ RunTime:0.015600s ]
INFO: [ app_end ] --START--
INFO: Run Behavior\ShowPageTraceBehavior [ RunTime:0.000000s ]
INFO: [ app_end ] --END-- [ RunTime:0.000000s ]

[ 2017-09-14T09:09:43+08:00 ] 127.0.0.1 /shop.php/Login/loginAuth.html
INFO: [ app_init ] --START--
INFO: Run Behavior\BuildLiteBehavior [ RunTime:0.000000s ]
INFO: [ app_init ] --END-- [ RunTime:0.001000s ]
INFO: [ app_begin ] --START--
INFO: Run Behavior\ReadHtmlCacheBehavior [ RunTime:0.001000s ]
INFO: [ app_begin ] --END-- [ RunTime:0.001000s ]
SQL: SHOW COLUMNS FROM `wg_shop` [ RunTime:0.0030s ]
SQL: SELECT * FROM `wg_shop` WHERE `username` = 'shop1' LIMIT 1   [ RunTime:0.0000s ]

[ 2017-09-14T09:09:43+08:00 ] 127.0.0.1 /shop.php/Index/index.html
INFO: [ app_init ] --START--
INFO: Run Behavior\BuildLiteBehavior [ RunTime:0.000000s ]
INFO: [ app_init ] --END-- [ RunTime:0.000000s ]
INFO: [ app_begin ] --START--
INFO: Run Behavior\ReadHtmlCacheBehavior [ RunTime:0.001000s ]
INFO: [ app_begin ] --END-- [ RunTime:0.001000s ]
INFO: [ view_parse ] --START--
INFO: [ template_filter ] --START--
INFO: Run Behavior\ContentReplaceBehavior [ RunTime:0.000000s ]
INFO: [ template_filter ] --END-- [ RunTime:0.000000s ]
INFO: Run Behavior\ParseTemplateBehavior [ RunTime:0.023001s ]
INFO: [ view_parse ] --END-- [ RunTime:0.024002s ]
INFO: [ view_filter ] --START--
INFO: Run Behavior\WriteHtmlCacheBehavior [ RunTime:0.001000s ]
INFO: [ view_filter ] --END-- [ RunTime:0.001000s ]
INFO: [ app_end ] --START--
INFO: Run Behavior\ShowPageTraceBehavior [ RunTime:0.001000s ]
INFO: [ app_end ] --END-- [ RunTime:0.001000s ]

[ 2017-09-14T09:09:44+08:00 ] 127.0.0.1 /shop.php/Index/defaultIndex.html
INFO: [ app_init ] --START--
INFO: Run Behavior\BuildLiteBehavior [ RunTime:0.000000s ]
INFO: [ app_init ] --END-- [ RunTime:0.001000s ]
INFO: [ app_begin ] --START--
INFO: Run Behavior\ReadHtmlCacheBehavior [ RunTime:0.001000s ]
INFO: [ app_begin ] --END-- [ RunTime:0.001000s ]
INFO: [ view_parse ] --START--
INFO: [ template_filter ] --START--
INFO: Run Behavior\ContentReplaceBehavior [ RunTime:0.001000s ]
INFO: [ template_filter ] --END-- [ RunTime:0.001000s ]
NOTIC: [8] Undefined variable: order_num D:\wamp\www\wllspace\php\wgshop\Runtime\Cache\Shop\6005088cbc2a44a74243b86ff1102723.php 第 70 行.
NOTIC: [8] Undefined variable: user_num D:\wamp\www\wllspace\php\wgshop\Runtime\Cache\Shop\6005088cbc2a44a74243b86ff1102723.php 第 83 行.
NOTIC: [8] Undefined variable: active_user D:\wamp\www\wllspace\php\wgshop\Runtime\Cache\Shop\6005088cbc2a44a74243b86ff1102723.php 第 96 行.
NOTIC: [8] Undefined variable: bl D:\wamp\www\wllspace\php\wgshop\Runtime\Cache\Shop\6005088cbc2a44a74243b86ff1102723.php 第 97 行.
NOTIC: [8] Undefined variable: message D:\wamp\www\wllspace\php\wgshop\Runtime\Cache\Shop\6005088cbc2a44a74243b86ff1102723.php 第 182 行.
NOTIC: [8] Undefined variable: recharge D:\wamp\www\wllspace\php\wgshop\Runtime\Cache\Shop\6005088cbc2a44a74243b86ff1102723.php 第 224 行.
NOTIC: [8] Undefined variable: log D:\wamp\www\wllspace\php\wgshop\Runtime\Cache\Shop\6005088cbc2a44a74243b86ff1102723.php 第 254 行.
NOTIC: [8] Undefined variable: date D:\wamp\www\wllspace\php\wgshop\Runtime\Cache\Shop\6005088cbc2a44a74243b86ff1102723.php 第 295 行.
NOTIC: [8] Undefined variable: arr D:\wamp\www\wllspace\php\wgshop\Runtime\Cache\Shop\6005088cbc2a44a74243b86ff1102723.php 第 297 行.
NOTIC: [8] Undefined variable: money D:\wamp\www\wllspace\php\wgshop\Runtime\Cache\Shop\6005088cbc2a44a74243b86ff1102723.php 第 297 行.
NOTIC: [8] Undefined variable: year D:\wamp\www\wllspace\php\wgshop\Runtime\Cache\Shop\6005088cbc2a44a74243b86ff1102723.php 第 300 行.
NOTIC: [8] Undefined variable: month D:\wamp\www\wllspace\php\wgshop\Runtime\Cache\Shop\6005088cbc2a44a74243b86ff1102723.php 第 300 行.
NOTIC: [8] Undefined variable: year D:\wamp\www\wllspace\php\wgshop\Runtime\Cache\Shop\6005088cbc2a44a74243b86ff1102723.php 第 305 行.
NOTIC: [8] Undefined variable: month D:\wamp\www\wllspace\php\wgshop\Runtime\Cache\Shop\6005088cbc2a44a74243b86ff1102723.php 第 305 行.
INFO: Run Behavior\ParseTemplateBehavior [ RunTime:0.034002s ]
INFO: [ view_parse ] --END-- [ RunTime:0.034002s ]
INFO: [ view_filter ] --START--
INFO: Run Behavior\WriteHtmlCacheBehavior [ RunTime:0.001000s ]
INFO: [ view_filter ] --END-- [ RunTime:0.001000s ]
INFO: [ app_end ] --START--
INFO: Run Behavior\ShowPageTraceBehavior [ RunTime:0.000000s ]
INFO: [ app_end ] --END-- [ RunTime:0.001000s ]

[ 2017-09-14T09:09:56+08:00 ] 127.0.0.1 /shop.php/Order/index.html
INFO: [ app_init ] --START--
INFO: Run Behavior\BuildLiteBehavior [ RunTime:0.000000s ]
INFO: [ app_init ] --END-- [ RunTime:0.001000s ]
INFO: [ app_begin ] --START--
INFO: Run Behavior\ReadHtmlCacheBehavior [ RunTime:0.001000s ]
INFO: [ app_begin ] --END-- [ RunTime:0.001000s ]
SQL: SHOW COLUMNS FROM `wg_orders` [ RunTime:0.0030s ]
INFO: [ view_parse ] --START--
INFO: [ template_filter ] --START--
INFO: Run Behavior\ContentReplaceBehavior [ RunTime:0.000000s ]
INFO: [ template_filter ] --END-- [ RunTime:0.000000s ]
INFO: Run Behavior\ParseTemplateBehavior [ RunTime:0.009000s ]
INFO: [ view_parse ] --END-- [ RunTime:0.009000s ]
INFO: [ view_filter ] --START--
INFO: Run Behavior\WriteHtmlCacheBehavior [ RunTime:0.000000s ]
INFO: [ view_filter ] --END-- [ RunTime:0.001000s ]
INFO: [ app_end ] --START--
INFO: Run Behavior\ShowPageTraceBehavior [ RunTime:0.001000s ]
INFO: [ app_end ] --END-- [ RunTime:0.001000s ]

[ 2017-09-14T09:09:56+08:00 ] 127.0.0.1 /shop.php/Order/index.html
INFO: [ app_init ] --START--
INFO: Run Behavior\BuildLiteBehavior [ RunTime:0.001000s ]
INFO: [ app_init ] --END-- [ RunTime:0.001000s ]
INFO: [ app_begin ] --START--
INFO: Run Behavior\ReadHtmlCacheBehavior [ RunTime:0.001000s ]
INFO: [ app_begin ] --END-- [ RunTime:0.001000s ]
SQL: SHOW COLUMNS FROM `wg_orders` [ RunTime:0.0040s ]
SQL: SELECT COUNT(*) AS tp_count FROM wg_orders o left JOIN wg_user as u on u.id=o.uid left JOIN wg_shop as s on s.id=o.shopId  WHERE ( shopId=1 and o.status>0  ) LIMIT 1   [ RunTime:0.0010s ]
SQL: SELECT o.*,u.number,s.username FROM wg_orders o left JOIN wg_user as u on u.id=o.uid left JOIN wg_shop as s on s.id=o.shopId  WHERE ( shopId=1 and o.status>0  ) ORDER BY id desc LIMIT 0,10   [ RunTime:0.0010s ]
SQL: SELECT SUM(amount) AS tp_sum FROM wg_orders o left JOIN wg_user as u on u.id=o.uid left JOIN wg_shop as s on s.id=o.shopId  WHERE ( shopId=1 and o.status>0  ) LIMIT 1   [ RunTime:0.0010s ]
SQL: SELECT SUM(goodsAmount) AS tp_sum FROM wg_orders o left JOIN wg_user as u on u.id=o.uid left JOIN wg_shop as s on s.id=o.shopId  WHERE ( shopId=1 and o.status>0  ) LIMIT 1   [ RunTime:0.0010s ]
INFO: [ app_end ] --START--
INFO: Run Behavior\ShowPageTraceBehavior [ RunTime:0.001000s ]
INFO: [ app_end ] --END-- [ RunTime:0.001000s ]

[ 2017-09-14T09:13:55+08:00 ] 127.0.0.1 /shop.php/Order/refund.html
INFO: [ app_init ] --START--
INFO: Run Behavior\BuildLiteBehavior [ RunTime:0.000000s ]
INFO: [ app_init ] --END-- [ RunTime:0.000000s ]
INFO: [ app_begin ] --START--
INFO: Run Behavior\ReadHtmlCacheBehavior [ RunTime:0.001000s ]
INFO: [ app_begin ] --END-- [ RunTime:0.001000s ]
SQL: SHOW COLUMNS FROM `wg_orders` [ RunTime:0.0040s ]
INFO: [ view_parse ] --START--
INFO: [ template_filter ] --START--
INFO: Run Behavior\ContentReplaceBehavior [ RunTime:0.001000s ]
INFO: [ template_filter ] --END-- [ RunTime:0.001000s ]
INFO: Run Behavior\ParseTemplateBehavior [ RunTime:0.076005s ]
INFO: [ view_parse ] --END-- [ RunTime:0.077005s ]
INFO: [ view_filter ] --START--
INFO: Run Behavior\WriteHtmlCacheBehavior [ RunTime:0.001000s ]
INFO: [ view_filter ] --END-- [ RunTime:0.002000s ]
INFO: [ app_end ] --START--
INFO: Run Behavior\ShowPageTraceBehavior [ RunTime:0.001000s ]
INFO: [ app_end ] --END-- [ RunTime:0.002000s ]

[ 2017-09-14T09:13:55+08:00 ] 127.0.0.1 /shop.php/Order/refund.html
INFO: [ app_init ] --START--
INFO: Run Behavior\BuildLiteBehavior [ RunTime:0.000000s ]
INFO: [ app_init ] --END-- [ RunTime:0.000000s ]
INFO: [ app_begin ] --START--
INFO: Run Behavior\ReadHtmlCacheBehavior [ RunTime:0.000000s ]
INFO: [ app_begin ] --END-- [ RunTime:0.001000s ]
SQL: SHOW COLUMNS FROM `wg_orders` [ RunTime:0.0050s ]
SQL: SHOW COLUMNS FROM `wg_order_refund` [ RunTime:0.0050s ]
SQL: SELECT COUNT(*) AS tp_count FROM wg_order_refund ore left JOIN wg_orders as o on o.id=ore.orderId left JOIN wg_goods as g on g.id=ore.goodsId  WHERE ( ore.shopId=1 and o.status>0  ) LIMIT 1   [ RunTime:0.0000s ]
SQL: SELECT ore.*,o.orderSn,g.name FROM wg_order_refund ore left JOIN wg_orders as o on o.id=ore.orderId left JOIN wg_goods as g on g.id=ore.goodsId  WHERE ( ore.shopId=1 and o.status>0  ) ORDER BY id desc LIMIT 0,10   [ RunTime:0.0000s ]
INFO: [ app_end ] --START--
INFO: Run Behavior\ShowPageTraceBehavior [ RunTime:0.001000s ]
INFO: [ app_end ] --END-- [ RunTime:0.001000s ]

[ 2017-09-14T10:19:28+08:00 ] 127.0.0.1 /shop.php/Goods/index.html
INFO: [ app_init ] --START--
INFO: Run Behavior\BuildLiteBehavior [ RunTime:0.000000s ]
INFO: [ app_init ] --END-- [ RunTime:0.001000s ]
INFO: [ app_begin ] --START--
INFO: Run Behavior\ReadHtmlCacheBehavior [ RunTime:0.001000s ]
INFO: [ app_begin ] --END-- [ RunTime:0.001000s ]
SQL: SHOW COLUMNS FROM `wg_goods` [ RunTime:0.0030s ]
SQL: SELECT `cid` FROM `wg_goods` WHERE `shopId` = 1  [ RunTime:0.0000s ]
SQL: SHOW COLUMNS FROM `wg_goods_cate` [ RunTime:0.0030s ]
SQL: SELECT `id`,`name` FROM `wg_goods_cate` WHERE `id` IN ('4','4','6','4')  [ RunTime:0.0000s ]
INFO: [ view_parse ] --START--
INFO: [ template_filter ] --START--
INFO: Run Behavior\ContentReplaceBehavior [ RunTime:0.000000s ]
INFO: [ template_filter ] --END-- [ RunTime:0.000000s ]
INFO: Run Behavior\ParseTemplateBehavior [ RunTime:0.015001s ]
INFO: [ view_parse ] --END-- [ RunTime:0.015001s ]
INFO: [ view_filter ] --START--
INFO: Run Behavior\WriteHtmlCacheBehavior [ RunTime:0.001000s ]
INFO: [ view_filter ] --END-- [ RunTime:0.001000s ]
INFO: [ app_end ] --START--
INFO: Run Behavior\ShowPageTraceBehavior [ RunTime:0.001000s ]
INFO: [ app_end ] --END-- [ RunTime:0.001000s ]

[ 2017-09-14T10:19:28+08:00 ] 127.0.0.1 /shop.php/Goods/index.html?_search=false&nd=1505355568653&rows=10&page=1&sidx=id&sord=desc
INFO: [ app_init ] --START--
INFO: Run Behavior\BuildLiteBehavior [ RunTime:0.000000s ]
INFO: [ app_init ] --END-- [ RunTime:0.001000s ]
INFO: [ app_begin ] --START--
INFO: Run Behavior\ReadHtmlCacheBehavior [ RunTime:0.000000s ]
INFO: [ app_begin ] --END-- [ RunTime:0.001000s ]
SQL: SHOW COLUMNS FROM `wg_goods` [ RunTime:0.0040s ]
SQL: SELECT * FROM `wg_goods` WHERE `shopId` = 1 ORDER BY id desc LIMIT 0,10   [ RunTime:0.0000s ]
SQL: SHOW COLUMNS FROM `wg_goods_cate` [ RunTime:0.0040s ]
SQL: SELECT `id`,`name` FROM `wg_goods_cate`  [ RunTime:0.0000s ]
SQL: SELECT COUNT(*) AS tp_count FROM `wg_goods` WHERE `shopId` = 1 LIMIT 1   [ RunTime:0.0000s ]

[ 2017-09-14T10:20:37+08:00 ] 127.0.0.1 /shop.php/Goods/changeOn.html
INFO: [ app_init ] --START--
INFO: Run Behavior\BuildLiteBehavior [ RunTime:0.000000s ]
INFO: [ app_init ] --END-- [ RunTime:0.001000s ]
INFO: [ app_begin ] --START--
INFO: Run Behavior\ReadHtmlCacheBehavior [ RunTime:0.001000s ]
INFO: [ app_begin ] --END-- [ RunTime:0.001000s ]
SQL: SHOW COLUMNS FROM `wg_goods` [ RunTime:0.0030s ]
SQL: UPDATE `wg_goods` SET `status`='0' WHERE `id` = 3 [ RunTime:0.0640s ]

[ 2017-09-14T10:20:37+08:00 ] 127.0.0.1 /shop.php/Goods/index.html?_search=false&nd=1505355637892&rows=10&page=1&sidx=id&sord=desc
INFO: [ app_init ] --START--
INFO: Run Behavior\BuildLiteBehavior [ RunTime:0.000000s ]
INFO: [ app_init ] --END-- [ RunTime:0.001000s ]
INFO: [ app_begin ] --START--
INFO: Run Behavior\ReadHtmlCacheBehavior [ RunTime:0.001000s ]
INFO: [ app_begin ] --END-- [ RunTime:0.001000s ]
SQL: SHOW COLUMNS FROM `wg_goods` [ RunTime:0.0000s ]
SQL: SELECT * FROM `wg_goods` WHERE `shopId` = 1 ORDER BY id desc LIMIT 0,10   [ RunTime:0.0000s ]
SQL: SHOW COLUMNS FROM `wg_goods_cate` [ RunTime:0.0000s ]
SQL: SELECT `id`,`name` FROM `wg_goods_cate`  [ RunTime:0.0000s ]
SQL: SELECT COUNT(*) AS tp_count FROM `wg_goods` WHERE `shopId` = 1 LIMIT 1   [ RunTime:0.0000s ]

[ 2017-09-14T10:57:40+08:00 ] 127.0.0.1 /shop.php/User/index.html
INFO: [ app_init ] --START--
INFO: Run Behavior\BuildLiteBehavior [ RunTime:0.000000s ]
INFO: [ app_init ] --END-- [ RunTime:0.000000s ]
INFO: [ app_begin ] --START--
INFO: Run Behavior\ReadHtmlCacheBehavior [ RunTime:0.001000s ]
INFO: [ app_begin ] --END-- [ RunTime:0.001000s ]
SQL: SHOW COLUMNS FROM `wg_shop` [ RunTime:0.0030s ]
SQL: SELECT * FROM `wg_shop` WHERE ( id=1 ) LIMIT 1   [ RunTime:0.0000s ]
SQL: SHOW COLUMNS FROM `wg_picture` [ RunTime:0.0040s ]
SQL: SELECT * FROM `wg_picture` WHERE ( sid=1 and type=2 )  [ RunTime:0.0010s ]
SQL: SELECT * FROM `wg_picture` WHERE ( sid=1 and type=3 )  [ RunTime:0.0000s ]
INFO: [ view_parse ] --START--
INFO: [ template_filter ] --START--
INFO: Run Behavior\ContentReplaceBehavior [ RunTime:0.000000s ]
INFO: [ template_filter ] --END-- [ RunTime:0.001000s ]
INFO: Run Behavior\ParseTemplateBehavior [ RunTime:0.018001s ]
INFO: [ view_parse ] --END-- [ RunTime:0.018001s ]
INFO: [ view_filter ] --START--
INFO: Run Behavior\WriteHtmlCacheBehavior [ RunTime:0.000000s ]
INFO: [ view_filter ] --END-- [ RunTime:0.000000s ]
INFO: [ app_end ] --START--
INFO: Run Behavior\ShowPageTraceBehavior [ RunTime:0.001000s ]
INFO: [ app_end ] --END-- [ RunTime:0.001000s ]

[ 2017-09-14T11:17:08+08:00 ] 127.0.0.1 /shop.php/User/banner.html
INFO: [ app_init ] --START--
INFO: Run Behavior\BuildLiteBehavior [ RunTime:0.000000s ]
INFO: [ app_init ] --END-- [ RunTime:0.001000s ]
INFO: [ app_begin ] --START--
INFO: Run Behavior\ReadHtmlCacheBehavior [ RunTime:0.001000s ]
INFO: [ app_begin ] --END-- [ RunTime:0.001000s ]
SQL: SHOW COLUMNS FROM `wg_picture` [ RunTime:0.0040s ]
SQL: INSERT INTO `wg_picture` (`sid`,`type`,`path`) VALUES ('1','3','/Uploads/images/20170914/59b9f4b3ba065.png') [ RunTime:0.0296s ]

[ 2017-09-14T11:17:08+08:00 ] 127.0.0.1 /shop.php/User/index.html
INFO: [ app_init ] --START--
INFO: Run Behavior\BuildLiteBehavior [ RunTime:0.000000s ]
INFO: [ app_init ] --END-- [ RunTime:0.001000s ]
INFO: [ app_begin ] --START--
INFO: Run Behavior\ReadHtmlCacheBehavior [ RunTime:0.000000s ]
INFO: [ app_begin ] --END-- [ RunTime:0.000000s ]
SQL: SHOW COLUMNS FROM `wg_shop` [ RunTime:0.0040s ]
SQL: SELECT * FROM `wg_shop` WHERE ( id=1 ) LIMIT 1   [ RunTime:0.0010s ]
SQL: SHOW COLUMNS FROM `wg_picture` [ RunTime:0.0050s ]
SQL: SELECT * FROM `wg_picture` WHERE ( sid=1 and type=2 )  [ RunTime:0.0010s ]
SQL: SELECT * FROM `wg_picture` WHERE ( sid=1 and type=3 )  [ RunTime:0.0010s ]
INFO: [ view_parse ] --START--
INFO: [ template_filter ] --START--
INFO: Run Behavior\ContentReplaceBehavior [ RunTime:0.000000s ]
INFO: [ template_filter ] --END-- [ RunTime:0.000000s ]
INFO: Run Behavior\ParseTemplateBehavior [ RunTime:0.018001s ]
INFO: [ view_parse ] --END-- [ RunTime:0.018001s ]
INFO: [ view_filter ] --START--
INFO: Run Behavior\WriteHtmlCacheBehavior [ RunTime:0.000000s ]
INFO: [ view_filter ] --END-- [ RunTime:0.001000s ]
INFO: [ app_end ] --START--
INFO: Run Behavior\ShowPageTraceBehavior [ RunTime:0.001000s ]
INFO: [ app_end ] --END-- [ RunTime:0.001000s ]

[ 2017-09-14T11:17:16+08:00 ] 127.0.0.1 /shop.php/User/banner.html
INFO: [ app_init ] --START--
INFO: Run Behavior\BuildLiteBehavior [ RunTime:0.000000s ]
INFO: [ app_init ] --END-- [ RunTime:0.001000s ]
INFO: [ app_begin ] --START--
INFO: Run Behavior\ReadHtmlCacheBehavior [ RunTime:0.001000s ]
INFO: [ app_begin ] --END-- [ RunTime:0.001000s ]
SQL: SHOW COLUMNS FROM `wg_picture` [ RunTime:0.0030s ]
SQL: INSERT INTO `wg_picture` (`sid`,`type`,`path`) VALUES ('1','3','/Uploads/images/20170914/59b9f4bb20742.png') [ RunTime:0.1398s ]

[ 2017-09-14T11:17:16+08:00 ] 127.0.0.1 /shop.php/User/index.html
INFO: [ app_init ] --START--
INFO: Run Behavior\BuildLiteBehavior [ RunTime:0.000000s ]
INFO: [ app_init ] --END-- [ RunTime:0.001000s ]
INFO: [ app_begin ] --START--
INFO: Run Behavior\ReadHtmlCacheBehavior [ RunTime:0.001000s ]
INFO: [ app_begin ] --END-- [ RunTime:0.001000s ]
SQL: SHOW COLUMNS FROM `wg_shop` [ RunTime:0.0050s ]
SQL: SELECT * FROM `wg_shop` WHERE ( id=1 ) LIMIT 1   [ RunTime:0.0000s ]
SQL: SHOW COLUMNS FROM `wg_picture` [ RunTime:0.0050s ]
SQL: SELECT * FROM `wg_picture` WHERE ( sid=1 and type=2 )  [ RunTime:0.0010s ]
SQL: SELECT * FROM `wg_picture` WHERE ( sid=1 and type=3 )  [ RunTime:0.0000s ]
INFO: [ view_parse ] --START--
INFO: [ template_filter ] --START--
INFO: Run Behavior\ContentReplaceBehavior [ RunTime:0.000000s ]
INFO: [ template_filter ] --END-- [ RunTime:0.001000s ]
INFO: Run Behavior\ParseTemplateBehavior [ RunTime:0.021002s ]
INFO: [ view_parse ] --END-- [ RunTime:0.021002s ]
INFO: [ view_filter ] --START--
INFO: Run Behavior\WriteHtmlCacheBehavior [ RunTime:0.000000s ]
INFO: [ view_filter ] --END-- [ RunTime:0.001000s ]
INFO: [ app_end ] --START--
INFO: Run Behavior\ShowPageTraceBehavior [ RunTime:0.001000s ]
INFO: [ app_end ] --END-- [ RunTime:0.002000s ]

[ 2017-09-14T11:26:47+08:00 ] 127.0.0.1 /shop.php/User/index.html?title=%E6%B5%8B%E8%AF%95%E5%95%86%E5%AE%B6&fileselect%5B%5D=&img=%2FUploads%2Fimages%2F20170830%2F59a66f24a714a.jpg&description=%E7%BE%8E%E5%BA%A6%E8%A1%A8%E5%9C%A8%E4%BA%8C%E5%8D%81%E4%B8%96%E7%BA%AA%E5%88%9D%E5%B0%B1%E8%BF%9B%E5%85%A5%E4%B8%AD%E5%9B%BD%E5%B8%82%E5%9C%BA%EF%BC%8C%E4%BB%A5%E8%B5%B0%E6%97%B6%E7%B2%BE%E5%87%86%E8%91%97%E7%A7%B0%E3%80%82&address=%E6%B2%B3%E5%8D%97%E7%9C%81%E9%83%91%E5%B7%9E%E5%B8%82%E9%87%91%E6%B0%B4%E5%8C%BA%E4%B8%9C%E9%A3%8E%E8%B7%AF%E5%8F%A3%E5%8D%9720%E7%B1%B3&tel=0371%2F65958888&qq=12345678&fullMoney=50.00&fileselect%5B%5D=&license=%2FUploads%2Fimages%2F20170830%2F59a6832985876.jpg
INFO: [ app_init ] --START--
INFO: Run Behavior\BuildLiteBehavior [ RunTime:0.000000s ]
INFO: [ app_init ] --END-- [ RunTime:0.001000s ]
INFO: [ app_begin ] --START--
INFO: Run Behavior\ReadHtmlCacheBehavior [ RunTime:0.000000s ]
INFO: [ app_begin ] --END-- [ RunTime:0.000000s ]
SQL: SHOW COLUMNS FROM `wg_shop` [ RunTime:0.0040s ]
SQL: SELECT * FROM `wg_shop` WHERE ( id=1 ) LIMIT 1   [ RunTime:0.0000s ]
SQL: SHOW COLUMNS FROM `wg_picture` [ RunTime:0.0020s ]
SQL: SELECT * FROM `wg_picture` WHERE ( sid=1 and type=2 )  [ RunTime:0.0000s ]
SQL: SELECT * FROM `wg_picture` WHERE ( sid=1 and type=3 )  [ RunTime:0.0010s ]
INFO: [ view_parse ] --START--
INFO: [ template_filter ] --START--
INFO: Run Behavior\ContentReplaceBehavior [ RunTime:0.000000s ]
INFO: [ template_filter ] --END-- [ RunTime:0.000000s ]
INFO: Run Behavior\ParseTemplateBehavior [ RunTime:0.015001s ]
INFO: [ view_parse ] --END-- [ RunTime:0.016001s ]
INFO: [ view_filter ] --START--
INFO: Run Behavior\WriteHtmlCacheBehavior [ RunTime:0.000000s ]
INFO: [ view_filter ] --END-- [ RunTime:0.000000s ]
INFO: [ app_end ] --START--
INFO: Run Behavior\ShowPageTraceBehavior [ RunTime:0.000000s ]
INFO: [ app_end ] --END-- [ RunTime:0.000000s ]

[ 2017-09-14T11:26:47+08:00 ] 127.0.0.1 /shop.php/User/editShop.html
INFO: [ app_init ] --START--
INFO: Run Behavior\BuildLiteBehavior [ RunTime:0.000000s ]
INFO: [ app_init ] --END-- [ RunTime:0.000000s ]
INFO: [ app_begin ] --START--
INFO: Run Behavior\ReadHtmlCacheBehavior [ RunTime:0.001000s ]
INFO: [ app_begin ] --END-- [ RunTime:0.001000s ]
SQL: SHOW COLUMNS FROM `wg_shop` [ RunTime:0.0050s ]
SQL: UPDATE `wg_shop` SET `title`='测试商家',`img`='/Uploads/images/20170830/59a66f24a714a.jpg',`description`='美度表在二十世纪初就进入中国市场，以走时精准著称。',`address`='河南省郑州市金水区东风路口南20米',`tel`='0371/65958888',`qq`='12345678',`fullMoney`='50.00',`license`='/Uploads/images/20170830/59a6832985876.jpg' WHERE ( id=1 ) [ RunTime:0.0390s ]

[ 2017-09-14T11:27:20+08:00 ] 127.0.0.1 /shop.php/User/editShop.html
INFO: [ app_init ] --START--
INFO: Run Behavior\BuildLiteBehavior [ RunTime:0.000000s ]
INFO: [ app_init ] --END-- [ RunTime:0.004001s ]
INFO: [ app_begin ] --START--
INFO: Run Behavior\ReadHtmlCacheBehavior [ RunTime:0.001000s ]
INFO: [ app_begin ] --END-- [ RunTime:0.001000s ]

[ 2017-09-14T11:27:20+08:00 ] 127.0.0.1 /shop.php/User/index.html?title=%E6%B5%8B%E8%AF%95%E5%95%86%E5%AE%B6&fileselect%5B%5D=&img=%2FUploads%2Fimages%2F20170830%2F59a66f24a714a.jpg&description=%E6%96%B9%E6%B3%95&address=%E6%96%B9%E6%B3%95&tel=%E6%96%B9%E6%B3%95&qq=&fullMoney=50.00&fileselect%5B%5D=&license=%2FUploads%2Fimages%2F20170830%2F59a6832985876.jpg
INFO: [ app_init ] --START--
INFO: Run Behavior\BuildLiteBehavior [ RunTime:0.000000s ]
INFO: [ app_init ] --END-- [ RunTime:0.001000s ]
INFO: [ app_begin ] --START--
INFO: Run Behavior\ReadHtmlCacheBehavior [ RunTime:0.001000s ]
INFO: [ app_begin ] --END-- [ RunTime:0.002000s ]
SQL: SHOW COLUMNS FROM `wg_shop` [ RunTime:0.0050s ]
SQL: SELECT * FROM `wg_shop` WHERE ( id=1 ) LIMIT 1   [ RunTime:0.0000s ]
SQL: SHOW COLUMNS FROM `wg_picture` [ RunTime:0.0040s ]
SQL: SELECT * FROM `wg_picture` WHERE ( sid=1 and type=2 )  [ RunTime:0.0000s ]
SQL: SELECT * FROM `wg_picture` WHERE ( sid=1 and type=3 )  [ RunTime:0.0000s ]
INFO: [ view_parse ] --START--
INFO: [ template_filter ] --START--
INFO: Run Behavior\ContentReplaceBehavior [ RunTime:0.000000s ]
INFO: [ template_filter ] --END-- [ RunTime:0.000000s ]
INFO: Run Behavior\ParseTemplateBehavior [ RunTime:0.018001s ]
INFO: [ view_parse ] --END-- [ RunTime:0.018001s ]
INFO: [ view_filter ] --START--
INFO: Run Behavior\WriteHtmlCacheBehavior [ RunTime:0.000000s ]
INFO: [ view_filter ] --END-- [ RunTime:0.000000s ]
INFO: [ app_end ] --START--
INFO: Run Behavior\ShowPageTraceBehavior [ RunTime:0.001000s ]
INFO: [ app_end ] --END-- [ RunTime:0.001000s ]

[ 2017-09-14T11:27:34+08:00 ] 127.0.0.1 /shop.php/User/index.html?title=%E6%B5%8B%E8%AF%95%E5%95%86%E5%AE%B6&fileselect%5B%5D=&img=%2FUploads%2Fimages%2F20170830%2F59a66f24a714a.jpg&description=%E6%96%B9%E6%B3%95&address=%E6%96%B9%E6%B3%95&tel=%E6%96%B9%E6%B3%95&qq=&fullMoney=50.00&fileselect%5B%5D=&license=%2FUploads%2Fimages%2F20170830%2F59a6832985876.jpg
INFO: [ app_init ] --START--
INFO: Run Behavior\BuildLiteBehavior [ RunTime:0.000000s ]
INFO: [ app_init ] --END-- [ RunTime:0.001000s ]
INFO: [ app_begin ] --START--
INFO: Run Behavior\ReadHtmlCacheBehavior [ RunTime:0.000000s ]
INFO: [ app_begin ] --END-- [ RunTime:0.000000s ]
SQL: SHOW COLUMNS FROM `wg_shop` [ RunTime:0.0000s ]
SQL: SELECT * FROM `wg_shop` WHERE ( id=1 ) LIMIT 1   [ RunTime:0.0000s ]
SQL: SHOW COLUMNS FROM `wg_picture` [ RunTime:0.0000s ]
SQL: SELECT * FROM `wg_picture` WHERE ( sid=1 and type=2 )  [ RunTime:0.0000s ]
SQL: SELECT * FROM `wg_picture` WHERE ( sid=1 and type=3 )  [ RunTime:0.0000s ]
INFO: [ view_parse ] --START--
INFO: [ template_filter ] --START--
INFO: Run Behavior\ContentReplaceBehavior [ RunTime:0.000000s ]
INFO: [ template_filter ] --END-- [ RunTime:0.000000s ]
INFO: Run Behavior\ParseTemplateBehavior [ RunTime:0.015600s ]
INFO: [ view_parse ] --END-- [ RunTime:0.015600s ]
INFO: [ view_filter ] --START--
INFO: Run Behavior\WriteHtmlCacheBehavior [ RunTime:0.000000s ]
INFO: [ view_filter ] --END-- [ RunTime:0.000000s ]
INFO: [ app_end ] --START--
INFO: Run Behavior\ShowPageTraceBehavior [ RunTime:0.000000s ]
INFO: [ app_end ] --END-- [ RunTime:0.000000s ]

[ 2017-09-14T11:27:39+08:00 ] 127.0.0.1 /shop.php/User/editShop.html
INFO: [ app_init ] --START--
INFO: Run Behavior\BuildLiteBehavior [ RunTime:0.000000s ]
INFO: [ app_init ] --END-- [ RunTime:0.001000s ]
INFO: [ app_begin ] --START--
INFO: Run Behavior\ReadHtmlCacheBehavior [ RunTime:0.000000s ]
INFO: [ app_begin ] --END-- [ RunTime:0.001000s ]
SQL: SHOW COLUMNS FROM `wg_shop` [ RunTime:0.0030s ]
SQL: UPDATE `wg_shop` SET `title`='测试商家',`img`='/Uploads/images/20170830/59a66f24a714a.jpg',`description`='美度表在二十世纪初就进入中国市场，以走时精准著称。一样',`address`='河南省郑州市金水区东风路口南20米',`tel`='0371/65958888',`qq`='12345678',`fullMoney`='50.00',`license`='/Uploads/images/20170830/59a6832985876.jpg' WHERE ( id=1 ) [ RunTime:0.0400s ]

[ 2017-09-14T11:27:39+08:00 ] 127.0.0.1 /shop.php/User/index.html?title=%E6%B5%8B%E8%AF%95%E5%95%86%E5%AE%B6&fileselect%5B%5D=&img=%2FUploads%2Fimages%2F20170830%2F59a66f24a714a.jpg&description=%E7%BE%8E%E5%BA%A6%E8%A1%A8%E5%9C%A8%E4%BA%8C%E5%8D%81%E4%B8%96%E7%BA%AA%E5%88%9D%E5%B0%B1%E8%BF%9B%E5%85%A5%E4%B8%AD%E5%9B%BD%E5%B8%82%E5%9C%BA%EF%BC%8C%E4%BB%A5%E8%B5%B0%E6%97%B6%E7%B2%BE%E5%87%86%E8%91%97%E7%A7%B0%E3%80%82%E4%B8%80%E6%A0%B7&address=%E6%B2%B3%E5%8D%97%E7%9C%81%E9%83%91%E5%B7%9E%E5%B8%82%E9%87%91%E6%B0%B4%E5%8C%BA%E4%B8%9C%E9%A3%8E%E8%B7%AF%E5%8F%A3%E5%8D%9720%E7%B1%B3&tel=0371%2F65958888&qq=12345678&fullMoney=50.00&fileselect%5B%5D=&license=%2FUploads%2Fimages%2F20170830%2F59a6832985876.jpg
INFO: [ app_init ] --START--
INFO: Run Behavior\BuildLiteBehavior [ RunTime:0.000000s ]
INFO: [ app_init ] --END-- [ RunTime:0.001000s ]
INFO: [ app_begin ] --START--
INFO: Run Behavior\ReadHtmlCacheBehavior [ RunTime:0.001000s ]
INFO: [ app_begin ] --END-- [ RunTime:0.001000s ]
SQL: SHOW COLUMNS FROM `wg_shop` [ RunTime:0.0070s ]
SQL: SELECT * FROM `wg_shop` WHERE ( id=1 ) LIMIT 1   [ RunTime:0.0000s ]
SQL: SHOW COLUMNS FROM `wg_picture` [ RunTime:0.0060s ]
SQL: SELECT * FROM `wg_picture` WHERE ( sid=1 and type=2 )  [ RunTime:0.0000s ]
SQL: SELECT * FROM `wg_picture` WHERE ( sid=1 and type=3 )  [ RunTime:0.0010s ]
INFO: [ view_parse ] --START--
INFO: [ template_filter ] --START--
INFO: Run Behavior\ContentReplaceBehavior [ RunTime:0.000000s ]
INFO: [ template_filter ] --END-- [ RunTime:0.001000s ]
INFO: Run Behavior\ParseTemplateBehavior [ RunTime:0.017001s ]
INFO: [ view_parse ] --END-- [ RunTime:0.017001s ]
INFO: [ view_filter ] --START--
INFO: Run Behavior\WriteHtmlCacheBehavior [ RunTime:0.001000s ]
INFO: [ view_filter ] --END-- [ RunTime:0.001000s ]
INFO: [ app_end ] --START--
INFO: Run Behavior\ShowPageTraceBehavior [ RunTime:0.001000s ]
INFO: [ app_end ] --END-- [ RunTime:0.001000s ]

[ 2017-09-14T11:27:53+08:00 ] 127.0.0.1 /shop.php/User/editShop.html
INFO: [ app_init ] --START--
INFO: Run Behavior\BuildLiteBehavior [ RunTime:0.000000s ]
INFO: [ app_init ] --END-- [ RunTime:0.001000s ]
INFO: [ app_begin ] --START--
INFO: Run Behavior\ReadHtmlCacheBehavior [ RunTime:0.000000s ]
INFO: [ app_begin ] --END-- [ RunTime:0.001000s ]
SQL: SHOW COLUMNS FROM `wg_shop` [ RunTime:0.0040s ]
SQL: UPDATE `wg_shop` SET `title`='测试商家',`img`='/Uploads/images/20170830/59a66f24a714a.jpg',`description`='美度表在二十世纪初就进入中国市场，以走时精准著称。',`address`='河南省郑州市金水区东风路口南20米',`tel`='0371/65958888',`qq`='12345678',`fullMoney`='50.00',`license`='/Uploads/images/20170830/59a6832985876.jpg' WHERE ( id=1 ) [ RunTime:0.0520s ]

[ 2017-09-14T11:27:53+08:00 ] 127.0.0.1 /shop.php/User/index.html?title=%E6%B5%8B%E8%AF%95%E5%95%86%E5%AE%B6&fileselect%5B%5D=&img=%2FUploads%2Fimages%2F20170830%2F59a66f24a714a.jpg&description=%E7%BE%8E%E5%BA%A6%E8%A1%A8%E5%9C%A8%E4%BA%8C%E5%8D%81%E4%B8%96%E7%BA%AA%E5%88%9D%E5%B0%B1%E8%BF%9B%E5%85%A5%E4%B8%AD%E5%9B%BD%E5%B8%82%E5%9C%BA%EF%BC%8C%E4%BB%A5%E8%B5%B0%E6%97%B6%E7%B2%BE%E5%87%86%E8%91%97%E7%A7%B0%E3%80%82&address=%E6%B2%B3%E5%8D%97%E7%9C%81%E9%83%91%E5%B7%9E%E5%B8%82%E9%87%91%E6%B0%B4%E5%8C%BA%E4%B8%9C%E9%A3%8E%E8%B7%AF%E5%8F%A3%E5%8D%9720%E7%B1%B3&tel=0371%2F65958888&qq=12345678&fullMoney=50.00&fileselect%5B%5D=&license=%2FUploads%2Fimages%2F20170830%2F59a6832985876.jpg
INFO: [ app_init ] --START--
INFO: Run Behavior\BuildLiteBehavior [ RunTime:0.000000s ]
INFO: [ app_init ] --END-- [ RunTime:0.001000s ]
INFO: [ app_begin ] --START--
INFO: Run Behavior\ReadHtmlCacheBehavior [ RunTime:0.001000s ]
INFO: [ app_begin ] --END-- [ RunTime:0.001000s ]
SQL: SHOW COLUMNS FROM `wg_shop` [ RunTime:0.0090s ]
SQL: SELECT * FROM `wg_shop` WHERE ( id=1 ) LIMIT 1   [ RunTime:0.0010s ]
SQL: SHOW COLUMNS FROM `wg_picture` [ RunTime:0.0100s ]
SQL: SELECT * FROM `wg_picture` WHERE ( sid=1 and type=2 )  [ RunTime:0.0000s ]
SQL: SELECT * FROM `wg_picture` WHERE ( sid=1 and type=3 )  [ RunTime:0.0000s ]
INFO: [ view_parse ] --START--
INFO: [ template_filter ] --START--
INFO: Run Behavior\ContentReplaceBehavior [ RunTime:0.000000s ]
INFO: [ template_filter ] --END-- [ RunTime:0.000000s ]
INFO: Run Behavior\ParseTemplateBehavior [ RunTime:0.016000s ]
INFO: [ view_parse ] --END-- [ RunTime:0.016000s ]
INFO: [ view_filter ] --START--
INFO: Run Behavior\WriteHtmlCacheBehavior [ RunTime:0.001001s ]
INFO: [ view_filter ] --END-- [ RunTime:0.001001s ]
INFO: [ app_end ] --START--
INFO: Run Behavior\ShowPageTraceBehavior [ RunTime:0.000000s ]
INFO: [ app_end ] --END-- [ RunTime:0.001000s ]

[ 2017-09-14T11:34:53+08:00 ] 127.0.0.1 /shop.php/User/index.html?title=%E6%B5%8B%E8%AF%95%E5%95%86%E5%AE%B6&fileselect%5B%5D=&img=%2FUploads%2Fimages%2F20170830%2F59a66f24a714a.jpg&description=%E7%BE%8E%E5%BA%A6%E8%A1%A8%E5%9C%A8%E4%BA%8C%E5%8D%81%E4%B8%96%E7%BA%AA%E5%88%9D%E5%B0%B1%E8%BF%9B%E5%85%A5%E4%B8%AD%E5%9B%BD%E5%B8%82%E5%9C%BA%EF%BC%8C%E4%BB%A5%E8%B5%B0%E6%97%B6%E7%B2%BE%E5%87%86%E8%91%97%E7%A7%B0%E3%80%82&address=%E6%B2%B3%E5%8D%97%E7%9C%81%E9%83%91%E5%B7%9E%E5%B8%82%E9%87%91%E6%B0%B4%E5%8C%BA%E4%B8%9C%E9%A3%8E%E8%B7%AF%E5%8F%A3%E5%8D%9720%E7%B1%B3&tel=0371-65958888&qq=12345678&fullMoney=50.00&fileselect%5B%5D=&license=%2FUploads%2Fimages%2F20170830%2F59a6832985876.jpg
INFO: [ app_init ] --START--
INFO: Run Behavior\BuildLiteBehavior [ RunTime:0.000000s ]
INFO: [ app_init ] --END-- [ RunTime:0.001000s ]
INFO: [ app_begin ] --START--
INFO: Run Behavior\ReadHtmlCacheBehavior [ RunTime:0.000000s ]
INFO: [ app_begin ] --END-- [ RunTime:0.001000s ]
SQL: SHOW COLUMNS FROM `wg_shop` [ RunTime:0.0030s ]
SQL: SELECT * FROM `wg_shop` WHERE ( id=1 ) LIMIT 1   [ RunTime:0.0000s ]
SQL: SHOW COLUMNS FROM `wg_picture` [ RunTime:0.0040s ]
SQL: SELECT * FROM `wg_picture` WHERE ( sid=1 and type=2 )  [ RunTime:0.0000s ]
SQL: SELECT * FROM `wg_picture` WHERE ( sid=1 and type=3 )  [ RunTime:0.0000s ]
INFO: [ view_parse ] --START--
INFO: [ template_filter ] --START--
INFO: Run Behavior\ContentReplaceBehavior [ RunTime:0.000000s ]
INFO: [ template_filter ] --END-- [ RunTime:0.000000s ]
INFO: Run Behavior\ParseTemplateBehavior [ RunTime:0.017001s ]
INFO: [ view_parse ] --END-- [ RunTime:0.017001s ]
INFO: [ view_filter ] --START--
INFO: Run Behavior\WriteHtmlCacheBehavior [ RunTime:0.000000s ]
INFO: [ view_filter ] --END-- [ RunTime:0.001000s ]
INFO: [ app_end ] --START--
INFO: Run Behavior\ShowPageTraceBehavior [ RunTime:0.001000s ]
INFO: [ app_end ] --END-- [ RunTime:0.001000s ]

[ 2017-09-14T11:34:53+08:00 ] 127.0.0.1 /shop.php/User/editShop.html
INFO: [ app_init ] --START--
INFO: Run Behavior\BuildLiteBehavior [ RunTime:0.000000s ]
INFO: [ app_init ] --END-- [ RunTime:0.001001s ]
INFO: [ app_begin ] --START--
INFO: Run Behavior\ReadHtmlCacheBehavior [ RunTime:0.001000s ]
INFO: [ app_begin ] --END-- [ RunTime:0.001000s ]
SQL: SHOW COLUMNS FROM `wg_shop` [ RunTime:0.0070s ]
SQL: UPDATE `wg_shop` SET `title`='测试商家',`img`='/Uploads/images/20170830/59a66f24a714a.jpg',`description`='美度表在二十世纪初就进入中国市场，以走时精准著称。',`address`='河南省郑州市金水区东风路口南20米',`tel`='0371-65958888',`qq`='12345678',`fullMoney`='50.00',`license`='/Uploads/images/20170830/59a6832985876.jpg' WHERE ( id=1 ) [ RunTime:0.0500s ]

[ 2017-09-14T11:35:03+08:00 ] 127.0.0.1 /shop.php/User/index.html?title=%E6%B5%8B%E8%AF%95%E5%95%86%E5%AE%B6&fileselect%5B%5D=&img=%2FUploads%2Fimages%2F20170830%2F59a66f24a714a.jpg&description=%E7%BE%8E%E5%BA%A6%E8%A1%A8%E5%9C%A8%E4%BA%8C%E5%8D%81%E4%B8%96%E7%BA%AA%E5%88%9D%E5%B0%B1%E8%BF%9B%E5%85%A5%E4%B8%AD%E5%9B%BD%E5%B8%82%E5%9C%BA%EF%BC%8C%E4%BB%A5%E8%B5%B0%E6%97%B6%E7%B2%BE%E5%87%86%E8%91%97%E7%A7%B0%E3%80%82&address=%E6%B2%B3%E5%8D%97%E7%9C%81%E9%83%91%E5%B7%9E%E5%B8%82%E9%87%91%E6%B0%B4%E5%8C%BA%E4%B8%9C%E9%A3%8E%E8%B7%AF%E5%8F%A3%E5%8D%9720%E7%B1%B3&tel=0371-65958888&qq=12345678&fullMoney=50.00&fileselect%5B%5D=&license=%2FUploads%2Fimages%2F20170830%2F59a6832985876.jpg
INFO: [ app_init ] --START--
INFO: Run Behavior\BuildLiteBehavior [ RunTime:0.000000s ]
INFO: [ app_init ] --END-- [ RunTime:0.001000s ]
INFO: [ app_begin ] --START--
INFO: Run Behavior\ReadHtmlCacheBehavior [ RunTime:0.000000s ]
INFO: [ app_begin ] --END-- [ RunTime:0.001000s ]
SQL: SHOW COLUMNS FROM `wg_shop` [ RunTime:0.0030s ]
SQL: SELECT * FROM `wg_shop` WHERE ( id=1 ) LIMIT 1   [ RunTime:0.0000s ]
SQL: SHOW COLUMNS FROM `wg_picture` [ RunTime:0.0040s ]
SQL: SELECT * FROM `wg_picture` WHERE ( sid=1 and type=2 )  [ RunTime:0.0010s ]
SQL: SELECT * FROM `wg_picture` WHERE ( sid=1 and type=3 )  [ RunTime:0.0000s ]
INFO: [ view_parse ] --START--
INFO: [ template_filter ] --START--
INFO: Run Behavior\ContentReplaceBehavior [ RunTime:0.000000s ]
INFO: [ template_filter ] --END-- [ RunTime:0.000000s ]
INFO: Run Behavior\ParseTemplateBehavior [ RunTime:0.015001s ]
INFO: [ view_parse ] --END-- [ RunTime:0.015001s ]
INFO: [ view_filter ] --START--
INFO: Run Behavior\WriteHtmlCacheBehavior [ RunTime:0.001000s ]
INFO: [ view_filter ] --END-- [ RunTime:0.001000s ]
INFO: [ app_end ] --START--
INFO: Run Behavior\ShowPageTraceBehavior [ RunTime:0.001000s ]
INFO: [ app_end ] --END-- [ RunTime:0.001000s ]

[ 2017-09-14T11:35:21+08:00 ] 127.0.0.1 /shop.php/User/editShop.html
INFO: [ app_init ] --START--
INFO: Run Behavior\BuildLiteBehavior [ RunTime:0.001000s ]
INFO: [ app_init ] --END-- [ RunTime:0.001000s ]
INFO: [ app_begin ] --START--
INFO: Run Behavior\ReadHtmlCacheBehavior [ RunTime:0.001000s ]
INFO: [ app_begin ] --END-- [ RunTime:0.001000s ]
SQL: SHOW COLUMNS FROM `wg_shop` [ RunTime:0.0040s ]
SQL: UPDATE `wg_shop` SET `title`='测试商家',`img`='/Uploads/images/20170830/59a66f24a714a.jpg',`description`='美度表在二十世纪初就进入中国市场，以走时精准著称。',`address`='河南省郑州市金水区东风路口南20米',`tel`='0371-65958888',`qq`='12345678',`fullMoney`='50.00',`license`='/Uploads/images/20170830/59a6832985876.jpg' WHERE ( id=1 ) [ RunTime:0.0320s ]

[ 2017-09-14T11:35:21+08:00 ] 127.0.0.1 /shop.php/User/index.html?title=%E6%B5%8B%E8%AF%95%E5%95%86%E5%AE%B6&fileselect%5B%5D=&img=%2FUploads%2Fimages%2F20170830%2F59a66f24a714a.jpg&description=%E7%BE%8E%E5%BA%A6%E8%A1%A8%E5%9C%A8%E4%BA%8C%E5%8D%81%E4%B8%96%E7%BA%AA%E5%88%9D%E5%B0%B1%E8%BF%9B%E5%85%A5%E4%B8%AD%E5%9B%BD%E5%B8%82%E5%9C%BA%EF%BC%8C%E4%BB%A5%E8%B5%B0%E6%97%B6%E7%B2%BE%E5%87%86%E8%91%97%E7%A7%B0%E3%80%82&address=%E6%B2%B3%E5%8D%97%E7%9C%81%E9%83%91%E5%B7%9E%E5%B8%82%E9%87%91%E6%B0%B4%E5%8C%BA%E4%B8%9C%E9%A3%8E%E8%B7%AF%E5%8F%A3%E5%8D%9720%E7%B1%B3&tel=0371-65958888&qq=12345678&fullMoney=50.00&fileselect%5B%5D=&license=%2FUploads%2Fimages%2F20170830%2F59a6832985876.jpg
INFO: [ app_init ] --START--
INFO: Run Behavior\BuildLiteBehavior [ RunTime:0.000000s ]
INFO: [ app_init ] --END-- [ RunTime:0.001000s ]
INFO: [ app_begin ] --START--
INFO: Run Behavior\ReadHtmlCacheBehavior [ RunTime:0.001000s ]
INFO: [ app_begin ] --END-- [ RunTime:0.001000s ]
SQL: SHOW COLUMNS FROM `wg_shop` [ RunTime:0.0090s ]
SQL: SELECT * FROM `wg_shop` WHERE ( id=1 ) LIMIT 1   [ RunTime:0.0020s ]
SQL: SHOW COLUMNS FROM `wg_picture` [ RunTime:0.0050s ]
SQL: SELECT * FROM `wg_picture` WHERE ( sid=1 and type=2 )  [ RunTime:0.0010s ]
SQL: SELECT * FROM `wg_picture` WHERE ( sid=1 and type=3 )  [ RunTime:0.0010s ]
INFO: [ view_parse ] --START--
INFO: [ template_filter ] --START--
INFO: Run Behavior\ContentReplaceBehavior [ RunTime:0.000000s ]
INFO: [ template_filter ] --END-- [ RunTime:0.000000s ]
INFO: Run Behavior\ParseTemplateBehavior [ RunTime:0.017001s ]
INFO: [ view_parse ] --END-- [ RunTime:0.017001s ]
INFO: [ view_filter ] --START--
INFO: Run Behavior\WriteHtmlCacheBehavior [ RunTime:0.000000s ]
INFO: [ view_filter ] --END-- [ RunTime:0.001000s ]
INFO: [ app_end ] --START--
INFO: Run Behavior\ShowPageTraceBehavior [ RunTime:0.001000s ]
INFO: [ app_end ] --END-- [ RunTime:0.001000s ]

[ 2017-09-14T11:35:44+08:00 ] 127.0.0.1 /shop.php/User/index.html?title=%E6%B5%8B%E8%AF%95%E5%95%86%E5%AE%B6&fileselect%5B%5D=&img=%2FUploads%2Fimages%2F20170830%2F59a66f24a714a.jpg&description=%E7%BE%8E%E5%BA%A6%E8%A1%A8%E5%9C%A8%E4%BA%8C%E5%8D%81%E4%B8%96%E7%BA%AA%E5%88%9D%E5%B0%B1%E8%BF%9B%E5%85%A5%E4%B8%AD%E5%9B%BD%E5%B8%82%E5%9C%BA%EF%BC%8C%E4%BB%A5%E8%B5%B0%E6%97%B6%E7%B2%BE%E5%87%86%E8%91%97%E7%A7%B0%E3%80%82&address=%E6%B2%B3%E5%8D%97%E7%9C%81%E9%83%91%E5%B7%9E%E5%B8%82%E9%87%91%E6%B0%B4%E5%8C%BA%E4%B8%9C%E9%A3%8E%E8%B7%AF%E5%8F%A3%E5%8D%9720%E7%B1%B3&tel=0371-65958888&qq=12345678&fullMoney=50.00&fileselect%5B%5D=&license=%2FUploads%2Fimages%2F20170830%2F59a6832985876.jpg
INFO: [ app_init ] --START--
INFO: Run Behavior\BuildLiteBehavior [ RunTime:0.000000s ]
INFO: [ app_init ] --END-- [ RunTime:0.000000s ]
INFO: [ app_begin ] --START--
INFO: Run Behavior\ReadHtmlCacheBehavior [ RunTime:0.015601s ]
INFO: [ app_begin ] --END-- [ RunTime:0.015601s ]
SQL: SHOW COLUMNS FROM `wg_shop` [ RunTime:0.0000s ]
SQL: SELECT * FROM `wg_shop` WHERE ( id=1 ) LIMIT 1   [ RunTime:0.0000s ]
SQL: SHOW COLUMNS FROM `wg_picture` [ RunTime:0.0000s ]
SQL: SELECT * FROM `wg_picture` WHERE ( sid=1 and type=2 )  [ RunTime:0.0000s ]
SQL: SELECT * FROM `wg_picture` WHERE ( sid=1 and type=3 )  [ RunTime:0.0000s ]
INFO: [ view_parse ] --START--
INFO: [ template_filter ] --START--
INFO: Run Behavior\ContentReplaceBehavior [ RunTime:0.000000s ]
INFO: [ template_filter ] --END-- [ RunTime:0.000000s ]
INFO: Run Behavior\ParseTemplateBehavior [ RunTime:0.028600s ]
INFO: [ view_parse ] --END-- [ RunTime:0.028600s ]
INFO: [ view_filter ] --START--
INFO: Run Behavior\WriteHtmlCacheBehavior [ RunTime:0.000000s ]
INFO: [ view_filter ] --END-- [ RunTime:0.001000s ]
INFO: [ app_end ] --START--
INFO: Run Behavior\ShowPageTraceBehavior [ RunTime:0.000000s ]
INFO: [ app_end ] --END-- [ RunTime:0.001000s ]

[ 2017-09-14T11:36:05+08:00 ] 127.0.0.1 /shop.php/Goods/index.html
INFO: [ app_init ] --START--
INFO: Run Behavior\BuildLiteBehavior [ RunTime:0.000000s ]
INFO: [ app_init ] --END-- [ RunTime:0.001000s ]
INFO: [ app_begin ] --START--
INFO: Run Behavior\ReadHtmlCacheBehavior [ RunTime:0.001000s ]
INFO: [ app_begin ] --END-- [ RunTime:0.001000s ]
SQL: SHOW COLUMNS FROM `wg_goods` [ RunTime:0.0040s ]
SQL: SELECT `cid` FROM `wg_goods` WHERE `shopId` = 1  [ RunTime:0.0000s ]
SQL: SHOW COLUMNS FROM `wg_goods_cate` [ RunTime:0.0040s ]
SQL: SELECT `id`,`name` FROM `wg_goods_cate` WHERE `id` IN ('4','4','6','4')  [ RunTime:0.0000s ]
INFO: [ view_parse ] --START--
INFO: [ template_filter ] --START--
INFO: Run Behavior\ContentReplaceBehavior [ RunTime:0.000000s ]
INFO: [ template_filter ] --END-- [ RunTime:0.000000s ]
INFO: Run Behavior\ParseTemplateBehavior [ RunTime:0.010000s ]
INFO: [ view_parse ] --END-- [ RunTime:0.010000s ]
INFO: [ view_filter ] --START--
INFO: Run Behavior\WriteHtmlCacheBehavior [ RunTime:0.000000s ]
INFO: [ view_filter ] --END-- [ RunTime:0.001000s ]
INFO: [ app_end ] --START--
INFO: Run Behavior\ShowPageTraceBehavior [ RunTime:0.001000s ]
INFO: [ app_end ] --END-- [ RunTime:0.001000s ]

[ 2017-09-14T11:36:05+08:00 ] 127.0.0.1 /shop.php/Goods/index.html?_search=false&nd=1505360165400&rows=10&page=1&sidx=id&sord=desc
INFO: [ app_init ] --START--
INFO: Run Behavior\BuildLiteBehavior [ RunTime:0.000000s ]
INFO: [ app_init ] --END-- [ RunTime:0.000000s ]
INFO: [ app_begin ] --START--
INFO: Run Behavior\ReadHtmlCacheBehavior [ RunTime:0.000000s ]
INFO: [ app_begin ] --END-- [ RunTime:0.000000s ]
SQL: SHOW COLUMNS FROM `wg_goods` [ RunTime:0.0030s ]
SQL: SELECT * FROM `wg_goods` WHERE `shopId` = 1 ORDER BY id desc LIMIT 0,10   [ RunTime:0.0010s ]
SQL: SHOW COLUMNS FROM `wg_goods_cate` [ RunTime:0.0030s ]
SQL: SELECT `id`,`name` FROM `wg_goods_cate`  [ RunTime:0.0000s ]
SQL: SELECT COUNT(*) AS tp_count FROM `wg_goods` WHERE `shopId` = 1 LIMIT 1   [ RunTime:0.0000s ]

[ 2017-09-14T11:36:49+08:00 ] 127.0.0.1 /shop.php/User/index.html?title=%E6%B5%8B%E8%AF%95%E5%95%86%E5%AE%B6&fileselect%5B%5D=&img=%2FUploads%2Fimages%2F20170830%2F59a66f24a714a.jpg&description=%E7%BE%8E%E5%BA%A6%E8%A1%A8%E5%9C%A8%E4%BA%8C%E5%8D%81%E4%B8%96%E7%BA%AA%E5%88%9D%E5%B0%B1%E8%BF%9B%E5%85%A5%E4%B8%AD%E5%9B%BD%E5%B8%82%E5%9C%BA%EF%BC%8C%E4%BB%A5%E8%B5%B0%E6%97%B6%E7%B2%BE%E5%87%86%E8%91%97%E7%A7%B0%E3%80%82uuu&address=%E6%B2%B3%E5%8D%97%E7%9C%81%E9%83%91%E5%B7%9E%E5%B8%82%E9%87%91%E6%B0%B4%E5%8C%BA%E4%B8%9C%E9%A3%8E%E8%B7%AF%E5%8F%A3%E5%8D%9720%E7%B1%B3&tel=0371-65958888&qq=12345678&fullMoney=50.00&fileselect%5B%5D=&license=%2FUploads%2Fimages%2F20170830%2F59a6832985876.jpg
INFO: [ app_init ] --START--
INFO: Run Behavior\BuildLiteBehavior [ RunTime:0.000000s ]
INFO: [ app_init ] --END-- [ RunTime:0.001000s ]
INFO: [ app_begin ] --START--
INFO: Run Behavior\ReadHtmlCacheBehavior [ RunTime:0.000000s ]
INFO: [ app_begin ] --END-- [ RunTime:0.002000s ]
SQL: SHOW COLUMNS FROM `wg_shop` [ RunTime:0.0040s ]
SQL: SELECT * FROM `wg_shop` WHERE ( id=1 ) LIMIT 1   [ RunTime:0.0000s ]
SQL: SHOW COLUMNS FROM `wg_picture` [ RunTime:0.0040s ]
SQL: SELECT * FROM `wg_picture` WHERE ( sid=1 and type=2 )  [ RunTime:0.0010s ]
SQL: SELECT * FROM `wg_picture` WHERE ( sid=1 and type=3 )  [ RunTime:0.0000s ]
INFO: [ view_parse ] --START--
INFO: [ template_filter ] --START--
INFO: Run Behavior\ContentReplaceBehavior [ RunTime:0.000000s ]
INFO: [ template_filter ] --END-- [ RunTime:0.000000s ]
INFO: Run Behavior\ParseTemplateBehavior [ RunTime:0.016001s ]
INFO: [ view_parse ] --END-- [ RunTime:0.016001s ]
INFO: [ view_filter ] --START--
INFO: Run Behavior\WriteHtmlCacheBehavior [ RunTime:0.000000s ]
INFO: [ view_filter ] --END-- [ RunTime:0.000000s ]
INFO: [ app_end ] --START--
INFO: Run Behavior\ShowPageTraceBehavior [ RunTime:0.001000s ]
INFO: [ app_end ] --END-- [ RunTime:0.001000s ]

[ 2017-09-14T11:36:49+08:00 ] 127.0.0.1 /shop.php/User/editShop.html
INFO: [ app_init ] --START--
INFO: Run Behavior\BuildLiteBehavior [ RunTime:0.000000s ]
INFO: [ app_init ] --END-- [ RunTime:0.000000s ]
INFO: [ app_begin ] --START--
INFO: Run Behavior\ReadHtmlCacheBehavior [ RunTime:0.000000s ]
INFO: [ app_begin ] --END-- [ RunTime:0.001000s ]
SQL: SHOW COLUMNS FROM `wg_shop` [ RunTime:0.0050s ]
SQL: UPDATE `wg_shop` SET `title`='测试商家',`img`='/Uploads/images/20170830/59a66f24a714a.jpg',`description`='美度表在二十世纪初就进入中国市场，以走时精准著称。uuu',`address`='河南省郑州市金水区东风路口南20米',`tel`='0371-65958888',`qq`='12345678',`fullMoney`='50.00',`license`='/Uploads/images/20170830/59a6832985876.jpg' WHERE ( id=1 ) [ RunTime:0.0370s ]

[ 2017-09-14T11:37:02+08:00 ] 127.0.0.1 /shop.php/User/index.html?title=%E6%B5%8B%E8%AF%95%E5%95%86%E5%AE%B6&fileselect%5B%5D=&img=%2FUploads%2Fimages%2F20170830%2F59a66f24a714a.jpg&description=%E7%BE%8E%E5%BA%A6%E8%A1%A8%E5%9C%A8%E4%BA%8C%E5%8D%81%E4%B8%96%E7%BA%AA%E5%88%9D%E5%B0%B1%E8%BF%9B%E5%85%A5%E4%B8%AD%E5%9B%BD%E5%B8%82%E5%9C%BA%EF%BC%8C%E4%BB%A5%E8%B5%B0%E6%97%B6%E7%B2%BE%E5%87%86%E8%91%97%E7%A7%B0%E3%80%82uuu&address=%E6%B2%B3%E5%8D%97%E7%9C%81%E9%83%91%E5%B7%9E%E5%B8%82%E9%87%91%E6%B0%B4%E5%8C%BA%E4%B8%9C%E9%A3%8E%E8%B7%AF%E5%8F%A3%E5%8D%9720%E7%B1%B3&tel=0371-65958888&qq=12345678&fullMoney=50.00&fileselect%5B%5D=&license=%2FUploads%2Fimages%2F20170830%2F59a6832985876.jpg
INFO: [ app_init ] --START--
INFO: Run Behavior\BuildLiteBehavior [ RunTime:0.000000s ]
INFO: [ app_init ] --END-- [ RunTime:0.000000s ]
INFO: [ app_begin ] --START--
INFO: Run Behavior\ReadHtmlCacheBehavior [ RunTime:0.000000s ]
INFO: [ app_begin ] --END-- [ RunTime:0.000000s ]
SQL: SHOW COLUMNS FROM `wg_shop` [ RunTime:0.0030s ]
SQL: SELECT * FROM `wg_shop` WHERE ( id=1 ) LIMIT 1   [ RunTime:0.0010s ]
SQL: SHOW COLUMNS FROM `wg_picture` [ RunTime:0.0040s ]
SQL: SELECT * FROM `wg_picture` WHERE ( sid=1 and type=2 )  [ RunTime:0.0000s ]
SQL: SELECT * FROM `wg_picture` WHERE ( sid=1 and type=3 )  [ RunTime:0.0000s ]
INFO: [ view_parse ] --START--
INFO: [ template_filter ] --START--
INFO: Run Behavior\ContentReplaceBehavior [ RunTime:0.000000s ]
INFO: [ template_filter ] --END-- [ RunTime:0.001000s ]
INFO: Run Behavior\ParseTemplateBehavior [ RunTime:0.020001s ]
INFO: [ view_parse ] --END-- [ RunTime:0.021001s ]
INFO: [ view_filter ] --START--
INFO: Run Behavior\WriteHtmlCacheBehavior [ RunTime:0.000000s ]
INFO: [ view_filter ] --END-- [ RunTime:0.000000s ]
INFO: [ app_end ] --START--
INFO: Run Behavior\ShowPageTraceBehavior [ RunTime:0.001000s ]
INFO: [ app_end ] --END-- [ RunTime:0.001000s ]

[ 2017-09-14T11:37:21+08:00 ] 127.0.0.1 /shop.php/User/editShop.html
INFO: [ app_init ] --START--
INFO: Run Behavior\BuildLiteBehavior [ RunTime:0.000000s ]
INFO: [ app_init ] --END-- [ RunTime:0.001000s ]
INFO: [ app_begin ] --START--
INFO: Run Behavior\ReadHtmlCacheBehavior [ RunTime:0.001000s ]
INFO: [ app_begin ] --END-- [ RunTime:0.001000s ]
SQL: SHOW COLUMNS FROM `wg_shop` [ RunTime:0.0030s ]
SQL: UPDATE `wg_shop` SET `title`='测试商家',`img`='/Uploads/images/20170830/59a66f24a714a.jpg',`description`='美度表在二十世纪初就进入中国市场，以走时精准著称。',`address`='河南省郑州市金水区东风路口南20米',`tel`='0371-65958888',`qq`='12345678',`fullMoney`='50.00',`license`='/Uploads/images/20170830/59a6832985876.jpg' WHERE ( id=1 ) [ RunTime:0.0832s ]

[ 2017-09-14T11:37:21+08:00 ] 127.0.0.1 /shop.php/User/index.html?title=%E6%B5%8B%E8%AF%95%E5%95%86%E5%AE%B6&fileselect%5B%5D=&img=%2FUploads%2Fimages%2F20170830%2F59a66f24a714a.jpg&description=%E7%BE%8E%E5%BA%A6%E8%A1%A8%E5%9C%A8%E4%BA%8C%E5%8D%81%E4%B8%96%E7%BA%AA%E5%88%9D%E5%B0%B1%E8%BF%9B%E5%85%A5%E4%B8%AD%E5%9B%BD%E5%B8%82%E5%9C%BA%EF%BC%8C%E4%BB%A5%E8%B5%B0%E6%97%B6%E7%B2%BE%E5%87%86%E8%91%97%E7%A7%B0%E3%80%82&address=%E6%B2%B3%E5%8D%97%E7%9C%81%E9%83%91%E5%B7%9E%E5%B8%82%E9%87%91%E6%B0%B4%E5%8C%BA%E4%B8%9C%E9%A3%8E%E8%B7%AF%E5%8F%A3%E5%8D%9720%E7%B1%B3&tel=0371-65958888&qq=12345678&fullMoney=50.00&fileselect%5B%5D=&license=%2FUploads%2Fimages%2F20170830%2F59a6832985876.jpg
INFO: [ app_init ] --START--
INFO: Run Behavior\BuildLiteBehavior [ RunTime:0.000000s ]
INFO: [ app_init ] --END-- [ RunTime:0.001001s ]
INFO: [ app_begin ] --START--
INFO: Run Behavior\ReadHtmlCacheBehavior [ RunTime:0.001000s ]
INFO: [ app_begin ] --END-- [ RunTime:0.001000s ]
SQL: SHOW COLUMNS FROM `wg_shop` [ RunTime:0.0090s ]
SQL: SELECT * FROM `wg_shop` WHERE ( id=1 ) LIMIT 1   [ RunTime:0.0010s ]
SQL: SHOW COLUMNS FROM `wg_picture` [ RunTime:0.0070s ]
SQL: SELECT * FROM `wg_picture` WHERE ( sid=1 and type=2 )  [ RunTime:0.0000s ]
SQL: SELECT * FROM `wg_picture` WHERE ( sid=1 and type=3 )  [ RunTime:0.0000s ]
INFO: [ view_parse ] --START--
INFO: [ template_filter ] --START--
INFO: Run Behavior\ContentReplaceBehavior [ RunTime:0.001000s ]
INFO: [ template_filter ] --END-- [ RunTime:0.001000s ]
INFO: Run Behavior\ParseTemplateBehavior [ RunTime:0.017001s ]
INFO: [ view_parse ] --END-- [ RunTime:0.018001s ]
INFO: [ view_filter ] --START--
INFO: Run Behavior\WriteHtmlCacheBehavior [ RunTime:0.001000s ]
INFO: [ view_filter ] --END-- [ RunTime:0.001000s ]
INFO: [ app_end ] --START--
INFO: Run Behavior\ShowPageTraceBehavior [ RunTime:0.001000s ]
INFO: [ app_end ] --END-- [ RunTime:0.001000s ]

[ 2017-09-14T14:11:26+08:00 ] 127.0.0.1 /shop.php
INFO: [ app_init ] --START--
INFO: Run Behavior\BuildLiteBehavior [ RunTime:0.000000s ]
INFO: [ app_init ] --END-- [ RunTime:0.000000s ]
INFO: [ app_begin ] --START--
INFO: Run Behavior\ReadHtmlCacheBehavior [ RunTime:0.000000s ]
INFO: [ app_begin ] --END-- [ RunTime:0.000000s ]

[ 2017-09-14T14:11:26+08:00 ] 127.0.0.1 /shop.php/Login/index.html
INFO: [ app_init ] --START--
INFO: Run Behavior\BuildLiteBehavior [ RunTime:0.000000s ]
INFO: [ app_init ] --END-- [ RunTime:0.000000s ]
INFO: [ app_begin ] --START--
INFO: Run Behavior\ReadHtmlCacheBehavior [ RunTime:0.000000s ]
INFO: [ app_begin ] --END-- [ RunTime:0.002000s ]
INFO: [ view_parse ] --START--
INFO: [ template_filter ] --START--
INFO: Run Behavior\ContentReplaceBehavior [ RunTime:0.000000s ]
INFO: [ template_filter ] --END-- [ RunTime:0.000000s ]
INFO: Run Behavior\ParseTemplateBehavior [ RunTime:0.009001s ]
INFO: [ view_parse ] --END-- [ RunTime:0.010001s ]
INFO: [ view_filter ] --START--
INFO: Run Behavior\WriteHtmlCacheBehavior [ RunTime:0.000000s ]
INFO: [ view_filter ] --END-- [ RunTime:0.001000s ]
INFO: [ app_end ] --START--
INFO: Run Behavior\ShowPageTraceBehavior [ RunTime:0.000000s ]
INFO: [ app_end ] --END-- [ RunTime:0.000000s ]

[ 2017-09-14T14:28:57+08:00 ] 127.0.0.1 /shop.php/Goods/type.html
INFO: [ app_init ] --START--
INFO: Run Behavior\BuildLiteBehavior [ RunTime:0.000000s ]
INFO: [ app_init ] --END-- [ RunTime:0.000000s ]
INFO: [ app_begin ] --START--
INFO: Run Behavior\ReadHtmlCacheBehavior [ RunTime:0.001000s ]
INFO: [ app_begin ] --END-- [ RunTime:0.001000s ]
INFO: [ view_parse ] --START--
INFO: [ template_filter ] --START--
INFO: Run Behavior\ContentReplaceBehavior [ RunTime:0.000000s ]
INFO: [ template_filter ] --END-- [ RunTime:0.001000s ]
INFO: Run Behavior\ParseTemplateBehavior [ RunTime:0.018001s ]
INFO: [ view_parse ] --END-- [ RunTime:0.018001s ]
INFO: [ view_filter ] --START--
INFO: Run Behavior\WriteHtmlCacheBehavior [ RunTime:0.000000s ]
INFO: [ view_filter ] --END-- [ RunTime:0.001000s ]
INFO: [ app_end ] --START--
INFO: Run Behavior\ShowPageTraceBehavior [ RunTime:0.001000s ]
INFO: [ app_end ] --END-- [ RunTime:0.001000s ]

[ 2017-09-14T14:28:57+08:00 ] 127.0.0.1 /shop.php/Goods/type.html?_search=false&nd=1505370537676&rows=10&page=1&sidx=id&sord=desc
INFO: [ app_init ] --START--
INFO: Run Behavior\BuildLiteBehavior [ RunTime:0.000000s ]
INFO: [ app_init ] --END-- [ RunTime:0.000000s ]
INFO: [ app_begin ] --START--
INFO: Run Behavior\ReadHtmlCacheBehavior [ RunTime:0.000000s ]
INFO: [ app_begin ] --END-- [ RunTime:0.001000s ]
SQL: SHOW COLUMNS FROM `wg_goods_type` [ RunTime:0.0060s ]
SQL: SELECT * FROM `wg_goods_type` WHERE `shopId` = 1 ORDER BY id desc LIMIT 0,10   [ RunTime:0.0010s ]
SQL: SELECT COUNT(*) AS tp_count FROM `wg_goods_type` WHERE `shopId` = 1 LIMIT 1   [ RunTime:0.0000s ]

[ 2017-09-14T14:29:02+08:00 ] 127.0.0.1 /index.php/Shop/Goods/spec/tid/5
INFO: [ app_init ] --START--
INFO: Run Behavior\BuildLiteBehavior [ RunTime:0.000000s ]
INFO: [ app_init ] --END-- [ RunTime:0.001000s ]
INFO: [ app_begin ] --START--
INFO: Run Behavior\ReadHtmlCacheBehavior [ RunTime:0.001000s ]
INFO: [ app_begin ] --END-- [ RunTime:0.001000s ]
INFO: [ view_parse ] --START--
INFO: [ template_filter ] --START--
INFO: Run Behavior\ContentReplaceBehavior [ RunTime:0.001000s ]
INFO: [ template_filter ] --END-- [ RunTime:0.001000s ]
INFO: Run Behavior\ParseTemplateBehavior [ RunTime:0.021002s ]
INFO: [ view_parse ] --END-- [ RunTime:0.021002s ]
INFO: [ view_filter ] --START--
INFO: Run Behavior\WriteHtmlCacheBehavior [ RunTime:0.001000s ]
INFO: [ view_filter ] --END-- [ RunTime:0.001000s ]
INFO: [ app_end ] --START--
INFO: Run Behavior\ShowPageTraceBehavior [ RunTime:0.001000s ]
INFO: [ app_end ] --END-- [ RunTime:0.001000s ]

[ 2017-09-14T14:29:02+08:00 ] 127.0.0.1 /index.php/Shop/Goods/spec/tid/5.html?_search=false&nd=1505370542154&rows=10&page=1&sidx=sorts&sord=asc
INFO: [ app_init ] --START--
INFO: Run Behavior\BuildLiteBehavior [ RunTime:0.000000s ]
INFO: [ app_init ] --END-- [ RunTime:0.005001s ]
INFO: [ app_begin ] --START--
INFO: Run Behavior\ReadHtmlCacheBehavior [ RunTime:0.000000s ]
INFO: [ app_begin ] --END-- [ RunTime:0.001000s ]
SQL: SHOW COLUMNS FROM `wg_spec` [ RunTime:0.0050s ]
SQL: SELECT * FROM `wg_spec` WHERE `typeId` = 5 ORDER BY sorts asc LIMIT 0,10   [ RunTime:0.0000s ]
SQL: SHOW COLUMNS FROM `wg_spec` [ RunTime:0.0040s ]
SQL: SHOW COLUMNS FROM `wg_spec_item` [ RunTime:0.0030s ]
SQL: SELECT `item` FROM `wg_spec_item` WHERE `specId` = 4  [ RunTime:0.0000s ]
SQL: SELECT COUNT(*) AS tp_count FROM `wg_spec` WHERE `typeId` = 5 LIMIT 1   [ RunTime:0.0010s ]

[ 2017-09-14T14:29:05+08:00 ] 127.0.0.1 /shop.php/Goods/type.html?_search=false&nd=1505370545640&rows=10&page=1&sidx=id&sord=desc
INFO: [ app_init ] --START--
INFO: Run Behavior\BuildLiteBehavior [ RunTime:0.000000s ]
INFO: [ app_init ] --END-- [ RunTime:0.001000s ]
INFO: [ app_begin ] --START--
INFO: Run Behavior\ReadHtmlCacheBehavior [ RunTime:0.001000s ]
INFO: [ app_begin ] --END-- [ RunTime:0.001000s ]
SQL: SHOW COLUMNS FROM `wg_goods_type` [ RunTime:0.0030s ]
SQL: SELECT * FROM `wg_goods_type` WHERE `shopId` = 1 ORDER BY id desc LIMIT 0,10   [ RunTime:0.0000s ]
SQL: SELECT COUNT(*) AS tp_count FROM `wg_goods_type` WHERE `shopId` = 1 LIMIT 1   [ RunTime:0.0000s ]

[ 2017-09-14T14:29:08+08:00 ] 127.0.0.1 /index.php/Shop/Goods/spec/tid/8
INFO: [ app_init ] --START--
INFO: Run Behavior\BuildLiteBehavior [ RunTime:0.000000s ]
INFO: [ app_init ] --END-- [ RunTime:0.001000s ]
INFO: [ app_begin ] --START--
INFO: Run Behavior\ReadHtmlCacheBehavior [ RunTime:0.001000s ]
INFO: [ app_begin ] --END-- [ RunTime:0.002000s ]
INFO: [ view_parse ] --START--
INFO: [ template_filter ] --START--
INFO: Run Behavior\ContentReplaceBehavior [ RunTime:0.000000s ]
INFO: [ template_filter ] --END-- [ RunTime:0.000000s ]
INFO: Run Behavior\ParseTemplateBehavior [ RunTime:0.012001s ]
INFO: [ view_parse ] --END-- [ RunTime:0.012001s ]
INFO: [ view_filter ] --START--
INFO: Run Behavior\WriteHtmlCacheBehavior [ RunTime:0.000000s ]
INFO: [ view_filter ] --END-- [ RunTime:0.000000s ]
INFO: [ app_end ] --START--
INFO: Run Behavior\ShowPageTraceBehavior [ RunTime:0.001000s ]
INFO: [ app_end ] --END-- [ RunTime:0.001000s ]

[ 2017-09-14T14:29:08+08:00 ] 127.0.0.1 /index.php/Shop/Goods/spec/tid/8.html?_search=false&nd=1505370548651&rows=10&page=1&sidx=sorts&sord=asc
INFO: [ app_init ] --START--
INFO: Run Behavior\BuildLiteBehavior [ RunTime:0.000000s ]
INFO: [ app_init ] --END-- [ RunTime:0.000000s ]
INFO: [ app_begin ] --START--
INFO: Run Behavior\ReadHtmlCacheBehavior [ RunTime:0.001001s ]
INFO: [ app_begin ] --END-- [ RunTime:0.001001s ]
SQL: SHOW COLUMNS FROM `wg_spec` [ RunTime:0.0050s ]
SQL: SELECT * FROM `wg_spec` WHERE `typeId` = 8 ORDER BY sorts asc LIMIT 0,10   [ RunTime:0.0000s ]
SQL: SELECT COUNT(*) AS tp_count FROM `wg_spec` WHERE `typeId` = 8 LIMIT 1   [ RunTime:0.0000s ]

[ 2017-09-14T14:29:12+08:00 ] 127.0.0.1 /index.php/Shop/Goods/addSpec/tid/8
INFO: [ app_init ] --START--
INFO: Run Behavior\BuildLiteBehavior [ RunTime:0.000000s ]
INFO: [ app_init ] --END-- [ RunTime:0.000000s ]
INFO: [ app_begin ] --START--
INFO: Run Behavior\ReadHtmlCacheBehavior [ RunTime:0.001000s ]
INFO: [ app_begin ] --END-- [ RunTime:0.001000s ]
INFO: [ view_parse ] --START--
INFO: [ template_filter ] --START--
INFO: Run Behavior\ContentReplaceBehavior [ RunTime:0.000000s ]
INFO: [ template_filter ] --END-- [ RunTime:0.000000s ]
INFO: Run Behavior\ParseTemplateBehavior [ RunTime:0.030001s ]
INFO: [ view_parse ] --END-- [ RunTime:0.031001s ]
INFO: [ view_filter ] --START--
INFO: Run Behavior\WriteHtmlCacheBehavior [ RunTime:0.001000s ]
INFO: [ view_filter ] --END-- [ RunTime:0.001000s ]
INFO: [ app_end ] --START--
INFO: Run Behavior\ShowPageTraceBehavior [ RunTime:0.001001s ]
INFO: [ app_end ] --END-- [ RunTime:0.002001s ]

[ 2017-09-14T14:29:35+08:00 ] 127.0.0.1 /index.php/Shop/Goods/addSpec.html
INFO: [ app_init ] --START--
INFO: Run Behavior\BuildLiteBehavior [ RunTime:0.000000s ]
INFO: [ app_init ] --END-- [ RunTime:0.001000s ]
INFO: [ app_begin ] --START--
INFO: Run Behavior\ReadHtmlCacheBehavior [ RunTime:0.000000s ]
INFO: [ app_begin ] --END-- [ RunTime:0.001000s ]
SQL: SHOW COLUMNS FROM `wg_spec` [ RunTime:0.0030s ]
NOTIC: [8] Undefined index: validate D:\wamp\www\wllspace\php\wgshop\ThinkPHP\Library\Think\Model.class.php 第 1185 行.
SQL: SELECT * FROM `wg_spec` WHERE `typeId` = 8 AND `name` = '颜色' LIMIT 1   [ RunTime:0.0010s ]
NOTIC: [8] Undefined index: auto D:\wamp\www\wllspace\php\wgshop\ThinkPHP\Library\Think\Model.class.php 第 1128 行.
SQL: INSERT INTO `wg_spec` (`id`,`typeId`,`name`,`sorts`) VALUES ('0','8','颜色','50') [ RunTime:0.0010s ]
SQL: SHOW COLUMNS FROM `wg_spec_item` [ RunTime:0.0040s ]
SQL: SELECT `id`,`item` FROM `wg_spec_item` WHERE ( specId = 5 )  [ RunTime:0.0000s ]
NOTIC: [2] in_array() expects parameter 2 to be array, null given D:\wamp\www\wllspace\php\wgshop\Application\Shop\Model\SpecModel.class.php 第 55 行.
NOTIC: [2] in_array() expects parameter 2 to be array, null given D:\wamp\www\wllspace\php\wgshop\Application\Shop\Model\SpecModel.class.php 第 55 行.
NOTIC: [2] in_array() expects parameter 2 to be array, null given D:\wamp\www\wllspace\php\wgshop\Application\Shop\Model\SpecModel.class.php 第 55 行.
SQL: INSERT INTO `wg_spec_item` (`specId`,`item`) VALUES ('5','黑色'),('5','白色'),('5','红色') [ RunTime:0.0000s ]
NOTIC: [2] Invalid argument supplied for foreach() D:\wamp\www\wllspace\php\wgshop\Application\Shop\Model\SpecModel.class.php 第 67 行.

[ 2017-09-14T14:29:37+08:00 ] 127.0.0.1 /index.php/Shop/Goods/addSpec/tid/8
INFO: [ app_init ] --START--
INFO: Run Behavior\BuildLiteBehavior [ RunTime:0.000000s ]
INFO: [ app_init ] --END-- [ RunTime:0.000000s ]
INFO: [ app_begin ] --START--
INFO: Run Behavior\ReadHtmlCacheBehavior [ RunTime:0.000000s ]
INFO: [ app_begin ] --END-- [ RunTime:0.000000s ]
INFO: [ view_parse ] --START--
INFO: [ template_filter ] --START--
INFO: Run Behavior\ContentReplaceBehavior [ RunTime:0.000000s ]
INFO: [ template_filter ] --END-- [ RunTime:0.000000s ]
INFO: Run Behavior\ParseTemplateBehavior [ RunTime:0.022601s ]
INFO: [ view_parse ] --END-- [ RunTime:0.022601s ]
INFO: [ view_filter ] --START--
INFO: Run Behavior\WriteHtmlCacheBehavior [ RunTime:0.000000s ]
INFO: [ view_filter ] --END-- [ RunTime:0.001000s ]
INFO: [ app_end ] --START--
INFO: Run Behavior\ShowPageTraceBehavior [ RunTime:0.000000s ]
INFO: [ app_end ] --END-- [ RunTime:0.001000s ]

[ 2017-09-14T14:29:40+08:00 ] 127.0.0.1 /index.php/Shop/Goods/spec/tid/8.html?_search=false&nd=1505370580555&rows=10&page=1&sidx=sorts&sord=asc
INFO: [ app_init ] --START--
INFO: Run Behavior\BuildLiteBehavior [ RunTime:0.000000s ]
INFO: [ app_init ] --END-- [ RunTime:0.000000s ]
INFO: [ app_begin ] --START--
INFO: Run Behavior\ReadHtmlCacheBehavior [ RunTime:0.000000s ]
INFO: [ app_begin ] --END-- [ RunTime:0.000000s ]
SQL: SHOW COLUMNS FROM `wg_spec` [ RunTime:0.0030s ]
SQL: SELECT * FROM `wg_spec` WHERE `typeId` = 8 ORDER BY sorts asc LIMIT 0,10   [ RunTime:0.0000s ]
SQL: SHOW COLUMNS FROM `wg_spec` [ RunTime:0.0030s ]
SQL: SHOW COLUMNS FROM `wg_spec_item` [ RunTime:0.0030s ]
SQL: SELECT `item` FROM `wg_spec_item` WHERE `specId` = 5  [ RunTime:0.0000s ]
SQL: SELECT COUNT(*) AS tp_count FROM `wg_spec` WHERE `typeId` = 8 LIMIT 1   [ RunTime:0.0000s ]

[ 2017-09-14T14:29:42+08:00 ] 127.0.0.1 /shop.php/Goods/type.html?_search=false&nd=1505370582789&rows=10&page=1&sidx=id&sord=desc
INFO: [ app_init ] --START--
INFO: Run Behavior\BuildLiteBehavior [ RunTime:0.000000s ]
INFO: [ app_init ] --END-- [ RunTime:0.002000s ]
INFO: [ app_begin ] --START--
INFO: Run Behavior\ReadHtmlCacheBehavior [ RunTime:0.001000s ]
INFO: [ app_begin ] --END-- [ RunTime:0.001000s ]
SQL: SHOW COLUMNS FROM `wg_goods_type` [ RunTime:0.0040s ]
SQL: SELECT * FROM `wg_goods_type` WHERE `shopId` = 1 ORDER BY id desc LIMIT 0,10   [ RunTime:0.0000s ]
SQL: SELECT COUNT(*) AS tp_count FROM `wg_goods_type` WHERE `shopId` = 1 LIMIT 1   [ RunTime:0.0000s ]

[ 2017-09-14T14:35:58+08:00 ] 127.0.0.1 /index.php/Shop/Goods/spec/tid/8
INFO: [ app_init ] --START--
INFO: Run Behavior\BuildLiteBehavior [ RunTime:0.000000s ]
INFO: [ app_init ] --END-- [ RunTime:0.001000s ]
INFO: [ app_begin ] --START--
INFO: Run Behavior\ReadHtmlCacheBehavior [ RunTime:0.000000s ]
INFO: [ app_begin ] --END-- [ RunTime:0.000000s ]
INFO: [ view_parse ] --START--
INFO: [ template_filter ] --START--
INFO: Run Behavior\ContentReplaceBehavior [ RunTime:0.000000s ]
INFO: [ template_filter ] --END-- [ RunTime:0.000000s ]
INFO: Run Behavior\ParseTemplateBehavior [ RunTime:0.013001s ]
INFO: [ view_parse ] --END-- [ RunTime:0.013001s ]
INFO: [ view_filter ] --START--
INFO: Run Behavior\WriteHtmlCacheBehavior [ RunTime:0.001000s ]
INFO: [ view_filter ] --END-- [ RunTime:0.001000s ]
INFO: [ app_end ] --START--
INFO: Run Behavior\ShowPageTraceBehavior [ RunTime:0.001000s ]
INFO: [ app_end ] --END-- [ RunTime:0.001000s ]

[ 2017-09-14T14:35:58+08:00 ] 127.0.0.1 /index.php/Shop/Goods/spec/tid/8.html?_search=false&nd=1505370958910&rows=10&page=1&sidx=sorts&sord=asc
INFO: [ app_init ] --START--
INFO: Run Behavior\BuildLiteBehavior [ RunTime:0.000000s ]
INFO: [ app_init ] --END-- [ RunTime:0.000000s ]
INFO: [ app_begin ] --START--
INFO: Run Behavior\ReadHtmlCacheBehavior [ RunTime:0.001000s ]
INFO: [ app_begin ] --END-- [ RunTime:0.001000s ]
SQL: SHOW COLUMNS FROM `wg_spec` [ RunTime:0.0030s ]
SQL: SELECT * FROM `wg_spec` WHERE `typeId` = 8 ORDER BY sorts asc LIMIT 0,10   [ RunTime:0.0000s ]
SQL: SHOW COLUMNS FROM `wg_spec` [ RunTime:0.0040s ]
SQL: SHOW COLUMNS FROM `wg_spec_item` [ RunTime:0.0050s ]
SQL: SELECT `item` FROM `wg_spec_item` WHERE `specId` = 5  [ RunTime:0.0000s ]
SQL: SELECT COUNT(*) AS tp_count FROM `wg_spec` WHERE `typeId` = 8 LIMIT 1   [ RunTime:0.0010s ]

[ 2017-09-14T14:36:00+08:00 ] 127.0.0.1 /index.php/Shop/Goods/addSpec/tid/8/id/5
INFO: [ app_init ] --START--
INFO: Run Behavior\BuildLiteBehavior [ RunTime:0.000000s ]
INFO: [ app_init ] --END-- [ RunTime:0.001000s ]
INFO: [ app_begin ] --START--
INFO: Run Behavior\ReadHtmlCacheBehavior [ RunTime:0.002000s ]
INFO: [ app_begin ] --END-- [ RunTime:0.002000s ]
SQL: SHOW COLUMNS FROM `wg_spec` [ RunTime:0.0040s ]
SQL: SELECT * FROM `wg_spec` WHERE `id` = 5 LIMIT 1   [ RunTime:0.0000s ]
SQL: SHOW COLUMNS FROM `wg_spec` [ RunTime:0.0070s ]
SQL: SHOW COLUMNS FROM `wg_spec_item` [ RunTime:0.0030s ]
SQL: SELECT `item` FROM `wg_spec_item` WHERE `specId` = 5  [ RunTime:0.0000s ]
INFO: [ view_parse ] --START--
INFO: [ template_filter ] --START--
INFO: Run Behavior\ContentReplaceBehavior [ RunTime:0.001000s ]
INFO: [ template_filter ] --END-- [ RunTime:0.001000s ]
INFO: Run Behavior\ParseTemplateBehavior [ RunTime:0.013000s ]
INFO: [ view_parse ] --END-- [ RunTime:0.013000s ]
INFO: [ view_filter ] --START--
INFO: Run Behavior\WriteHtmlCacheBehavior [ RunTime:0.000000s ]
INFO: [ view_filter ] --END-- [ RunTime:0.001001s ]
INFO: [ app_end ] --START--
INFO: Run Behavior\ShowPageTraceBehavior [ RunTime:0.000000s ]
INFO: [ app_end ] --END-- [ RunTime:0.000000s ]

[ 2017-09-14T14:36:10+08:00 ] 127.0.0.1 /index.php/Shop/Goods/addSpec.html
INFO: [ app_init ] --START--
INFO: Run Behavior\BuildLiteBehavior [ RunTime:0.000000s ]
INFO: [ app_init ] --END-- [ RunTime:0.001000s ]
INFO: [ app_begin ] --START--
INFO: Run Behavior\ReadHtmlCacheBehavior [ RunTime:0.001000s ]
INFO: [ app_begin ] --END-- [ RunTime:0.001000s ]
SQL: SHOW COLUMNS FROM `wg_spec` [ RunTime:0.0040s ]
NOTIC: [8] Undefined index: validate D:\wamp\www\wllspace\php\wgshop\ThinkPHP\Library\Think\Model.class.php 第 1185 行.
SQL: SELECT * FROM `wg_spec` WHERE `typeId` = 8 AND `name` = '颜色' LIMIT 1   [ RunTime:0.0010s ]
NOTIC: [8] Undefined index: auto D:\wamp\www\wllspace\php\wgshop\ThinkPHP\Library\Think\Model.class.php 第 1128 行.
SQL: UPDATE `wg_spec` SET `typeId`='8',`name`='颜色',`sorts`='50' WHERE `id` = 5 [ RunTime:0.0000s ]

[ 2017-09-14T14:36:19+08:00 ] 127.0.0.1 /index.php/Shop/Goods/addSpec.html
INFO: [ app_init ] --START--
INFO: Run Behavior\BuildLiteBehavior [ RunTime:0.000000s ]
INFO: [ app_init ] --END-- [ RunTime:0.000000s ]
INFO: [ app_begin ] --START--
INFO: Run Behavior\ReadHtmlCacheBehavior [ RunTime:0.000000s ]
INFO: [ app_begin ] --END-- [ RunTime:0.001000s ]
SQL: SHOW COLUMNS FROM `wg_spec` [ RunTime:0.0050s ]
NOTIC: [8] Undefined index: validate D:\wamp\www\wllspace\php\wgshop\ThinkPHP\Library\Think\Model.class.php 第 1185 行.
SQL: SELECT * FROM `wg_spec` WHERE `typeId` = 8 AND `name` = '颜色' LIMIT 1   [ RunTime:0.0010s ]
NOTIC: [8] Undefined index: auto D:\wamp\www\wllspace\php\wgshop\ThinkPHP\Library\Think\Model.class.php 第 1128 行.
SQL: UPDATE `wg_spec` SET `typeId`='8',`name`='颜色',`sorts`='50' WHERE `id` = 5 [ RunTime:0.0000s ]

[ 2017-09-14T14:36:33+08:00 ] 127.0.0.1 /index.php/Shop/Goods/spec/tid/8.html?_search=false&nd=1505370993619&rows=10&page=1&sidx=sorts&sord=asc
INFO: [ app_init ] --START--
INFO: Run Behavior\BuildLiteBehavior [ RunTime:0.000000s ]
INFO: [ app_init ] --END-- [ RunTime:0.001000s ]
INFO: [ app_begin ] --START--
INFO: Run Behavior\ReadHtmlCacheBehavior [ RunTime:0.001000s ]
INFO: [ app_begin ] --END-- [ RunTime:0.001000s ]
SQL: SHOW COLUMNS FROM `wg_spec` [ RunTime:0.0030s ]
SQL: SELECT * FROM `wg_spec` WHERE `typeId` = 8 ORDER BY sorts asc LIMIT 0,10   [ RunTime:0.0010s ]
SQL: SHOW COLUMNS FROM `wg_spec` [ RunTime:0.0030s ]
SQL: SHOW COLUMNS FROM `wg_spec_item` [ RunTime:0.0030s ]
SQL: SELECT `item` FROM `wg_spec_item` WHERE `specId` = 5  [ RunTime:0.0010s ]
SQL: SELECT COUNT(*) AS tp_count FROM `wg_spec` WHERE `typeId` = 8 LIMIT 1   [ RunTime:0.0000s ]

[ 2017-09-14T14:36:50+08:00 ] 127.0.0.1 /index.php/Shop/Goods/addSpec/tid/8/id/5
INFO: [ app_init ] --START--
INFO: Run Behavior\BuildLiteBehavior [ RunTime:0.000000s ]
INFO: [ app_init ] --END-- [ RunTime:0.002000s ]
INFO: [ app_begin ] --START--
INFO: Run Behavior\ReadHtmlCacheBehavior [ RunTime:0.003000s ]
INFO: [ app_begin ] --END-- [ RunTime:0.003000s ]
SQL: SHOW COLUMNS FROM `wg_spec` [ RunTime:0.0060s ]
SQL: SELECT * FROM `wg_spec` WHERE `id` = 5 LIMIT 1   [ RunTime:0.0010s ]
SQL: SHOW COLUMNS FROM `wg_spec` [ RunTime:0.0040s ]
SQL: SHOW COLUMNS FROM `wg_spec_item` [ RunTime:0.0050s ]
SQL: SELECT `item` FROM `wg_spec_item` WHERE `specId` = 5  [ RunTime:0.0000s ]
INFO: [ view_parse ] --START--
INFO: [ template_filter ] --START--
INFO: Run Behavior\ContentReplaceBehavior [ RunTime:0.000000s ]
INFO: [ template_filter ] --END-- [ RunTime:0.000000s ]
INFO: Run Behavior\ParseTemplateBehavior [ RunTime:0.009000s ]
INFO: [ view_parse ] --END-- [ RunTime:0.010000s ]
INFO: [ view_filter ] --START--
INFO: Run Behavior\WriteHtmlCacheBehavior [ RunTime:0.001000s ]
INFO: [ view_filter ] --END-- [ RunTime:0.001000s ]
INFO: [ app_end ] --START--
INFO: Run Behavior\ShowPageTraceBehavior [ RunTime:0.001000s ]
INFO: [ app_end ] --END-- [ RunTime:0.001000s ]

[ 2017-09-14T14:36:51+08:00 ] 127.0.0.1 /index.php/Shop/Goods/addSpec.html
INFO: [ app_init ] --START--
INFO: Run Behavior\BuildLiteBehavior [ RunTime:0.000000s ]
INFO: [ app_init ] --END-- [ RunTime:0.000000s ]
INFO: [ app_begin ] --START--
INFO: Run Behavior\ReadHtmlCacheBehavior [ RunTime:0.001000s ]
INFO: [ app_begin ] --END-- [ RunTime:0.001000s ]
SQL: SHOW COLUMNS FROM `wg_spec` [ RunTime:0.0040s ]
NOTIC: [8] Undefined index: validate D:\wamp\www\wllspace\php\wgshop\ThinkPHP\Library\Think\Model.class.php 第 1185 行.
SQL: SELECT * FROM `wg_spec` WHERE `typeId` = 8 AND `name` = '颜色' LIMIT 1   [ RunTime:0.0010s ]
NOTIC: [8] Undefined index: auto D:\wamp\www\wllspace\php\wgshop\ThinkPHP\Library\Think\Model.class.php 第 1128 行.
SQL: UPDATE `wg_spec` SET `typeId`='8',`name`='颜色',`sorts`='50' WHERE `id` = 5 [ RunTime:0.0000s ]

[ 2017-09-14T14:37:09+08:00 ] 127.0.0.1 /index.php/Shop/Goods/addSpec.html
INFO: [ app_init ] --START--
INFO: Run Behavior\BuildLiteBehavior [ RunTime:0.000000s ]
INFO: [ app_init ] --END-- [ RunTime:0.001000s ]
INFO: [ app_begin ] --START--
INFO: Run Behavior\ReadHtmlCacheBehavior [ RunTime:0.000000s ]
INFO: [ app_begin ] --END-- [ RunTime:0.000000s ]
SQL: SHOW COLUMNS FROM `wg_spec` [ RunTime:0.0040s ]
NOTIC: [8] Undefined index: validate D:\wamp\www\wllspace\php\wgshop\ThinkPHP\Library\Think\Model.class.php 第 1185 行.
SQL: SELECT * FROM `wg_spec` WHERE `typeId` = 8 AND `name` = '颜色' LIMIT 1   [ RunTime:0.0010s ]
NOTIC: [8] Undefined index: auto D:\wamp\www\wllspace\php\wgshop\ThinkPHP\Library\Think\Model.class.php 第 1128 行.
SQL: UPDATE `wg_spec` SET `typeId`='8',`name`='颜色',`sorts`='50' WHERE `id` = 5 [ RunTime:0.0000s ]

[ 2017-09-14T14:37:30+08:00 ] 127.0.0.1 /index.php/Shop/Goods/spec/tid/8.html?_search=false&nd=1505371050908&rows=10&page=1&sidx=sorts&sord=asc
INFO: [ app_init ] --START--
INFO: Run Behavior\BuildLiteBehavior [ RunTime:0.000000s ]
INFO: [ app_init ] --END-- [ RunTime:0.000000s ]
INFO: [ app_begin ] --START--
INFO: Run Behavior\ReadHtmlCacheBehavior [ RunTime:0.001000s ]
INFO: [ app_begin ] --END-- [ RunTime:0.001000s ]
SQL: SHOW COLUMNS FROM `wg_spec` [ RunTime:0.0030s ]
SQL: SELECT * FROM `wg_spec` WHERE `typeId` = 8 ORDER BY sorts asc LIMIT 0,10   [ RunTime:0.0010s ]
SQL: SHOW COLUMNS FROM `wg_spec` [ RunTime:0.0040s ]
SQL: SHOW COLUMNS FROM `wg_spec_item` [ RunTime:0.0030s ]
SQL: SELECT `item` FROM `wg_spec_item` WHERE `specId` = 5  [ RunTime:0.0010s ]
SQL: SELECT COUNT(*) AS tp_count FROM `wg_spec` WHERE `typeId` = 8 LIMIT 1   [ RunTime:0.0000s ]

[ 2017-09-14T14:38:04+08:00 ] 127.0.0.1 /index.php/Shop/Goods/addSpec/tid/8/id/5
INFO: [ app_init ] --START--
INFO: Run Behavior\BuildLiteBehavior [ RunTime:0.000000s ]
INFO: [ app_init ] --END-- [ RunTime:0.001000s ]
INFO: [ app_begin ] --START--
INFO: Run Behavior\ReadHtmlCacheBehavior [ RunTime:0.000000s ]
INFO: [ app_begin ] --END-- [ RunTime:0.002000s ]
SQL: SHOW COLUMNS FROM `wg_spec` [ RunTime:0.0050s ]
SQL: SELECT * FROM `wg_spec` WHERE `id` = 5 LIMIT 1   [ RunTime:0.0000s ]
SQL: SHOW COLUMNS FROM `wg_spec` [ RunTime:0.0030s ]
SQL: SHOW COLUMNS FROM `wg_spec_item` [ RunTime:0.0040s ]
SQL: SELECT `item` FROM `wg_spec_item` WHERE `specId` = 5  [ RunTime:0.0000s ]
INFO: [ view_parse ] --START--
INFO: [ template_filter ] --START--
INFO: Run Behavior\ContentReplaceBehavior [ RunTime:0.000000s ]
INFO: [ template_filter ] --END-- [ RunTime:0.000000s ]
INFO: Run Behavior\ParseTemplateBehavior [ RunTime:0.009001s ]
INFO: [ view_parse ] --END-- [ RunTime:0.009001s ]
INFO: [ view_filter ] --START--
INFO: Run Behavior\WriteHtmlCacheBehavior [ RunTime:0.000000s ]
INFO: [ view_filter ] --END-- [ RunTime:0.001000s ]
INFO: [ app_end ] --START--
INFO: Run Behavior\ShowPageTraceBehavior [ RunTime:0.001000s ]
INFO: [ app_end ] --END-- [ RunTime:0.001000s ]

[ 2017-09-14T14:38:06+08:00 ] 127.0.0.1 /index.php/Shop/Goods/addSpec.html
INFO: [ app_init ] --START--
INFO: Run Behavior\BuildLiteBehavior [ RunTime:0.001000s ]
INFO: [ app_init ] --END-- [ RunTime:0.001000s ]
INFO: [ app_begin ] --START--
INFO: Run Behavior\ReadHtmlCacheBehavior [ RunTime:0.001000s ]
INFO: [ app_begin ] --END-- [ RunTime:0.001000s ]
SQL: SHOW COLUMNS FROM `wg_spec` [ RunTime:0.0040s ]
NOTIC: [8] Undefined index: validate D:\wamp\www\wllspace\php\wgshop\ThinkPHP\Library\Think\Model.class.php 第 1185 行.
SQL: SELECT * FROM `wg_spec` WHERE `typeId` = 8 AND `name` = '颜色' LIMIT 1   [ RunTime:0.0010s ]
NOTIC: [8] Undefined index: auto D:\wamp\www\wllspace\php\wgshop\ThinkPHP\Library\Think\Model.class.php 第 1128 行.
SQL: UPDATE `wg_spec` SET `typeId`='8',`name`='颜色',`sorts`='50' WHERE `id` = 5 [ RunTime:0.0010s ]

[ 2017-09-14T14:39:23+08:00 ] 127.0.0.1 /index.php/Shop/Goods/addSpec.html
INFO: [ app_init ] --START--
INFO: Run Behavior\BuildLiteBehavior [ RunTime:0.000000s ]
INFO: [ app_init ] --END-- [ RunTime:0.000000s ]
INFO: [ app_begin ] --START--
INFO: Run Behavior\ReadHtmlCacheBehavior [ RunTime:0.001000s ]
INFO: [ app_begin ] --END-- [ RunTime:0.001000s ]
SQL: SHOW COLUMNS FROM `wg_spec` [ RunTime:0.0050s ]
NOTIC: [8] Undefined index: validate D:\wamp\www\wllspace\php\wgshop\ThinkPHP\Library\Think\Model.class.php 第 1185 行.
SQL: SELECT * FROM `wg_spec` WHERE `typeId` = 8 AND `name` = '颜色' LIMIT 1   [ RunTime:0.0010s ]
NOTIC: [8] Undefined index: auto D:\wamp\www\wllspace\php\wgshop\ThinkPHP\Library\Think\Model.class.php 第 1128 行.
SQL: UPDATE `wg_spec` SET `typeId`='8',`name`='颜色',`sorts`='50' WHERE `id` = 5 [ RunTime:0.0000s ]

[ 2017-09-14T14:39:37+08:00 ] 127.0.0.1 /index.php/Shop/Goods/addSpec.html
INFO: [ app_init ] --START--
INFO: Run Behavior\BuildLiteBehavior [ RunTime:0.000000s ]
INFO: [ app_init ] --END-- [ RunTime:0.000000s ]
INFO: [ app_begin ] --START--
INFO: Run Behavior\ReadHtmlCacheBehavior [ RunTime:0.001000s ]
INFO: [ app_begin ] --END-- [ RunTime:0.001000s ]
SQL: SHOW COLUMNS FROM `wg_spec` [ RunTime:0.0040s ]
NOTIC: [8] Undefined index: validate D:\wamp\www\wllspace\php\wgshop\ThinkPHP\Library\Think\Model.class.php 第 1185 行.
SQL: SELECT * FROM `wg_spec` WHERE `typeId` = 8 AND `name` = '颜色' LIMIT 1   [ RunTime:0.0000s ]
NOTIC: [8] Undefined index: auto D:\wamp\www\wllspace\php\wgshop\ThinkPHP\Library\Think\Model.class.php 第 1128 行.
SQL: UPDATE `wg_spec` SET `typeId`='8',`name`='颜色',`sorts`='50' WHERE `id` = 5 [ RunTime:0.0000s ]
SQL: SHOW COLUMNS FROM `wg_spec_item` [ RunTime:0.0050s ]
SQL: SELECT `id`,`item` FROM `wg_spec_item` WHERE ( specId = 5 )  [ RunTime:0.0010s ]
NOTIC: [8] Undefined variable: dataList D:\wamp\www\wllspace\php\wgshop\Application\Shop\Model\SpecModel.class.php 第 59 行.

[ 2017-09-14T14:39:39+08:00 ] 127.0.0.1 /index.php/Shop/Goods/addSpec/tid/8/id/5
INFO: [ app_init ] --START--
INFO: Run Behavior\BuildLiteBehavior [ RunTime:0.000000s ]
INFO: [ app_init ] --END-- [ RunTime:0.000000s ]
INFO: [ app_begin ] --START--
INFO: Run Behavior\ReadHtmlCacheBehavior [ RunTime:0.000000s ]
INFO: [ app_begin ] --END-- [ RunTime:0.000000s ]
SQL: SHOW COLUMNS FROM `wg_spec` [ RunTime:0.0050s ]
SQL: SELECT * FROM `wg_spec` WHERE `id` = 5 LIMIT 1   [ RunTime:0.0010s ]
SQL: SHOW COLUMNS FROM `wg_spec` [ RunTime:0.0040s ]
SQL: SHOW COLUMNS FROM `wg_spec_item` [ RunTime:0.0030s ]
SQL: SELECT `item` FROM `wg_spec_item` WHERE `specId` = 5  [ RunTime:0.0010s ]
INFO: [ view_parse ] --START--
INFO: [ template_filter ] --START--
INFO: Run Behavior\ContentReplaceBehavior [ RunTime:0.000000s ]
INFO: [ template_filter ] --END-- [ RunTime:0.000000s ]
INFO: Run Behavior\ParseTemplateBehavior [ RunTime:0.011001s ]
INFO: [ view_parse ] --END-- [ RunTime:0.012001s ]
INFO: [ view_filter ] --START--
INFO: Run Behavior\WriteHtmlCacheBehavior [ RunTime:0.000000s ]
INFO: [ view_filter ] --END-- [ RunTime:0.001000s ]
INFO: [ app_end ] --START--
INFO: Run Behavior\ShowPageTraceBehavior [ RunTime:0.000000s ]
INFO: [ app_end ] --END-- [ RunTime:0.000000s ]

[ 2017-09-14T14:39:45+08:00 ] 127.0.0.1 /index.php/Shop/Goods/addSpec.html
INFO: [ app_init ] --START--
INFO: Run Behavior\BuildLiteBehavior [ RunTime:0.000000s ]
INFO: [ app_init ] --END-- [ RunTime:0.001000s ]
INFO: [ app_begin ] --START--
INFO: Run Behavior\ReadHtmlCacheBehavior [ RunTime:0.001000s ]
INFO: [ app_begin ] --END-- [ RunTime:0.001000s ]
SQL: SHOW COLUMNS FROM `wg_spec` [ RunTime:0.0050s ]
NOTIC: [8] Undefined index: validate D:\wamp\www\wllspace\php\wgshop\ThinkPHP\Library\Think\Model.class.php 第 1185 行.
SQL: SELECT * FROM `wg_spec` WHERE `typeId` = 8 AND `name` = '颜色' LIMIT 1   [ RunTime:0.0010s ]
NOTIC: [8] Undefined index: auto D:\wamp\www\wllspace\php\wgshop\ThinkPHP\Library\Think\Model.class.php 第 1128 行.
SQL: UPDATE `wg_spec` SET `typeId`='8',`name`='颜色',`sorts`='50' WHERE `id` = 5 [ RunTime:0.0010s ]
SQL: SHOW COLUMNS FROM `wg_spec_item` [ RunTime:0.0030s ]
SQL: SELECT `id`,`item` FROM `wg_spec_item` WHERE ( specId = 5 )  [ RunTime:0.0000s ]
SQL: INSERT INTO `wg_spec_item` (`specId`,`item`) VALUES ('5','墨绿') [ RunTime:0.0000s ]

[ 2017-09-14T14:39:46+08:00 ] 127.0.0.1 /index.php/Shop/Goods/addSpec/tid/8/id/5
INFO: [ app_init ] --START--
INFO: Run Behavior\BuildLiteBehavior [ RunTime:0.000000s ]
INFO: [ app_init ] --END-- [ RunTime:0.000000s ]
INFO: [ app_begin ] --START--
INFO: Run Behavior\ReadHtmlCacheBehavior [ RunTime:0.000000s ]
INFO: [ app_begin ] --END-- [ RunTime:0.000000s ]
SQL: SHOW COLUMNS FROM `wg_spec` [ RunTime:0.0050s ]
SQL: SELECT * FROM `wg_spec` WHERE `id` = 5 LIMIT 1   [ RunTime:0.0000s ]
SQL: SHOW COLUMNS FROM `wg_spec` [ RunTime:0.0050s ]
SQL: SHOW COLUMNS FROM `wg_spec_item` [ RunTime:0.0040s ]
SQL: SELECT `item` FROM `wg_spec_item` WHERE `specId` = 5  [ RunTime:0.0000s ]
INFO: [ view_parse ] --START--
INFO: [ template_filter ] --START--
INFO: Run Behavior\ContentReplaceBehavior [ RunTime:0.000000s ]
INFO: [ template_filter ] --END-- [ RunTime:0.000000s ]
INFO: Run Behavior\ParseTemplateBehavior [ RunTime:0.010000s ]
INFO: [ view_parse ] --END-- [ RunTime:0.010000s ]
INFO: [ view_filter ] --START--
INFO: Run Behavior\WriteHtmlCacheBehavior [ RunTime:0.000000s ]
INFO: [ view_filter ] --END-- [ RunTime:0.001000s ]
INFO: [ app_end ] --START--
INFO: Run Behavior\ShowPageTraceBehavior [ RunTime:0.001000s ]
INFO: [ app_end ] --END-- [ RunTime:0.001000s ]

[ 2017-09-14T14:39:51+08:00 ] 127.0.0.1 /index.php/Shop/Goods/spec/tid/8.html?_search=false&nd=1505371191206&rows=10&page=1&sidx=sorts&sord=asc
INFO: [ app_init ] --START--
INFO: Run Behavior\BuildLiteBehavior [ RunTime:0.000000s ]
INFO: [ app_init ] --END-- [ RunTime:0.001000s ]
INFO: [ app_begin ] --START--
INFO: Run Behavior\ReadHtmlCacheBehavior [ RunTime:0.001000s ]
INFO: [ app_begin ] --END-- [ RunTime:0.001000s ]
SQL: SHOW COLUMNS FROM `wg_spec` [ RunTime:0.0070s ]
SQL: SELECT * FROM `wg_spec` WHERE `typeId` = 8 ORDER BY sorts asc LIMIT 0,10   [ RunTime:0.0010s ]
SQL: SHOW COLUMNS FROM `wg_spec` [ RunTime:0.0060s ]
SQL: SHOW COLUMNS FROM `wg_spec_item` [ RunTime:0.0050s ]
SQL: SELECT `item` FROM `wg_spec_item` WHERE `specId` = 5  [ RunTime:0.0010s ]
SQL: SELECT COUNT(*) AS tp_count FROM `wg_spec` WHERE `typeId` = 8 LIMIT 1   [ RunTime:0.0000s ]

[ 2017-09-14T15:03:40+08:00 ] 127.0.0.1 /shop.php/Goods/type.html?_search=false&nd=1505372620157&rows=10&page=1&sidx=id&sord=desc
INFO: [ app_init ] --START--
INFO: Run Behavior\BuildLiteBehavior [ RunTime:0.000000s ]
INFO: [ app_init ] --END-- [ RunTime:0.002000s ]
INFO: [ app_begin ] --START--
INFO: Run Behavior\ReadHtmlCacheBehavior [ RunTime:0.001000s ]
INFO: [ app_begin ] --END-- [ RunTime:0.001000s ]
SQL: SHOW COLUMNS FROM `wg_goods_type` [ RunTime:0.0050s ]
SQL: SELECT * FROM `wg_goods_type` WHERE `shopId` = 1 ORDER BY id desc LIMIT 0,10   [ RunTime:0.0000s ]
SQL: SELECT COUNT(*) AS tp_count FROM `wg_goods_type` WHERE `shopId` = 1 LIMIT 1   [ RunTime:0.0010s ]

